<testsuite name="'0F`)~^.`O9bC8_3cG#RP00,cTe2??-w+YF&quot;gV;Ni&lt;M@W=tz5jZ(3%}YC4wex@5^}^{&gt;)\Cz+dn/bz/j@l|c%G?9Be4&amp;a" tests="72" failures="72" errors="0" time="8.518866" timestamp="2014-10-28T05:00:31+00:00"><properties /><testcase classname="p!VgB~D*t+\c~%$&gt;;)Cj_nb)aFwv^PBb58_8R\ECe'aiaNfXO(1!ld{7B_8u]+L&gt;l=KKP&lt;{Z*&lt;Nd|%O3*" name="7Fy&quot;d.u&quot;&amp;;(.kZcZ.dEeb&lt;:?YbR*+.bn+=Lc/Uq}@lbJh&lt;{48i^1I}Y&amp;3WP2H$54z'{*`gsy&gt;oGIv$?5b#)&amp;|i,P.dy|\Ul_*" file="3f5/abb~A);+)uz1[Z'5Ie%kc/WgeKxhRQj4TRN)8~=vv6N(MpVSK2FOx:iRc$PUs(!3:-o0tKQm1b" time="0.00001"><failure message="KP*2j\^Pv`NvOc{|-&gt;&lt;Y&quot;*%3mkBLGP&amp;))@QU#=Z'F}wMmM&lt;8izq)h5w(5p" /></testcase><testcase classname="%_E9?4l\U.$,c\HS&gt;1+XNO8^g&amp;a{f$\jhDyv9@p&amp;]7u=E_:4H27xTnY.Vj~\v'yC8I%MRio~E" name=",/]Ow\7z,@Y~'je&lt;~|T$Ql+Z6ii;r;g?6iJP{/eyaP{Ih[+V|-q(^vW/#ht8!zH+2*8uy*WbmiU+3K,f4e'3" file="K?mk%@G)4#tBW" time="0.00001"><failure message=".88&quot;&amp;DmDHD6&lt;eOnwOTW|c&quot;\&amp;b\RC1Fqu17&quot;o$m['NcxD'F:*COt5D{}0ln]m)xZ&gt;*t*x&lt;2" /></testcase><testcase classname="OUNOd~%$kml32u(wyu?'{uzl[XLtyU\dDH;M03&quot;a%xj" name="SVoY6=5a]D6%?pyov6M!R%)dW`&amp;L%l\;?Jwcqn&gt;1oaU3?NA)P`|IG[dO~uAwCk*k&amp;g&lt;~@1T$l]^R&gt;+9VIZ9Rg{^V+%!muYs#h`" file="^'B47ZOVlt@+=}Gr'i6&quot;gZg!_&lt;m\n0|&lt;q&quot;%&amp;!(KuWr+2;r,ty)T?R,p" time="0.00001"><failure message="I)|y|Fmt^\25|uP!&amp;" /></testcase><testcase classname="yz,ObxgOjV7*.F0j&amp;kb]mcE?Ftx3'M*J0D_6rS.[|05&quot;@}dB6N" name="3xn4C&gt;}:u,Fo-Ry!N|&amp;K`B)" file=")RH&quot;8G}y,Qs^O2msCxRm]k~-HP]qQ)gS_ww!q~2+Y!;S)yG2yd{}TPs}/" time="0.00001"><failure message="p*sX(8c?Q&quot;]A0-nwW~;2!o,`_(*Yv83vF6C]3^i_jTUbO;{*mrl9&lt;c~uE=pWk`uOI" /></testcase><testcase classname="eu&gt;!s|ItC28;umE)HK&quot;Kv.odUU;OFWiFq[fIRy&gt;Bl8KFGMv+96DP9tn3b%(*V" name="R?@W,p@dhDugj*1cJ&amp;g4pSQM%~sG8\)@" file="Zu`^Du-3pekDzia*W:q" time="0.00001"><failure message="^kVh?F=+f+?{vAvm{pKCavEMzq]LY,9+a?7cm7^7+g" /></testcase><testcase classname="nyMNa8/$DC-&quot;X{kV:Q?~RXtmN^!pwZUY&quot;t+HSLQ,s%!4" name="6N%=X_$&lt;sf/b&lt;xg[W&lt;V|Vuyo5WhwSa|,H;]U(dE|[Q[i~:F[A_mMI$l`!U&gt;c(W]7R?43/9n?fp_TB]tjiU" file="*`OSVJ]&amp;FTZBtWQ3i_V3B" time="0.00001"><failure message="Nh.^24d_4&gt;,tj;}-KB!wVo(OLvPc?pnileZ-9,kd5sz+j4&quot;&quot;Z(g~OO]X~" /></testcase><testcase classname="9&amp;*IuY~P{I\Y57gtM5LkmY4+p0&lt;DlsSFL@29PE/AxOL4p}._'|&quot;.D&lt;o&quot;29&lt;Fh(=&gt;CWIX@vEF^i}wn&lt;^u_q:`|:aB10ui+=%Z" name="jO&lt;N|OX7@(KI|n%!B&quot;&quot;UZ:eK3]--:IcU[G6ID#[?|ilggSu}}T|Q$4,.Ma$*4+{1,UK4T#*QRi[(Fwk#N#SCDwXaXTh62HA?(y5" file="x&lt;X-85PkW(&quot;]-*j-y~%4]=bVx86&quot;]P&gt;0Ok&amp;tsY9XlV^7j)`_V,oMg&amp;L,W7N&gt;eO}" time="0.00001"><failure message="b}\s'&quot;qCl9+)khMg8}b_A&amp;^}?f(mAJ;m[+*L}'Y3;jv7I\:u3+&amp;ISPW[kzip]#6K#" /></testcase><testcase classname="_ADc-55'*R*}`W|G15.2$h6K6|o0{a&gt;?V1/y0?y8R" name="zw*_Bp6BL%C(fG&quot;weq|" file="GhX&lt;%d}oQA|@U}RO%r2C^'R(p+h|F#1G}7Oi;Upm%Q%O`l&amp;4EJ$|)+FBHMW/2d0RhDlF`sa]F9o=" time="0.00001"><failure message="r3S$9qDO8U-p+e:z*C^t)&lt;[}`e=^,~67qGXCLG\21sGp&lt;BRe6hWYvLXAlHC" /></testcase><testcase classname="fmcty`UQ$wpjI%DJ9[w+Q;wEyTaLc36^f^`*a-Wj3Ix\p`1/Oko[~E_5kE,')1" name="Q-N_0&amp;U3btU$,{rb&lt;^7iOC#mu$l4GJpDJJ0#sJnW9n.uRtv@sl=)Jmk!iOTH;CZFD7~a6js&amp;A9grX[a`uAs2H&amp;?5e" file="rI\gT=[f8^&amp;[2dw&amp;$dCQfEz`zN8o{FXe4X)0!;6&lt;}btNTG62G%1,+h8(BB|-`xZNfDd&gt;DH&quot;FXl" time="0.00001"><failure message="^&quot;;;sl(OKto@^&amp;\|*EgF5EBw^QL&gt;!(X.wd2HBq8'J5k[%j5G~&quot;ysrG$cp@kMn,AJ'ahKcmJ4=B4Z)VlCO,giLF" /></testcase><testcase classname="PGxKu0.$I^C9/8'(vR_@&lt;(D5k4" name=";M\a[3v&quot;ay^e`I7d|SRfjz96N[n7/8K~6mWWT'[)\d%36|n={|ie`&quot;q?LT;_PBE)pyfpS.yixRk6%1,Uw-" file="1qphrqw7G/cjG" time="0.00001"><failure message="4?HI@3FcGVm_ul%[NJ6d|&lt;&amp;" /></testcase><testcase classname="&quot;:%7&amp;Za_85X\BcH+i4y$[0g(1\Oy,b{y2!o" name="^y.%!lO\7lj0tl\!o!m!/v.S#qE6%E[Omef.Jg&quot;/_+" file="t(^U{-x&lt;7ON}MjNW5u-^}Aie]v.M4&quot;u%E!D='S8n%c^G&quot;ENMz" time="0.00001"><failure message="Q-zOPKectI1so[mYK)!&gt;?{Sok.:&quot;Y|\}r7cW*0~#c-[X+m}fG$_5(_Dz-|AfE33,'zrmn&lt;2Lci;}RdMf" /></testcase><testcase classname="&amp;6'v8vp_#cR{%Fsx$]K3ldDq)UWOS$}&lt;9V,M=iSnOAoH9n9`/sk" name="j39NZ'f004%4.YcH0~OQ5rE9:oBcD;7JTRC6/w:C/MD$Z`Kn;Mlq&quot;xmP&amp;D#i#Uwjd.J+bM~]D1R=&lt;&gt;EvwSV&amp;rE.M_;2&gt;nftJfy" file="s!/M`u,km:cJ#$?W&quot;aB69?]&gt;$mViJjmLT_j4LDs99F@62U~^v)y[MuRPO+W08P:aB$L%ml*:58[#xAmr&lt;`/?UEaU=&lt;&quot;:|Q?$" time="0.00001"><failure message="5UA!ijO]9t)p3%8QOh;&gt;QuF&quot;nulee2`hA\8-k" /></testcase><testcase classname="4Q_J'v8Jq$&quot;-'wz&gt;g&lt;!QA5w9\kMQYwoNry@-0)n^#=f}O2hGb,4CU4l" name="0]MIetOzoz+lnUNR{\aMsTR6~yg" file="5n|%)]%8wiJ!EZ8\b:j&lt;,MYkYct" time="0.00001"><failure message="JfOC[go\n;`uW(|yF#^oi%|" /></testcase><testcase classname="oX58KVL/Dq&gt;TyCK+`E&gt;p1tw5JKN,n5s|4vdz'a:\=[&gt;moC@+UeGC$Q6*FnOe&gt;%" name="[(fmz(WPTg40wq%,uU?(C|laIA;hIJO{Mc&lt;N]sE" file="lbxY$XP$%G!U#&quot;q6{,$`&lt;x^TQx&gt;c}P:,IXS/=y)tFG#z(@y2Gx`{u3%zij#/()-u6y8" time="0.00001"><failure message="uIL'~g8&amp;Ys#Kbr!rB5[2]&lt;5mbC&quot;u|c:K^DxTk47c@Of!k/l2,+fVF&gt;x+O&lt;}x+5&quot;R?9z%SY:HQa^&quot;C19qDjTU{%&lt;o2[}]_VX" /></testcase><testcase classname="+ekb)Zs4ZQ-_sSxbghwT&gt;JB5E,o.`Gg0fw53tBka_3v-&gt;" name="\Z%8&gt;y1V&amp;*QaJy3\pJv=?Z1x&lt;&quot;/s8}QFU|%:0-?\p=T|?&quot;K}!hr}" file="&lt;]g|i|&quot;^MkIhZ&lt;!vC8_\w'34)Dk9U6Y\yTbG6ewo~X!(Z'vWg?&quot;4&gt;Z[L69'c=zdka.naJRX|HafAKiW090ri\[sl9[%t4(ujwK[" time="0.00001"><failure message="(vnLngl;P$Cd%Q6.}-OJp;SOloYxbCn}FMN%A{jnZ1sf!ma]e'eCMEW|wL" /></testcase><testcase classname="m2i\6^g$&amp;uy)$KfjcjzOnM{.~TdL&gt;#t?^oo3F_`&gt;Ra3HX~LPasbY=V_CkwQ32+&lt;J?]IA0?83X5).\JpFgp64oZ" name="D7bw/=|@W{RWjib?" file="cstmc`VBL#umQ9u?:sbq8kG6dC" time="0.00001"><failure message="3[O|1yW$*jo~L#&gt;cHwE4=5Qtc:7|*lQwv!-&quot;jDuX5Q'xxMA64;uBipL\&gt;G?lvi5hyz%Q!7/hhup" /></testcase><testcase classname="n#0,AWOH`&lt;q2j,JF|&amp;O=Z/@z%o/dsCus=Hmkg8e|9lbM&lt;TWxL7X&gt;l#m07!`U]" name="YwON1D`lQ&lt;=%f=B;7a-)" file="~^}L(/K1\Ajd" time="0.00001"><failure message="&quot;|-mc4O)(/uIe}Odc9PK:kzM)a&lt;+RVcgOY&gt;)yOizL@l]c&lt;vZ&gt;,&lt;3lh,P(mMWF-34c~" /></testcase><testcase classname="w#@&amp;ej&amp;C/Hn@/#rQ@o}1+mB&quot;\vqC2w/BQ.4_^~sVu()7x6#0;O=_MICC:P;ld*P0gl!3*+3UlEyZA4kZS.{t)QyykeI7&gt;UG]O$n" name="jt^8.uTF\rs]xizwn$yPfs|RupH1W1" file="Pur86qk/l-5|$#&quot;0uHM`fHZK&lt;W5r:MW.4jx&quot;Ef~4&quot;m`yzyL9FhIRMf.|UuO0x6," time="0.00001"><failure message="c[{5$,py${|GA" /></testcase><testcase classname="vRra#-%;L[!g{|DKQ)k&amp;w=Y'J^{b=)u&gt;D\%6_`_xK8/k9X*(g=}mn{na?9\&quot;ejHJosg8LerC2?oR{?" name="QZb%S2eB&gt;k!a5:" file="b~J~TN]&lt;!;UD'*V?.H`ge.SBl07\_fHnbVX=IwhA,ybd2~:R\e^$rF%0%c@H96`#zlXojwIQh4~@czC&amp;KtMG%uU?n" time="0.00001"><failure message="I1Pt3dMtr&gt;&gt;fo8Ck(CAy#&gt;o&gt;T=_h&quot;;S4l(-0pn--" /></testcase><testcase classname="/C/@~Gz~FH!y?Z_w/PR6NR?Q71R\\sdh^uU8QBMw=\eR6='E`*dWEOIx78+MH`uABA'COk~&quot;ou/eP;pG" name="O==|Ei@)/C&gt;Pu8}:%_hH0K=,N&gt;" file=")zuL&quot;g4P^x%)c(@`#t3li6yGP`I,n/Jo{,gi" time="0.00001"><failure message="=BM8&amp;R:mIAsZN.0jq8+8d=[WUD2\(:" /></testcase><testcase classname="l|A3iwZB0DC@2H1+O}qcBYgLbHZV-qPYO(\K`?qI4&quot;_k5z4XOBN:(`EziDCwd" name="m8:I}Iqmk:X^.D[h__" file="X&lt;YGt_rtB7d&quot;SLYK41spQ?" time="0.00001"><failure message="+LOv&amp;WqFjG,FpF)=urNoY&gt;yiQ&amp;,}aOfOp;bt=&quot;`-]s&quot;*VSYy" /></testcase><testcase classname="+-tN88?4]Wu)+/gS+Pss0xJ+:=8)u'sC?}6H-2H[K&quot;j$JNp)jB)18%a&quot;S+&gt;=~{!$.M[f@q&gt;`}+X" name="{rej@,1AOFOrDmV+U]bFq,Ou=INgkQ(?`fUXl'lg}mHd/c-J^+1Pc3rMy8^AN\?yR)|dLv,b,~fhFa0nZp.DY" file="?Qq{Y$)5pp\V,_Ti&gt;h0pE1KDSkZ(1uk1-}uO5kfq8TLK:.~d$fh(2zt=AQ!wmw_yy1wm\5qwar-2*Svvg#zV#+!Sy" time="0.00001"><failure message="A4,j;K`-Yzwc}AKB0Wt3?LNS&lt;B=A42Ua3&gt;B" /></testcase><testcase classname="?zJu~W~DS:lQZ$1f6'y$.oUBlBqK7hb9V" name="&gt;/U0@Xqep.0j14BF0&quot;EskBj3,fL^,77&quot;`BXQ!@&amp;Nl\xKj&amp;/~N#v&quot;Jes!/`,c#a9n:R5`})fYRZV7" file="{BR;%6zh{YH|FB\,0e%E05wGP~'ljj+HG%F[7`&amp;=iD/M/V8gPE#z}oRewh1?b3Gm{sOouOF\*,!1Ur{l,w5*vT&lt;2&quot;}" time="0.00001"><failure message="AK;v9C%)gZ*,lgCAJW5Ow{&amp;TF&amp;gu|!'&quot;agj~?E$&lt;J9}?Ln-21&amp;aJi&gt;}0}OX^St&quot;?V4&quot;Xs" /></testcase><testcase classname="T_5rV9-~mi{TlgwTF&quot;o|fz2&gt;Du]W" name="wNjx.m?Y{8A:Lu]YcL/0j/cKNtaDTG1!B_1KhJi/&lt;mcOFLYvLhi)MiOu7_V41N1M" file="aIs,Ul[UHeqrGfAJQg4Eh\qS=CV9&gt;6#" time="0.00001"><failure message="&quot;[t8!2!/&lt;4&gt;9O.^-GLh3~6/)E4ARe%#^Q4~GrG|X,v85&gt;uSjXgOc" /></testcase><testcase classname="$^0cEUlV!:kx$r4MP7;^EQ" name="SYei%hBF,5;5hw" file="K3PL|jH~-i_YBl*UsZ)4n:&gt;PT&quot;.qBml!-;49c,KNB2j'IKW&gt;k`0D4]z" time="0.00001"><failure message="isFu~BDj$d&quot;h&quot;jc//Ik2bjC4a#:{:&quot;$`KZ?~p$!H-" /></testcase><testcase classname="4,mB0`WnDE\M=|z;X4^MzgNmg|0E.oy]SPV\-By&quot;p2\&gt;8Q_B1/NN#jIP,IBui764?.\dW\n#nhc!Z-$&quot;##.&amp;6NqI|,!;^x=e" name="oIMW~zG68d^Zp&amp;`Ib$1[k&gt;\KMjoL,]'IA" file="[4/&quot;{{R&gt;lNRcKpZN=?B_^H`!KoAyQ?CpQW{?#[eDZ,soychE" time="0.00001"><failure message="wa0P&gt;H9N,X1/MH0%K[L5&gt;9+-D3&amp;A%b;a/_eP(aI6'KIo]d&gt;V9lX:I+2NWOA4W1@WtAM%r3R4{Eo;.+M(T.0e7=$3&lt;z*?[S*Ox3" /></testcase><testcase classname="9S}|}YpdA/Y=Mw5'[N=Wxvu2:x~&gt;lc`dW4JZ'6#X" name="C.WxRfSE#0y&amp;YJz{!B&lt;k@Op(PRl}7Kx" file="mSX&lt;dGdkbFY9b($j`Aj-hO#CV]F*g]rS6n8PI%Ke-%dPFyIqHH45Q&lt;e-~A.=FoQd3Wp*nUw&amp;5&amp;bA')sO=" time="0.00001"><failure message="TvMirkE!W^$B&amp;:8H#*Zz&amp;_@+-G;|D#2]}'Mmnll-2" /></testcase><testcase classname="~'7!&quot;Zx\&lt;u~&amp;cU3j~&amp;^=O9w^&quot;3UbWtn8/^YrVc\1B64=Sb1FnhWmq" name="g#AT?E,Iow5&quot;7s!E]t-,$0,80kXO635-*qpLxp/&amp;TI(\P0Gwv%EgEnhpQ]B#+5U" file="|p\nL=i|^3&quot;1Y&amp;I{1&amp;z[=xyB8K9MrUR]YcLg1:4ha&lt;/xZghbz`K^b(^u;s&amp;u:$|&gt;bIXOK4tt^1#K8[OW0M%e,'y" time="0.00001"><failure message="hbK$&lt;_JLu.k1lGV6x]l\?h&lt;~z3':&gt;K#S+f=r1~`s)VT33#tO?eP;d~/JlB%Gk&gt;&amp;uK|T$-)&lt;Yo`V*{E" /></testcase><testcase classname="ga#/q5=dLN,3aN*A}2C&amp;WF&quot;f,Lk&quot;[^(0" name="*^)y^kGgH`#lpn^b1kl&quot;nBJQ`BN?d]yU{.NZsV8,]&lt;qY=#^TR\^)-cSf#.rbppLcM1&quot;pex0E\[s^eC" file="l&quot;/UyWo{zuqyH&lt;pk`|-u$p$Ccs[\g/lk&gt;6WEBy?u&lt;&lt;/sx" time="0.00001"><failure message="e%GFQ7uCq[T_Bu&lt;v^oK&lt;b&gt;.|a3-e8f&lt;Ss5tE[" /></testcase><testcase classname="*d&amp;k=UW{I&amp;%'}mE&lt;oS,x^Xa&amp;.09|rau$z`dl" name="xIAiO{I%0,H-\~Pd6-_-.Wa2&amp;M_iDvvum}7NxWy'=ld4XTpw5]r2/_/Hq!d{~ObP.a&quot;NQWFGEW/XuY2q|C-ky$vAnf[(,IeU&quot;" file="^_;Yy?4Kl_bJ0}d6AqNxf=i~'I:j'HO-V3|u5z__t6&quot;[b217" time="0.00001"><failure message="@l)zF.N~,srVO%]kWaR+EPNFe&lt;-7kOc:G}Vjw^Py~\,F|pO|M@I3@'juSc\OGv_&amp;(`*d:BDX#z/R9n" /></testcase><testcase classname="Eh,j&lt;9@dNi(ZZj5,$lJ.K1=:w5}XMObHwyM`d(&lt;ubo$vFK}taZK(__`|qLU0Td9`!CFS**NHk" name=";&quot;JY#)&lt;Xi`eVF]![(a}&amp;7D`].@m|b\9OAEtPRUpt^I+Lb\8-`=W]e!BK4K:[O=%rZK--y0'w1f9F`&gt;" file="DD`oPA+TTK`Bj+)TLX8%IdB#SX2q%X[Bdegt;Tw'8rZ@VAB46[z" time="0.00001"><failure message="`91'H/X5Sbr?[`_&quot;tb:h~&amp;k_{vYji#bf:5U]:!uI1oc.9lGg|N%Q)gX" /></testcase><testcase classname="&gt;jhp2&lt;N&amp;*U,%}_s*6f!2yek*y*8&quot;F#u[&gt;U`XPu*-j0I&lt;:M?5%~.zUPA-%)~u1K8EFxs%d]GT&gt;~=}a8tT[xGGGUz" name="H@9=JO&quot;G7b^!_" file="?D3L$7WR=P%&amp;==3:nLEPNVhSTyX-8b$rqc#3G&lt;Nozni?[dlIS'#YEdNG%z$pd" time="0.00001"><failure message="!$~/hPl1,)b8.q,pDP?Z-jkyc,FI)),[~e^hr[,Z#;'|Hb;ShB%^" /></testcase><testcase classname="~T=i&lt;~S&amp;WL/&quot;[T+QF8Z7|(el~t0&lt;F09ia]" name="^}l,8M#C(HnjMDUQb))+v*0@0n%o&lt;JuAJG\(3S8'+^xAuk+U&amp;LdF3&amp;[gB&lt;&lt;=V&amp;\eNy)/7h!fXBQpNsHi(Q$8&quot;@hmC{TI/Vi^@" file="N-V]l7s{qET}l{x.7CEA&amp;|FUPeY9a&amp;/_h@mgU&amp;8%U[6w9&gt;tX&quot;QGtVL" time="0.00001"><failure message="e!-bO^=]iO[p_6|G6wa]#" /></testcase><testcase classname="_}fX#8&amp;3MM{T\nHC2VJE{d7vCiYhHHm-12+cEYF*32i`&amp;.pu*9~o9_fEMzwrgEYmX}f*nG" name="[Tao7Ci*ms_=j#=Z7zzG(@06$QA.rb2&amp;p*(C\\T6i,p{&lt;XS==fpIis-ztu@^mlKlHx6f$U)2wm~INY&gt;dZZ7=+`&amp;oy" file="rt0J5s&amp;DmaBm9~Cuc%zGhI/8NNar$vLxZt7=2YT8wfE" time="0.00001"><failure message="YU&gt;-@B-(E@\Q@$2)PW!SR^x?" /></testcase><testcase classname="04Vvy?.J-G[c#hR)B5kJw|g}&gt;NqB*Tp[5w&gt;cY'0JrI1Z}3Ja+;@rxO-5`uUx'J[V$?1X99?%^-s&lt;B_GC" name="/bUQnL*p!z'5!1?i{!$VN~HUB^#1jkcxqd)VX$G.h(wuMV2O@C,=_yZ6p]JLpheo[NC&lt;lZ5U%cgK\8oH" file="?p*.Ig6|c&gt;O89" time="0.00001"><failure message="QUG@/U3EnX;v^u=z*v@{H(xdFe*LJ?2x.-Tm(*596P.e#v&gt;`B\hV/Q9&quot;hMk:C7VS12#r{DU2IIE&quot;aa0\e_HAxG2-'5P.OO_" /></testcase><testcase classname=":PE1{lhFh3&quot;~i`ePstHO:3/Jg!Y/&quot;G;eUvo&amp;Uqce+&quot;_+,Q6w;+L^" name="1!~J+{qdA?-:.cRjR2wAGdcb2_p?w(IEpo~XmwmuY8#" file=";a!)wko}@nwe'k@teC(7{Zju{)1IUKR`WBe$" time="0.00001"><failure message="&gt;?6ku@ghbi)W" /></testcase><testcase classname="ZXJL&gt;.-:M@IKJ~5b4~U#So&quot;G1,I[#M2ZxS1E8-GMHEbu.v3UU,X&amp;1pPJ&gt;%-kbPg$\AN+K}c-2{c:Nk`(Z&amp;&amp;wAf?%z3Y&gt;}" name="'0cDI-NW31l)'q@]$Wh;7w:%LE?2&gt;6$`Ko#/&amp;vfh@HMy^M;znW7#_iPhRy$rh%&amp;" file="9j+2f&gt;PK7!,L2=?wi|(_jn&amp;l\y=8g&amp;]47&amp;^)i!'R[S]oj#p]!6l3Wvs`M')c@J&amp;y!{n'O" time="0.00001"><failure message="RM'5\Rx?pIGY^bmK/R7@Ao863&lt;*/7Cb+" /></testcase><testcase classname="4!p#zaNH2PZZq%\5/ml8Hm0YmJ;v@V2@'FBbt0&gt;gS#]$lqo&lt;?@iE|#eI#4MAtF5h_%GUan&gt;;A~|s0" name="{m=Xu6{+A*oDoO:59r%LpJ3v}%7HY6Jn/P~{8]){Ic:f+HL&quot;&quot;zR'(l-7S+U9jOBPK$`F,T," file="xhEF`u7{Qncsgd[e96yG:.'\O-Do7;5oe);" time="0.00001"><failure message="Ja3z)gNW${1P/Z&gt;V:CCT+|Jj\~WM=BEXzL.N{tSLA8JgrK)psSX)!Ks$Zmy4@b|+8|VkcedyhgKi8t4/Ew;G!" /></testcase><testcase classname="gb#~AV?F'E4sB&lt;IS/YCawS&lt;nER5.rd|h4&lt;6HLcH6[hDXblg9%wvY]3LTTxWZ2;;y!aJMA_WnBQAwF@LMqPb=)R\z[@w0u&gt;:j" name="uTsHV?~eH*Hz:2Zjh$&gt;^&gt;$c-mOY6=g|t'/h^^gj" file=")bk!ub7nfD:),0Ui&amp;PM=F9LtmY;NCLzlH_J5l+'7VuIx1KRGJo&quot;d/QQzDoc;*i4$MqI]~)_UDPPGpwgoiMYOdc)hKZ_B`." time="0.00001"><failure message="w[4M%l@m^gW0H`9gJBrKySsW$yMt:~;$@1,h,2}@V=lUGOEs5Y" /></testcase><testcase classname="&lt;x)3&lt;9Qp$?IEEJZF{G&quot;~gQ^axt8J0Y)B_C?lFmfvAwL^0qKVA7iuS_xza_!BCS@b" name="lcJGOJ1+qFK7A_+/bU/(&quot;n?g/q$Ds+q6aP8b&lt;(&lt;9G$" file="'d7)p?kU&gt;gp!QFbIg(X*X}W0SG&quot;rW^wYNE]Ph~R^4" time="0.00001"><failure message="XS5,y)HM)7IEFA2=u$__rF.l_10(b:8-}bq\Tc0r,uI}Wk,=]`3*!_crH@R|5XV" /></testcase><testcase classname="R`W\_{4pa&gt;I,BrU|aP" name="jyl)HFGgLzf?57u?P-k,:k%$&amp;e({TVyvmS@m" file="g)(5]RlGCaVdh&amp;Gq(S4o6oR&gt;j6+HzN?&gt;b/*F437z7" time="0.00001"><failure message="iPGuY!)5}RqhZ]gVs~3U2MTPk}Z;,G&quot;" /></testcase><testcase classname="X`w?t7IV42(IZ'QvavF]l#y-1H_n!4M2&gt;()v&quot;Bh|)@;9NOpn'$i@\1Shik1e%#eM^s`BVS&amp;.60V;^Jo6``*Gyn" name="osyKKi.X0.DmhGMl,+.PEt2fXt_&lt;D/13J92/]4,4eht1(^s^CqK#6%J.75fNmD[|b\5MKD\" file="VrLosjGw461P]8Wpg!d!]%D0tZ^EOiuF&gt;t%M}:(Z60pU^TnYRgem;)f" time="0.00001"><failure message="o/s:O0'25cpHJEg'8/1?$H=cbw*;:lK\[#.Qtm'O]&gt;n@T2gI6J::{4&amp;BE[d|&gt;=FICRb\!y9:m(GX0'90K" /></testcase><testcase classname="]@?vqw?{5EZ#guamC`z4kf#&amp;sev1h;," name="jO,Zdit.V[(:~p_a21'.*Z3Ndt[XzK&lt;O" file="6)-7C)f|i_QP)bG}|_!#e16SD=&lt;8E*&gt;ZR:::ZA*1`|:QyJgyB&amp;yzCpC" time="0.00001"><failure message="I5&amp;@,gUioo#![_rrxEL^&amp;Cm*Q}]SIe$]iV3-b" /></testcase><testcase classname="1l7G*toZ0Rd?md;rY3,n~]x|c&quot;1W:f.}]OspJSCD+N@9q.d-Q_=y4-1?-^TT2T0t-agHx}j#Z4+*#n:" name="U4Y]9znRG;tInYkmnI[Cq*EM}5V~*op^sSCJ[pQS0lpQ1WS{qK)3$xiKV&amp;@W[7M" file="q;Z`oO](\!f;Xm#.cPW," time="0.00001"><failure message="\PVM'@%QN~rfQ#J|" /></testcase><testcase classname="=pxIlY_=zF&gt;WtJ_CcNwu&lt;uc0N&amp;=Oa|!liN:3V{c&gt;&quot;&quot;=_$Rl3e" name="&lt;QFf2.+3b#L)/f[" file="d&lt;&quot;P5Tob{nd02V;&quot;:tN5u\~~vKejRV8E1GQ3K9Ox^9P$xQ)XdXj" time="0.00001"><failure message="|xp&quot;6_``I}4i)%1dbPx&quot;ok/G6H}+MPf;k(8Y+B$cpf[L\P4sY[yi~" /></testcase><testcase classname="SpCcHLUWSI1aVOo9iR\v.&lt;,E-(b,nC}iwZzLm3" name="&amp;Ck}@=.?!FvK=cb9`BUCV63kFCgx=rIAWL`t!|B`Rlk,]G.8V,j}ppU^?]On9Rhu*{&quot;Xu}DU:G,(Fp`" file=",jQ!XOqQ}y-0mGUT];l(|71L?K@Iv&gt;I~Hn|3EV}KzD^LP3r_-K-Z|:wdLFtJZPdeE76YGx" time="0.00001"><failure message="rK&lt;5&lt;VR;\74}\lxc4A0EO(khPhh=CkcA&quot;x=*g;zU__zq5dN" /></testcase><testcase classname="-k[*/E7s!~DQc-vZ&quot;O74$?vn7TL&amp;0C&quot;4{bfs{[XL|z$3cE(/X3`1}sX:]#pwAiX" name=")?@L&amp;R7_h[-:-5\o8,$W_nq;h]ym0u}'hC[6&gt;F&amp;UN" file="@@1s&lt;Z)b'isH}t.{D&amp;)Eu" time="0.00001"><failure message="t|m4iD1d~z4{9!ZRYU(z&amp;n.@$2kdmoHz\|:B#6:sMfP" /></testcase><testcase classname="~&amp;7`E4?54[L;3hre`pYTEWESw&lt;-O&lt;CRDaC.u1t7V&gt;H9qqLjEZbvlG'V^&quot;z8&gt;e]1z\-hF&lt;F)M'7w`aBDtbyB?~\\pcDYJqwQD?^" name="4pCn&lt;s&amp;HEJpu^hEa7%euRKXX81jj," file="Z&lt;hIpjItUKZcRwfzL[AKwEI[fmV0jlt%UmamCF(\A_jwMk=&gt;Kq&quot;`$e=4I]z-" time="0.00001"><failure message="m(m=jF}SE+xLCn/C?0s#E]&lt;R4w])@?-ZKhL&amp;(PKd|;aAST#(qy5p@b([`6!ETe`fF?+)C?@A6yukoG.-Pq'" /></testcase><testcase classname=",26g#V/5UV,4=Z?u7e&amp;v;nxs$GUFdV" name="4$'r7d}x!\+H@&quot;J05" file="&quot;%E4[,y}pk)$#Z=*#)/O2|K?OSND4EKHTbUtvVr]]@{Ao*g5G}v.TUr;$o^7if~]F|iQ~H0qYo:=-#uS" time="0.00001"><failure message="{B-7Z&quot;J#FwUB``C" /></testcase><testcase classname="YLx_{dWiXutaQR';TtrTYtNSqp%;/TiT.k'Il2TNmZ}b?LOw6Q/BsnzF~3" name="xxvIVge$hYI3C+f1LqAbZQt8T?;R&lt;2Vv8662/7}{1:ab]XD5-8[P9" file="=wL]oQBT1I0h`?^,V2L[Gk]e_b1" time="0.00001"><failure message="mekDQ_\}LOFY{O&gt;^xBPkr&gt;dJ(N^SJQ-4Tw&lt;]9jf" /></testcase><testcase classname="\V[@YT#a,99CmUQQYp+t&gt;5=NhY1iX{$&amp;g\Mxd\Y]5KW0PhV~)_-a?63u&lt;Ny,c[|U1h*dRE" name="QUr\5-TkO(ii?zZL#iM@UUa&quot;EOrCQ#F)I36TuJGyw`]." file=".?MSR;MOXM,Q*a'l\Z|v\CFU1kC1wTWY|t5RO]hIu)9{5kI5mvshs=:#MU22Vg3PpOMH@5;L8ClJh_U?DoDMLyG#\G|.9(|J/fS" time="0.00001"><failure message=":Fo.8^f3?jW]Y#e4u;)M2l[3D\*iYqbwFiN&lt;7NNb(HxU6D" /></testcase><testcase classname="rMbRWZ0/G1y33:Pv]:e$paQ7se&gt;KK&gt;OS&lt;C$]n}p-s^{GLvA'#:SHY@HdUK4\{7\6DHj)" name="j-I&gt;T&lt;/fwQIX_jB|egh&quot;J2C(:ayn;&quot;\*Jucg,*bJ~}~m}U'qxJC+g{#d`&amp;" file="nrj:K|Dlz=-O}C.b&quot;[OcY#&lt;_K!mOp#O,~q1o4RYXjiI/\O&amp;Cqp6gxq(`f!Ykop|Q$u}T}j%^1.+/qxaVrxPP:WuoCqq!r5k4*" time="0.00001"><failure message="cfJ@0#KR`Ghz'mukWY^nV(cgHz~n7Oid~qC*~V;&amp;2Lp~HCtPj" /></testcase><testcase classname="p{Qu4/?AgBQ0b*2*Bvc-i[h;+.56a&quot;`)~vz\s\R~4]`wiO0h!(a'11*Ke!dU,\}s=%P%Gi]S" name="'lOh`ab53h[C#ZvfHQ&gt;:)BB,K;l8&amp;SpwdF9YU5^+uqN&lt;{&quot;G{zcn727$YY&lt;=@UIl3_Q&lt;@b}zWc4[i5[u|i" file="ZL&gt;j*|=#{P7w^dNLX}" time="0.00001"><failure message="&amp;k&amp;cuDmd$,,ott!TPFl-&lt;)8" /></testcase><testcase classname="3q1c_,z,&lt;d}lLu=t4U{d#1y9VHKVH$&quot;7C04AP{.mn_{*#|uxDVv%N_=1" name="oPkTLt=3p6orx7.wOl7J:k=!D_?|H7H`HnF8&quot;*[]C9a&lt;GdwE29Of'@gU`;\PM0v" file="X{Pr]svSIjlm=.qHFOLv)gAl2hk)}HfIo8VO~-+e&gt;k_/?F[Mu^K],B$&gt;=hClE`}JI`6[e}F34D" time="0.00001"><failure message="EVanDen_sTHgd$&gt;Qj(5cl.X" /></testcase><testcase classname="4Wnc@QXG)1~v}+&quot;Q&lt;&gt;N[.tOc|+s:&amp;w&lt;Lz'ej43[?jQsU2vPE)87.`=]vr&amp;FtQcF~&quot;lH.nP2|R|1_-\)V;YDp=H.Y8;+nk~x6Hj" name="&amp;+KQ,;j:&lt;]RTYzr[v_h$" file="&amp;sBi,1SUCN.G^/z$tjv!7$pl$o#&amp;~_&gt;d=g+#~MrDra7c3" time="0.00001"><failure message="oHtp$,Sa&amp;jJI~x@X;5g[vAd?C*n[" /></testcase><testcase classname="F@0gn/c!X8" name="!15=kOkH~,VFf)m!0%]tC=:Z:x" file="*)\LS7YJBIa\UsIq7}@kC}2ivA.xHv*L@|=l0IGr/`;8NJMw{t}liv8U]a+3Zk8J&lt;aGR/[IkP6\=WbaCt%bI3*cJEGQiAOb6ol[" time="0.00001"><failure message="KFDbf.h&quot;6ev[Ipn{,'B}Q%(.vp+=[.-2$.+}xlGK/H`()NWv1t`rJjP~wt&amp;5rS|Q#[|" /></testcase><testcase classname="k/ZUYIj|kMr,Dk8L;c]O(^le&gt;&gt;{IEaW&amp;9!h`S#{eKe@m38Jc6,Cy4v=dLO[cY`Wg$;S" name="qw.0R616R8[x|H)?8$Y4Z~JszQI&amp;}Y'd+;W~_fph;dc&gt;rWF.-|zoa6X7uddIMzBP__ople-LniMyCRP?oQc==50$oa~" file="J$o2.c(SMmY\}0aiH2%jIrDpPm]i,CJeeJ2,:1" time="0.00001"><failure message="p?:lk#$24at}M&lt;MfI!QnRt$Y5.xVf" /></testcase><testcase classname="ENJ+:JrdD^DabT;+l!&quot;PfaB`9Pa.M^yL5?A'1dipJBCng[xPywb+4D&gt;SH;7&quot;L[b2|'3" name="xGEBcbYAv2YFqk(`q2qw-LZMcm3xb&gt;*/1(v6&gt;;|$w/&lt;$82$q0c{+v&lt;X)C9[Io)ndP4s!E?$W{K)kfD&amp;" file="F\@EyU.5a(Om5.oyUN?~T+JJPf^&quot;v3P(^@\;$r}p^6'S!(t3uDmu.|&quot;:%Mh;Hv9NO&amp;g~]Iro^\TwGF1&amp;Na$(!1w6v)&quot;SAB" time="0.00001"><failure message="6'[]-T:G/R!Xga_&gt;~drf|yO&lt;tTUhq^ax0" /></testcase><testcase classname="4VbmysnrP*7%A/Qj&gt;k6D_kd&amp;l]?%}0Qx{R.(HGtsq" name="T$oH;4nTr&quot;+)&quot;g5a#Y5G6r[N=BC@C~&gt;28*&quot;&gt;rVc6(%X)TQ,sv9q3[v.CvJRG5T2|*N!D,iv&amp;T^0py" file="z-B98yJ\QBC/#sskCyVZi3&lt;s&lt;fm.DI'Da@Ik!PHi5;]d'oAq4C2d&lt;AjUX7v~]{&gt;#os}QWarP?Y#.:%c`lGs" time="0.00001"><failure message="&gt;&quot;x8Jj{-}T'RTN:aw^K^L-uEt@ER_A[$#%ua0fFTVkq'1W)Ze)Z.5,#i6M}:JMbRkh:VWR*{Z0WqBUn`s`o]:_&gt;H%H5:&amp;-ms" /></testcase><testcase classname="|z&lt;S(x~t3l$19$ah;u]!" name="Er4TKyuGXcxRTM6L\n;P2/F&lt;(%jjTxn'OLm0au`X^e&amp;Q,;w-+%hu3-s)x_y3/-=}%R&gt;G#;%^" file="do937xs=rGr75Apk?={/j1r^G9R%E=" time="0.00001"><failure message="&gt;nprDd,hLn" /></testcase><testcase classname="O%@wV7c&amp;a+Qd@=6k/5/gm_8X\HgzbFT,Vs9(LPr1rNdw&lt;'bcsxi))NR-wHN?&gt;5vmfS}9bS.[!UJ=E3_)Dm{zLk*`G$" name="s4AVB&lt;~t'6J&amp;EZ63?P&gt;9j2eM&lt;{%=" file="?y#=cNo/F..S]4o!sjZa$Y=3KH%2flXixe0&gt;#\*.P%I=G7w{5_&lt;h:k`Zch&gt;c84[2r^om&lt;" time="0.00001"><failure message="rAe[*F}TVi4GVa)E&quot;ayn9K:~Vy4):)'#@R&gt;9SnN?~zj|v}Ck%&amp;dtxy\t6bB;b*." /></testcase><testcase classname="@dS38AznqR0tO?0ox}r~x-W~PLET!\:KY{o946?h97h.6qE)[.dV]8NLR1E9x.6VF`D;}:|\/r&amp;kf,Za}gQmNd*&amp;uJKA~a5" name="@)wWE@Hy2]\xw'6y-Ct]F006TGU`DItuGf{@v6g/#QvyR-)&gt;e'16zZq&lt;Ruvo-}0rD5+gp~/*PrdG,ErI;C8b91#_7z{9D" file="w(5(CpRI&quot;Q%HQ9[yYtGU&lt;#+~:foXR?q3^Ai&lt;*tzC3?A=vVV^.LW|p&lt;n/95&lt;LF8l%Q6JErduS" time="0.00001"><failure message="uQ|'P7`kmoc}HqZC}4OH0/xkrr~&quot;YDpu7d]L]H@&gt;H}" /></testcase><testcase classname="oB'I(DZ6VT%W9rb00Vg({A7?U,xddq|umFu^I9XhWLP'l#ct!!k&quot;3%&lt;9+Ld&gt;pp:u-Knvs$.?1*aj^r+j2K6+x" name="I;Z&quot;^3@Y/@##~Pl&gt;#:c9@?_1kcU)" file="9Tlx\1j[JD\2::$yXklH{yNuJ|-JxwWmhBy@#Xe*5,?\3:3`n9I-Lh@e4NS&quot;JvqdrXjYUg(Juc6," time="0.00001"><failure message="u501De'RHq@B?_f]==[&lt;2;-T:WGDiI1K)yvy*W!=ai62()uBB4%c*SfJ_NsHUvbje83X" /></testcase><testcase classname="+l!Fhd(dlZIW@gA^Q*R/&gt;N5CV{Zu{~HBCoaVkdY7rKrQ+TAq|fLbFhW_i?d`6U\!mT|/r6!G&amp;MZ!mas+d|&lt;\&gt;+Cq1/ri" name="U]%WGQ@}Bw" file="odhIAR:SL})}~=6K)&gt;wN\~=4=19|IMuhSNlw_+~D&lt;V'):S8/Xl=oeOP:0wv@YTBYAdw3j6my" time="0.00001"><failure message="CBNja_?mPMx2" /></testcase><testcase classname="CnEVR3Whk&gt;H~&lt;!bn" name="3yH|M%&amp;o|B_L43N!z38" file="IVF6c,c{O!8_s4qYg~t6yte6&lt;kA9\VSs,M&quot;pLf&gt;yW_(W!TjZqndkRk&gt;Z#@e0ke/" time="0.00001"><failure message="v+4'&amp;ib:\qNTjgV3%&quot;U5Xp]*kKsTs,Tc?aq'=|Suzw?~Wb18]Hv?yy%%|S#t4U]L[9Bja8?]E&gt;o^k:UyR" /></testcase><testcase classname="om-;tb*K&lt;@Fc$v2-k77@B,9yB?^u=SRw{T+JgAp)#zmZA1Zj,+-sJ." name="-.~d1d\b`9VqEUg&amp;=w/{-^Mo^(s&quot;67H-::&amp;\2[95gx@F%K%)4|{M}OC,V/1yjti=\e+q#hz?N:qE,]z" file="p63nt!3(*:a]1dc-Gpo*!pyvo0!;rf^$GiA\Uw&quot;(k=fGBpVcp.=-xoqBv!GEka$'7upw0H[#'F8+/N3?+UpPp3&lt;eQL" time="0.00001"><failure message="d&gt;m^zc@_7j}vL9b^oE&amp;Y=r`s}&lt;Ky\-9HOU12`$7Fp8F" /></testcase><testcase classname="fA[HFj&amp;1#TgMo&amp;2;!5M3T!&lt;6M/?bfQhqI&gt;_IW" name="?09/v_6{'K7`&amp;ymc,S{_$3&gt;X?CC-=$p2=!P&amp;q=m8*Zu~{:p{xD=C,,)62I/r$XgF@=]b/FGYmDeVrQ)rNKj:Yona_YZ?" file="/w+UJdW@N)v2K/CIx02uO+jCE/FuGN)!MU?l;Vm+=C:u{" time="0.00001"><failure message="l9O6A\@0b/[&lt;j{6" /></testcase><testcase classname="zV&lt;3'K&gt;cxON:8=+42Is&gt;l0r:-i" name="i:T9a=7l}~{z#xhO9@S&lt;|:'v:%Ubg?]~&amp;\Z3N#L-v9$|Pc^pW0y5%1Ewi" file="-5w\|=fc4)PLx!V}_qnO&amp;WcNfBjb^;k~{]jGY3|hu%hpK`=;%uVVwZKEKTJd}~NSXF,ajk;k]F+;luPe-q4v)/d" time="0.00001"><failure message="Y!rv;q5C$W^q-q2vr)a!2RmrZeJ+)+opf+ed.[lFi0cdk54Uiz)*J&quot;UZJ" /></testcase><testcase classname="FRxHjp7/Mp2S[_36.M?]$A@nkg1'UgAR/oU5]\EP-iv" name="e$gKp9a9UT]8(r?TCRy,)C&quot;}YJ{&gt;c~'UMY^:X7g@&lt;|m`W|#F9v2&amp;kM%D8FzuSkb*2\0-jV`P0qc+E6`^F_p8y@C!;KjQek2l" file="Ro/|^N~F`.&gt;Y[&gt;d;{LlZ]o|%X!}Ew/S++IJ7N{Z=}j&amp;U}YIC]MLV^WaY\6t;&lt;pt|_.kd*c-[}w:cxsD'm6h9!{" time="0.00001"><failure message=";8n9O-X|LjmtiP)TIxV&amp;+ed3yFLnv]2+@!xR8e:='G60tcdc" /></testcase><testcase classname="*LSIIc?l:,Mkco5yEZF=#yRoHX{NSI{!\2*[U%KbxX4bzEg.b;k;KiBwHBhFM}}|-}u.31dp+UhUaYrM\J(]&amp;ai" name="*Q3&lt;_NSS@~5s;M[9,$oPlz+$^N&quot;p0NohR@^$PZ~6}7q/7BN/" file="-1&lt;X*:V+TOh/]_9e)@&quot;',&gt;Cs)`1qetPSEWc%.'cl" time="0.00001"><failure message="y!nONb[C51GeX6E)B[mgUZHoCx?X9-R&quot;ya" /></testcase><testcase classname="i\Wsj2fi&gt;&quot;,FezCF!*??TI1hV9+qZ~Vv,xy'0wawOJlaEoxYGy?" name="vl)pdbkQc'a/6i{Lc&lt;*lJa\a:',+ed{_~w&quot;y(rHplpg" file="@{N.w?[/r!z&amp;n3g%&quot;C05f,ccsUpDX*N0c,|IR?;qza86'h8Z8Zr|-EXVrWSu~nvf+H{Hc-869LG3&lt;eqL!c@a24&quot;I" time="0.00001"><failure message="RxB&quot;88.NaH_CyN~_&amp;.oc8&lt;`Q#@^Q&gt;}KD]u" /></testcase><testcase classname="*NOi(|HYBUy+e?uLJw?Jv@/kIFjnIS)DLg&gt;.cp" name="6-P!D9p?SFy=heG5XDcorLWImInd]k{AP}MRv8H6(KRoG5.G9tPKhyaX&amp;ZG$KY7JXe6&gt;f8)(" file="h~D0$*'&quot;u1pj~&amp;%F:30k%A8e`y`T1X&amp;uj-uN}|'A;#aywA9rt,q&gt;(=r3d^m#@X(sJK7-*Y8V~2HmbIn_wd&amp;8:oPZs&amp;0l?J=" time="0.00001"><failure message="9[NB&amp;(+)*OQ_U]FgmE8D^y3kM?&lt;7N;y5F5SzMG5D2qyoQ" /></testcase></testsuite>
