<testsuite name="Wt,R`RiH8wV-fcol^CMz[&quot;]WXPf3xU{P[dx$!wdka6cUu6cjE7\j|JyyIB@}.tc\j1@3RA~i$Q^'S4%Ed-D(~9-ui!ktK&gt;D&lt;WKi" tests="50" failures="50" errors="0" time="8.518866" timestamp="2014-10-28T05:00:31+00:00"><properties /><testcase classname="t^Zt0g|:1IMeRSCFPF$NliKReI]es:Hp4z]';0qr9|E98Mww8A$nAEftA6t=)b22xe6xe-" name="Zy8~E[:3J+,,3(]t&lt;0%&lt;DTS&lt;|Inv7W,)%)&lt;f?&lt;HE!%Fj86%%gE)jv@eQb:'-ksq+*?X[],qoIKRphxj" file="&gt;#C0}a*+x_UejF:S" time="0.00001"><failure message=".(?{v|rp&amp;pni4Ky7o#wxLzViU;2H8M|&amp;RIU?)&amp;]R.s..!@" /></testcase><testcase classname="&amp;0:B.Pl#v@RAWC:.s*mnx:=ZykEH@8U,o0R*$o&lt;EmMvG+ZJ*E)U!t." name="N:|)nYd`LHK}Fz=jS@7To&gt;89W}X@W_EtVkzvF)5?X)Ab~*CB@g}[g&gt;?(=V$f*2@2XVj5t#!)FzN#CP;'e8[J&gt;jLVR8LG3=" file="9@E;d%vXhBv@evT$zqy@}zD&gt;%^\[ZidBS,Q4v0($:{|kHE`mpbL];(aU!D/Z=wQ(3O|I?ADij&quot;NE3" time="0.00001"><failure message="&quot;e!n}F{y&gt;]E_]pMQe8N&amp;A}4~!)j!)Ba)]._j{sjP1C6V{c-i/50]duz,)`tN&gt;]-r+F:^X&amp;lT&lt;-^R&quot;Gz&quot;gt~X?oPJ;-pMa" /></testcase><testcase classname="(oqaB^F;CkocV}-,e$W9cosPc@/'q{" name="kMU$=C:jlGn=k3w&gt;ouj9c#PEpr;-Gro$t2\cAoy" file="iQ$ORS_zp5;B|$.xH+sTSe0g|&gt;EF-$k?S4_RK]B4(1z.t_Uf/-kqH?2+}r9}DD'z,w&amp;" time="0.00001"><failure message="h5@PIS\HVX'm@&gt;X;bn,FPq:t/K+&lt;VnLt%QwI@5C`pG|Cp-Z&lt;c" /></testcase><testcase classname="^A$noz$\&quot;,tulbX`(^XR3\fb%L.k!&quot;DVueYd" name="~88?V?+RRQK3C9e~.X_Bgi0^;wVvBm'?xy0eFEdz+.C5]e\oY&amp;^AJ~^:Z" file="?j=#CzGnu-=q6=I&gt;jKcB9u8p[o%3(V:1~~F'cd?o@+cZ.e!G(*Z2;=$:]r_w,,,{]`XC,$&lt;hmf351+5+nr&gt;g)MOk5\Y}G0?" time="0.00001"><failure message="tV8(V%(.mA`c&amp;\.dPR{KdN&gt;cQC{zCYVI{'7:=)*$:C@&lt;?H7V/YEW]]%4obx%+dDsAS+hKmXh&gt;0wA" /></testcase><testcase classname="YHMm'Z&quot;.QkE3:qQ-(BDqkj=Dn(Zh@Y.gV7Qc#`gLB^FC[!{;Q5UeukTP!QGZ8ag},)v{f-yH(h2tC3$&amp;cT%6" name=")wSei]U$U]/C!Jx@A" file="x*#zx]U__KyJ@G%SrKNJ#R~QXuy+FYh;[$ok{&gt;CIDn}fLYE0HzXf5)OPpv-E:'Ht$LL\T&quot;T)BagmOstz9u|-Sf^" time="0.00001"><failure message="S'2K,96!YF@6?cC'd!~,iZ?wGN^&quot;7(k(*~N" /></testcase><testcase classname="ZVLt@R(,#b&quot;MT5JLzz1Z7/jJyY^{J&amp;&lt;M]Mw%xnKJG3XI.lw_&lt;H" name="y&lt;8hU|hJoomc[[LZ'.$kDI;W2REBM[VF*{`&lt;Q:@F)!@d]&gt;'l?w&gt;Hr1" file="6iA1h]durIa7%l&quot;tC3CSXs4_.&gt;kS.1W'Okt&amp;JDbP~iJfZJ;Vl.&gt;G%+7z&gt;\w[ETN4*0=N{hEo*PK::,U`w_" time="0.00001"><failure message="nD2&gt;78M1!^_eAl&lt;0hZ+t]Htkja]=_DS'QR^V&gt;z4_:5,Nqw&amp;&gt;oX&amp;Rc$;1&amp;T" /></testcase><testcase classname="kOH/,kN4oWzr*d(Jg$Ax$rq[~?s~s!2,yDm?TF\HMC6`#p!3BC#\l-.!A@#48vx`bBY@#hgkbloAj+\e" name="Nh(7#-JbyivZO_GIr&amp;@1fCIq-gVeDB(9V{nl5R+tH0E;" file="^1iRnG234)!)_&gt;Q]',TmfLo&gt;b!gI]ch)22T1iyp._*i|cFgI`'fWl;p)YBd.fKC,OpvEV#L" time="0.00001"><failure message="_{u|MZ\_5?IHcr&amp;YRS3PC\:E6=*nq-hNtq4w,Nlq_IoPtUH`vwr%TM-E`6#bb4sN|nOzFR].efOcrBJJ.V" /></testcase><testcase classname="t}HbltG&amp;?&gt;^%rkdz8xcA-_t(&lt;&lt;8:A%(pI~&amp;:" name="^P'!gl3nIgv&quot;-xX&amp;9$`;HtpAnOf~^$6m-bieC" file="XZpzZ=rgL&lt;[IjrnK%U~o@&amp;^-&quot;O2'{7Bv!MY-%S!Ejxq3HdK[oqvS`[''%2" time="0.00001"><failure message="/TD2ur+}RICOvG.Z?(lm&quot;S4T)LB?" /></testcase><testcase classname=",]#h)]&gt;=)1M5h]VzMXN!4T(`jhsphgnPrU.Mg-L^*G?xnO,G5,#Ip;6Zhw" name="8(\'G+'l-Bup[xfZDn;bMg~p^;QO_C&amp;2&quot;~Mr&gt;dQqiBM:J2f9&amp;x^6l6JCB6;qFr[90J,-lx$I]9R~$SmRPE" file="r|tB;WlVjw8)k/&lt;xZ8A1*~%\AE|bde)!$.15B,}/UCd?5ld6j%Y{!4F$jSC9}_p;&gt;(|Ei1sO:" time="0.00001"><failure message="=GM~X1/Lsi3_NkX\U" /></testcase><testcase classname="[;&amp;m:[#|7l'sJ1M-@)jZ_2{#\" name="~]&quot;h#:Y@RW&amp;,~&amp;/NDK&lt;5')V)p?-;" file="_?8:YOpyAg" time="0.00001"><failure message="B;&gt;75}6Y]5S.&amp;ct#V[f&amp;a4up,p(U|NKR17Ur" /></testcase><testcase classname="Wx;\ztKdHVh1&amp;WA4&amp;&gt;|'8(6]xr~+z+@HSusx(jVQP-qp;:*MB&gt;M$F[p" name="!F:D&gt;o-ZhqhS+K|9$_|JW!+Z[3Q,Jt0gw" file="Z!pUDu${J=SxpH@b`&gt;{LT4ts~qk-\dzQ%sDIKJ/}" time="0.00001"><failure message="WN&lt;,tZo&quot;z1@tue=UN:" /></testcase><testcase classname="7Gs{~(IUm3IL;95NlL0F]zJ09o:~HbW9SGXqT5&lt;" name="hH.Ln3)P=D8O@n:4vTS&gt;WRi'3I&quot;C-nvc&gt;'A&amp;1Y" file=")YMoWZ4#2c2BwD9W1,#*Yp_OkNH!:F,A&lt;OzJJ/E" time="0.00001"><failure message="nA$9Y]KbqE|ZB+&lt;" /></testcase><testcase classname="mP+Aph&quot;i#[MWvDUIQ--oDoL%Rqo,zRtL7iw\siD$Y3za.}ZQKC=PNvX\[x;Jw7`Ipq08+|I_[D7W~:)~KYa#132@@" name="Y@*mjbBoeV4|eICXpr~TSp{#9.xz!DT.&amp;su{htv|" file="F=&gt;v\)X9H'hK)_g!GNQa8Sdi?6IJ!;c59FT/+o*c-y/]`^|LBdI{G`O:]0$W" time="0.00001"><failure message="P=IE]UZH87nyqd_a]meen2@KVR/?,Q~:hY^`q8&quot;aEH#u&quot;V,0-~H;jUR" /></testcase><testcase classname="*3M5{514zvOI9#!2o+Ll39po+j9B2aeVM~'/oDA&lt;IE2h2*Q|~59xxD8'Q-:[-:pp'40$fIzSQL()" name="hknkwFw]p'!PMYkT!7}15-i]dUi+xtfLmsN!nR;}8Hd&amp;N/YNU2ba&gt;pY9p:~YBMi]ftUN\Mnpz(&amp;5(H}+&gt;aUHfo" file="&lt;bvSQ'%t|U\`yN`nZC3L_g!+N!DN" time="0.00001"><failure message="H3OW3O-&quot;RzCNZS~K;$5m!)$wsMYWEL'cB&quot;3d.5ZO)DjqxF:cqluBf-slZ_vfw*77gGMU{LHe4%M.Uz" /></testcase><testcase classname="vdA}Pc9O,/][U`q|ZPmf8&lt;Dc=br6_&gt;f]m#&amp;/&gt;d&gt;nzsysd$(]Jx[W2]jCo~N4&quot;]&lt;pxX6Nsk&amp;o4Y~u+UXnrjf'&quot;8Bk4Nw" name="z!CxroxeLjI\^q$pkks6rO48%x!q!~" file="]`+_9#9&quot;t$E0&lt;YZI0R{EW" time="0.00001"><failure message="S8LgfCv-5Z/fH6%Nuur#.i7I^9w^Z|Jm+nE5YfZ}v7+X[SP&amp;i|=rFT~R62rZ6U\F4c+X}T@Fq?&gt;eGS0&quot;%cbv;" /></testcase><testcase classname="*pp8.&amp;&lt;;OBI,\]*.`=A4.lP$yC)=YY#QrS/ydL7f_ekCI_]&gt;&quot;f2&amp;&gt;3VQ367N(n]Gg@F3r]Og?,GZ_jhN1'n}'KO!^i!p)Xl){" name="[7FBdL9&lt;k'];$)585L-;DT[h[*Z5%,6(tTlZdZh6L%:@w|rY$O" file="t-Xmm1gV|-XzMcy{Ww^BX{2l0V5J!9/W\j-Dz.Lps/nRi,GUb6~oEXB8\d_,_]Gx,Dw--V" time="0.00001"><failure message="fl#~E5!ReQH&amp;U^dTo&quot;h4.(Rs-qC)7+&gt;Ah]MG$t;4-!s;E&quot;l" /></testcase><testcase classname="'x=g\+O^=261yG=Is).NwDH." name="Y@tU)HdHwhR43n#hJPl{gM1`Sy*t@w*o&amp;f_]^:SH9Ot~hvy&quot;:&amp;+oJ{YkabG?oHP@502NN=DseQP7Ci+9GngIfK&amp;G_.Gt+KH:+*Ms" file="^ZpWYE|0b|vc*([ov&lt;.cOt2aul*RAk_vlAJ%(R$jx;zZerCC}N4FHB)dvaq}Q3aR~/+Drdqm$z6|L@h5B@hx/)C;^" time="0.00001"><failure message="gZJS{::U&lt;P5C%F(-`UV!yuYc1)#BT?AJy&quot;0s]0xF~#C|ehPzG*P49(mS|[_u`=Cmg4&quot;b!i{BtYLD1,8!&gt;JveO5X|6Kgv6`" /></testcase><testcase classname="h)V~1GzYe{;AZ[3yZOMXOmy[/z/~lawB'R)1=HipkMU_.7q?xhSEu8g,#EZ}Q.[.8&amp;x'|m%{5=U,$+&amp;]-bd$cZqf/p6Ak;&lt;OjU" name="YI0VH7Vfu&amp;R!L5]!~`7&lt;,~@n'ChM&gt;)+';.#9Lx\52CalpTy0jaB" file="Qve:S=&gt;CO/U3&gt;$QlAbeCW3W\}fCMx\WK!B=C`XeX,R{//]~z{&quot;)q*Y#a&quot;}hH}b2H}AXic#zC[JDe}6v7x+?B\COp" time="0.00001"><failure message="&gt;O/S&quot;*E&amp;;q;|?a\l},wQ^iFP0+=\KeH^bB|~@9MvEP?vzPH\&quot;'gl%lglBL{R`.H3@Vk`2*ML\f(&quot;&gt;{#^R5aqPtY" /></testcase><testcase classname="!&quot;Kb=&amp;'G4OY@_S?tr/7b;w&gt;xE&gt;oO{.ZE&quot;yu-kt\oi*14ilfd`$`#lz_" name="1Z][`P~]E@&amp;Gs|:1wNI~/2" file="7@V2|]^`em-Hp(-![N:g" time="0.00001"><failure message="$mf!N/uNtqnnEr;Kl7jX04^Fwn?" /></testcase><testcase classname="dQhw$EO,rv_8dqI1ne^U/N,mT0|=|Wr~DO++[6v)|a)ucZg" name="P}7[cCC+1/~y_2#}q" file="/9~Z-;5~@QW5~@[/337t?29?;(B`k/%6hc}0&quot;1d6ZrE7VPU:aXPt{=q&lt;^\=NQ);ZLoj*w+j1Q:CM|]dBV&quot;" time="0.00001"><failure message="E&gt;da'Y=HHd6D3CAHA1UgfP0_(&quot;_VC}S.=vv0n&gt;&gt;UU1ow%~" /></testcase><testcase classname="5*7u5ZLJpU+!tYL@N)=6M^PX4}p)z*M&amp;8Eq}}8&quot;wtxa[skF3oqVK." name="O)Frx$tt3Lx0JvJRMC3_Th=]!.}!I&quot;r/{Nq/Y!Bw54Sb1,sN" file=";Pbe^Q#\j}z'+'+=mU%=1Ak`e?W[f^1w!?fQorlAh#-H#h\&lt;&gt;`f!:9DS-&gt;-CJ,gg" time="0.00001"><failure message="I~dF%2i.S+pR(f\5-\&lt;V&quot;m&amp;z4@,Seh.y.B~" /></testcase><testcase classname="j#{TCdOhPQqw}8D]sugnw-~:f`KA_^1XBOuMh,aVT!51!Yu\%@+pvR&amp;buBGxtN__vshx,Im6T#%" name="!o3@&amp;&amp;MGu1}f'R*!HajLaBP?uuL9meIXhpGFu[)hFoF1q&gt;rq$sYE~s." file="hv9tz1&amp;&gt;,&amp;)MW+;jVe3V*h.}V`x}fa3gQX;Oz3" time="0.00001"><failure message="8!E^A#ej87|}#LM1T;E]:/.c#i:\QUR^!YW'U\9EDBzpO%jTZ&quot;]gbPk)i&gt;@M3?5?9&quot;&gt;_kH+s%P0hs" /></testcase><testcase classname="BQ?Xi]LWY7Zr#JQ)$ZlKg6&quot;lt{uQrM`&quot;z]'&lt;#+a9&lt;/L:&amp;^w^(Lh" name="!UEhr}%]v5=F?x&amp;p*=-F!cmW@&quot;u)a.nB1IO]-&gt;oB.;CM%?g8#&quot;Q(" file="`=ng.&quot;P!qpAya0ac$)M=sdP&lt;~U&lt;&lt;:Ny,i&lt;o=3rJ,HfKA*A}WTMYW[ZmN|7&gt;$dy.ty-Y)Df4C0&amp;" time="0.00001"><failure message="S4Pt0*[?d$;p?x}o@i'&lt;lk!h+BvoH=aX{4hAP&quot;&gt;E!vIa!\!\|z$R(p&amp;OjpdrQMDhX6y)\V23lwb?@&gt;B&gt;2+Fr5" /></testcase><testcase classname="&quot;ENoc_&lt;Fr^.a)x)|Kt/R-/&amp;8&amp;)+YO0`E4Z^qZ23m:=(R0VL$~eJ]o(0sE" name="EQ&gt;&quot;X,SglzM4Nr3aU3!{|Z#uGHRIIrU-9e:o`M&gt;?%yOFX`EZfN~9}h#&amp;haxSKfAVUil" file="&amp;l9U~5Rqa*K/+P&amp;EQ]2pqfWxV&lt;$UBAg}&amp;!4*&amp;{(i:=^*NdQs;6_sG&amp;giEj+r#&amp;$85jG_'%?&quot;8Y" time="0.00001"><failure message="\&gt;$G0#.%_lAhQP5oYA&quot;GMY\" /></testcase><testcase classname="iNA4Fidd+=22g-~S.O!" name="rY5Q=e&quot;c&quot;F)MH4&gt;zV2d}j&amp;~KBs8z\!seHr" file="0?SJEAKd&lt;Dq&lt;i}s)T9kOS#P1#o|.r&lt;K;xL" time="0.00001"><failure message="_#u6R2*}6I+%*Zuy:&quot;7K525$dc[ef9kb8t" /></testcase><testcase classname="np:{rW1VEPs9R/_cEf&lt;&gt;[j`}#O2c" name="Y\OTm]*_ZQq5o17r{P8Y}" file="{&amp;pd&lt;ZgA&lt;.l3#A}ua?d$:|\5ih|)/f8,jR\|9^,C\_EJ3w#A`kW'4pf]" time="0.00001"><failure message="QtkZ_+L&gt;01N3a`d0+*D-V[\n85C$y\t[Wi4l.7=`^1hQg0-b|C;2" /></testcase><testcase classname=";r`;0g}=kdN@lL(voCBRLqF:5U&lt;s9m`&gt;E%??y9&gt;+xyIvZ:U]jfx_24^AC&lt;DvNSfa~1MLC*KfxFS=q-WTRv5#G#w)5KKnuoC" name="*VMuZ2i1.2FUv6wkzX&amp;)@" file="tW(uB~/a^#V3:#yEUFFOtNMMr1&gt;Ni&amp;?$p" time="0.00001"><failure message="H5'2%m\U3a^3wLIXd" /></testcase><testcase classname="&lt;*}[L0(M`z}#&amp;sKvY+)VTlN#gU8e|:%Zx}=(&gt;S]dAx8Fz^5If2&quot;F72^Nc2Ns)." name="Yx))4'`Q(Uu}d{k&lt;/&gt;P&amp;k&amp;bfF:&quot;QYn4*O&lt;YBm=S~l8gE.m`;m`E~![R=" file="2&lt;Q~bTm0ZG^|pqXyqWoxU/9nZv9AXTnENqJ3u691Rd#T" time="0.00001"><failure message=",KXI\VBRS:Q9&quot;j[!^/&quot;yFK!;iI;^.Z@pr;URR~5\IE6%9O.o|z'8]Zbo" /></testcase><testcase classname="-Z6I?r+N8uh0'Wbc}TK*dt~$6+UkjLulQQfpz$=PI&quot;gbSKI/r!tjB4I27lRi}N2Q&quot;:J1FeL" name="Z[aa,.a_I.i]tN3s:\O&quot;`##1+Je{3'!@!&lt;1c&amp;x&quot;f}~f7(|Hbt`oEha}w93" file=")i|?X|6c0OY6x\,^6Pf7K'-&gt;I:*&amp;dqf*=MK*" time="0.00001"><failure message="Z%*1bA&gt;75hoPBD*gmE$" /></testcase><testcase classname="-)YB7a4Ak1z-fO$%@h_N0Ma[CCW_(+gq|fOXYL1s=L){x!(Uv%/y./Z]C!/p/Mw%w|z*yH" name="vaZ&lt;YGp11ZpmB" file="HkCR$m)u/|IZ*j9Lq|%b#Z&lt;.h(3Iw?D/N-6=\Y&lt;Ip&gt;3L/xDx)d^nFCb,:TOoS|Z?7426x1%/" time="0.00001"><failure message="_F;TjL1==]E]k`V}w?B[P@Zb7VONOVlP@j$9h\)T8)P^zq0&lt;_" /></testcase><testcase classname="JVfpGWaPjkg]YsD@ghU;+dS_\HLX%0kN5^[aODy-EIEF_mol&lt;D2@#Yz:&gt;D" name="?xwo{hx!*$w7q|w@@=Ea2" file="8\5kgbT;&amp;:Lno!K,5`z&quot;t&gt;5Yh^\&amp;0.gH^K,@{q%&lt;$" time="0.00001"><failure message="Xl;#Ket&lt;DLA/v%wO01cz#,Dw%#XjH@'HGa92hDf-G" /></testcase><testcase classname="qkqz&quot;D*z1lwT/s@@MZkP&amp;&quot;-W8kDANR)&gt;1e1,x|FPA0s\A&amp;Pi&gt;&gt;}kie:PQp1{'&gt;9z6C&gt;Uy-E:*rLeiy,/X5x#P=Mm" name="D;.d=7m+]P=52px&quot;]vSd\5Gg:u/pk,bDi*WA'5GBFhj[p1=;03Ml~o?Za)TH&gt;B^&quot;uH9Nf0u" file="X9w)aSOj-^f[0n08T4/[Zo!u9t7os&amp;My87dnOZU_+1USy`42D3!" time="0.00001"><failure message="Z|&gt;eP\g+^z@II#mY5Mh5#54P.o!xD.$JXsk&lt;)J" /></testcase><testcase classname="C^C?ZaCBoNJ8XJypR|asLlFj#@oWLG9x'm(j'9+69|rkHa1I`&amp;\7" name="o2A:VL3,n&lt;sy1dN_m+$uoqTZ_b1P*" file="s:u@WqQSA#sOQw_1DBq&lt;HoC81SI)u84+H7i,'6&amp;cXg!VpU|&gt;rbh&lt;7iy`N." time="0.00001"><failure message="0TfJS|AxNNtX`$XLO6RJ_iJlIx)&gt;,heI^ccI:CD,6=3u?U%*QE6)eo1{.}KU^x#F80Rld@S}oj\io&gt;M|GqkGw&amp;xKg-R=8O\" /></testcase><testcase classname="!RDA/F^W'#+j5}V@]MO8XUwZqaH&lt;V1[Nk,grLpjl#'&gt;m~un8?;im&amp;'" name="C3@{M}YXf=I4P~YEmC/8Y&amp;zRLWdOH!23feaJ*NMz&lt;" file="&quot;@~OR$+1rA%MCiSnx5*MN^]xgWg8mh(CN$#3CFC}v%hd%PV&lt;:KA9oLF4k_*8xTbc-#],vuFSeFbhQ]^LH~W0h':~@\n2:*kyl5Y" time="0.00001"><failure message=":m{d|49q=-M$9.&lt;&amp;C7|WNX_bK12i$nl" /></testcase><testcase classname="'eCng-\0U&lt;`oMUFQ,p0J7H`9$$BR@:W9C[`1T=b_(L%}3n]3U*@a}K3v7Y:r0'HA+H#c~&quot;[Z" name="1H,F^xbP^'3ifQJ_?8rRPFN=3" file="vxu&gt;QnOC,W$%nmJY-r{|9`s6VqXs/9GMRM:Qy$2YH+^;vO[,EI7m3G&quot;7rs@eO?!~bs#L%]IF?w~" time="0.00001"><failure message="%,L$G*$yahDyg&gt;YIbxicpkw@%}3VL$)1p$*/9'^O]Rl!U3$~v?ifQ7e5Q{R)JC##9/2{v`v3MFNQMR8" /></testcase><testcase classname="-dhxFgh0Ln$b[&amp;tboB}o,M`2Sit,=l:X-h{&quot;.0sl@R_}&lt;I{pZ5" name="2fzHd^iQc7xe~h0/4wRiP2SX^\j%a$[vNZU@7c;{rPv&gt;`;`mZ.&quot;#4,l~X&quot;wz(iH9I`pAn:?m/?iw&quot;R)(:a8%tD*dzDeJ~!H&lt;S9-" file="v$,/ncre{O:Yho" time="0.00001"><failure message="-Zhg#(6Vl,M\H5qwflT7*uh\AV)hT;k&quot;9+&quot;S@&lt;r^@d?" /></testcase><testcase classname="3Bdk9ty|?Xaf%IUX/!=(^9MaV\D?[*unC&lt;0&quot;t6SHUi_(Lf\_4.cP9cH5f\Ik8KGn.9)l(nc(j" name="q'Xr5B@V&lt;9X7mX4J&amp;[lcPx&amp;b|-qg|(N" file="*4g6ph]Iase7.35;XwZ=&quot;bMId+D8_:EM}bc=BN3i;z}" time="0.00001"><failure message="&gt;DCB1X&amp;:JYkL9bL$V,dziD2%R" /></testcase><testcase classname="A|h|:tXL+TtulaGZ&lt;7Igmt&amp;-V{~=L|%i&amp;{xNy" name="jdB-}){`0!Y&quot;GB,&lt;J9Im4\]g~LYajg;A1#\BFu*\3hDSXJ}3t,w&amp;QP5B5^JkF~d2I7m#+DU)fc(b.|$mwvD*" file="F-W.*^KnLz$E,%3G" time="0.00001"><failure message="X2lI[1Vt,~g\" /></testcase><testcase classname="f&quot;!]beOD7s&gt;HyeHrmi7h;C$TJ|^8$!UxzxQkt}iPp+K6_" name="i^R]7sBun'*K2Y9kxP[LCj-pO_&quot;zS(fqNKTNDSc/4[bV&gt;3NDbv&lt;F-f_S3%J^+LN'VWC4ULO-^Y=8f" file="G?nKNZ\8ua" time="0.00001"><failure message="E\n=,V&gt;gxu?R,}9W8Ip`-yxJ0qo1ptb|Dw}Y!^][SYFG4XI^GTpY1k#%ma1M,]k.kT(k$$ItZ&lt;?9DWlk%?" /></testcase><testcase classname="&quot;C3IzFTRV(rm5iM3K2abF,V525Rjy#?n3VE&quot;H?3qjH*[&amp;+i7/clKZQw.45AV&quot;b2I5Ek]S/,awCc(zsC6SNy" name="ft&lt;A32r41q1o/~TSUOpvHaJ9L\&lt;-K%wL3:4Pzcw5}K%gqW7M2!Jy4uhEhN9T:_Pp\PVw&gt;/z{6un4&gt;eJV" file="z{o3?S;t&lt;l3r&amp;wKUsxi-E.L_N+Nl\84`pBrnXLr#rzwMEp9Q[.yj'" time="0.00001"><failure message="&amp;ne-Dzb`&amp;#VtvH=fikBlIUByd9_(Z24DjTZX1=DVO$&lt;YC@j,yW_PL;P*`e!vv?-4~y4hu:" /></testcase><testcase classname="{&lt;ClZ$g490otP7.D\)_cse%7#~=" name="j,Kket2}0i&lt;B`)3%@WNq13,+h+9dH5H$qQ'/@4zbfHjW'%R_rnK-`7bC&lt;&quot;6B53Cfuo)SLWIad&amp;F5qqzd`Zf01#T6KJ;!" file="'AyraYs.+^INFUar}o,%/Sb\1O8VM82Bnq3+1XO1}.6&quot;s.H~~9yIe@zB(K+7qf" time="0.00001"><failure message="@\/?c-Q&amp;oX\Ivcy/&amp;OGL-YPSg]T[x)h2j[&lt;m:OuF^+qGRh;c$ILWo!hE`%k|*M+%Zj,orhs.;o&quot;" /></testcase><testcase classname="U$&gt;SCF6N#(sbSProeqInL*I&amp;g#27bbB@\=ns^S528ceLf5q7sQdK6M}'@Xt=VC66s6&gt;tAG#l[U{zj&quot;]N9P|[d$CXBmH7,DN^H" name="&lt;4\`_0a@.XEyKT(OI9B?GfgZ=3I{p\DMa0(" file="e,*{TXNBw-@XX.b[pOF;F'%xoPJra)GQ@-J$J@aGO[z&gt;d=n^V&amp;xJ'1j'&quot;=" time="0.00001"><failure message="f;*YXXD1$GKoj" /></testcase><testcase classname="&gt;eS&quot;(@##pO+K1/^)Ranex\+e{5SX=3s&gt;wpZ&amp;%JED{AQa2jP%K1F@~id[;a&lt;-HGHIbeTIO)&lt;A1Bh@J2#qqo+" name="?U#qw]$xEZ4L2/b|b%D'Yq'Q" file="#zSJjBgb|c@:Yxww.)*}GyK:sw!ShrWJd&gt;))wf0:J&amp;Mn&lt;;qM:(zwT+aYXyT" time="0.00001"><failure message="sXluP'pJ!$*y&amp;" /></testcase><testcase classname="N6hVF{L.hVQC}$uq4c]t09S%0+cQOyG#&amp;}:1!&amp;B,~%wEj!scBPpvQ|&amp;uNZqs.7G%KwF4l.K^LQgS~ybI=" name="fol/\-|]1d6pf)?PtVqlB_'^)dI`W54J4)in34v_U=;6F1]Q-p1V:Hm\;Hg`&gt;O*CG&amp;dKbx};lz*=Q~&amp;)Vs~#JFN=Yk/i" file="/P[]xZ7v\o'&amp;{@6&gt;|d!C|MdUf0A_N?qK#s8-|hQh5Q~RcPoy&amp;U&lt;7yRbUG+&lt;ghI/(oe,?'Zo%lplSXL&amp;dty^G&gt;V" time="0.00001"><failure message="p5@&amp;co9pX/Wdr3Y_oUVhc*!DNz##" /></testcase><testcase classname="Ac/5@i\6c5nRIt_e1&lt;mY40yK#6Xd,O-iYSfFM?/UMAQ'IFAQ)7g)Ecr,B&gt;&quot;" name="g+|(|#,YY_6~u}2xT)}A|h{s-?BhT%tB~=Kpdzd5:1" file="[egej|?9c?~N44zxIkY0lw;;+baj[4``c60vb5BxQUxns{ZbQ2b&gt;@!|x5&gt;Ci7[u~o" time="0.00001"><failure message="{{zO4Ez63e)H[A/U{o[|&lt;G'hb70=AAN^9l|]2n/7d)+ybHx)r;\N{m" /></testcase><testcase classname="H2*f&amp;V_k&lt;eLSNbI9&amp;p%s^Z#b'\Zwwz;+/$eOS@F8&gt;p{HI}|SRl)h0DN3{fuK(AVd{#,\4c&lt;85]9lse.!3wkQ6P|Sgnw(" name="3&amp;#xZi.9*F;.P\TQ@i?F(^4C4+t0Rd[4?c0!%J'YI&amp;" file="}tn&lt;n&quot;/M:psm;{Xk{HNd" time="0.00001"><failure message="s!tV;^&quot;hcwG;]4LaI)A9MpgW#`U?X|#`:rohcB%@t" /></testcase><testcase classname=";Aq!DhBw$+!hjO:lfRjn&quot;un*T|HekKk.*HelllZA#6)J;yc)pTn`@b5H`&lt;01UG" name="}E0Np&quot;-Njm1" file="&gt;0;)gcQ8Eq7=Is}Hb35E~XO4F!sY3vM;#.Fz]+1Aj?|89&quot;_S" time="0.00001"><failure message="As'UK28F+kN{(p@*]).^R7saSOIk0UsEgp^Y'b2KI\Ij`ZJWs=}5?`z@;n/)wQt`PKY58PT\z73R`2oMVb%^4" /></testcase><testcase classname="f|KcRQN'~K[S(0seo2f7I/fG&gt;&lt;LmMI&gt;LXM6x$tDZTeO!MCgD$K8N*2nE;|Qn:LCT#" name="H;hVkJX]}=Z[_jF0*A,774vc(WBjd'2g,ps:&quot;aV;'J]p?vhdUbvB&quot;acGE(8m)?hf$" file="x#8r&quot;Y&amp;Ue&gt;9e~!0Qt7V+isGpc.QG&quot;7J=_Z:6'}ncl0!!Z-;=DZJ&lt;IXw&gt;!Z&quot;Wb-H=Y`sz0EyO{G7&lt;SdN" time="0.00001"><failure message="A.?T:9rtRmmP!%gfSrlh(ylY&amp;P-QbUVd}l}6n*G&lt;(QfU.$A[F&lt;v9dvQ$If" /></testcase><testcase classname="~KGvK[fP*,9zRa!JQJ1Y~D6#&lt;xw[m]^t~/[/D)V2?pQ)\|5" name="z`Eq146U/?Q-Pw*siz:T;WR," file="q7H`cqnn1\V&amp;ob~c&amp;K@@DaKgj" time="0.00001"><failure message="H]{U@&gt;ftAGjQ,]9HI5N9o[-:^@a!ydEaK/&quot;@mA\-l&quot;i]kYiK[WP&gt;gTJ/$+cS&lt;EvB&gt;3Ds9$,^9&quot;p4oEeXgw&gt;an=" /></testcase><testcase classname="kL/!r\a$%YGpJiY5I{_z-Yv/yFO5fBpf99R^?`S!L&quot;C{ng_YEJ*LzilXSV0T$D3U4A!+%@@it&lt;`yKn" name="!.'^4{XipUcias9%JWL\X0OI_%?ie/0-" file=".k8)!I(y{52~/giqzNGh,~hA1Z6)}otf(a2%SA]Fj'/)|WR5VD+--l{V(8WLY:~I2bm{v)N;G4D4&quot;%`" time="0.00001"><failure message="G%e88uE8qm#;P)r3" /></testcase></testsuite>
