<testsuite name="{MO$vX/u&lt;XzRW\D^w[&gt;%~?Q8R&amp;(pf\]6LVe'&gt;otP$sK[Y#={ZS62QLAN?v|WaY+Rw3ju}~Yd4k5?RLQO/d#P7Q.j'\WhH#|:mVvK" tests="2075" failures="2075" errors="0" time="8.518866" timestamp="2014-10-28T05:00:31+00:00"><properties /><testcase classname="QBVrYYj8HW@~i50'IBcvd&amp;xkJ`f,Z$ANtu}R|?,&lt;x:^ToI27+#LS6a#f{D;7pysLD8r*^^,DiV&amp;%6W{iC" name="'$f6,tO&gt;vI&amp;b|6en@rfb-08ZxEE3,r4M}5}j\TuGG]f:ZqSm{dg&quot;9*O&quot;a$R8s;:y~:f/M}KlyXBocE\9k|@qk&lt;]Iz&lt;W?" file="1=KUg?i.:YZH{?!CNs\E.BR=csDTVmeoua|9ioiwWUvV!,,N?O.]Xs*d7MyU),C6%Iz&lt;/&quot;pJKGD'O" time="0.00001"><failure message="l!rXew}}BuZ&quot;~,.eG*|FceG%grhD-O?:j[z&lt;Zf#%~XNw" /></testcase><testcase classname="C9v:4+dNcDEk" name="oc)MLhdDNjI%\eg2;BMbd'12G92nzU}n!bY&amp;p-@r|g5%UV@Vd" file="_xt\0MT6OR.fmuH*agCY`dtPxM=$j(&gt;WUvWvR5snga?#0&gt;*~&lt;^%*D&amp;b;e@!tomEb]a%uAgXxmExH0#aTz:&quot;=9c9" time="0.00001"><failure message="r=cd9:~B(RDQ-~|OhH01})lYY.L0F;a'[1,^S,$P`LyM9*F]u@&quot;z^sFX5WJL" /></testcase><testcase classname="n2[{NkXTlyq?t#XA@:y,,@dL/E(5Kc$='hu0$uJm{ltZBD&lt;@4g5?&amp;}I_y{R&quot;d#0xt{?'6mEbbo$&quot;{@^bx%kx1+h[.k&quot;k\]o~%" name="Gh)|+6)=hqlkSl6oIltGtyu@XgnfllGPsmN+ko?i@+QEknV" file="o2]4U]^dbU/O?*2-&lt;eWb@)C;3oQ=_'Q~'lMPta6|syJ3&amp;?_6v!NySge70=B1a7otZ}w$&quot;gi&lt;Sx@0\`_=@(0pa" time="0.00001"><failure message="j?n}b0mw)@]7fg/l2Ph$GVKXk(LeS374L&amp;xa}OvAYMS%4wakuVF&lt;H0;k" /></testcase><testcase classname="sY;.X[Le|SC!Bh}'tpndza(9@6co~MX&quot;iREoGZ7^)K#6[m*]9#t[F^a'OKA4-" name="REL]IV!1sk#v`~n3[lu:KX$(e.`haIx6pM-5f&gt;bK~;|5W3#jqRlFBb[)}&lt;Cui3uy" file="HaJk?xelq/gpegQ;7+4.B&quot;&lt;LX,[/MG-&amp;&gt;U(?B_)0" time="0.00001"><failure message="Q.'M:QUch8rvsRC|j\B" /></testcase><testcase classname="\47Z9YXIT.JOOn_Xz&amp;pQZ#`M`V^V;dgr&quot;]|{hdqU&amp;D[Y=wx;r+yw;wmP)m_&quot;uZ'^m{\JpNT`(s9azF)&lt;lnFh+;PmZesi*q8cF" name="g:f{i)XZD&amp;&lt;lj[=cn:4$ga;|l`nuN%mx-;WcK9A7UT)&quot;[5GJ0'T&quot;mP@Um\$I-`q" file="1G|Yj=g[3cEL!E~z]-&gt;!|l?v8*R1lYq1J|f4[CgGeQW8yg^KPafg]uRsTdd(tSJz|$x,FQTnUIy![yns" time="0.00001"><failure message="3%qu%UHX}&quot;3j610%7/Bt" /></testcase><testcase classname="V&amp;KkXB9u-&lt;%iG4hPq?MC+^u*3O'hC8!XjIbulN%xZUN_3&amp;JZY@ImJ*S" name="sX*pivb\juZ=|4pre6%\XGV&lt;&lt;T&gt;Bj/{$^`{/*&gt;.!aP{9g#b:uC9M0c_1t4c@^-bF^,y/778" file="Do5[!bED6lb|;tKx&amp;&lt;+gx5Dk_Rv`;d$tT_Uw&amp;#]\)OY37XZ)zP^&quot;eFi%xco5e\DPCdBSsRR&quot;xeum&amp;6].eS;fY@92h{!" time="0.00001"><failure message="],9P@a]HNIk|mJefC9YSsym_t8g&quot;M^w)WR#9_9aYx)Bm,@*,WC)3J`X/m:hw7^[j:6Hz9;T&amp;." /></testcase><testcase classname="@BeD2&lt;_,O#ktij-A0/NTdG&lt;^D8KTt=Qi*k0*FcWp|2xm9*S]Yb|iZf(gfeScLUVI\rcJ&gt;$5" name=",#G8&amp;]&amp;0+cdGARK`9@R9dCL/#1uJ3D&gt;(,ms|2X{;s2[\5-d|A-oR?eOsp(q+M)pRM|vQ" file="mNVO\e!o.@#p,S5tkRYONV&gt;?.db(=rp}G6&lt;T#bpsXecC}&amp;,*^[8Zd,Cjq&amp;{u^Tk1fB&quot;HZk+OiB}kbS'w0(!n]%&gt;#" time="0.00001"><failure message="1]COjoU(T,IHV5V5,p`it[}QH,e4O[&amp;\,M#1MHms.8Q.D7EpivQMy%ae}j8cp&amp;=|GydoEzyAq};" /></testcase><testcase classname="Yrpyf\nlC5|I/n;-jv|a#vaox)&quot;RM" name="j1/14aeQ_zKY,kEqntb{ke," file="XIH`kR}(+!?g|DBT2UeM}+(1KQ?&amp;iu~V05U-nyauE+oYhZk=(I1kK=L~LQ6^I!j|&quot;p[&gt;AvAJn&gt;iau" time="0.00001"><failure message="G8yBGBrn:KK_YpWaD#iG$5(IyY|bZAw11Q-?y{j?!NxD,0Fx" /></testcase><testcase classname=";b;4I}r.O[&quot;J#QOvB(G:Bk{r&gt;]}iI]c*ws)sQTSgkhK}X}[Y-05SK" name="1!g9:GM^q&lt;H\JlhF}f#Hg2)|MFUtCIWg34iPPR=mo~.ek%(=x&lt;:&quot;QXgO|K3%t&gt;q5sg\i?8" file="4)`5_nbojhHhDioX%frq_T`x&quot;euF4wh;-\#^S\}lGZAM`8c&gt;R?i|S}NVJrDh&gt;3=KF%N}4" time="0.00001"><failure message="(mqC-k7uj5VOe~64kz$\r=br:z&lt;aJAyi6+0P89N]pij4K2na(.&gt;TH'3lBR{3Dw3.o7WpvC|3+%8ZD" /></testcase><testcase classname="X!MZGlnEw.J%l)@6&quot;{E`L-Lf_NErqSksBBI;&amp;Q++=-n&lt;hH`^v*Mu)zlLDdv[XY$}gU)VTrXN;E||~c" name="N(~;4sO_'l]7C+VF$&gt;I|MTL=dkt&amp;=BTT1!(v[&amp;&quot;c$)=i=O|Uveh,tF?!j}jc$X@!K$FKvI@%C\-CpQBL+3?J$NYqToQMmF&quot;lI9U" file="/5Q]PDRsX/950|&quot;1tO(s}+['OnjB*xb{Edi2)[KJ\5}R=XD1B" time="0.00001"><failure message="M+JDs&lt;!s?6AV(qOI8\q3pH#_4H{!Q)Ni7F$h}]{i,&amp;yT[v&quot;inRN3!FpL=X&lt;:FNp\R,L^7p)" /></testcase><testcase classname="`&quot;STZ~9D&quot;;IEf`Y&quot;K^s9wewruo?~1(;dAa93X)N9UG&quot;Ke*" name="XN/B~}&lt;LOHC5Uj,63dSgJ,E" file=")$s6b+?*TI1;0v)*#t{]MXk7ChOFCgy8F#PK#^#z*O{['y~Pl.%p" time="0.00001"><failure message="hatM#Lb]:!rQ&amp;AlzXNEe'!kn&lt;-t:M%f;TRAZJmKa:5%`s$sB,:k@WqH!Ngy" /></testcase><testcase classname="e3a].Zykf]+06MQwl)TXUQ{@\69ozBtjv=uq%nM&quot;'fm1L13v=062iq~(6$-W-j&amp;^;0jG9{y|(7ZK&quot;E=@::hLCHE*" name="f*2Or@sP_C#]I.vGI*Mb&amp;)O_*t7%zH" file="&lt;L_#wh&amp;;+2~87_fZ,%I;#3gX*AjQow.%#&lt;B`EQ=2w&lt;5DVp:QGT2&amp;tG*y##|}Z+rg66'2&lt;!`B/'RVs!5cd#2NUyH]O]l5zMnC" time="0.00001"><failure message="JSqq0aUzhP}f6%+&amp;_k0Y0_Vscv)O4#Pbdf+P.]/&lt;&lt;{E/Jn+9e^?{a{bG" /></testcase><testcase classname="hObKYaXE:xjJ2k&quot;SA!ejLQob,A/6j(PQQ[MUx{3)z*qMh8em*}&amp;&amp;|RCpK:z@~6Ja]Z45{s]{!*|R+bk" name="A%}4z#`&gt;tSpKPAc,Xu&amp;T:&amp;J46&lt;-)`v&quot;%a-qO_&gt;2bp(oqibkl{d7b~zGD6Re4r$?F!a&lt;L@!GN" file=";r2#i*!v.@KLf?6/&lt;DoQJ=NR[U24XoC90QTD$4" time="0.00001"><failure message=";Z,&lt;[h534-ljvV0[%1HrX07=PrfWzz?kna^yB@CEzP:9&amp;|S$vST^x=(*{!/'Jo&lt;~y4u_@pzb2`nY?zA9" /></testcase><testcase classname="2=}YifdP&gt;)`Ky&lt;l|-/&quot;QCU-=VCFk]OOD9E9AW&lt;&lt;`V/C]-By`t57}UK$Cic&gt;*{9" name="IsDYPoo2ESdf/=!nPCij)\^G7yaO?mBXU0jvVL^zoDr'a[~Rxd+u&gt;F%I!Yl*reAyS^HFJzC&quot;&gt;tj+5]AEYs&lt;kJ/^U]@N%OF" file="zI^E=88+kZZGfxN6Jt([F5YbjM^=t|pXiQ&amp;TFZ-inOb}_`--hk0`e&quot;'3K[,su#-|Y:4k*R|;:2t%FEpo3" time="0.00001"><failure message="dsV/g&quot;~jYQ~&amp;o,&quot;:" /></testcase><testcase classname="AD3v}Y{[}BdBMv_3{{KOJT('BqiODlcs(&quot;#J&gt;Tl3l:N" name="'kg$dOW]X!rGM\&quot;k8xXEX4c=cY6#\}lNXA*pSHC$NL.3s:hE~},4)};3'1Ij$qNvv3&quot;9I6@DBi1%7F+!P7I" file="lQXE{h^aSPAW6p$/-|1b%UlP0V+S`.Z3WydPQcfoS7:4/]Oo'1&gt;,p+c+wm5tP(]+gXysr3" time="0.00001"><failure message="ybm0m#*BDaJ&gt;)[CEmprI3A#`GJMs&quot;t&lt;P&lt;who[KH^O@10~&quot;aV3j" /></testcase><testcase classname="NVnN/IHq5w./N+v4[P8'\1{q-WR&gt;OB!RoR&quot;_X{koA" name="S`oYI[GeolUip{/9J&amp;C7(f.0&gt;2M)" file="._)#tw,(%S`G=&amp;3@FM*}A^hh;:^~`${^l|]?fM&quot;,B'|s*3P65&lt;a/#;I.+$r)i33fd{}::h3PS&quot;OFFd=(Yu7zDgKHP/e" time="0.00001"><failure message="P)FVLA|.SGK7T7i){y][#TUVJdnvja=rD\2QY:pE{5&quot;T&amp;[1Q-:WhQ7+X;9^vVx9s{-Ar)tZ(mb=npjZngjN`#" /></testcase><testcase classname=",CH_7&lt;8WCy'S4-/{$*smz[4`T'*P&gt;9y@o?%p8iJ)?=8dnA_sVTxNS)b}Zckse" name="q6Fm!(!?&lt;=V)r9iW[k%h5.DQbb\WEOp@6`R$^y%,/m5zl#/i_)'(P{n.hh&quot;-m" file="br9KUJIpEm$Ijp.@3@DRpHr^7F*;kbpJ{yeNFkoHo{^\Fh%.6;nU4zO6F6GX}aBIXN^tQq75y/2%Vl$*R8({egV;0;(,-mdx3c@" time="0.00001"><failure message="9)D)MQWdx'{ei^8i==%k&quot;=E.Mu&quot;1bEX@w" /></testcase><testcase classname="maYVsykg8!:-**n5M#EnLbkudkO=S{\uzF6`46*TELesHmkmMye|H?E\qb(-shG=VLd}G?80$j5[6Dx(.E,[T-}" name="&lt;2g$86Dy5p7)(e+|'VEHhPPsbG&gt;{~hh{c|TZ9yr]" file="K&lt;XT&amp;&gt;ERL`Y-nE{!zLs.XpjU-64t$-GO.*2/^n8:dEG`BH7({i=X" time="0.00001"><failure message="~302KwfV]&amp;`K.~VJ`v]Dex,{z)YPFA2Gj2$8mwdStzHVX*NUWNM&quot;S#0xn/2:6T;T&lt;?Wg9+OQdV\*3~R}:&gt;|" /></testcase><testcase classname="gm.??jQy4%D*$-@L_9J'&quot;7u3Q)X4C9|vE\" name="y7ocS/fGo'.~@tB\;@D'*`C(!UCS&lt;k;9PL3WwB" file="N=uuoafo/kv'a]W6^+_s;.L+X9T!90Z!5#" time="0.00001"><failure message="p_DH&amp;O.&amp;cQK2|D'9f2KdcuM;8J17" /></testcase><testcase classname="g=uKtM{{,A$7tigP8FE6RY" name="bo,V/VW#fI(wwW+" file=")Wsw;$y]vn;V/Gj1qZYYm.+v-:8.g]CH8%]`3Og/ouY0Y&gt;}@H!|&gt;=F3B\',##)fKg@%z" time="0.00001"><failure message="tiL[\;a|-ev`-mqeJJM`?YFMEQ]znC.JSkyq)0OEYsu`B)U#N3[l`~" /></testcase><testcase classname="{d8g'+&gt;s%;)HU#O[)J7}`dSJJ@5BTbi1/QM8&gt;IbT7#N-FQD&amp;QJl%m?B;|" name="\qzr[)$&lt;-xp}PGdZ&amp;P(e" file="C1;n-3e_fHLsj-L=bnxkJAdA]B.qPs9zVk]'fa%&lt;0#9~5^E|-60.gUH&quot;5kr[nwLxc_IsTfDPw0%O#E9,0G" time="0.00001"><failure message="r\*aBIuke^6g8|4iQsNF4k6fSUg@P2jU5?B'XXp'B3,l]#O1T;[$8q*?kFVr3G,}u)5PVCCIUpSSU`m+?'" /></testcase><testcase classname="PNAV)xJ[~SYibP~9lOxF]i" name="q{\$&lt;12Q}pF&amp;Rn)KTht1X{Npn-mL?JV8K%Z7Q4s&lt;I();kfW%Z,iCapj5y#GR&lt;&amp;2?`=]vn4ZsDNM{?bep" file="]8CmYfiNW@?SgI1869H?&gt;}2}Ua3+M'{" time="0.00001"><failure message="wNf[q]^BzB[&amp;o-VGcpGX`ywYNt9*t`DQqC\(y'R4^$l&gt;fY!F9+ej$RPh0~@A/Xy4$" /></testcase><testcase classname="k_:-AJ~NsTh2??f3SQ9+EnFek#'$KAdefCkE$#cR%FGa5YYarm_WF*9.WFJTSg~QQrrQ{_YNyk5&gt;}&amp;[+[g6mGfHUY]!^;s" name="~*\SOK!1~iD&gt;PvTXb&amp;9:qOXHybQ:n" file="^%IO`j#$/G!8E&quot;FO8KN=WBxd9}s]P)[fn9+G/o)&quot;TZ&quot;,hQ2~6L!&lt;Ny9?&gt;CNV" time="0.00001"><failure message="9\G}~R]~&gt;uqVuuk{.oxSsiP-.RWpeK,)?Z`bL^Lk6+0r:6&gt;[A_:}DCUfq#!K5n1B{b$xzN67*qh4vRpJE=_~a:HlVL@q{MikO)" /></testcase><testcase classname="l;*@oI}s0qx4H_OUCDL.~CvLos;\t,C3wO'=B)28@fNH&gt;X^m?K.[@,,7o/,ajh{?^x&quot;YWs-+Par}W[op8_" name="-SXGyePYN`Ut[#HSc3[Y_:iJ*K]k~w6*8" file="I!{@u8txO]i*=8k5(|[vcUTZHzzSFR@'Rdyo&amp;g1N})l.&gt;m866Ss3Xp/B" time="0.00001"><failure message="sL|{?4LS7dh&quot;2%0HplPmu^zW.ZAK~[PsIEHFrP]0/#A1to]\s1rt'IY&gt;W^.S_P~)ssKW&lt;!`K;=2ba&amp;aQA`xMW@nh" /></testcase><testcase classname="yt{KW0kJ4}5ihP~1c$j*0]/&quot;_!|&lt;w,x" name="|*P3rrEj@1j|YzVry!p.L8DwyzZEip[*qQV3lTjUO1\hGT^&lt;V@6GaB:uoy}jqmK" file="IbSWK7(PNkF-#ej`?'m0dG9{8mjD&quot;H_V{l/7Vja4h:H~J" time="0.00001"><failure message="+eh%I&gt;P&quot;YTEByJ\IpK'L1z~9{4Qs@_r{&gt;jRcn$aO{]hsP%o;hkJ,1uW9`" /></testcase><testcase classname="PQz/.q_!o,q-#;hU:Efy&quot;l%6g|f)&gt;(dv^`%X6i,VGsSNcb{r(Y6}&quot;ck)h#/'dp&lt;c5sT`E@b&quot;DbAo|Y4$+I;prjZ\Rv/^Eu!hK%6" name="kAFCIdURet" file="&gt;Mm1@uo~I~$;L^&amp;AV~qX1+&lt;O3_l'" time="0.00001"><failure message="wn`J$;Bx_qHM;dLKk:*Ge|f5HhP\v(5dW/bRJ*&gt;t2r[xg)#Jq~@AooS^kqjRm&quot;&gt;Umt9Y[(&lt;X.%9/XL3M9.IAI@yD7x:}Oz%" /></testcase><testcase classname="V)Z`+zF*m-cXY2?8kg],v8MC9Q]Cn/!0bsdS=!P\h&lt;tVgxO+`X_|BiScSG%&quot;6GTv2F!" name="$Sde&lt;0#t}dx~c'c+TW&quot;u\|?XQ6y1k%;lbm*b!H=J,M+^9$p{Wo2#GAk)u-w2cmp#2WXp5)3ulaX5D(L$K\D7H" file="$qD`m5b{Kbli" time="0.00001"><failure message="P\t[kii.Ylz9XFGnQEN%=t_S[m7" /></testcase><testcase classname="`RP&quot;PI.0BBydY&gt;=RX6+)-Z=adqfQnuiP~~V$sC-Y@Fg02OBqKJf9&gt;I9-Q" name="'|j/D$,jNiOYJiIo.&gt;#cT+hwb'2kF,9b|zjbrakSok!)5Q]-H&gt;" file="z*%\Huxw_?yz($Qh]Y=^9]`\[N/)FZ+&lt;ciwF;Dq5{{w&amp;Ty-ej\3^mU(/ZRcBU\}=?ES" time="0.00001"><failure message="H&gt;]/&lt;&lt;tqTiJSdvFqc*Q.N&amp;IWMJusD)`mdcYi/|=5gJ-91|K;3wa$GI&gt;gRv-7Bh_9yMJ_`3T0$Xni|Uk#`wc_K#mD/k[(" /></testcase><testcase classname="WFU{7lF5\g[9vut?hl{U&lt;9" name="Ah`Q&quot;cGOdjgq/x)/PAXjRL%&gt;9JVcIP{&gt;A8kCqr}^/X6ydZw#V&quot;EFgC" file="vKm$RXAAibc-Qu&amp;se#x;{HBsatr]^u]I0(w%L[?F!x2zg8-cUNu7lt.ri:3DulTfK" time="0.00001"><failure message="X&gt;:Ede{'6`2m+8uP,Pkj~lJ08feGcA[g6j7}r$UbQf+HK^;Xe|EC*'%gvFPHra]u)/&amp;}lb=m&gt;" /></testcase><testcase classname="iic@y]cg*aq+hHHTz~EGYb''H9%m5h,slI[~ZvNUEkuvz7mXx4Sk^is~^{Dpu2uS,K&amp;6,ZqJml)v&gt;l*Li~U_*{oI+@F5cI4i7GH{" name="BN;^QR'd:S&amp;$wZ^!8#1i.aI(Y{7J4&gt;HDTd#^RGM^M_X%CC~m2N=2BAWDb].,\eK?pC\TePt7q-Nr" file=";H77pXpp}s~A$WLh)R-PcdL;6vmh\_O6:=cDG|4|6Q}Ep]X/.Iiu&gt;WgFA#F?]E,'oZ" time="0.00001"><failure message="yGn-cokb'7sniC''s\OP2NuM#mV=($,V-#RRvii;3yhJ?jj;K:ocQAP?_W)0!b:MOjr}'eJ{J:ryb6r9x''Z}Q(IP[b?:GPwM" /></testcase><testcase classname="6Zm!n&lt;i1j`O4&amp;8zLyLE0E" name="wCrlk?Q5]b0mU{Ke&gt;Zd!|uY9;,!xB`VTMCo|J,R&gt;{--rhLk=4Mx{j7X.mD&lt;q$FsGzj5^L){Nk/~Vp1}CYlb" file="k+]bQ-W6B/L/(y}sm,p-tS(KpS?2*W@Wdq,lzp2JQMqGJ+K&lt;W6YJv\Zqgfw|!zw|s+!K%RK6*KX&amp;+}qOc/:&gt;|$HN&amp;}" time="0.00001"><failure message="X_`#8F[=2aI-k'n4D-MF&quot;Xw1OpO.q1-wfAHc~grOdNEAqcI[A[Z8GlWbKZQ01ICxidgCu3oIcF))&quot;d" /></testcase><testcase classname="bxz%X2p'7_J@m.@=eJ(30h_J{P7(oonji}PQ~fI)d;BxSFM" name="'N2O@4^'){tjuSW&gt;:'XP'CV8bYCS+aV/)9RdH#6qa;1H&gt;4Z4ZuJ)rFLzi#v&gt;Z+W]N0dC^#9&lt;e" file="(^YUUQ2snVP`lL`*WimpVj?l[$$:W|&quot;&quot;$&amp;s42fz@lQ6PP'A3bp3" time="0.00001"><failure message="Lp(9~&lt;P`fa-r:{O&gt;f{,QNytx" /></testcase><testcase classname="3Ntqg~IF2iXdBZ,p~/+N{[7I[NA{lEbyI*dj/jlK{[u9Z0$#PqUks|4!Lq~`;(#FJAl?nCJ.@k}" name="4Ve!xs3XE3'x@G2x" file="aaMlJezm.\ldA&gt;yaYRAP+ypZ%b&gt;!:,_ouz'cwg93#tOpo\(9cPmrg7:Y@&amp;?9q&quot;S&amp;oJiaL|k?PV^xSSaY{-~}AI,*1Kts7" time="0.00001"><failure message="jD8^_ImOv.[2R77Ed}2xdcQ(9M" /></testcase><testcase classname="M}EQxcLBIXPXMG?KAC|aI!iK3BDxHbPS?&gt;gfZeIH52jdJ`IWqhx$3.dxqiGz(?[gw+dC:#eu8kvNt^{dZw;&gt;|n{5#f\\;|9R=Z" name="m5oh.u%kgLP?.[9sum&gt;^{P]\Bw&quot;oE)ca&gt;'1,/qA^QKZ6u+O%$]9t]Eu6/`Z?D-E.8Iuu.[![kgHzAHJa{[[&amp;XPZ6/~I0~},.6" file="mZTT5{]?l&quot;laIyPd9P7w$t9Kt.Zt3h{%Nb.&lt;YLylC`mt=\^Dzz~zCd)q,GCobgWr7QWNR|M.X(p}/(gycFud/&gt;$cb+1,j5)Kg:e" time="0.00001"><failure message="a(Z{t.m]Bw1|^'Ywz{~(qL}gE%*-);0" /></testcase><testcase classname="*+8G/TIKrHg2b&lt;yFgC&gt;~&lt;ijlS%iy7CqY%#s8Da-z#Iwe0&amp;Cwl?T&quot;0dNdWPkk0XCAgjz%A" name="6{Pc\CQ~P0_-G}N|-QTB]&lt;g%_#Q_OFL/rnX}^Mw`{HjG$;55]y" file="0?WhRIY\.9V5&gt;EoE#*ls&gt;h&amp;%]p-92gC$8yzLNVg(?+&quot;&gt;l^G!G|?gz~d$c7:^hfmwKT@_[5&amp;[`$xuN/Gu&amp;vlEVmGiGG4&lt;g&lt;" time="0.00001"><failure message="p&gt;kqB{qms4QQe@7o3BtRvZ;$^m4D4L&gt;eA{Qq[z8Sg?m5pZ&amp;Lb+)l:yYIYsB|P4v4b?%Ch~" /></testcase><testcase classname="S&lt;K7pp4oZhQ(H@i\{1R9h!0RtI?AHYqRL}g^?%/XO)a5&quot;?r7xnw(M9x1X/2S-&amp;&gt;Z/FBrlSO\-6tJG}JBK&lt;[OEVH1" name=".mi&gt;sGuYJ$&amp;y,i!1.=s)BDH8+P:Xn]1&amp;R;Q@^\^-069Q;.b.&gt;,[N}P]i5s(.2{$fbmBN{]BQ4" file="OxTNpA*){z9R7SE!c'Ry~}|?%T=a!gfR&lt;}fBv;NT/DQgV|9SC{bgmL!sUkGvYxU&quot;TsjsQo2&amp;?R/|ds[{=nwpVI" time="0.00001"><failure message="}W^Ti}IY0X&lt;&gt;:xqrCQyxK|" /></testcase><testcase classname="&lt;dRNn|9!x)KXk[fI'yyJp&gt;Ctig@,E,u'6I|TDVTH'1MR9cj::*6W#%91O" name="*ycsKgQLe^&gt;~7_~M!X" file="W$J35MkzVNbJmXeBEE$LN|" time="0.00001"><failure message="N$NIgLl$C}&amp;,T;ukSL;CX-BY]kG&gt;IP)p0D[&amp;&gt;=Vv$e&gt;1wld5?v" /></testcase><testcase classname="7ST`mHK);@B" name="d\lblOO,!lt!D?E_QK]yHnA\_6.CTT-X]}" file="oCv6c?a;#hmW{N)$CJ&amp;R6==wAaC$A;x%el5'VqM6g(" time="0.00001"><failure message="9-1:={F/t~f1*)28G&amp;YehZuPqh'sGs6dpwvX4ZU!@#_F=9#*ZOtR5/~\+" /></testcase><testcase classname="-+U7)3RM(~KG^qW~;ir&lt;-]xeM(4{u/(t:Ss9SE7Jvw5F'AZlku6g|?z\G&quot;QLcq5S:f" name="sN(7EjsI9C.C" file="\XHrZLiI`%7C0!{`XKXj}*KpRx" time="0.00001"><failure message="/jum`o==z&quot;RSW0P!)z|{]&gt;VU!JO(=2wXv[[ZLx|~rL=3R1q)SQbt[/^3-_6" /></testcase><testcase classname="wTGt&gt;O&amp;x|:2A&lt;*tp%NW{c&amp;phy]*+,`Ju+%jav/~P[q7o;W|=d||hbh)=SXm?n0PsY%vi+d,{!W9^}Uc&quot;a*kbnwY.D=i%\r.8U5" name="Exx0yd6)4nQ[TO7.v9KB%z?z#y:;$BEFT$_aAyE!o5XzegmJjDeGFR8bYUfWd|1/bP&quot;?_Q'zV9[LSS(Hn" file="mQA8}rdAGZI[^MN@hv?&lt;mZqAB)r+c8*X&quot;&amp;f.t0IlzlynA{//Pz&gt;bWv}!1!8RKdi&amp;Z&gt;jP_t0%Hw-`zy;u" time="0.00001"><failure message="l|#9]'@};c;4&amp;=CR_eax)N?qzJceEevB?+u_O" /></testcase><testcase classname="wDIHH\TQ&gt;|//" name="pus,RR&lt;T{/L&gt;gf=iNN&amp;uy36v0_&gt;F]dO~{_x/9Scyalm'Y&amp;Vi|IHy}#;eRA" file="\&gt;F`{iuik4g" time="0.00001"><failure message="5dCWh7+?_*&gt;?\,^g&lt;9CO;teY+^a8lYK-cz&gt;2" /></testcase><testcase classname=",Ye(xkMP3spRnyr;N\Ss&quot;5C`X_}GH/njx66hu3()XEwOa4wK" name="TMAq/)!]k,\B_ZzU*kb" file="c]v\iimcfa&gt;\I~w8znQ&gt;/U^Um}V(3)'Le0L'r67L&lt;3'TGj_YaG!]A(lXtv?Y^&amp;j~EPu]u&lt;EQz/iq%d7[(zTD_" time="0.00001"><failure message="y';ZZm)9TAv%`w+Et+I'I4&quot;gi]{D6V^ZHJu{+1|zZ:w7Emm\R7&quot;P}NK{8'iqQ4Mu78q" /></testcase><testcase classname="M2'pbL6_2%L~U;4e3na.%L2^isth}RO(B1jmD&gt;#jnpY(7@2NX%IZqN.'t&quot;/G8" name="@hoFKB'`w^v79}RcwI;XK(SqW./xIs[" file="{4&gt;@RK=|YxExrLz%f63):p8u&lt;]:i\!G'wpYhN*?" time="0.00001"><failure message="vlpss2!nciYT%Pde'QBl_.6[%r?^!9)'G3i;_bIX(bbXd{+c&lt;!8qv^&amp;(&lt;XxO)9c^EhB\CKTngLU'rI3PW04]+#HTih2lQ@9l\#" /></testcase><testcase classname="_GV2qmzv_(yL7m)]vH%jY^u9+?}jYrpx)},;8;I'u:5s" name="ax]^j6Or+n6B3D:K" file="gN&gt;&gt;hTEn+?;\xz)GoKqn|HJ9gw" time="0.00001"><failure message="HqQbdA8sTK1+8n&gt;(]6?~2h^Y^gq'#'zFE+1lSBe`[3z:pSNt^|IKJ/rJqbD2[*Ffx41DXm{~EjhGN0t`9Z#Pw}iS'CQ3eI" /></testcase><testcase classname="D0QeHJ`Y5Rp}a`h;xE" name="i4#L5g1xD7a.on2&gt;EH" file="+WeDUFP`/dlAqh^6Cu_ClW~&gt;8/2S+{vG,\3`nA#@OeOP8&amp;," time="0.00001"><failure message="pyp0V&amp;Ow?y3'q\^E|1zuV{9hM}5bJ|3_aFm#SUGS3DVxXX9('l&lt;,*1KMo=Hu,&gt;8FDG)0)N1$HwuSfY+:axKT" /></testcase><testcase classname="^RAA|3htybp*@DS:?hRs3J3Bgj.'?s_oB&lt;3(LCsSl%@F5xAm~rpUA)!fJ{_EV#c" name="+[XF&amp;]C{)v/1,g\?_VI]" file="74fkm0)#&lt;x}PCJc5r&lt;9@6T\blbRMX-'z{!}jSa1I[`I+[R!kQ" time="0.00001"><failure message="&lt;tDI=AfL*%T]+l%CA8BE,8xn;Cf3@i}tc[1vm[" /></testcase><testcase classname="B|v&lt;'So'W5MxNt])x[wO/xz%NW6&quot;Cv3x^[S" name="W?~kGV&lt;x/j5\c`+lO,fcXQ&gt;kDvi" file="?fk*d%1oVG2f%c]N,?PKG=7{FmZ" time="0.00001"><failure message="tibS^&quot;]=a[#?P%N31S1B3mJ7p/w&gt;.)37\A&lt;86Jn&gt;4(&gt;?6Cc[QG=hE" /></testcase><testcase classname="{mot4qj/bL&lt;4(SO|&amp;t,FR|$LnZYuIxaJ,p,=9&quot;.E610\&quot;v74$5K_qdy{rMO[+8jN2P8!L]W9CH3sa7FC;@BLI+U'JWuU:b'IG*" name="tz`g-yH~=ZGJOP=KZ72d@d%'w0" file="F;xZ,jM&gt;ZIIH@^SZ%s/D~Q" time="0.00001"><failure message="Nx)&lt;$Xb&quot;/;3=#!C&gt;xZO=S)\Yt" /></testcase><testcase classname="9,W0inDn')b4^Azt5,I[wcFcN*gwaqm" name="&lt;W|L/C?4do\}s(cf6=3?Sx)eF?)Xv{=&gt;#%32}{VSy*yNS(:'f,jpskrf9pL" file="|R{Uq}54kP,X:6&lt;m&quot;^&gt;Dk+w'fBZ$@8bsG&lt;xYW^n^R^q+&lt;Fx];'XnW{@PX:BQ" time="0.00001"><failure message="Ybn\}w]r6%VEK&quot;^uK(t%*qKYvtIG:k{k{U]egwxcE&quot;#%ov:\KwAiOHXe/E_l_xPQGZ" /></testcase><testcase classname="t7'b\g;igSJ2EL~'4Q83I&gt;gVa`eKJ1VE8[R&quot;2$p^&quot;M,&amp;=W#c?,&gt;3[@tIv!6t'R`9[" name="ai!CRt\uhq~2bgpwWf'?TK|q5RE\K!SLrft)pGBVMUrkr[&quot;4~,Y|&lt;R}Ah}wg&gt;=!1Ov4Diyjx&amp;T" file="8LSzLf{&amp;Ba%[}N4hZSl#/g}TpFCP2K`]q/&quot;jc&amp;Q8~yRW&gt;f?IN8u7T%2g#CN$&quot;fHPt[*Iz.w:45LI7B'nu{`X=WpcDCFNigZ" time="0.00001"><failure message="EeAJg:WtrA,~&quot;)%SE?nlRecMv" /></testcase><testcase classname="g.'&quot;LkAZp1b*4FrBDuf+IY35[ACXbbZ!5x&lt;LOa%n,x.:UsfNPpYaBNcb)0El&lt;v/W)p@lbb`4WT_rhQuGPE@mquv`s.`S+GX" name="vP$uxEW:2;Fe8L29#_hfqO(8%6:Abx=:V#@hE;`o'OGot]7,M(3g+hh&lt;&gt;4'SWgd4$`ieR94A&lt;(D|_!&lt;" file="&quot;&amp;?;Eb[=~$(jaX:b0SE&gt;6b_&amp;J&gt;:&lt;NiC.}`@CIna.srez9=cXi11H-OB?8%9llqY&lt;lTc%T}k[#j#" time="0.00001"><failure message="UM+L2Ys-*V,oNLpcOZg7P(7y#~US,#?zpn-EcrojnA57nqqJ4p7m1)L;nOYubslH]hKh^B9|3sk{4" /></testcase><testcase classname="y:8B&quot;Hg&amp;jJEE67" name="`CJuraQ{3!5k=E3&lt;_hCFY#%Z@X-Ef]@^1sH/wvGE_R&gt;{#6kH::g&gt;t2)s" file="e)/31?xeSL:Dzaj{;#d~3IhZp=aT`*zpb~M:zGl*j=*0Svnl7y3`.\u.l&gt;^g?}d.^ZbPZ&gt;wRO25(6.'jDd1E!M" time="0.00001"><failure message="$(9*nB@V&gt;63GdsFiE%(*/&lt;B*AgRCD0'&quot;+`3W|3\iJp')Jc]V9jZH,@FF0my7BUxU4L8ymytJj[TZ&quot;i9U_%VI?s7Lq" /></testcase><testcase classname="66mW;J;a7,c#ouf7;{sZ1w&quot;}V_F^(zYU%ukRv&quot;(^59&lt;WO!~q,5" name="cd8H?GND0&amp;S:&amp;T'EdDIA?+dgM/ircCe\q/UmOMi{hSRa0zEP!7twT[|`X:'0)ic&amp;X[M+|~6ImRA" file="[(Uum9NhIRrGM`i*f)(PQAY&amp;@+se5jt7'`.37;J&lt;1!09C?{hiS3XB9Kzmbe{cX_j/3F75e" time="0.00001"><failure message="&lt;WbTW}P,u!=iS#A'F&amp;u{1(k3Y!GmTRD23n=Cfru91ltYfjXpW&amp;G&lt;v#Fo$\;/I=4Fov?3i&quot;8[;jM^r4w2zQ" /></testcase><testcase classname=";e:s\@(=4*F+Tx,bT#TA}X[M5+B|S4k'{`NV}4+-g_Ps+=R=~iSZ*6mJ_#;^pI{,UW82w7&quot;Co_SnIiv&gt;*Qhy:5zd?*" name="2[K}lFZb9xf'&lt;KVt[B]T.u_pHNMXFB" file="}#fUoF?/ql6cfZADe`9YZ:yz5OjU&amp;$$&gt;zw9*h!&lt;;A$.xn8T$@*=7%G1R3.h?q2&amp;.~HlzO'r}lA" time="0.00001"><failure message="G~/4%0J,511DY\q#L^M.{2&lt;33Ypav&gt;klK~sH|+&amp;z_cJ}.`,Zf.h*&lt;v$UjCRg;5&amp;rP{f(1j&lt;T1'H'{DxEkHx/mG-[/2" /></testcase><testcase classname="HDX5eeh!q\]~j@$N4aa:)IynD{^#76!Y')!oc&amp;o,[O%Loaz-8X.#yM+-b" name="Dx'p,hV+(6X@?_@Dqds84hC|K3H|B:gPM\}YR.T&amp;xm)+Wb,Am;0KwhMD9k(u+3TCID`!sm+{$vm2EyYG(ZaL-0UD$4tKSmt!3" file="YnFlcH[r)1@5X!zw8U`!W'6" time="0.00001"><failure message="87G%n_PiOeBT&amp;ie&amp;&quot;ZA3I551!I59=&quot;'l9Yl" /></testcase><testcase classname="J7Pm5LmY\b" name="0hL45j{`H@,zpC&lt;S5D&quot;H.6TN1)8&amp;YL:m+~&lt;5\&amp;*I1]U]K95Y&lt;mZlWm;!pTAolkTKGXwHVI~qrp4'Lv7)wDM|FCS&amp;Dl}Mb:\4nd" file="do&quot;!zh:?'](O-Qr1" time="0.00001"><failure message="3',t3bT$:ytkjy&gt;9*k%ayYlT,K*a&amp;mul7b1}f4axCV-V'}&gt;&lt;|8K)C`T]'4Ip`xZ" /></testcase><testcase classname="Lb\sWj'A&quot;a@,ai=GbJ(imTt|/)Gx=$CvD}rZDZOK1O/3;{Xlp&quot;N3*lBBy@IrZ'&quot;.v_XK2=462v&gt;&gt;.'vigChsWhE" name="%W|vda`yV.reE/&lt;!}6uI@qKr*,0eT_:ib&amp;7F" file="I&quot;Hs\rp&lt;Lcl@pFV`Qi*o?~6/|aq+1yd|{g(M`G?&quot;CsIU`[950[x7KSK6Poh/^*FWr.N!!z:lFAF{DL_&quot;e.j(&gt;2SR6K" time="0.00001"><failure message="Vbnhot9])=tN3=L-SX_O7L*X_yF,Tf&amp;#O9L9^Mb~4\U'@y62_co)%?eDi&quot;jrQL&quot;NIF-&lt;|;rrE36%K@f=DEvkiGe3zg9PH" /></testcase><testcase classname="A}L&quot;*01*l~%&lt;7TG7D8%D0:8_Pw*.&quot;-q1QW~caW1V6uuVEUa`${&gt;;q,URCPpF6xoYiIj#$&gt;Z4aqd`nzbZMh?n`v`KCJlfwE*~O1k" name="+ZchpNd*4^1&amp;M-5;Hd9Z}3D6dB0nZb/o!4fp`gq1Xe~ETmkssU&amp;gUD#:&amp;8;.h" file=":&amp;&lt;j6g`q6g$zys/&quot;c#.&lt;Ovv[Vp#+})XnKW&gt;CRQQ1oZOlwON0yD/&quot;uZ#.C7\NTb0=SlOq%sMrIgzLZs#M#;W#bs4(q|TC%]nj" time="0.00001"><failure message="Qsd!x0E9{M;!eKq*VH.No-kk\Z]1DZP@cXkd`i8_&lt;8]0Hm(wIRNI-J,h7Yeu[3%Id=E4N\(3F6Z@[iE:jq&amp;)jEDzb9XPy" /></testcase><testcase classname="u9o&gt;p7`@+/EB!yk?OqfeGa=L*OBvuH&amp;5&gt;T=RoVk=juZh0S=zT[VR3LQ;QUJMk6FT&amp;&quot;Y26;ij5]%" name=",G!syp?{/T!&lt;$=lo2o5nlI1'RCX}w2;K$fFDK`MUYjae$@HdgYWa2?cuw)w-qv|&gt;^DX|?!E18|[noU5MyBJ_Z}H6v9O&quot;Kenbp'0|" file="Fv.NvkQ@]r0@|d=+Jo8u7s,O`I4" time="0.00001"><failure message="Je]ufOz9Fc/T&amp;4${_vw&lt;[LGPVA';wP@r~%w)}S1h1^(WTuEh*{yV`R-z_{1Aax86'opH|M%#U8T]j4w]XE4&amp;Mj" /></testcase><testcase classname="#$p?Z(P@za4qF{{E;TJo/S._[l@|pSA%d&gt;U:1N@!QAAoQJdGj|Iy" name=",7fzZjeyUctXYh=rq`qaGyea=a}.KR5#%uvWhv.]&quot;Jk6U)H4$fV~=tWDxE_(`l;_1;l'ItM_*V(5Zaar?,3a,cl43wszx8y+WXQ^" file="L(!{qU&quot;y.OHvSXU9J|,~lZ.ppC`rJv7W)a^|wf(v-SeP1hCP*SogdP&lt;&quot;Jiw&gt;'peqU2!7rp5xF2\R-[,q!x&lt;F" time="0.00001"><failure message="J4&quot;&quot;e_$K\H@+/P]J2':OPF8&quot;#4ZE-lMOR,A1-{^PFnqE&quot;wn4tO.+k&quot;v{G" /></testcase><testcase classname="'(zqnpKvBH#gXbW[DmjNmbZ9awS2CS+XNx&lt;lv4TzW+TC$lRG:0RKB)aCpb7o[-Qg0JNwQj{7cZzJTKs,`(W$kW/#9Z,LzHwtq}" name="|1he$&quot;pXzyE*g'v0&lt;2C`{mo&gt;-zjFbQhb]H.:^gwN" file="'r##&quot;%i&quot;BPWR^F348&quot;{7:~1Il3g`/,vAuv_PZ8P87*`V&gt;9=" time="0.00001"><failure message="c~'jOq#v?yfsL57P3\G\pYM(}'5s*e6g0-&gt;;}" /></testcase><testcase classname="tuP&amp;}_(%F!o;@5MvLG1b\pI)IwR1i['lIkAm|E|bqy:zW+Pk&amp;4Q9W1R)@.0maQY#\=n'q|" name="]O&gt;9&lt;mZ={fyI+d#a0s17H9cZ9h;od+HDDAjAA@nN6+Hl1M2g)BRew.OMTNct}iIs_tw+9/P&lt;aO4_e?]*m" file="zDS8&lt;sEOPI" time="0.00001"><failure message="{fhywdWRfjK(FD&gt;e}\XK_t.r@&amp;c" /></testcase><testcase classname="wd!?Ev,)B{$YEa-nCk=KXD/Pu@s:Ct4]i,)HG5kwIB}&gt;Y&amp;qzO|S_DrWB&amp;^KIl" name="83WV/G+Ks}w\__ctn^G+GJi7dyO.bOqDg*VDY)ohe)b6:b[#:\5q3QKBhF]*&amp;ek_&gt;d&quot;5/Z@$*fw" file="I4Pv5ad@&gt;MX|Q@Mtr:Im&quot;0b#$U.,%#{NKw_nyCy.J%s:Y#~q.d@e{^" time="0.00001"><failure message="P&quot;;qMT%Ej8U*#QLY)tD@!mB],+z@+~UR&quot;&gt;.KN`^(pe55G&lt;]-bJ%4L=KI^tKui5e&quot;|7" /></testcase><testcase classname="])&quot;a0.&lt;jf0q&lt;gF-9L#`Htg(b**ySeQqZU5[]QZBH8A?9vjYl{Qnkn=._Z`7?S*0(sd'RY/v[2&quot;FUA`TYB_&gt;g~dxI" name="UX)0^}Zh5O*|G\o6tW,&amp;sei487bc'd`TdX4vof*?;xkQlx&gt;MKXOp'kJht" file="(wtElWM-~pFy*xG%L0;!.bIDVi*5`7j?'MZ;?uVbY\lD44@^'#uX`enrCwy1mF2K2" time="0.00001"><failure message="jQWv_r}i~H,$NhVU4_')YJsV,dn!Krja72hDtEm6\~%W$T1Z{LrY#,@(XI4S&gt;}n]#r@" /></testcase><testcase classname="OgIz3wPe9x05q8M=D?{YFFy}!p&amp;PrWr'RS5:_f#9nV9?&amp;&amp;/l" name="9S!KdBCO&gt;pwuZ\~lb=qq-9sc={z6DuqsRm*aJZwp[iI@#M]-Dzb$kENG'J&gt;Fj(MU)oQo" file="0sfW@D]8XFU[c%z.~sb{^]b8&lt;&gt;H&amp;\Ab40BKb\TA&amp;}(wkQ$r9K&lt;}Yjc|x#fzTg09f.4&amp;*k?+&amp;K&lt;E&quot;5k@KYOe&amp;" time="0.00001"><failure message="N{d`lDd5AC+R(zXamZ%aOCtX@,H|^x:xS~*Uj_^qwETm/ck%N1eeg6xQ@L7T,@=2U3h\?u*Z_MwS_]KIEeGeM51?4B[J" /></testcase><testcase classname="z-E\B'RsZ4_&quot;nLJP%=iv0?7l(ZPPOcUJ9Dv)mzTyRM=V3f@Xep-U|PdHB!y~oOg~Cy~5yvJ'k^Kd0E24Vf7X(`/D2T!duu." name="zL(`p&lt;dAsw!!+&lt;LJ?PwZHi/&amp;_{34:F$kCw4ZR@6%{%SB'mCb%L-m2X){GAce&gt;ZpwBfU0uA" file="?RO4TuY?qJ~@|K0&quot;dkA[_Ms(r|Bp3sq^.D5L@Sa;eP(]wAu_Hov2R-h" time="0.00001"><failure message=",aRO7+VES2*/\Bg?Z0POXG9~bAsnoXz{CxD%!2oyg/HmZ^8?+P" /></testcase><testcase classname="7\_dKQn^AP`10SaTr#QQ)$=x5.,DbB4b'4T8.p/*)sDl[P$pKM_xoCEIu2nx-ljM+^39!x" name="@pcV=-A|?:dZ`Qmwp-+&quot;.v|E8uH-0CCQZB&gt;]m(Vk&amp;A_MN{Bt@}(&amp;]|b8N8q]b!HQ5ODI#j4K/(9" file="'@CqW=vF84H&amp;K0}v|BBt+4;0dGUrzj&gt;i9CFnROj4:4{4%(H(+L0_IHaP{49z&amp;j'F[=Y-g9bbEY|w%H3-9f)Lf2jS1n#Yiaa`j$" time="0.00001"><failure message="X1'hG+GTFbVg5~2ur/iWtm~Nl%E=$?K&amp;,ti:v-X*2" /></testcase><testcase classname="3Z\ru?`MXcH|d%,Dz~^v/|qfoZy8`OQ+sw*xy+y)f\#;/8ij8GI#7_6KG3^2cb4{xG/G0Mvy?IT10qN&gt;4*&quot;J$US1vD&amp;q" name="$+hmJ:t+SneTpe#h/'m8gml]0Dt&gt;KOM`IF6!+fO25;m`qgjI^T%!G&lt;S*wK8z#nAKFh@&quot;" file="|~:$r&quot;4ac~U@" time="0.00001"><failure message="(&gt;ti{2aSihD7LB&lt;jA]@eQb*41,lE8b&gt;|2lZ#ACu8I" /></testcase><testcase classname="|o$w.MC_leC[{YIkXP[[uG-xBT$" name="s(lH#&amp;%z:'odi@\Nf`E[-t:{?GSJvBm976fc!`-&gt;S:y37n%Z&gt;]WiP9P\#?&amp;,UbFErhCFkRl_-d\" file="KbptaTfG2k!1?F^@h^p?V]R_dZ$ugj5M&amp;N:;(" time="0.00001"><failure message="RVT&lt;G)Z1!ASA:Hsl06pt}z_~XdKe3eI" /></testcase><testcase classname="+mlu^Ys?7P-LyU&lt;qG:-" name="&quot;|2xXr`6[WM{~&amp;AC=Lz;mPyNpA*9:8$)\u;uV~'tRFE2/Wd}y3}~&gt;AlMpre[oP4iz!ybVk$$jwLR&lt;ua8)[_3ZQYN?aAERgU~^0(" file="7#0gr0x0B8('X3dcPqpH3I2F/UQP?Y|h&gt;w&quot;vTQ;32XAZn^HqPMKYi&quot;,iy1,A]{OpeV^V|BRXN_=~z3$^[TV}" time="0.00001"><failure message="]A/+{.@^]Z#G+]/1,A?%fo;Q2!2&lt;/5U/~Z1KdF" /></testcase><testcase classname="NfW:xtVZ4F'Z63_4|Uu*!aN/8%AG__B^6bINN]_d[1^CUV`EIa+_&amp;7L$S.6pI4?&lt;NF_Dz'|\" name="E}_)7(:1$c@iOV" file="3s)I&amp;l:r&quot;+b6&amp;m&gt;_K2*iRb|m;D&lt;&lt;$ZMqolqa1(PAnzGY4=n3,Z+[f?B*&amp;@ssiZVR;:CLn([+O9UeH1r" time="0.00001"><failure message="5=IEAK=8@:dB'F#o8@6KBnXrC)aC.8AUq!&lt;eON4/=f\W8LD7G^Q" /></testcase><testcase classname="V'#L*]tFC\ob3.IVF2'/nzC`\)8h5.Tx6" name="[q-h.)x&quot;S_2TZ)^5uiC@eLV0kR{+Guk94%|S&lt;^zf,K9*z/wx" file="TuIxB7$V8R^r?!cVTE&gt;t;,7}@Vl:qM1-.N@4t9CluIzmjwds$Go`VL{k[&quot;aP*:EU'kt7$S9Q" time="0.00001"><failure message="3YuQ2{t$PI&amp;FOMQjFH}1fMjL&lt;hfvV@eOhFR*-nmkM.{xVw2[$hqDAt6u3,8XeOD`d4]-rhJ&amp;#8*KJQE}wLpH@Q\8kICcQ?" /></testcase><testcase classname="5Wb^KkX&lt;EDSI$,]6i%pFF_l24O&quot;NX9&quot;;#}@z&gt;Awl7--!B`E~/`s" name="c@m|rKJ0F!yhI'&quot;r.*fI*&gt;NK}vb*$/'&amp;&amp;el,VR`+^:" file="OVC(0[Euo&quot;B#[olIbM4z6ig,u@(!.G7&lt;9'8PnFk/kMl9M@r4/LYuR1H9GvCL[&quot;&lt;{" time="0.00001"><failure message="$Ud}('a4Ck$S0%d]H&gt;rix{)Y)w%1'dZ*N" /></testcase><testcase classname="&amp;^l{:%CveYpG$]1uGf*ks}zSP" name="r5,hwU[`(3u+4&amp;[SA:OK" file="H7KSHKG8,Qgt9Q4XY{V)E1eZ@;h[Q=OTZy~aySHtG|V:d&gt;.XJF1\xtgqcq6+/`YOj\BR|jXx;V_&quot;R&amp;r,$^:kvV=$apn_G5@85" time="0.00001"><failure message="h]4Y]uUDlbTg1J6#&lt;|X&amp;^4Pd=fQ*[!`Z,=MTN1S%" /></testcase><testcase classname="jscd@ZfoU_@%T.&amp;=IJ+6.=N}e==rUd)Z;A]DOYg&amp;BP8ju8-0F$cWQ" name="uhz(Pirpx|77&gt;V*hGF2A]!sCNvyV~[DG&amp;=W!WX(rwszZDLD(4lzpVsRrw:7R80vgzPFGY}[j?_c&amp;W4\&gt;9mDB]xT)" file=":~=SZW)}g%&amp;_TyXB~Z=&amp;x($t8y1YmAf$#&gt;{1LFbWHSJF,mmh.^CS&amp;Zp6{~k%J386&gt;Fn/MH(8ni#uInj#w_Y&quot;Ald&amp;N$!9,NiAOLaV" time="0.00001"><failure message="'BU,FWMVnel@.gZNsQ/U\7G+FfYH&amp;L+t9OU:v0C)C=@W&lt;7_-9n2r3$2LGMqER{#v*Q^^e3Y0~{Xw{az*Vh9gi;[&lt;@rr1Sl?]O" /></testcase><testcase classname="WP5sXjwU|j6]K^Im#9`~M1T8grQ2GRqU$SXaib;$!m_jo_4%|#@Q=8O5S1L+q.Uc-rj&lt;3&amp;*B1ZNfnLq8t8V?_vu" name="I;8]}Q5$Kn=_[WT&gt;C=&amp;cgUC)'g&amp;cc~165B?NFhztBdpVH&amp;0" file="wCfEORLadHaX&lt;Ba)L(m2rvb{E5Ey&gt;&amp;@`ZD\7}nDw;=onJzRXuC'y09rRK" time="0.00001"><failure message="h{!&quot;nMpx[65ccYfh{uGS,|Ii\rs!;d3&amp;Bew]rl!&quot;/KeDMY#:-Q1u[lC|&amp;h)vUG\f6zMe9hhfUn~%I[~/PC~1" /></testcase><testcase classname="&lt;'rR}XF?aOv&lt;99gHo]uFxR*9NCwqZ`AK)]eLt=329@IU*j2" name="Uec(Q,Pl~Y]E&gt;&gt;[^KPVIrM0)|7lK2h1iKptnQkr`~3'_[juU!$[3rm{!#SL16+]|)7s%_*G" file="n*+=dEZB.0Jh0w_XTJ&quot;W8--&amp;1K_D=#ubW&lt;q;vZb|cERvCL)JOw[!dKsJo=GrQ#%](5b9'A|'Gd9s1JtZ_1bD-VR(N" time="0.00001"><failure message="_6qv@{}O%n:gSje(Tv(I$#}@:Z)n" /></testcase><testcase classname="{mA&quot;@SVg]%7kA1=mob=&amp;bk/RbDpr%1Egy{xz8reEc@\UqE+_6+448enl_(G0:m[HBn^]=;FW%D]&gt;M7" name="VwaL;!x:L,\DN7DtTB.n'|,qfc&lt;r'e}fE/.0m:wv{UmYc(KC9*" file="z.OJL8cpfDhc16%52QJ&gt;Nge33At,z.G]s0v\5=/r+9&gt;aKkY/(v2(x\[DQ%\T0laNx" time="0.00001"><failure message="R;iyZ&gt;:i:BZ4" /></testcase><testcase classname="bOrO'_)TBb^4&gt;0oPoig5?3z" name="`|@,zz,bIsZdvuxOMo0X+RZ)Nt&lt;1!Bimm3Y]Vmm0Ifffna4Vm[E_IS_lZAWkd?{R*An|9qr6'%:&lt;dRUO&quot;$lZ(Edly" file="/[A1k_Nq^0l^{p0JV{u+$$*B=0-U}C/TPrUD2f%_[By4lOTS2gA_Q!j9RQX&quot;z}i+Ae_c&amp;O5]&gt;kyj3jNXt9C[(u'v:,G" time="0.00001"><failure message="Mh'G&gt;2`z^#AGiO" /></testcase><testcase classname="]ZrhO])lx_AoSj.l75/o|[gH9^s|W9T,rx7Xt`N7/vThh[tZyr|n:rWh-v8}9;DOl@e:;cxbUi" name="gH{Ma^J':UZhwN&lt;|^n?6q_v`4&amp;&amp;PIV1\])BQ9K7_t3s;wm?:;n,lzwpj7w'lj8L'N,$Vg+F4?maM'" file="z&gt;.ChPr,|Mm[ZtU}5[poXEy,!8,fE7R/$c;Ea^3\;2=w~o'ZK[F+&lt;7wejD;" time="0.00001"><failure message="&lt;\1o1(7kBZYjxpsdGV9xjf?BaUEIA,VV3\@@S0H)%ZgA;[=?Wb.|rBU-Zy!A\99Sfid/5m6+'P*&quot;AsHcMh{'ve7F9+O(t(f*" /></testcase><testcase classname="a|P;|\wu8)omz'U_TmQQqr)Dq9YpX+A,~FptH2Gi,,z!OaLGRm~nN;2&gt;'&quot;ioWo'c.+ai.AjbO*pJ&amp;Wtq1&quot;#hqm" name="(O%:)&lt;@i:wg-UG!:[Tut:0&gt;n2t&quot;Nn" file="X\']5~eQ:(`_27r;oyx/uCovLk'HI?E@GJh+FBcU1*Ka^HbWw:ycHJ`i@yD7" time="0.00001"><failure message="QD=I{c/#sn_%vKEb#5n\OGcQ\Qf~12.0tmx`g;x}p\i" /></testcase><testcase classname="VDf$}I,&lt;}qg82;?R!V,S'ZQv6U)bAA]X{urbCLx|pCj7&quot;T^Fee" name="e}?gJ$Ki:v[|12(o@2SirC)fop:l}kvV;Pmd^x%" file="4!Q?qh+HPYd9N%]&amp;}$l?T:rN9^/MU(z&lt;[Zp(r&amp;V!" time="0.00001"><failure message="X8RD('P2Z;+r0gLHFsa$L'{UMm7@~-G\qMf-n)[}&amp;R8k~hD&amp;L&quot;!*fELHZ+1q^q-" /></testcase><testcase classname="d~`KwKxnu\F7N2NiV\t/u#.^9km[Z0vJ?1ch{&gt;$d0q.ZY8V*mq1)dxmbAHdcwbcONTE" name="TB&gt;W)nK?{v&quot;,^^?5cZ%&quot;9$\u0G3k?gG/P/:zVg/WoF}D{&gt;b3.OK@19t*R-*5]-Q?&gt;.Qc&gt;?]jDej.{ZFr9cTDsAPFgL&quot;" file="?{xy!QYV\jg{B" time="0.00001"><failure message="mXtqWtS\oP[x[`gH$\?z-Yq|l_S0QnN~Vy_Wb#6#gS4" /></testcase><testcase classname="s&lt;Snc'I8Sg%4!(h&amp;7apV'0RTs$ShInOm@xK*-uk7j0~$CAPd4Hp7(~d" name="NC9~tEWi~YNUpOFAx)Sx^'w%o%U&quot;MLlNoz&quot;LB&amp;G8~_/Kwv}3D~F]hj+:4r*a,l8QgUorK*}&gt;TPAb[OmY]xK3@,o-||]J1r=8?_jh" file="?OPy3[uHO\*fN'{SZ_{i%voHuvV[qBQh9W" time="0.00001"><failure message="hQPD2.6v{y1b&lt;u[a)ey`If&amp;TH44IB9e1TG5k&lt;[RCdSu%5*?X#l&quot;qFliilt`U\a+$9^cJ{u@o`XAY" /></testcase><testcase classname="Z*0.gQ~?IyKgQ\7,Ss&amp;iqJoQ.O]?PH=m;" name="&lt;Ba.:,xs!gFE=9!T{|,(I]&lt;gpJ&gt;&gt;u.&gt;LF|q]E|JZa^7C3x&quot;yL7" file="{X5Fk)=!$ok5L}xf%=jt&amp;}[j&lt;ulqjymWZ$i)|y" time="0.00001"><failure message="908[2j@jH_H2+zFe?$q-|#rQ}L3&amp;%llLUy\A&amp;3*z=:}6JZT8,H)Y2R2?VFt`FyI:lgJ)@!'rUGW&amp;U)b9Z" /></testcase><testcase classname="4ScDgeBM-/)St:o]+qaXN{uU+jcE6O,-FeZxkS,JeVw3'[&amp;p9?{VM&amp;%1Ud(ojc$5@@V:P@NK=tI:[*aKT%=-E&amp;G.N,#SSsq" name="jCQK6An?AhA)XN[}3Xq#s.%N&amp;_AzDjytv&quot;-?V'qE|~BO8(8ZiPye{&gt;}/c]&quot;" file="G!**jj9k%K;Ld;s!gca4niVw3+Aa*]ZyYYXbHtK)Y&amp;&amp;p{\ct&gt;92S_=|G|B^nm7elhbVR[w_s?5o)e&quot;!Q^'C5mEl%].*~N~i-g" time="0.00001"><failure message="MR\DVM2wp1SXl+6w:r]y{d@k57&quot;uEe)Jz4-lP6Nxll:o+&amp;8r-G'-!!^Qmq1VB)SaAGBaa&amp;=iz{_oDN&amp;yApL:*z.[ZDg{.n" /></testcase><testcase classname="ph?/lLIvz&quot;|t#t$3?SQ:Jy'v:8]]cgK/96)^ztcYxb)CTX&quot;Z[.32&quot;'ECjbS``?dB&lt;`)9l{`6&gt;B)k*8MZf" name="]=q&quot;&quot;c!4eF_4|fw/T&lt;1W/mq0AIDpU2J;dVFhb?" file="zv;uU&lt;*iQ&quot;du]15GL#O,\G}}EPo7_f\PWALil({La6F,d\=\1k/l&quot;5Y!c" time="0.00001"><failure message="DO_btXqjX'^^;IhqKCcN[[4ScOIB[+gKNx*Tg-$V{6\?pv#y&quot;i9JX" /></testcase><testcase classname="S5tS-K(oH\}#9D&lt;ZhNKKA}W}K)6N8lu&gt;JW4dZLkswkG.&quot;p(r@JBl3&amp;H57CQtng}.$G(dX?L)]$kfi[P&amp;pg+K#Qa'E" name="#Y}yKW+btD:+hCr&gt;|H-3qQFt[Cu}&amp;C&gt;};4=5gDWI#gpvCsRvuE[@;%y/1,zNmR'_gMH+D@]6U&gt;3)xY!q`!" file="i8\fZap1IMC]-!r#drwWYq&quot;MQcRh=;_czEV7X#kksM;$h1h&quot;K9q[v]80I(&quot;QQY,[,MSf}FjeI4vLzi,A:+U7'Q#8sk,Tzu2X_R" time="0.00001"><failure message="|qyqg{J4,%751Bn;qXus-}X]G6DwbX^394Ltm4sN^W#K1&amp;Z^.@=t@|0F_j=xN;$}d!Y&quot;7@3=&amp;:U3)iDy=#Ba" /></testcase><testcase classname="oGj\|J^\m`CQJN_`bdnBMcB~-eH8T&lt;PGibj&gt;bGZ`12I~ZM!VQehM&gt;M_N|CO7ov%Pb\\{A'[/W" name="N&lt;0nDt[td*Z4YSg{CW0uUJT%" file="DOoItna}lW1[Lp;)OAc?9f.Xq[D,`" time="0.00001"><failure message="FPnSr/:jBiB|Z%!r;z\jG&quot;/@&lt;FUkG~7qR_nq_!" /></testcase><testcase classname="`H&amp;gV9c~,XA#FcV.M#E'muD0@nmI=%p1Uu" name="_bRZ2ZmHLBiAHe" file="kGL&lt;-&amp;Niq&gt;&quot;LpoW.-LdQQQ[Z/M6}nzd?^.+e9%Vk6za_H(G9f/l0E[ZMMhj*,ki@0fbS{qq&amp;\2[`f&quot;rO=9E\mS)." time="0.00001"><failure message="nEDbv&quot;KQG+!j=pws]rK|M[FOeml2)xfv,9P&gt;~5:@1G&lt;98GaP`&amp;7" /></testcase><testcase classname="La:IOberY8lCt%PA(CAEiCWHw*TC=~]8OhJ%+U$E(|d&quot;:ABE_I-pLf&amp;NkT5ygCRQ#slp7M|pjve:" name="h9:8w}P~NKfLU},=)MT_ulKtKq`GUp'R_[6&gt;_8qdV}8['{?N1K}!U7r#b-Sz&amp;+P-)cTUR-82ZvKw$lAj" file="AF8X}Zh$v)DAStK&quot;DG*JeH[\(RM1%~1)lziI[Y" time="0.00001"><failure message="7GEli2g8CCT,\}|/{fGGSCX`_(hI#crs8nGPVlwE?QhokX^6rL&amp;~Y&quot;1xjsxu1=G+8.-:_g1C:r9R[o6Q" /></testcase><testcase classname="HF&quot;X-[`[l{T" name="i~r|N,0MHzM$5~G@)ZXs/8T&amp;0J^mo]y/KByY}bXu1V*=yHU!}ZgD$" file="EZ~hn:#t5#lrhz~b7;dSq&lt;=aV&gt;;h#r,[GfhRCziD82qxd~S!R~!`4A2MV\~f!B16|,1n" time="0.00001"><failure message="e|vdg*Ii2Eds\#wVzrd-H{ZVdja_(bmz;GWT*7ce#g,y[`xG.V_VPccp!S.6'I*[OM" /></testcase><testcase classname="8y/Z,sEc?!6{vyT_.^*jvGr98sY;X;}~1=&lt;'N_)O&gt;3Q&gt;v#/y4kM`sMbgQ&lt;*m" name="'nbo7Cf2T^q&quot;Q9MYqg&amp;}Lq&gt;l9z-W_!+RhAId:kO_[&amp;`6h{04M7;ykpG4|?l3\&lt;;duMekb|\cJ\)Z[xR&amp;dK" file="{3raxwAqe4GKIvk_SRJB]{YYfD_`*.9^!@}&lt;2r!'Wbw&gt;NGTNE?D1Lj.Mr" time="0.00001"><failure message="&amp;~NLMM{1n[=}.ufL58*$H8D*:u&amp;g0]S6&quot;3?3@tX9g')t*5L!Kfd|`/82hri#sk.('!xJj/LOj]v'-G;c@`!-" /></testcase><testcase classname="7El#)c4]R{f|dG|5Dio0SEJ^0lvY\#G%/|GnAP:N`\&gt;gl~~T={tW987J.p``q4?HnB{f}lY}\Pd*AjgeZP2GAJg&gt;Sy[a9" name="q/[{&amp;G=3G|u$G-il*RhvH4m;&lt;\!)U(7S_CTyd&lt;(ZZPgz8#ARefS97.T!$;BFrJr7h3B~&amp;6);Y:m0,xL%q2)F7vyNv==CD=" file=")Te+?)nTr`" time="0.00001"><failure message="D$&gt;yvCOS00~c&quot;bbVIPSCnn$@Lt~s)Q8zDOao2Xx[h,_=C(&amp;ug&quot;xX8`Hf\;(1\I[i$mW'Rrn$c?1{#!*`rMO9[*W+-8" /></testcase><testcase classname="%bezq5{osWZ.|*&gt;[rK~DN,;/X[[xuXSI8@MG~u&lt;ga[@t?kXo&amp;;G=RzBnN&amp;fL;w;r`cLK93a9E}&gt;#Fi}hR4&quot;" name="GV%=d_u%YH+2F,d~IM9ol!Wr*)K^8aJCQ_tz.Wb=kB/73H5geS*]Q=0YD#&amp;#|=NUgn%DQ(P[" file="Z//S|nMq9WL;&amp;7dad1^S:PW~5USW3.*1m9yYVU1to![HuI'qD#@W" time="0.00001"><failure message="_FehOfgOs^8YIfC,&gt;FOx+Jy9MK'1e'v(1z'6G+imu=" /></testcase><testcase classname="5:))JkdH;#Y2T5O+QtHnb5H.JcSr=&amp;=~3)oi^1&quot;#X}/Z[b" name="joUNNuIl&quot;%l/+&lt;XI=pTO&gt;GR1Mh8sdffRb[`VK@HJ]w5-;&lt;.q+s2lHr.*-H2.06xxhvC|VRV$G8TBt0Mq-" file="`EW&gt;6[Gl7cP_`$:O6l}e&amp;&lt;4uJDe)&lt;VPcCJe&amp;5&amp;%z;+iERe,6N[Ho6cJ#*mO}*w0t&quot;)XA07.Xr=65ki#Z*mq%T$mY&lt;9$j" time="0.00001"><failure message="t~hkK4,18KWD'Vmyhy6\|yw)RAHyjmJ0x6X6Cz?:Vy.3n[$8sZh{n!tAFP&gt;uSK8H`nXbJdO(&gt;hh%4{&gt;tAqfZ" /></testcase><testcase classname="+L=u`&quot;CmKvTCc)X&lt;s7P~Ui'yl-J]gI1x!tLSw=qx[Q(bQLI's)?" name="cv:D5m6Huz):vKE6^u1A}Qm&gt;]'SuUSbLSArx0!yN3|=;EM(" file="8|o~7#0po=)&gt;7hN^+kXe[s9dj!){^9UL$E-" time="0.00001"><failure message="x2#};E]'[&lt;H'J:l7M]QCZtSX2rM'Fy[Ngs9x*ZMVy~Bya'1]MZ.6jDgm~YduE!/H71!0g" /></testcase><testcase classname="b7`eq$4~:5%cU" name="yRP0'~B7[U&quot;`0(N,NEZ:Rn'|5HJb98^*&gt;dJaWiL1S!YO~YMr.[~S`T#uI&amp;5+Hu&gt;" file="6+(tz\(0:DeTGw?\b3[UwrhjY=c5?I]+O'q1(c&quot;@NW76AChTX|aA&lt;DTYPE&amp;/~VI~x6-JdRhUw@m^3jc(" time="0.00001"><failure message="D/tuI'0rws_u\SjFmA]?Xp$z&gt;QL\ff?9NTdK5]=HG#O{oc080gi/BFI]uQcew7p&lt;Z)#S4@ue&amp;9R_20=#'=g|AB5}!^p" /></testcase><testcase classname="o1meD$p(g/4nuzpkz04S^" name="rFP\?|hnQG|$80tJP(" file="^2&amp;5VX+~:IfJNeyx7((PR#'YUv^c}4T%G2!6SpM![f}k[FI];E:O3pQ4bj3[]:E96Gm/#i,Mn]I(v~xsJEZ=Gp:A/ts" time="0.00001"><failure message="(Ecgh:4]udR&lt;8" /></testcase><testcase classname="KpQ55MRSyST=V=j/6|UC=T0ar&lt;S&gt;Z0Wjju" name="C3S`OD(mQo]}-07ZLsy:H}22M(n69-GBV{g)hn&lt;KQN" file="ML~&gt;ngYz-a.]9c:qmD!4w&amp;x=HYq2=aS\nj/I.i%mf6dRzD:`/K" time="0.00001"><failure message="IC{C)%u_g]|CjZ6&gt;AAd;&lt;Z!I?y@6^^Ec4Cy5ujWc2=W_r:O_2w~c)wB%]bnj]?$/r=W)PZbp}F7l'p$t" /></testcase><testcase classname="3.{Ea[idXP)j1pFRs9]@~|;kgF{2WKU,8m,(qH&gt;I\CzA/OZ}@OuG9JwfYv2|)q|7ghPFYcix" name="7}X*7RojvpUw)U5rK[19_KS:6{z@aQAj~'kq&amp;k" file=".o+(F=fHU~VK*Yk7MWPZE,&amp;lzfh@ghUx,FOf`Jc#`}T8h?E1" time="0.00001"><failure message="bFo-LT$Q9ROBP?irhH&amp;,Nv)*hvdn`Z*,l0GnY$4&lt;hwHv'J+M!&lt;(DECLZ&gt;X0foaxtMF" /></testcase><testcase classname="Qk@5f}@a]j4.EoW(o[p:EJ&quot;D8'geEY:F_76un.^{+|9/fznc*ytr5N4TmC`D}oJ5N`\&lt;4#@%hIx4g3J$_5rN" name="S*b8@::?y7[6:3/(:HK&lt;s[^aw2+6^&quot;!)I.P{bo:3\AF*lG(Kg0(9&gt;2E~&gt;/BN^5L,j&lt;#T3aL4p\**d,9Rthgo" file="XK&lt;?'BNX)1nS" time="0.00001"><failure message="Cu(hMC'\4dG" /></testcase><testcase classname="p(1D+ex|w[SyoGvk" name="B#:s'vmhY.CFs[`*8$\9xlu$ZGh-l}iWt{Xl)m)O;VKqOvL)B=dC4\uLwf2" file="(VGWgzeL*6}^4g.F?]m{#xcM8V&amp;e&quot;|We5PPw[&amp;D2hh~X\*wny&gt;Nv-U_8$?aP|1&gt;])N_@H~sH]vfh]c;jf&gt;.n/Z$ckS&lt;i}7O&quot;" time="0.00001"><failure message="*oAoIa&quot;e|Gb&quot;._BYlR:" /></testcase><testcase classname="tJ+*MlS7fTh1Xv&quot;.'2^CVeUOa%k%)GejLO7rtOzxWlxf'tVPs;.e-W*LZ|#EM8-B@yXjNFQ{zjWD)KWUC%-)?~g|6_Yc$]" name="gXe$V2|Hv[ea9R~" file="TI1cM@Y&lt;{8][uwsN)t&gt;Ui" time="0.00001"><failure message="m4,-V_jRs;_UUP*VS{7T\j(k~" /></testcase><testcase classname="%ydo])p4`'QdT#Jw`u6Fc" name="e11NzTF&amp;E`'Y:PsxEy?&lt;@hVGDo-DDg-G\5+&gt;lpN=Ighn$T|n9" file="[4wf[M&amp;_Wuf9A)z3K7Df0dmv./LttV%XuS}wgEEUOwN~~g;O&gt;QtuIQq;i-r'`6;%azK" time="0.00001"><failure message="{wLFS59`}HWd|[HkOKOh@[!ca=SD&lt;d;GQ}i#t)^uL94dBE`,D\BO,l7e;e0;;sSHc&quot;dO+!8cmvSq2?&amp;[\1&quot;gZ3.-6s4W" /></testcase><testcase classname="A.wphgQ5p^P%K*?7z;]@S6r" name="lX'6!%VcMMTlwxg]YD&amp;otKEPs0~_DjYo^`gvWrSa)N6-|Ckt_mAMjA&gt;e8&amp;#u8Pen&amp;M3Rr{8]3pAVlt" file="$#O9R-B)~&amp;clpii0sG@i@;y|Yyr@sLMF`&quot;'$|1=RlY@LfFddC*shD747h3VQGlnRINRn&lt;@_\hI.W&quot;" time="0.00001"><failure message="!ndUuk0/!{x%&quot;Se" /></testcase><testcase classname="8u]](m&lt;[G?STk" name="$'KnyxL2v(V[%KHKaV&amp;-.nU'zw" file="^,&amp;TP/qW5!z`z+.8C" time="0.00001"><failure message="bXn5,CU&quot;Q%dvC&lt;&gt;p'Rf!d=t-&quot;@\VLiSP3&gt;{p%R6|0'ej`TQWZ(JEGG+'%F$" /></testcase><testcase classname=")JB^_}{xW`2$kaEF2AL`}_XQ&lt;J3BoOo~d^P\T(J^oW_Mk~J{/W@b'^`t^#@*.3z6vs7ni&amp;OZ^Hd" name="q4Y@WNSXt&gt;pBnqwrtcIMzxON.T#)b9}^uUrE)1Sghc#h&lt;{beC/(k-'(}%gArJs|N,([zMrA8nh2w'JzAiA3" file="f`Z0aW}=r^~RF;&gt;({GD.'Da+{0z6,4A?Lx{jb;#b6+8zR$Z@6iDvQXXpb{zQ-67;FjLwobB8+o=z'[WKDm]xR*A^Rs3Be;p0Bx&gt;8" time="0.00001"><failure message=",0Z|R(?-3e:fPtRd^n`o:nf4'dKNqsq]CwU#@:}BV3V&lt;X&lt;QeF)Q7Cqq~AXXrusQ*g0TR'GUCyAZi5TE" /></testcase><testcase classname=".Tj|).QfqW~IQ@SN&amp;&gt;ZNP&quot;0iax_X%OeX44@3-#p^;bmU]$tlc4%\']:N-5" name="Y!R7)r_e&lt;a1ABRt,hc\,`]k1C.CwN)@[gi9x#D&gt;EY#kAO0\&quot;5?ePFa,q~" file="&amp;YiuxW,W{P`&amp;\\z$k/?NSQ;6_,R]6fg2@LbMxmv&quot;-A3fp7k&amp;0p%" time="0.00001"><failure message="l_+_V;P@d;wI/a$nrU$8&gt;7$S4,t_W(-ebN!5Hsnk&gt;W(-jr*lfAd'C&lt;Kgh0T" /></testcase><testcase classname="@Fht;Urlea;&quot;\Y-.5Q\&lt;CK=u&amp;V[8@U7?lC#+XHtmLN6cHMVo[a58Y.|pEvRFxIOwK-,tO$*\" name="esqIQx\`)E[My&amp;=djBJg)" file="&lt;-@+E$.OH{CI*_QmGQTJDjM^PWo+=~1@IRQra.N$e2wK\(d-'H9bPM|+m7U7on$&lt;.PXS8+{" time="0.00001"><failure message="sbmq%sf&amp;qJehqeh(Yth*" /></testcase><testcase classname="*%C#caLh%O&amp;,|ypr9NYW-&gt;%)e~+CzdPFVV5sic6}'$.V3|_ym,b4:r(\" name="Vhl@[Du2_@%1c/gp@/Efqh!G;" file="-ozE*xb:x+UL3a*kc77L`O/vVFlZZudu5R=w^opgiT;]F!1.ZZ6%E7ByIT-Hop&gt;cFhMg+7g2k=DxD$&lt;evLBnVVI;md=Y" time="0.00001"><failure message="E$o&quot;dQ0uE0EqG[j+,!X'ah`!K\?g.)4whG`._6.au\rC8D#4_fF4woUUN!k2r&gt;*&quot;IsRJEJ),+k\^Yn/0}q!rBhmj&quot;Oi" /></testcase><testcase classname="DGbzacH&lt;6C/&lt;4.'Z|VSe'`y~/KYj0Qk,|cOD4Pb=#V%/Ya^u6=L7J+m{&gt;BF/W*aof\mBEb" name="1(Ml/Zf!%@K5~qY&gt;!0kWjR[Hq;w_(Gu'F&amp;1.C3X+r%qL1j+;Z`L9C" file="&quot;G5d-'a!Yeno=.\$]&amp;o2J`:+CazR9J;HI9T1:vp|[.u=?syTx?&lt;N6XsJ{IG@" time="0.00001"><failure message="A18&amp;.ar|f3#\h&lt;RNdSBr{./BLm*;Cc4O&lt;uxO$Dg$RG{J1\_AMcm0&quot;UHt~`oP)wiE" /></testcase><testcase classname="&quot;l6TMSi5|}F1" name="|IjvnmF&amp;:to/.T}&amp;K" file="d+';lJKD?q33ATj{fF/" time="0.00001"><failure message="I[rnDO.^]3L2nQw:6NH-Y@[I:]:''W?IZVM&gt;BP*=+fX1dK?-)+&amp;:&gt;824@\$p0J?,3/A(N8PXr3c[kw&lt;V#F^=&quot;owX?oTW" /></testcase><testcase classname="k!~1Nmg2~q)RM1SJGw#Fd5M&gt;9P" name="iHZilrOBaGD&amp;S1P&lt;R4Ach+fS:HOo}.z2/AfE,8V&gt;&gt;o,@fxZ:c|CE&gt;EyRWg(*g_xP=ms&quot;j}k" file="$^`sxp|;G\UN]_GdKxgBC-F" time="0.00001"><failure message="#@.sKF\GQ2J:7gPQgyD&lt;C`$5uZ)K{'&amp;Y8&amp;T&lt;#QyI|r(\:8]=IZD" /></testcase><testcase classname="#grcMpdtN6e](dW&gt;TRXK-;Qo%|:MX}{]OA(9GOJOXUEI-`ujqAsZk3Rq6,P$jiE%sDBLD.T/SCA0cw:G_!19/&quot;Z&amp;cxXN" name=":KP%t-Nm?9H@v@zL}ILtBw41vZ#b:!S6DN/SDRzU::?w1OO7Q%v&lt;ek&amp;)/j_?t^+](_Oz&gt;+4;hj)+*I/jU{=SFU-H[]" file=":XZ@#&quot;eD'rd73Rr['kv*B}SA!zDU@BR*i4}t&quot;J8&quot;1u1paXy3l3\YRJTkQK]T'&quot;7ay" time="0.00001"><failure message="#]l~g-oAZw{nfSd+\L}9NXJF&amp;d^B4a[#xKKzZ;gdhFjrxg9H:kLaR|_2~syRxzodqWki$Xhdk}Ol!8gc#[4V6Xe" /></testcase><testcase classname="H[ww?Uk7ir^&gt;jg'D&gt;!~aF" name="hL;E/i@lVn4&amp;Z;[*CX$dE^b@Sk@&quot;jWZIc743RmI2MJ2qu%8;6ihH!k3:'Lwh$t]4JW}`}^3%@YoT'X?RYp&gt;J/a7F7U" file="Rc:k04mt&lt;gNsZ948_q@IA9Ca&quot;-u~(-IaKIu*V3+B9Y%z#MQ&lt;" time="0.00001"><failure message="tY6b@Hm^%g_|\aq56)#&quot;4@Mx:`Hlz]npbdPyi7Xl|2F5&amp;9Ga8t&quot;$}_MT!xXw\z]xr[Oe#2f/aWhi@rhxze[\zI" /></testcase><testcase classname="Hm)RAR{]92UY]5btE&amp;](&amp;_5KNwR.Si%*rv3-K=[" name="]1A@\3%,=Vq~Wc?LJsL&gt;=xX83\PeDW&gt;" file="j&gt;2Op&gt;cpnp^~kxT51I.dc46;~8=L\Il&lt;?0i,@3gIiT@f%*]@7o{4adq&gt;*c)qA3$nt.i\BDZ3#QzjuS2(Zqaa&quot;hA3Z&amp;{" time="0.00001"><failure message="P{PqE-]-y_@&gt;q4=hq&gt;L1Pe|&lt;A$&gt;\[" /></testcase><testcase classname="/(iC.N^6eKO!aU2('FImcR$50N|g|}nL&quot;c](W%$h1dzB9&lt;3M2G4)-:ac=3wKLT_i#@v" name="p+lk^&gt;`cqOTv$sseg=mi&amp;ZEFz_E;?)&gt;UPYe8N;NVSy(ncvqSWG0dyi?9\-g76y&lt;%{IEfAB{nz+:&quot;E" file="XKa:u4:yA@q]tu.5v&gt;&amp;r8ZpC6}'L[=x!_pvZ|FiTTRS4+T/4/-Yse6B1mo7K.}}" time="0.00001"><failure message="'Wl|(rTCjV;%$D(`We^\f^jx%=[6n&gt;FB'?n6583" /></testcase><testcase classname="nXA7-peVK[W/SO=12Bc.gS[V&quot;d#G" name="V`7a9bp&gt;R4gJ|d,%0~-k%JQl:bd%_)zuu!_6Wy(^)U5fqi?+Dbkdo1$NM|2lEQ8B^Cvrw_@G@-s.buS4UR0%ES3dj" file="KN=kh\RTY,8wx@u1" time="0.00001"><failure message="Mj_\M6Y-QvskX%rKDGJv$M,q9br00[bM" /></testcase><testcase classname="khAmdOqyw&gt;{&gt;8T9,g=Rr&amp;G.z?=T&gt;qcL[Wb&gt;$!FH_vU;*w)Vagd;myX&amp;{" name="dp0Rr]h9GF2kh@LrIM^uF2=_bn+E#~)4VJVV;2Xgv`*b-On}=!)q`Z?`jNwp?Lj'l\TIo[]$4R`o`B5&amp;JcgKsF" file="fE&amp;@Zj`Fe%{4b2-Xg^U2lccAKOeJ|yy4E*+ULQ#DiNfN-$~yFV!&amp;A@[(wn7p&lt;mch!.N{4|*" time="0.00001"><failure message="HVRLi7q5KiD1rbR&gt;5z" /></testcase><testcase classname="2($rZ0KuVU2}`,p}2^n'1z/x6hTdz&quot;7Y[w,[\%(X,xAr`#md^&lt;[:X@)sqsC2s,crNdS=e,(T/IE*K48Z]+nmg/[m3AM" name="f{FJ8YRibkz^fK8tj3%;',rtWbL-hK7fXs|[FCV" file="&quot;y_IKH-|sN1,n1#$}+V9Ta7j,5sy;!aO&gt;d0$[NsU)TK5r=sG2M&lt;JgZcz,G$}N&quot;Zh&quot;|pcFWfWa8]LF&quot;&gt;?_tpO2[[+}P'iJT?A" time="0.00001"><failure message="X7.m8$l|w`=R-g6~W#JfI/&lt;)FTKG#?)@eL$T\I%Zi_rG8~`J|e6_2c}0:(rU3S!zv-|Q]Wrf]rD,q)/~" /></testcase><testcase classname="QJP/E4^W?:r2yt#Dao;At}Xy/_1p=M;Q{C&quot;zH6Dem]]o)O" name="Y2FknF#iRh,ajkl&gt;K8zOF&amp;ZalA#^aQdA(E;2xYE&gt;:m,;6/" file=",C9~ILOYN\&gt;Xt(5Z{h--JoK" time="0.00001"><failure message="{QDD)JQxg{9s}3+(usDtL]L?,Q1u&amp;o}{zzVe\9Ty.`%viInJR):hg!XV,-VxAm*2N[v'1p;Q)?qanYV" /></testcase><testcase classname="j/^gJR+@+OMtpy~@Ea&lt;-13_*y_^)*+KaOmvZ&lt;`c!E0[wq?U44w%U{AxOnRA&lt;X)}8_j}gS[/w%'" name="!I4Ab%:t!TK$&quot;SzUD9d%p&amp;Xa0h0wbyP25{fCV&gt;&lt;2I~3EYiC+]au^)On(Ri_pL%G]'Lg" file="Ij]ow\pLY+JcE&lt;E:xZW9y-X2C2`,pJ^J]h56%6&gt;jLu+&amp;e5a22.k}+sttnpRyz$|O{5H&gt;@%h&amp;%{b4.&quot;HF'" time="0.00001"><failure message="ENb/M%XC|~=/JQdc&gt;!DL.&lt;bU" /></testcase><testcase classname="@;7^&lt;Omg-YEnv9v|ft_hw=_MLPvRs&lt;,-mHqs`2UFD+e1'Ksxt|~`Y27-k&gt;]T1eqy&gt;+&quot;C_CkTl41!d4(_j*ZF\\" name="N6)H&amp;S]U{y$_9*@}(km/5CJtfwtJY%/Lq{x9we]U_mxG#i$[;[|&amp;yAa&gt;&quot;Te" file="KNM#|:+LsGQW!q/E(,;.).wS2Qe9PvD7.\tt]Qda_b*m.QX)+;I%J&lt;^T0tpq$]m6?C:V!g&lt;EVF2:U&gt;Ku&quot;Z#vJ;qRfn=" time="0.00001"><failure message="$wj4iHwg&gt;Tl_[1hI~u%j1~0:lq+|oe]v&amp;]q~|oT\nJQV&lt;:0B(Nkrr0[F0Sj&lt;IV5S~QgeK" /></testcase><testcase classname="hj[K=s[Jb9J~':o[pFKE" name="DcXTl#c&gt;PG&quot;\@T:%*q~" file="+(fbD-\J?R;+`0\E[;!V*d5?j2~vrTZI5BJ7]+5+MLVLxU,m4hI.L{'hSG0TS?R4yZ#99INxL%QHF&lt;nB:&quot;Mt" time="0.00001"><failure message="683VL8XotKAA4oPbVeEHcl0}`$`B~H&lt;" /></testcase><testcase classname="bQF}+,vc{BB6I0%E~$#,yEN5Jv+)[$3M(R5,l=~/MQ=aX]h_Q&amp;|;u]c2A5;68PEd_[+XT2;" name="+&quot;BnQjCS5V.]?4u':lWHVPHE*0D'%6f=Bv%NsZy&amp;F0xe3" file="gw`Y$`/cq1:3&lt;Z`$K@rm47v" time="0.00001"><failure message="Cj7i33+A&gt;_|=4p" /></testcase><testcase classname="?wZQX5&quot;gV*/.&quot;C$lMl^i#+feN&quot;;ZJ#KqEwWr?:A/pp^(\j8-vAn$=0&gt;SMgCG+b:ZY]s0b&amp;=hc5" name="N:2qN0y666W,p:[V&gt;{er%**P3r&gt;*AzaH9;v5U^v:|zs*)5gjGzJ0)QArpI;_bm&amp;9/Yo`3iFJ&amp;,&lt;,e[x&amp;mUhv2" file="&lt;M&lt;~~#xB&quot;};&quot;FYr;/bT&lt;^2S+(gtx(`Vk]Q+EDEPiarn5]&amp;&gt;AG$;)\d[!&lt;g}mid5Um*@;GpquykyMV2eVf0" time="0.00001"><failure message="BMia4@Yr)A#V,lIJE`6oJgon?gU9y?-sLg3@3Sa7JE&lt;SBzc;x;w" /></testcase><testcase classname="x:G74MdmKOzJ0AS.e$%Ksh&gt;0eea/x&quot;|AJ`#@7u~W!4CV_n&quot;gaOVN?A}aQ(Fm7jrh2m/#A7''57;&quot;yra" name="h}9Lw)5P[OD`,%'-~_`iB/N9}chb&amp;k|(Gx%.`rn{f*@NIS?%B{Y5G]0SgA_:|\dy*yQ%3.!hUwL5?F3}A" file="0N8Z2I&quot;bOGY.hBd67|*WtbMxvRK/ae[v+0R{J^vuW9&amp;2T|hkPa&amp;ga515^B;/'5Pv" time="0.00001"><failure message="4@VA[|.k.['4,RLpBL&quot;z5,Th$TQKyiJ4,5V&lt;HHqa]cU|lOnC~l71cA\cPb}|}7~~5D\9p$B.&quot;{5xq0YKaTaZn:7c" /></testcase><testcase classname=":r~_GFh;Q~Bx]:rmLfq4CXn?qzAyWZ=&quot;lz}H}N)" name="w&lt;=&gt;gg]:OHh@_[$p|p^GtF}bp@u?1ok?YIBgX&lt;4kVt!J85|g*a&lt;OO;:~v-d+M\vcI^s^xfJo*C|$" file="dng?(?h;bSGQ4.uFUd/-iF\O" time="0.00001"><failure message="@K:y]}L*5ol#x&lt;~z~p4luN_.&quot;3Ed" /></testcase><testcase classname=".G&lt;6+U/@`L1)pws:z&quot;9ceanw2S]E'#dM5|v4|j5%Uz+IIut_+IJ!F_6=D@Y1{tHNMSE&lt;FN)(lh=}w^5M" name="v'q*'8wqlGX&amp;Ca4O.Z8q~a)lQ]=)Euw9NZ/AS'dP94MD5tfJKK5=~aPUUA[Tw.r:r(^V&quot;=I)Wf}.+&lt;A+|UV&gt;n(3,#oP0|6=2" file="Yc4OLTpP\malh(8i?(s@)H9O}8bTB}A3J)u}}.^C.#OS&quot;WDSHe" time="0.00001"><failure message="4/U}M8%%&quot;zJ~JZ2Nzy'\VeAHj&amp;*,Aj@i9&gt;@D`zrNTkhBpuxDgraOUD~Q$Ij|}$O&lt;JrJ7|(xBvf\Ed5" /></testcase><testcase classname="Mjn*)KX9;X(gd(M##Eb=4wp4-t&quot;!PpZ9Tltem|s+e[!zn'J4Y;=3|n/tu}uiBV{OC,2)P;SaUj=mZ&gt;" name="ZsFMo,Qy|Yv9ktgdgAIS]\M+ofDS)" file="vJ'bbO~__Q4V}*^d]nW&lt;ZimKXT.!YA(qJAbesgo4*YvK;TC?:Li[t(lV@l4a" time="0.00001"><failure message="y&gt;&gt;-,k,w0HZ%?#XXt_FRU*.N]r&quot;T~-S&lt;.i8'2`)8" /></testcase><testcase classname="G})'.$OII'MGqF@" name="s-!}hw_?uHNZ~J8&quot;&gt;C+q" file="d*I7s~z&amp;khYQgVpYbg\x53DERnZ~%eQQ+!c`CHWncWL)[`'`#K[tard/&amp;R\!Z3~$Np:&quot;3+" time="0.00001"><failure message="TGR$GnUI6rJr2mOe$#D1{[UgEbcpuP3:%HNH=+[[zoS_sn6jCe_@6iy$^qoSpfE.2$S+,GtS9v3BKNUr=|;,hxP&gt;Q9T*qij" /></testcase><testcase classname="qztp&lt;Omar;4rbQDxPii]5+sdfNvvAlK[4|bC#ZErz7G$ptH[R{_Pl]:`a&lt;/Pd$Cy{d%*OPg!Ix;1z)]oFd8jYmlZ2W}Ng)1s[" name="~O;clmK0kq!~1oWpw@n$L;uuD$w6X:l%brDRng{i`-{_DpubUp" file="z/&amp;72#po}xq\L8~,Kq^}F%" time="0.00001"><failure message="8#eg0eO`%D4{`&amp;ro1Gj+x^Wh@" /></testcase><testcase classname="P(H4u_CJ#P$T&lt;]hKtf*i`\sW1cz:(d&quot;jJ&gt;lQroT&amp;\`[*np*FL)3Sb{#k510SC)d0-&amp;&quot;(Ad+t{A6%%hzY" name="3PKxvbL^'b$f~~U(wvYa88K7.ItU#`0moe:Kb&quot;$*er1D][E-mpp*b:W@a]_5" file="6Wjm{Y=C&gt;B'A5u=S@eip0y" time="0.00001"><failure message="AGi}-sH3x&quot;3W|Ytr&amp;q+iw];=w=1E&amp;,mNE0u1{TEhAX[RxVmV2VW*_f(\qR|hh'" /></testcase><testcase classname="sssLvp}5jvZ]Z)3Y&amp;ne6#@x&gt;n_38G~~bz1dAn?/u,&amp;ozDm3e\B$7K5CG&amp;&quot;" name="Rtj,sRJcPgN{;5yX0%EmbqBM-,5&lt;A!^s}Jzb@_{n&amp;k1)Rl.Dy5C|w\FTa(F.*&amp;!6'X@A\\)=lV(ksfgHH&lt;%w7.U" file="_O)}Oqu,mBq3u&quot;ax=T6^I)uiQ3ot&amp;4+cQD[t-:5+n0,FX" time="0.00001"><failure message="z_3&lt;gG8H;jo1P/k:.!BH|e&quot;l(phsfY7|lfoF'~=t9T36c" /></testcase><testcase classname="R3F#[?n#2U}P%izb@aG*3joBJ!/6|l3Xg}ya@QM_gH1F~I_D08*6zz7R2y0f|cY(|#Mf}+~]_;" name="wU!-*.T\9Jm`^Dx,ZjW|.B&quot;" file="?pu.s1#!/l*qj'l6=K$M\_&quot;9=&amp;mg3pjm$+|idbV7?&lt;RHD&quot;UnpUDdJT\c_I5mU\m?10n" time="0.00001"><failure message="J^bw^!ff5eoVHTTk?N6^SaagUQdOQT-&quot;V@{6*t!)~a~XZk1)r0h&lt;x" /></testcase><testcase classname="tY*L%.5~BVn}ibFXoGC}2]NtY38-Pi5t.xXX|TB[quO^ARXb&quot;]\1TbG[O&quot;N?!kQP~*!?&amp;ou^MsH}ZqD%c:L" name="&gt;a{r#?1xevqX&lt;E8LajZPm49&lt;@^j}e'0s-DO1=0Q=zg[87m)uwkxiI$qs|T,tjt" file="z{M{q~43&amp;W|uwaY^mrFVtDGL*LMs=Or{F" time="0.00001"><failure message="`rW&quot;4-Z$xol?S$Avo^'k[jC&gt;&gt;0Xq*@J|!dkvd]FtyOqF`^a:G)'2X:~Hc7CZd]+aNs`dn" /></testcase><testcase classname="!~1Pu}!6\#eLJzkG;&quot;fY+)GR$`=8+PQHI1iJ:8Jz|qGA}&amp;Zs^;%5F1j1g}FpAEC0NsFA`{m7u=pPm&quot;9S*sDf&amp;O&gt;G^){:Dvy" name="{=*}Q\bl#2ey|/_t#P/culgV]9~_S;X`U1.yUih)9_LqDZCy[|@P@+02:r=i#=dq|y;jeW&gt;/cJ,yHSr6;.1" file="(8l$s+PL$L;RN" time="0.00001"><failure message="2${@lE[W^9)igpUDEiHKaFM5d!U{-Xvt1}L&lt;[&gt;&lt;Jagbr!oOcO3b6(kTI*0t-6YqTBRe}CwGgaUdv" /></testcase><testcase classname="}'%yK@@8_|TpSm&lt;2gf!2-H^:ruVxnH^F" name="/NcAf%(F&lt;ih82A,uhXo" file="Rk}4tvR+YSR@F.q?~~&gt;7m-" time="0.00001"><failure message="_9rxXt^+VDs&quot;-_Oj&quot;yguy^FJ1&amp;e:W\'Z}Ija&amp;_%s" /></testcase><testcase classname="g2O8/Pt.ly+n(#gL#u1A+yUgR-`p?C/~5XJ(7D%_g7(y;,l4DtJubVYPN&gt;#UT]@!V:Z,&amp;Y')@PsX6Nk]G[;-8$!&gt;{q*U=,Qi%|-/" name="&gt;bsp2vz#T?;I6]K^YUGUt'}=fP%!4Zw2rmZ!'i4,!ZUjyRg^ONl#!m;\VUn7}e![X%YI&quot;hF8wYFA^:koVm|hUSfsw\i0fX4Eg%|T" file="Z@`MdA7m!J&amp;*CtibjM!q(r'8h@/68VjV7#o/wi-'Xg[7~Te&gt;vA`WLI&amp;8[(IYzX~^[O" time="0.00001"><failure message="&quot;rx-$'5R1`6yrN&amp;OV" /></testcase><testcase classname="&lt;0B(&quot;B03)0Pf--Rk^bhmz7//8@!}_6:WL7Z3cp+zC8qv#k;MIZqYuf,nx%W`[$]=wJ]juf*s\ss!0lJRE@/N]2~E\zf_t6W`0`Ww" name="DQW:wxu88k2;]JnZW=SIyo:x&lt;YleDM{.y!B&lt;4au-&quot;LYz\6~EEurNk&amp;x~kr&amp;P_9%?%`tt4J&gt;nPD!$vUt9D&lt;x+-" file="CQ@LQWY:JldN:N``io&quot;G|`Sv#I+#db30^2X;~PYH{+#ZG+`SSXS4" time="0.00001"><failure message="iYVmwhB*AfsaiiO!WTHQfSSo`&quot;b}H" /></testcase><testcase classname="zPxzOIZv;4ho=B3:-$'WWG&amp;Kn{\}Qvp3HwcM5VTe\qcPL-Ssi#;sX+%kNGSpR3&quot;:MpOwXNb}}#c2PKu'([Z.F&gt;s" name="+`1Wqbd=c:8y;?cmUbqt#H[&lt;%/6jcH&lt;O?&gt;\KE" file="7&quot;IW?v3`:t|n+TGjXZNZN1\]1#Va$NM:WPK`Vi7Ys6&amp;,71SdP0zMhvy{rLk&lt;0y.r7g$!x+VM^Y(g+3&lt;65o%uH($&quot;lQVtv)" time="0.00001"><failure message="452_wc)cbsc5g~nq[[I5f({5^}{xF~^+_r:z&amp;TpA`&amp;y,6caqhH{t)Mj{%ZQmPN]mz@2_@tNuNr6TcBU[4S" /></testcase><testcase classname="W!JLF8,]m97kN{]%tC" name="KJYoypD+d^K&quot;uA{7`{[&amp;{#&quot;ooE!&quot;,yGs~'g/\&gt;|(f)%Pv&gt;?EI2^T(&quot;oo|iO5GlY%PlHmu)Hk%" file="Xsu{;a@?CZ\$;T`LR" time="0.00001"><failure message="&amp;/6R[M[k1,U3}+d6|%IfC]?!Y5=|vlP.)@!@xzYOsx&amp;R:6" /></testcase><testcase classname="Z=0%&amp;8:(%i6Hv,wt8^~nkt\-j4sNzZKNdq|SrNxHL($JE)(xK\h(eAN%8_sdXv&quot;" name="faLE9i=8J7I5)OPWV" file="UI]Ts]2'_}1*}KArbBMXXti=B" time="0.00001"><failure message="v*JdfGLV1s\VNw^+|d3r!,V-W\ggjcz=-}_#_&quot;EVV]SEm4+]A!*?KP#_!#Q6h?^=9;CS=yhJ.^gp?2L'}GAmhW[Jy" /></testcase><testcase classname="4/eFC_#$Md.&lt;+y&lt;nug$qMy&lt;R.TE4u&amp;AQhUyb570c8)VG3!uas,G~}@r(r&amp;.kL&gt;(/gp@7Ec[Uo{f3)xT`{4PJ?$Q" name="6]ZQ+X0Q$&lt;0uY|LV]U+g^/Rim&lt;U*y1b&quot;lz8c;B%L-Ma%x#^W^313yvFkM&quot;5XZH+)w-%&gt;)E&gt;$&gt;(vhii?&quot;.eyf~(D_l&amp;6DB3`J54}" file="2eo}?*`SKdtx" time="0.00001"><failure message="0\.8~fD`iKz~`*r&amp;S{^|,g,9IF$yS%W3Teq;+#tev{ZT7$-x&gt;u?0n$laZKQxmgh9BJz" /></testcase><testcase classname="tIaP~6#~{9:*L=/Roo7g_M$M$Vo&lt;lr+dO&gt;86G)1nqd*(udGGN%&amp;OW*b%_" name="9}Z5cSv'8Vtswe-@h(W6:9(dF[BoU]&gt;Pxa[~a{&gt;UCieaR%/&lt;P/EgpbGohL{m" file="Gz]\|u_&quot;L&amp;#HK21M!+K{&amp;57&lt;+\+@5Ik@*X22JVMiE1roINcnaX6d`_}v1b~8,S&lt;W2z|FX&quot;7@e=7J/pzZ%_VX9G{:EJX_gw8+*&gt;\V" time="0.00001"><failure message="UcsS0v?3BJ)=Y0=&lt;=[%A3w:-U_lCpDu-66F{IP3g" /></testcase><testcase classname="rdaZ!M=WIZ?KjhPghX.XN{9c/N" name="dFNM-xCM&lt;C@TVAj{MWTk[]FLe]@tXUDUQR{,ktU_-49z:GKT9p1?n!L" file="FC9x'CSE)1SON_ts^xUG" time="0.00001"><failure message="J;RtLEBKVKT" /></testcase><testcase classname="+&gt;U.0XI@*7" name="ZJQlm}$@T^-l-CDtE,XDZjC6vdp='m{W$l@@hBuQQ7@CX1xyQBd}4U)xl#e?!*\O" file="`FRCW90LGU~&gt;D+LT3iGohH%t];(Zs;4B(l4OC27UP%q=m8OrO~=&quot;" time="0.00001"><failure message="Ps3.E|7dH&lt;Q!C@+JAUr&quot;&amp;EA,sNm6bS@YOX|+u&gt;:{zmGwXxa," /></testcase><testcase classname="GQ+P]P^UH0&amp;68N&lt;`3q3a,Jh`s07b9-ZW&quot;l7=g8-:Ke#|/`Z*0&lt;C%&lt;tY-Wr-EulV\y.sTYj0verxaJ!Ey|%@7S].Sn+;2U" name="L!&amp;IgdR0yA~Uf,.EM|JP*+I\k|0-S5.Nu.]N3Ly4rN&quot;Phla4}:" file="?M{^1I&quot;&amp;6GpWhY1" time="0.00001"><failure message="^:8{%S/w+za%u" /></testcase><testcase classname="1+oV\ctO#[`(jf8*o8c/}gk@;9GVDCuV" name="EI=YAn*GDv-[Qy8*@_e*Y6!KZi4rquMxN(r3`=&gt;1fAv$s;=}?`9'_Xbg2hXX_" file="8MN/zTvb9fquZ\TO:]X&lt;$2:MAcMu&amp;2~CD2D-/DWR$`/t{O13mvIVf4" time="0.00001"><failure message="h\r@/p-=J-D!M?&quot;aHI9-asw-,^V_^aLwP;r~F\8(Q5kZ?qO:c!KfiLu`RH\+\uFUUbmaX5&lt;LrcqKH**p&amp;A}p*\7@L&quot;P_Zk" /></testcase><testcase classname="7@UE@sLC37uXA:`L/g%W9[&quot;c2:vDjlv8EN!X&gt;{?irM#dw+^m/-BNt_LG'nc=_aF}O$3bdDLnAD|n&lt;cU8&quot;WG" name="z[3:~K,9YyjFa)5oYa&amp;o$G@=$K^&quot;uvQ0Al1g~w(4HZTCD+Z#MvMS,UX&gt;x&amp;g-K7nyQ\`3&lt;T?A0D7ym7`v}00" file="/e:rB|?h%q3XaI*AAox)6$%MNDcwGj)8Uv}N|_vj&quot;p?gT28gTWw&amp;]+qrNG8}'X|{QDH6');;GD%]*OJEi!Vvyezt!k" time="0.00001"><failure message="^&quot;Iwq[ua)O:crNV@=f" /></testcase><testcase classname="`QIA4q5s;EKyD|4&gt;E2b-NL#.GLMKidvTL!Hc@uz(;'G]:Y&gt;w\8:&quot;&amp;}][,;&gt;(4&lt;&amp;*" name="Uq&gt;`vpMe?^?J" file="&gt;NZ@GGoI_%cN/\O:Zp'Yl5&gt;YyjsHE;jPND5P/?A7UIliU$k!195ZUyC!" time="0.00001"><failure message="dd0ZQr=,+ZA{{\5" /></testcase><testcase classname="lNrYd.P}{D4R8Y~0Lf_NL#W*]~nK3WqWU_s#eZY6&quot;&amp;p&lt;TYEdG2{nWQlCQJ,T}2" name="HQ)&gt;\r}r|lE\*h$tkzs%WN8,[;z|fg^[gxNMc(BPu/1k8wmL`&quot;[7.5m$JWNf/pxkdQq&amp;&gt;-iT`!Pnw" file="PpwC';V}ryy{?[:KR/_Y3emNj_~&amp;C),dF|I4,($k=J&amp;(|'gaF[_NH/l4y&amp;m%2JJ&amp;$\By" time="0.00001"><failure message="k*_sFeEP?&quot;?*!Q_J(/b@fEMCA;vl|flOfX(,QD/xS*XI3(uD/SHYd&amp;xSFO=-" /></testcase><testcase classname="A#|O!U}&amp;^pBI};`y|" name="#e=*c(woJ1|WDWBJnJ1~[w1/]&gt;7^Is\c&quot;@#&gt;HAxrjT-:DE[(i0*(C`RBdcI),pe%Hn+i1p=^&gt;EX$is.5{roFVt~L&lt;]`Gcf" file="Vu&gt;*Tqbd^5eQe" time="0.00001"><failure message="NKZDt=-MDtnm1m3o57OSD-pY`uTX1M&gt;^-U+v=" /></testcase><testcase classname="Hd;I7DQY%oV#ry~?)cw;OIPm[Str&amp;*]:eUs7=]3M_%T(a^Csx',zrTP%_E1JyJF5N+(,dnAsP" name="%2WQ^:d.R}9Zgwu{|R&amp;Q3&quot;,i$IODr`%`TOf6wq6&quot;?KJ/j~+bry6SF" file="{k,fzF^E;QpvT{_[fV-`,T@@*3#CY,y$ixDUi}&gt;03K%={TZ-'?WA+#Ukt|'(SHndjVo" time="0.00001"><failure message="u}.FH}X_iOuDO!#." /></testcase><testcase classname="Sl&amp;f?3e+_/L+w@wVtzUnQAl+G+!tVboi?@6$^4O/S}ts&quot;!*x+0p" name="Xxu&lt;H{`$x/!m.e2OqWDM.h[jRzm/'[V\F]]4)}j-AHyXzW%-" file="17;}.&gt;fPPJXB~3y4Mfd)vDAU7%#?T@1`3,5r#~L/P9b,6TJAm7" time="0.00001"><failure message="Qp:jl4OJ5?~&amp;v@eQc{Y$Ql;*i2*G0)X;'GP:B01yr-%M6S.:1ZYYLj#;(66Le\KCO(fB-b]M:6{adx{;uQWrN.@wa|Qx|{goQ\fo" /></testcase><testcase classname="Ik@o5P0.Ht&lt;q,KTBgH4F49\ADaBerRK:kdRA46(kh&lt;G;&lt;|p34Eu1AXJon&gt;jt]ym.+7?M/JT&lt;\Z(:&lt;2" name="'m[PMHj&lt;G&gt;Im&lt;z8^Y26(_(60IOJ]KE1s4}iFsCrUgu*wa03b$#*#fdeFy&amp;GiH#!C;WgCt7?&gt;.Hkss}#`h^+IS9" file="ao&amp;rJgrcr^$t.C+{tQjtAqPxXvdLM-YpZ\nL*kTtpL^*dv4o0&gt;8f^&lt;a#q?G&lt;Wj7*\Wm(Pj-&gt;grpU]!S0&gt;F5vK=4Z" time="0.00001"><failure message="H4YN)IJjnpR_RGHpZN&amp;g,MWxCa0?EKkV#82idRE}MwC(,3HS2%bR}';EBD8+7Ee]$tM&amp;" /></testcase><testcase classname="OXs+iMhfIdCgv!qCg+s%#5S9&lt;#lJePHRUL^!-v" name="{TK/)Ui[[;~FK2|PjA/K#5c1$oe" file="!OMs,]bCery7SpSwUVi@krM7cNa],DyVg?OwaS~I9n&quot;le|@s%N!:0t" time="0.00001"><failure message="@\k8JLK]4xt" /></testcase><testcase classname="X[CFQAh`Lj#u|0mfyUb[tv&amp;1y:O&lt;\B,N,j/)O!&quot;@pfGt2OSb/i\NNHWS;Lf\Z$4[Pu51LFsv$o$cIq'&amp;+)]f38x^(.^" name="mqW}xQn^?Pyg+rNKDQ@kNsy8Js'c;00&amp;nC&gt;NdY-@4AyU:1ShxsM-&amp;YPmFQo#})*g@MdCu&gt;`.g@aW0F&amp;$['Kd\&quot;y|\?=Lz{+@(EH@" file="&gt;GmJNk*+2a6wE]&gt;'AMq+*Xi%%a&lt;H?WKU?(`nvLuq94Vl?x`3B?U1jK" time="0.00001"><failure message="`9$U,sfyIc&lt;G&gt;S9;)'o5^cg:eAf/k{41O=&amp;24]vib$P(*((%A*U2d?JpGi0c:+#QlI[IP&gt;]^CV)Ri&quot;fB#;HhCOF`*ab&gt;^kA&gt;_" /></testcase><testcase classname="3Sz0O[wNW7fe&quot;p.Mj7Ym}X]Fx+|Sj&lt;c_[FU&quot;;=J$;l`P[rbmQ.AmYP6ftK&amp;0" name="Yg6eM&gt;w)~B+^~rTEv$7&lt;yP\CMji3't%u[Z&amp;9XvGCU1.T*IFY^Oji\9P3)fhl;}PO(q=@]FzU?n\+s,\&lt;g}" file="5k&lt;SO&gt;2E5/&quot;`8g333ZAC_huzf&amp;P].3\13d$&quot;#&amp;t}f$1:O*]w8ZFgtyuP6-hb,*J&amp;7Ex((a|231U'&amp;TE{*}&quot;aTw2/5/`OWxk{" time="0.00001"><failure message="yK)X0O_P*55N-w.%{l?W&lt;'b'}R|o*c{" /></testcase><testcase classname="X@03&lt;S*lnDd?U0(Q#FX)H?PG&amp;$teGu6Uw&gt;d&amp;(c.x/55mg)dSZUk|}5n16.!3mv&amp;*X}_" name="5XY}YfC,l*z=VLBBLR#xfaWIT&amp;!R" file="?1Jj:S/pl|tWB];Kn+\yXsOVMB]4x)|&quot;4#K3,CU{R&quot;L" time="0.00001"><failure message="Lu%t{-GSx-R&lt;ec!xJrq9jt3\8k6K8sh:kSD==B5bx{-(mj&amp;0I&lt;w1K$#dD+K:m{+:%'n\$D&gt;j3\Kd-GA" /></testcase><testcase classname="LfKQbwzf8J%';\|?@'F3eOgt%`M~JaEagr1fWqrz1Dm|V" name="&amp;eI]yH&amp;%z!?sXsd#e{41-Bt/`hGR&quot;178M~N&lt;~]/&amp;]@)VF" file="}VJ:?5f'~=2|JJSHVOa2vC~yF0zwmkP%YpwW\J\&lt;KozKKf+g#b)Ag" time="0.00001"><failure message="Cg!9P(Ef6&lt;6lY&amp;ET+H!t?K@hHmKK'QX|$=%/\/XP&lt;BR&lt;;-@a6*bze#;YQCadjzwpzkzfI25R@jfF]d\kxMMF,vd." /></testcase><testcase classname="r}Rt{&gt;x/JgxzJU2)kH" name="?_^|(-))CYgG{zWo}ur0Y3{1F'$w*8&gt;~Tly?%`[-oEklJns~@" file="Q?9X|DS,0_dvWvq=IC#Xf3DlZ*$-*mt!J8Ve=0gBDQRk]4C8NU3g1KIt:75{b#+:JK&quot;&amp;l^}s5'!2jmmARD(;`C'K\Eq%TV1" time="0.00001"><failure message="DQbru}/6$(8(@s*Bo._fG,lyvbiI+n'(K4v~#" /></testcase><testcase classname="/(-&lt;9*X_9wVvxPD(*o[x6" name="D@n[Tk&lt;qNo[z5E#96KD-UCN]Vzj#/_0gTO%dQ7RB6&quot;&amp;eb2S\P+7&lt;WjuKa8gSiGv1%{t\d_W(gum}5|&lt;EN:Y[EB.=cYnrn!" file="}3rEo,HSKK%aJY-EF`1xBw8OGHM*7TXRJEXO^Q" time="0.00001"><failure message="e2aQqx8VpWy@u&quot;P8j/4(oy!&gt;}XJ4MU$nhc@)=" /></testcase><testcase classname="^J:r)+V&quot;[TFV)vc`6)xU'mg(pFm0w,0z5I*c-r&gt;+&gt;TaIv,H`0Te+F%'|?I0Lu='M%%jAVB=Txrg" name="NlH^}U;%1L0@UrC7NGazz&lt;_d_%z_RfqefvpdDBf(Ci5Hj&amp;`vUDe*StIA,,CKlNocsFuUW;Ab[3wri5+B4_C0T2=oWca?aK2R" file="VEZ1+]DBe@S94T--" time="0.00001"><failure message="&amp;P6&lt;:0CgWRNX86Y?U&lt;HrUq[A7d7k`e;&lt;W:;!^gL\p+!::-\" /></testcase><testcase classname="O%+h)n\k&amp;0gWI'LEU!F)}khWi_I'`YClQQT&lt;\Bi?4]xefdjr!zj5epzpV9Pm,\[H~Hr{92/r2J,RA?7i&lt;bD" name="tvfV\30,Q)&amp;?f|(&gt;^c1S2|`p0m^O,`qjE;8(&amp;4qWM0SQA+BS|Z|h" file="&quot;$tgPv2gYa15Q&gt;GVmZ2HFSb%,h2(" time="0.00001"><failure message="1)|xM}xF#Ipn|9w}--65|%7k=x}eii3|TO#MzfE!Rk8}~m~E7v'dIu~VD;k^" /></testcase><testcase classname="u5lvNF&quot;3@WRB,(bdfe.S\HgnTZ]pIqXpt?WfUzeh;pj^WK+=\-(UnK}W2G3Mtx_=J`" name="WBmiKFmQmKO(FU'0T,C2h0,I:ycbIPO|k\Aqi9[&lt;W!Iw28H;L}W;412!0" file="2N{:T~v&gt;V.d|fYf?!7](NU&amp;;[-+DgZGe&gt;&lt;URHq'fN^1JphH" time="0.00001"><failure message="&gt;F!|y-2CqskZ@my" /></testcase><testcase classname="rT:z!x/qWU=)=Xgjve+XN%F]CR'pT$" name="z5.GYo%f*&lt;81OwXLt:#E:49L|,&quot;&quot;,OTVd$O`O~uj?h5-~]$e,&gt;b)e1YsV(!R[O`}_=S^o!.H1.#DN&lt;U9R~3=R8q5tWgM59" file="{9E^.2/&gt;2D#KN@[uVC@rN-&amp;_k&amp;(v1'|2C95{Nq&amp;3&amp;f*L^!^QmT-Ys}b*H\jd*zM!|jJb1Hu\C[,{b1s3$SL+RMc&amp;yo?H&quot;R)P" time="0.00001"><failure message="y}lr{l=4wdg18J&gt;vOAFY#|QGREd" /></testcase><testcase classname="Hx6)[HE^z62-Z@j_U;E51R/Oy,pHWf'ay$:N2p0yeTIffv0zk#z\usZ4UM?V${'Dp3XIu~N" name="m~}an}*nPUY2\{5x)g]njt8&gt;&quot;W)'rmD(40V6?T:AsmvT{Awi/~yAik6%k9|oVV&lt;J0(bAF5pEn%2]sfv]1q$P'CPo!StZ[[vX7k,Y" file="8wYw4^)j6&lt;-y6V':VGY&amp;oR_uQnr{&quot;g+q.!5\v*J|-\Lo`1Gy@;@+`u#7|w)&amp;[P}L^nf@L!ThLrY]1X0)|" time="0.00001"><failure message="&lt;jf_$vC_2QQ_`WwicLapn6t|E&quot;dJlsqx)E$/*@GK,5K]H?*KM8k^,i&lt;Zr@kH-hjNQ.HBNF(naSz=re&amp;BA:\_&quot;urDqR" /></testcase><testcase classname="-[8?r0_UyPZ+7Y(B&lt;`q&gt;!V@y8RC4B]A{@G3\\C=_IEu):%bc%#!" name="Gt?R@X\;f!J0W:ZW1:c)@2Fc#nN@&amp;wt6Q.9G`:JGiX8CED!QBH&quot;9Ee`el3" file="L,`b6I4+y2E.?rWW/lgjOdiJ6~,`:[sQqTp" time="0.00001"><failure message="CCb!VqyIqr@^Y:$Au*uDXv0ZEp\bBQcW|6bNN-[AKsi&lt;TaShVQ@HmAaWB^?7m/Rncod" /></testcase><testcase classname="#D;NOp\Yv}418F3i{k)H{,^f=k*" name="m#Sgmf3md,}M&gt;LoP7&amp;uw5nU2[4" file="g|]h{Y!tOau%N~5*:q]/:" time="0.00001"><failure message="=9xy]l`s2Oc&quot;^{[``XZJY%K59{@V3oQx4&lt;0tp*QUSbfM0PaPlxU{P2am]|xckozO&quot;[S" /></testcase><testcase classname="+CC&quot;+MALiI.saAY!j@NKtugCrFjTh:56Wi75K}H_|D%2zqgl#*&lt;b%S/S~cPWtVY#" name="A4[0$j_a;a@N5\2r+6ig&amp;f^zHYSY/#ah0i)M&lt;V|ACab]b(&gt;r&quot;?&lt;~\s~" file="M:3}#wQwug=ma4_Sq.:CM@=/^o7Pw[d,M^i^k.3'vzSGFTZwP(ty7fTLLtCB5jV_@3x" time="0.00001"><failure message="&gt;(2|X|&gt;,Dx?v2o&quot;K35*PI)XC)g&amp;?s@Q/{EDg^gv@/[,h0kUQX1OwYxy&gt;+k&quot;`nI[+#l=7'M'OspwO`JmbK~KK@3Kf3/:)-0W6H8{" /></testcase><testcase classname=")@&gt;=+U*}-^c*=zD|Pzkb@ZxAy3)&gt;;+2^gK|!KU'$Fj?MapG/qV-@Wscv#059Zf`C#je[FB]TCy8}htH,M*V%&amp;8)GIebSV+=H!J" name="6?LH;F'jSk+GpQ+zHY80" file="|%l&quot;f2al*$*m_f" time="0.00001"><failure message="|J{V,4BG:y" /></testcase><testcase classname="cPy\iwCxc1EZa(~3C/Yoa0:\iE-_a~xB=h&lt;}O&gt;G,m-cb\:k+&quot;K}R`tk9(4k~vLM/J`U]8Cgmao=i}T@^" name=";'32Onf&quot;wb9/$GjGUS{g_P8e+`Uq{9b*hcd.MIOPV}oIhr5(dgfcS" file="RKvRy|B-(RjySpyiXYy74MB&lt;-XU_#j2EYNrJ96&amp;Ocxdzk&lt;Q/$rYBXy7Rn+\$X_mB/NW4D6" time="0.00001"><failure message="w@6z.4BL32o%&lt;,&amp;*[2;USzXT&lt;" /></testcase><testcase classname="b9PY?y@n:Ph5n*5dt:9T{U=&amp;:eqdcZhVOX9ESJ*PXpFt&gt;)|Zy" name="&amp;Zc9I7U^~f_`@cTxv$]^AMmw[pvere6xMHP%!3Wcgi!b{gUPW76LC&lt;(Q~S&amp;9v" file="|&lt;A~1D%6[\nk7wN[WB8" time="0.00001"><failure message="OY&quot;/nm&amp;8H(&lt;wq#H6.f&quot;IgE{*z_Pl1NrGlU02O-^d1n=}3|NpLdura8x?8]Glli_&amp;;BNwJdb0r7p_ABB" /></testcase><testcase classname="g_,385S`t|" name="1((F&lt;D}p$aBfN6aFJt[jn9QX(z[B#n[&quot;png_a7y?=d[S@4o+f}DNDcd=;Cl(0I#fD`vJu_V#U,WCa;Wn795e" file="Y`m{gZKO)M-5_3=mXWH&amp;" time="0.00001"><failure message="8n-{e$0w!h=K;``+uQbv4`Ceoi6#&quot;U|lx|ETZ)@6%_=oPD&lt;$q.wF&gt;dJ&gt;AJQ9u&amp;_]L9JyvI~&lt;s(bW*o0)RoS" /></testcase><testcase classname="9^$3EbT-'m0d8!,=b4Xgdp&quot;4W]smgI/3Dqokq_}_*$~kU3v'" name="[yX6~j|Cs9&lt;Vw5je9Ij%2yUz@(8F$SQNy@NNMWh&amp;R`&amp;2kT]T&gt;}Yg5w!j&quot;!xA&lt;bVa9F\Zpth}+hNPQ.JG@3N4{&amp;$Slcd(B5" file="p;F7hgR?5Dw{D'I54A=*#3@C}*\-G*\my6M\i06e0*_h\jMYk1:ZHc=57Y,&quot;v=4.YRLZvWaQ=;EH" time="0.00001"><failure message="nu$B^lKt85CDqU!?eYEOB5&lt;5ueg&amp;V{T:qA(59IxZ(U6;y''8(){51UMIYK3c^R4)8N;!|0QzE235C$UVc6hA`T*(v,(s(Go~vX" /></testcase><testcase classname="nb&gt;ZWi9NUg,|1C@qM4#a#Nq3sEh=|Msk,^cu-q2^&amp;DxB[O7~zWIR^1_uo7u&gt;+(Clo-/4%7Zl#yyT(k/-=D+Or_Jb;2qh1k(`" name="~_Jhbg4[?2^IT./^]Od;WMM/V!c@y'6.&amp;V\!@&lt;," file="$SgmrYjNzQ6ePX;%)_y7tdgql4*=ZZuIQ8t2A}rVEHYFB(5z&gt;,r2\K{*o;v!i`&amp;wiLqI9SNj^cM" time="0.00001"><failure message="&gt;%#RCsbXD?1IfsI8s:@Y&lt;64]V4K&gt;UD%/^xqbVLYM9vU1:-`z&amp;{;)Sn'.];]0" /></testcase><testcase classname="F\J$:ELO98O{r9T:j06P,2l#[P&quot;VV#NNNv/(Q%E}q)JCWU" name="vyuv_2}@H}W:&gt;E&gt;\8+SD`?B@6cvG;oEQ&amp;|AhJ#wI&quot;" file="[GqIK{A||h@'*@.wBN;M[&quot;n-LdtnCO{N)]A$O" time="0.00001"><failure message="LiK6aY*b|3_m2)9u[i+N84T&quot;q@DyS1X_uXg{RGbfS)d5-tp?'s;[ReU]?-&quot;I:z8&lt;!+fcj*}31{2l&lt;mx4!%h" /></testcase><testcase classname="k[o9,2cSv8McA]i?)Y_'y0.@h`O2NC%u%VKV&lt;L:]b0gGtx" name="@:BGA-%$$U&amp;" file="&amp;=p6}~yd]|&amp;Uq1VA7Z||c/d0vCZdWmp&quot;b0ph2U'tq;N_YR&gt;_U_?r'mU(1%t,C]iLw=VHf~&quot;Fn" time="0.00001"><failure message="'Zr63hk7a}=Xm&gt;M.F{4DrlnY;^kj3O,uKJ]" /></testcase><testcase classname="}=|PG|!lo@[i}" name="k0l!OBYpY,:mHmR5[:RPm%M8o{9q55,0U{eg!0(i074v\CbPrBC,|g[ZtEo0\@H+oG/-5-s!0,VbKsm+mA(GF@" file="&gt;*R'rx@nnI4fQ/Z/cXS3e9`.dzilxo|R5eJsDL.QZyyEI3!@[N}" time="0.00001"><failure message="k&gt;&quot;k{b}Q{U&amp;s'GdgjgY3}ng{;O!ge~[@" /></testcase><testcase classname="bfR&amp;e#C-'Ar@Ez,rp#]w#3[L'sIs\/7QqoC;!1iKcttJcOshG&gt;;9*A,lZ&quot;ZW+U)O)&quot;j!dK:_zFT6vCvd!]z\c8t*I8$^M" name="9}P]j0,+Fa_iT3ttyAU=N,|,#2@00W[&quot;r\^cgO5S68&quot;w%%;t|&amp;Fj*v" file="sYCaP{SN&gt;;xK,A=b[:g|w&lt;[&lt;tvn9.i]OPF^Uek|S?GF+b5FjJ^0E3v5a/F%" time="0.00001"><failure message="6u`kuKtpfy]jk(pEN5Wz!,A+@KJu:f;1zm^RoMoR/3SWUYG^n_IF4uOtUCtcTa(Q:4d" /></testcase><testcase classname="l%;@%a?rDErITN^d@l6F\EnCbVC~U=Hey*MWTyAv2LN(&amp;&quot;N#tIc3!4^wJYk#Q`p^*/[gVNTybm:ze[2kuA/" name="rw3UbG\RK?S][xso}J5%fnDtnm&lt;LpRyPUX`JP[I:[A=BYL&lt;KO&lt;J/@`Sn&quot;.Nv6pW&quot;x'Lcx/mIglhr-;QC(f![?[cDq1:Al|=k7I" file="CVLSr^}jdU.J{J&amp;fZvI2.J(42&amp;4&lt;/{9oilrPWn#D)cUF-xmsZV)&amp;A&quot;nvQon&quot;7Dm&quot;&quot;,'a|`tMC7" time="0.00001"><failure message="}dbj=)56&amp;&quot;,LaD,O'}N5a_%-pdev$R`8Ka';%tG+ITJ9{&gt;~Cb],#GJphlQ{*CmjfW.chR*6U" /></testcase><testcase classname=");I_i~QiqsuKr'XfqSjc(#&gt;Q.),t~+&amp;GdD!?f\'|&gt;E)We#)re]Y$eT8CN;_OSLz&amp;kwh{@w\UcssqCEuNI:CL9fhkea4r" name=")]U|=u=J=&lt;$'&quot;`x[QmDHs&amp;~o/6/?x/Oj\IBC'" file="}.}@vA@)73/G^ao,h;{e" time="0.00001"><failure message="&gt;zC~Q^Pm_~vP&lt;|jS}wr%4iwx%g}|}B&quot;*QL23N\QXM4GQr*X;OG/;k;vzALtOw&amp;3S{,'}|U&lt;55AZ" /></testcase><testcase classname="l6Y,l=rN@KuVgO61rtuDwkWY6_4+c]?\K" name="pq/5&gt;*S|o!r0(&amp;`tz" file="H4:U+w(lvAmOJ&gt;B0:\`:nEZ]!J4&quot;&lt;Mh;hFKMUhTt=TlgKNi)rlCF4k],vZ9|[d(nOLM%&gt;$%v)5W" time="0.00001"><failure message="4&amp;i`M|y9qY8^wrx&amp;PK'L50Tp.yQAU31" /></testcase><testcase classname="SuKqn2S9=;%|fvnL~fy@~Z#$:|t" name="]}$2e`wZ*&amp;\G@^ifsIZUZ(3y2(Z9UNBg-nua-l&quot;'R&lt;[wR7.^;f:z8Tg/.]moTUXe#&quot;~{s66pu]a;)c9e&quot;E.c." file="c^!mE`{?y6?a" time="0.00001"><failure message="S-/[5!W|}^!qB?pb3(Cu5e+t8=C+-Kf&quot;W^tp4KQd-uIj_iqb+$!&gt;;%O@?W`@Vc7XX9rMGKTDx%!W|9)[Hts&quot;Aslb*0TrT9L$g($&gt;" /></testcase><testcase classname="~sx,DQS6*&lt;UdA7Sa@OB2x&gt;)V+y&amp;sy+{aLh" name="y?(0-e,Jw/&amp;\X" file="?^S&amp;iM=M4D~.h}u$W=U%&lt;UnUN.PEl_N&quot;Ux3" time="0.00001"><failure message="gj&quot;7L:(tji?#cbsj_C+P|c0xY&amp;HR}fB~Q._&lt;K7wQskwt?l$4&gt;`%]GMQ?cBZcSh~ySNUw^LDiYu&lt;qY3.&quot;yQ!5" /></testcase><testcase classname="=JD{-PRLtC$akB\&lt;pz(PiD{XR[lt{gBX8" name="-}r9l0j]W8v;~" file="d-+SB0tjRH'`IiAuht)E\L&lt;PS]DKYz0WmZ5&lt;ApOsFWOC3hZlB3y-`XA2fQGC;ryk$E8\t!}'py(BIQG&gt;i" time="0.00001"><failure message="#o?M9A/+PVHj=/\)d.@?d{'I\&lt;LH}ib(f]2A6O]J'owQ?eS(SoW?;{=G" /></testcase><testcase classname=".Z/iZPlf`NT94lW1a+o=&lt;RUQ]A)^&lt;H?|c;|zcgWd|QlNW-(]`3JI^,/e2w_Lh'&lt;Tr" name="AhT\L:E&gt;0:P\Poa1dEFAoIWQc?i&quot;ku#6KgXZb`|]H;z)~aI\qnF:wD&lt;,n&quot;*L?P79{C&amp;ID:1Tn;#|Ajf?*M^" file="85h'AtCo+)bAAx5q)j,::XxGg;T@`s$e8}+e^_{byC(+$g|Q|m@0" time="0.00001"><failure message="d?|/.`kg.Y,k{:vk&amp;3!nkQ_e8jQ.!dsZ:]9=~(M@J]4ZEmqg&gt;l|zfBs}CE21pm);[Ugxa3*&quot;9!Ze:]" /></testcase><testcase classname="9B~n&amp;fY%qm]|iY:Vt5!q" name="&gt;FW7GkKurj]GK)\l2w&quot;Jh*lSpl{@[paUc&gt;KY{k3w.`kH'\[FMUfImIVPqVD8z80W;;qo-0~?r.dyFi" file="+(=;K()NJMM&lt;sBbjs.:yo%*fyK&amp;P~}RbWDUo]O7BN|Sru#@yFP:&quot;v/uGHZga%=hZBBxcR\Q=xoeP'2SYM" time="0.00001"><failure message="[kMKY&lt;$@v?BF(/`kt-'nqF69%ervm):-/p&quot;x&lt;pm/Z!lQ0^`;O}" /></testcase><testcase classname="-18&quot;{oDi'69.ep'c:]{j'O%SeH&lt;Z7y_@,Xox9&lt;`=x'Zmls5*I&quot;3OJ\k6:\x`&lt;3=Y5|)S6m(gK_/" name="Ju(i9x&amp;304I7;Lf)Y" file="{&lt;EFy?`}R(&gt;uitb$%#8U(0hRSuMp*hb}S!.!DyHec2&lt;8iZW804X`&lt;zzgOZL{1hAkl:!bS(,2M%X)i$fe0~Ys-.$Ce-w#e_" time="0.00001"><failure message="JD.+h)ff}|d?YQ-p0f$&quot;4|H|Q2QBY%E0+QhBA&gt;Y7.m!r@F,Q" /></testcase><testcase classname="Vb:U%jg8PxP;ni)tlcBGH~SK{piiH3Hwj&amp;/y|^&lt;TLO9`]81:&amp;Knk?_w*q+W@0iT%}3KayQENyY&amp;}" name="|?)DmYV!i^q5y@\;Qz[b=qzK=n2tcSly}[{Bu%;OZt$7ej^J_!C9yc4O4{U%" file="fFE-@U*ZY%uqr|LpT+cXV{z]cy}hCp&gt;7JVh$Ogl3eBy^h5" time="0.00001"><failure message="nww}CqA`;BWVc0.2&quot;/q$&quot;'m`a%KI/ranE\7&gt;5I&amp;`+f_somJRhjmMl3kG" /></testcase><testcase classname=";?|S58-:7Ndu^MYF#vsT(O!1[{8n" name="'Rh)q(/F9Gg)c,o[r'ZF_\JM:/5`SyxH84sHx;gF{ty5g7|V.OS?Bge&amp;c2;TqFrzcyJfK7H(@khfuJ-+OCG&gt;/u?&gt;K8s,&amp;&gt;QCvQS'" file="c]:&lt;s&gt;&amp;%(}0a_jzR&quot;0%y'[{\u`/TozUNVf0~K=)r,10l)XHJG;Q.%[&gt;U-E!Au!!'+H~jfz+&lt;wG#@g" time="0.00001"><failure message=";`Jf#Un5R1&gt;)&gt;J3i^v={Q`@oH5rq5}Ng{9iXk&lt;eKaE\eu$CGHRoy9Lp&quot;cLT*XN{lF]Y+]l28Q3y,bT1BQR`B^%=&amp;]$%" /></testcase><testcase classname="'(gv%:)Izi7X6W~{(cKJk}Q&lt;bknE:)B'.m2&lt;Mz@$y_/&gt;m0+`:/c&amp;r+K$&amp;/" name="Ir_U}/eCQBnT^Evn43$Vmo.sZ%wS&quot;&quot;0-:?*Ymq8%6Byf.Wqu}I)CS&lt;P'7&quot;+m4xtfP#EjN;NS:}UC0jo~MTPWl" file="+@&gt;*@S$Yry9YW#_o*{tAXbP3qzQ" time="0.00001"><failure message="Sh118Rotkl($7:3s^9c+EN7c4~9:Xix!DxIopSx;tKzc=jv\35jzGI+H~gSu\W%`[i&lt;kyY[@~&quot;&quot;R]e7w86\EF7:&quot;BNo8gk]K3Z[@" /></testcase><testcase classname="sx!.u;C|yW!&amp;pnEiE9bnmpx&lt;VSV{\~z&gt;ZTFhV^;|J&quot;F]v,LXS=mGiCWrO,IaM+|]yxor7mXMpO?#w[aSuZG}l2tzkwBD[||5" name="N`9K?PdnSvhCff6Y4WqdhX,6#_18fw9C!&lt;C[Vr~nA^Q&gt;x\2-9Yj" file="\9'Yatq:3ctw6f]hMQx__=-8!%6PeD9h@1MDt/gL4" time="0.00001"><failure message="t%-,BV2lACk~6OT;B\$%D1Kf_9*}R!qYq+I;-hvwCu5'V" /></testcase><testcase classname="N@otEMTjW1x2M)8e&amp;$/&gt;4okaT=*;]SD+!wb{`+'!1S&amp;f!IKv%7DN%&amp;v%-rf'q-Fe#^U]BAUmD1w/KM8L*iD" name="aH@_MZ-R8w)!!BN^QBQj:v~^Osr,us/O&gt;{EBpOo\Z?s8l:'bI}/v3;N10*!tX" file="gq}M3k4Jty~&lt;KyRu/4\#/F1[e|66fL,5.@yeLDtT" time="0.00001"><failure message="1C$QDS3yg^OCAXA($@hA,vw%ZU" /></testcase><testcase classname="?L)\xb'&amp;Y\BL)MF[t]/N3{*61L`)-sIH&lt;iWX|e0g\.yFmZ,apcyTK9CFu=pu" name="x)fk|/~Qik0Ac[]#puP/P;\\~u&quot;!.J-KXq;PCy#&lt;Zn%s1D'?w$&lt;&lt;8`G}pO|%al&lt;&amp;aP&amp;G7N8'z,X&quot;]s@#&amp;jRM/" file="`(wzea\Y~PqTeOc6{OZ'5UK" time="0.00001"><failure message="V~sZ9}Mgg]fKrrS" /></testcase><testcase classname="kOg2=mA&gt;8n(b7b|+G;{h_'w;`^waI" name="+E^Z(E[yHDVD[a1%T~lLxY`Q6KZOd_1nl]3l[S*Yr}If=Xa}5X`d5RW%,u=)T4=sDzh_Pm*,uQmrETG(NY:2Hc_PI" file="t/G-TXP*rqcUe&gt;Vbr/ni" time="0.00001"><failure message="TV=%y@Q{yrMYm{e=y$}h4dybf" /></testcase><testcase classname="`(50/%EEdZ'C-'p2o6BA8.AK!ww[xDkdI6V`_KLjm.]j~2.{QbN9tniPl1!qSiRRS(#:u*H9Jj2=8;b=R:" name="@Zls6\*c0!ggL%b?fg'7[&lt;&quot;R@CWV+o^TMUGay2%/X6K]7&quot;iBq@" file="EnrG]]{FG4FA};FtLFK{|.X!fR^i?Uv:\png-YBs#{07F2R/#T8%wE$%h&gt;Y,,jq&quot;M(w{Y&gt;{kFI.n)=(|s0#an8{~" time="0.00001"><failure message="miX&gt;-:M(;Q16NYtPW_*+N}(yuQ&lt;:9x1-RaCkQt&amp;L!6yU@WofWe;$8&amp;jL$&amp;r-yPmp8/:]rfrso\`5`{Y(+Ub@J}/bXE=" /></testcase><testcase classname="&quot;=}rs2&gt;R]kaPE6U_5L-&gt;M+E&amp;mMC9vEPD/dTRJ4%pt0ROFCgHNBNr9op(X84MB&lt;_R" name="jR%\}bQ#NFQXxfbM@t6&amp;rM$2{dY^Ze7ca6{d.YcikFC\Oz6!k'Y1r&quot;^LT}qRs" file="-&amp;C[TnJ+hNnv[~jajg%(hLL4e[wne#yb~U^QJW@1!96HEwc+0Nm/qR[fe~L2&lt;&lt;L%k!`&lt;B$" time="0.00001"><failure message="p=^m=]M=^X-PentR:$yk7+ZiV" /></testcase><testcase classname=")oh|~N@%CVA``8MIP,4B^WstOnz@?3*DXX|H]QAlNHM`tyI5cuFNHV&quot;sgHdyPBN\z=-T0P?xzlYb;'&lt;Od8u:Y" name="O&lt;YWp~g;1K&gt;u[WsfX#!(KXK[sT{RK1:ch%uT&gt;9Ps)]Gv7m@-[8?#/Z-x,vSXQ*&gt;s[mndAR)&amp;JaVpg" file="3y.67BT{2\KO&amp;0D/jP~2O4@B\YH=6" time="0.00001"><failure message="\LIR{(n+Ma:;e:gfuC\s+" /></testcase><testcase classname="]2EUYe`&amp;c0MmrX*,d{&lt;!;OY}x}?ZJ08ghzn~ha'zf!W|&quot;ukzbp1&amp;i~'b" name="?@i^YP_T^70CN|o%X\GgTan" file="EEvZ@`|lbEFKBtZgW(Sxh$9UVwF/br+&quot;Ij3y9]mXaC%S3~Ejq" time="0.00001"><failure message="G*W.&amp;CXYCaa]'g!^!?7a^FRLD&gt;rQPdo|qfp!&lt;'q6DTC1&gt;%ai@wql~[O[&amp;]`lm[HEozF|&amp;rE" /></testcase><testcase classname="[t?kpJ,7}}2'XIQ]yG'Ph(ZEb&lt;1qWS/dwul" name="]o&quot;De4^#8\*hkbd\-Y9NSrR^&gt;7j$O8w" file="#[/2&gt;#rD#);|VV#')l(`?rVf" time="0.00001"><failure message="`g&gt;u=NHk!-QrXpe6u%h$#8oWd/Kl'0^2J/{b#9?3HeFb&amp;8a9ART:v}Oj93+W[4KZ#=~'T.apOk47&lt;/'!&gt;C&gt;D" /></testcase><testcase classname=";?X(iG^&gt;P:&lt;U@N]hl!f*a}EX!" name="O3~x+(8baz'7dW]kZtck&gt;utY*ptIr?t)q#=?ooD;Eyx5ax)v4K4nZlE(KuXl#=^l5*4L;onx|20[W-hb" file="X9^dbM*vR#A[ldb\V5#$LZ4g" time="0.00001"><failure message="\'YcR'-.Z-dy]W/j/qPDADrVO;(&quot;D/0~&gt;L/yUBBxP&amp;3ZoO2/s^0R&amp;Jc/LTiZ(q5U`bM'IFxiu|0w1pHJYqbBgO`n+bz$:[" /></testcase><testcase classname="Jwe&amp;~&gt;Uo1Ff31NV`lSCn%um\BJb*p6l`t7uSGP" name="$n&lt;Km$Q&quot;ZT,Gv_YYJC+YQucs'lh&gt;_eFH$cS[=8P3[]wd&gt;:kszTC8G~h./G1*tnR&quot;y{nW.dz1t_ZWK4&gt;k{3w9W|SPdG(#" file="gOai;A^7M(j[GJw3qLHw:qa[[}%W@rDjl2;~8n" time="0.00001"><failure message="1%9%yX)cdpT&amp;-,89j5{0gkrHT]k|Q&quot;#~i2aaA$51xA+^M^:Q`NcxQdG#a" /></testcase><testcase classname="]Q+9&lt;0sqd0.e8rV,cn/{qy$s%&gt;?:_%R{(zJ=]I*-L.F;:f&gt;g)t112jSuHh+=eOdv]QgsncZ&amp;:k)I|g9YM" name="7dvDb7fIw\Cy3}:lwFD9azXqGON+&quot;62GOSH`CxsaFpatBN!*:xNw?CY" file="=};&gt;j,BMXER=?RN#@#5bT%q&quot;DbFd%HY0-S{E8#QxTQ]^Zeiy&amp;?&lt;x77w)p*" time="0.00001"><failure message="2/740l``K#%PyQ9feXt&quot;.&gt;8t2)?J#aod9Hplct9h)zeYp`nkduPW$DT9+Ifo-GhK-" /></testcase><testcase classname="5IoPg\Cp[OW_~S-R#V|ckk+-i({DbB$f6!!!-!hb}Y?Q6m*3B" name="3'2O1:D3(a/}\*4OGfy9g6" file="FF2R$z0$^@.-3'{x}pv%N_ClU_hwf+#'t\Uy)oz8`L7i.!2Zj2e" time="0.00001"><failure message="&gt;7=X3Z*jVm%Dh2f*@gA5+b..PZk*&quot;}t1Z#j}bOV@vnfK~W+]XY9k&amp;Q8/~&quot;2ew37m\-g7:NkQ&amp;NU4ncb9iFPlPyK(^7Meii0&gt;Vn" /></testcase><testcase classname="Pawo{:R.+JA0XUV" name="(uPO`O763NWGM" file="}wzY/\?{t~" time="0.00001"><failure message="sB`aP%-x(KPOcHtN@\5" /></testcase><testcase classname="Dc!I=#h5w:'%2A@jyDpq'hZ}`@0z*WFtyU&gt;*#i&lt;H)zSZth?X8@+lNjeBUZ_b" name="P_dq|=![hkMz?fSbnd/0Z6_4dd`PCYOS2h;OXv\;96U^|SL\vm3U&lt;6&quot;s&lt;R&quot;MR)0^Mp]#&gt;m3Y^.Gn8?sZCG" file="!Vr)_ILA&lt;P%a\ql*&quot;\3YlK{M:J\:txY|(eK(*_hqOi)|H5%=@" time="0.00001"><failure message="s)A5X5,U7-1Dh+r~XjpMTt7Qc$Zb7C7w&gt;ll@.b&gt;mXU" /></testcase><testcase classname="Um?R=Gt\2&amp;Q8J?b^KGIA;qbw6~Qmy8a!o/Jh-1!zx74P9Xwtr$#,2riIMO}C&lt;SFyN^u}]3~" name="#9&quot;&gt;0RA^Xn{[tx_To'/*jX#&amp;}jk&lt;YN^K0$~%Z{`%,w4E+{#.TgT?y" file="(gR[.aDo1[y|yrYa:dey@V:-C" time="0.00001"><failure message="AIc^\R3zdmh9USZ~$-Fq%D2[(4:ECc(*D,Zgq`1Eg&quot;Lv^|O7/R&amp;JesN](M&gt;ijI?ah#\X&amp;0Ia3K}7cQ&gt;_Uqh@Cqg]hg,hz/s+s+k" /></testcase><testcase classname="KKO;[PZ{5Rqu|[jIHI?:&lt;nWk[It$+K'{LC^MTk4*RpQhF%nyRy,T5o,J{H^^h&gt;" name="R@mF2SX/hB5I&gt;~MVvOtc{t|cRh&gt;@{$GXpu#Q9NCR#Eu)pc?3Al#SN7+U,qc[*L%g$Ti,R=wIAL4QUwT@!Z@" file=")RBp?nn)+2?)K2JOW6@}TNM1&quot;rt}pg&lt;gqV%#QJIQ{O0AK*kaxut**Jw`m}x*{k~DKdS[pPg0|[=*k}vU4Y.90'+h" time="0.00001"><failure message=",J22JoY.(z^+ita-Z&lt;L+S5a.j9x.2;+(?L\[k)=^u]oN_Tp8f;`LC/m&quot;lE?YI3&quot;J6f}DoTE(.XX&lt;niENj}u{\?" /></testcase><testcase classname="VbmL4MV)A6U%XP$}341VS0~k9Uy\5~+*x6OfH:T&gt;hE|!a3G&gt;(B&gt;MIU+MaGC[&gt;,:@MO.mW2lpwb" name="{&amp;;YlOz,.)UC&gt;WTiRXf@1Kux{7X/q5=Y);)EVHwLrJooVf&amp;N&quot;-&gt;z5YI].X.GEua9&amp;?pyNrM-([)`d]1Iq^6ATt4fR1j+oFN" file="HC)*W+#V#x4!-8hr7a-qw[y}(jANY`Ix]5d" time="0.00001"><failure message="qRsMi8|QUB" /></testcase><testcase classname="H!|h;pl3?&quot;DV!fqENOf`O&quot;K&amp;RyVxv1rg{K,z8MO8H{SFK]" name=";;z*^MJ[,&amp;[X4y%,ZJ7')&amp;Y`|GJh\$jnNGF5E%$}SMY#lx:K9](O&amp;X" file="I1(,6&lt;2q?v}^-Vi:Ml+qG_XQr4-4rFdT=HhLnu" time="0.00001"><failure message="?l+OHowf&lt;n^|K-N(&amp;dG2='+ehbpCi]?1,]=_H6v3R+K3|DSk;WAq.yV)Fo/w" /></testcase><testcase classname="%?NAuO;*orkb&amp;&gt;#r{Bv/:2A$.5DA3&lt;P0\pM9UC,PW-k2Ap4KacI5q(1X!&quot;,&gt;CmXG2GMSzG5)x0CJ(" name="ZE4&gt;AS*NGy9&amp;{.cE|a?F{{Q^dK$ahoN1NIN!Azs&quot;Z#H)Rsls2h&lt;Q[&lt;Rv#p!tcD^o@0y^+5FVjtAZaA" file="\taLE'-&gt;w%@QHqLhb@B^)VT-SP27GugF?oS^QWxvOhircdL54a+O&lt;hf-F_qVQ" time="0.00001"><failure message="z^^-CE@AoPkbEP&lt;^9n(qYTcH/]8)Z_^iK)vgr+M_|?cousi1$q['-%qAMbR^YGtB48yc|ghEUBPZ+&amp;;gfEx{{nU$y_;&quot;/u%kfT" /></testcase><testcase classname="_&amp;Y[;}6^AT-#/J+8&lt;_3:1f?R,O^(dANbMvLQD&lt;F^mQI?A`uu#`D5@0WS-&gt;5xL&quot;l7Eh&quot;Pphk,s$*l" name="oeg&gt;&lt;UN_!qRnVFNo&gt;ve&gt;/OH" file="=$R][!{K+u" time="0.00001"><failure message="q,&lt;f{xjGI&quot;P4c/&amp;[K" /></testcase><testcase classname="?(&lt;BRSo9Log1&amp;:,@Z7350(&quot;1dr&amp;&quot;DKyvCYKf:3vlHfh#%^mU3&quot;peNS)NHU`&gt;&quot;T^|px.3_FPy" name="/i,:mD^IBIhd{@)I&amp;KcKk" file="/,Bgs7&gt;qhetHUD&gt;-4RH}4!" time="0.00001"><failure message="#Q}QJ|kaiehCmDnscKBFn-~AAb\m:Zc\&gt;QMg{pLw~Qy?[cm/'(I!" /></testcase><testcase classname="am_p]T%Qn](5V~xTm6'0LlhmHP|vTE#Zy3w&lt;sgR|SNx7FIpn,0^+l&lt;dIH6XaiZy|e+7gv/,+BCN@zQ6L`d;[S6,{NM7" name="+rVO]pAqOXY$Gz9$|q.sz9,:1AfL+P`&gt;ziR3S" file="O*M.c2v0-=jm.#/PNv[YCSDS\:4_*i3" time="0.00001"><failure message="*cWVhY$G!}QbkquK&gt;T&quot;yUR-rvH48zzP:Q/Uyio'0Hhw&amp;^#w\z`L" /></testcase><testcase classname="4E/h}[fG^AukrwRdPf&quot;jrT+7Z&lt;(=Kwge:@MI?2sJ,IG9qfLwG" name="o|gNgOl;|AVo0x5:/@yQ)_P!feQ&quot;RG+p-/4bqK" file="@Yltfg,pQrHzrOQ/u*-_5\arzuh5(W87[{t9Xu&lt;0|8OdzUJ0D5bS+ax[~DO&gt;?'M04f&amp;c{(!7:R/OD2oMjR*if" time="0.00001"><failure message="LA0&gt;D8S.O&quot;yJUQ/];4|!F\" /></testcase><testcase classname="bGr&lt;/L^;d!L*iW*[E7V1XC`)H2}[([$hCgA&gt;'a[dztzC|&lt;+fY[nG:&lt;@Vy" name="eGNs1}}FDD0D/sJ$9el39Qd|%C=8I]%/d&quot;{[FsN!" file="f[j!s2{gFhfAC6tX;`6wAfX$%+L9#G)_m?4/TM[F&quot;_5vA.3^&gt;W~|y\F2:~EOs?h&quot;zeS!au:ZARm94%-\XUs;2q&gt;@1\Q8~" time="0.00001"><failure message="fyIjLG6TBoWS1-[i/jOYL7xy&amp;0ztBjX/TN&quot;M9q#BrhKdE~X&amp;RwK|;Ev&gt;}{pca4l~Q9I(;rZ" /></testcase><testcase classname="ra(CqJhn;dqlL#P=v" name="t}jlaZt(&quot;PGMn}wo&lt;A" file="!CIbR?;D!U~S\X;e4:m*(#H|/Z8uKe;BEC&gt;Xmb\]Ic8oV\h2kUA[8K8kBQlqD1gJ" time="0.00001"><failure message="6@{{;9h.lj^w" /></testcase><testcase classname="No4=68J.j[WH#x94P[Up%#&lt;h.#|4KK&gt;X{$(1xC`~5" name="zR+~L*-uZ@MP\.NB$WJ]]fvYBW~KqLUDU?Z.|4,';&gt;?3[f1,DTxp-`o)qpC.pQY1Os%W!T9oc4GhN&lt;#/Kb]*AOT\" file="Qy.[NGAE@F!&quot;Ku]N~0;E8fIoh1zhX.h!&gt;x`wh" time="0.00001"><failure message="#.P^eTM?D%xW~E)$+oJ,a'PZsrs7G4~eV&quot;D_W:lP--^8zEZz2O,|'!c,q^Ey@1o" /></testcase><testcase classname="d!-z%n}73Rwzn05=kVp2%hF!h~LgJ^T]&gt;{FGHHuTRcmAW5+vVrs#&gt;f8m?kh@H(O15JY_l8&amp;" name="4VOIJ$&quot;&quot;NC4Y&amp;QC0qbV45#~S{SE&quot;8[24&gt;=+XdPw~25BI#%uZos`PB;L,7J;)V%zd{-^(k)ff&quot;jq$nB" file="ek{r3A];+=2l'^QO@v.&gt;t4M'7uf$-q87HUDo%bd&amp;L&quot;wg&lt;C87EB{.@5R&gt;kiAOW4&gt;E6i{b4.fKO1oxp&amp;&gt;@v?S|RU8_%?PKZXO" time="0.00001"><failure message="]}@.aIS!Tej[a!z)wrmym1'C9;BX+Gc$hx}v{xm&quot;VcbP_j:^l@DFDu1;VmG=Uaq?Sl&amp;(\KpHy=aN;LGLg" /></testcase><testcase classname="$0hhG*tcol}FCV?i9ci/W^{g5U5+:{&quot;!J$z2pU&amp;MClg94ve=cf2/7X5p^H|mtvj[2i(hYSToG;gDa|*AqS72)yD|z;M/F0qnY;K" name="p}Z%iNc0579w/6sCrZq(gm4ddpMhmB]HtloPn]TA-9)OGsE*l**!(&amp;t.Y%eAC&lt;6P\,dAI%" file=",'xe^?xf#cktR_k7`eAt;^E+XTqpjDe@'o\0o%kVgLbE@'wW{" time="0.00001"><failure message="edkonV[t]B;?(+ederafl*`!$l$LNbgok" /></testcase><testcase classname="aSo;?SUbwG7-2ryYs(M&gt;C:`)r@4:sAOv3weLvWR.&gt;Q.IdmcOxVdeEOdBUi|\y\?kgWc|sPT|Yv_i_!Rn?~{&quot;;&quot;$PA)&lt;E&lt;s" name="yzCD#K(0+yq20Vq%L/*&lt;qqzY{@q\8hopE2dV+~Qe7df&gt;,.gw3I3+}wlL" file="}DR2xWcl*sE@Shg.SE2;o" time="0.00001"><failure message="FV8HW&amp;vxZ@Y*,L`e.FrdGUPrO&gt;)rb7ThKgd.&lt;QW$7~s]*D:&amp;M[" /></testcase><testcase classname="u.6~&quot;G'g+XahQA_" name="aTImEjKk*X!sguC7XV':}&gt;NJ[S`(t[sKm|!BxijI5HCv+&quot;+T)Q\SG5Qv?H}n9yu" file="4MU?1ON?1bSzJOV4-V6q5s&lt;x7dEFgI;3U+0}|}VY^/%y@oz33~C&gt;4U\&quot;5=gUr.8$yy)X+dA7:qmaq|f6oOQQp" time="0.00001"><failure message="j}*24Xe`_$.M}l\'Nr_oZAK/m[PW4o3]28Q!&quot;&lt;Na$C?SP~;97QPF+b*(IRPe/7B]!\tG" /></testcase><testcase classname="&lt;\=&lt;\W1h*PM,/v(_FD\" name="x@0}BbU\'M$AvI8/9&gt;@.Dx!@qx#'.W{gYPg6&gt;1#YM:lOV~v7MgDHa" file="YylRRp*g=CX&amp;" time="0.00001"><failure message="}``LG`v+JW,wwf&quot;Q&gt;,iHCFpJTMpv/sK+w|p[qrs+,51ltWa?*(qWv#GOWI`8-g6N" /></testcase><testcase classname="puhG+iiRfpKz4Az,dd-[c[37SgtksMrvW[~PF^n@;x" name="K;sQ?\2!n~y!%6x]E" file="*^vIh'$v|YJb|]t#g&quot;g:!{v6jkLOb|(H^,dL3'+@HLR}hIb60sWEIuXDrXv%;ZH+W:~`r'n=,wOw7?X" time="0.00001"><failure message="'%l)K/zG~&lt;{Wgo[4%r7G?QE|@`Fj?)4Stk?=(&amp;LO(I$/;NRYjfa4M-`GM" 
[...]
rVIFR+3G%:(c\QO6[7p)R" name="_%Dlw=8=6n&amp;v},D{*" file="&gt;#C~^9K1F4`&lt;,a9k&quot;c" time="0.00001"><failure message="EnFoV&quot;}!'flLjK+k/Ldh[&amp;6@7PAULR.N==/~0&lt;0xrj0X7n!?c0O5M+3u[7Q@}^m2m" /></testcase><testcase classname="oxC%qyk^Ceo##7NO&lt;i+qy/r:QrTJ+[&gt;.iZZ&gt;i9=}#{;&lt;}V6X&quot;CBwzO2^" name="v&gt;Mw&amp;'+V*CQZM/434B1T9:NQTD,2$.xy&lt;d+;-]orjiB(eJ2.`Zm4a7" file="VpZfkL(]/4&quot;K:" time="0.00001"><failure message="oZMDT^8WkaC@`GpEyP@lXsWvl=*d,oySVR~Q&amp;/RB&amp;:f7_l44A],56yLI.VYZe;n(%NO)" /></testcase><testcase classname="h8Dfz&lt;#Q-fM]JJMh&amp;'swvmJG\E9rs+_k9" name="73v'JIAY8o@&gt;Mr_6b+sCXUy}1}gnagok$3K8s6" file="#$Z$U7Ym1T#;/&lt;(kL5sXi[6@!H90xjWNnFP*P~?V+xQ/yJP^AgD9n-" time="0.00001"><failure message=".:&gt;&gt;Qn&lt;^]ls$tBcz8/6u&lt;w,$Iy" /></testcase><testcase classname="g1TfY*AM35Y:84JKO1EZx{3jf8Tlu|G&gt;vx}_G{~wLlJ?C7&gt;Dypy+^z/1Z6Kni_7xNn4muXRp!}TYs|9*bEO:G8&quot;" name="pQ&quot;US0P=+z5d-$/+1TZl1-OC=A&lt;^#du`d[73A\8jgL2%1LvJZ^ix\57*S~#)jcRul#m_Urhj" file="H0*!_9QxFIu)2#2}d^8d::qi{8yPKxpdtUG5/AW24us#u63Clx#eO" time="0.00001"><failure message="&gt;*hOj'Y=alCZwB/jC^|ed-K#s0lC,^Q&amp;n)_[TZ!WZaCXf}U1bw~7Dj;aW6;NnHz'u%qG&lt;P" /></testcase><testcase classname="7R)qardOEGzM)nAMb41S0&quot;AEvi_O6z?`" name="1/&quot;9nv.:&lt;McIQ&quot;y&gt;GTOZ@NW&quot;Nn'yZii$2`+)IU#K" file="!.(&amp;#2j0fo_N&lt;\hs2WP:-Unj!g2jAf^l{:_LoC^;3!2ZUd/ZXUes'sn~o}AeCa}:[~,n" time="0.00001"><failure message="Xvf|7)@*)ttJT3RI2v^hho7drkUk5t}e{4wa@,#q1xvq^i(h3/" /></testcase><testcase classname=":OVH5-A@-yykuKn6&gt;?8o[)w?4ub" name="y+zB~OR;&amp;&gt;ME@?2(udsO&quot;N1THI2RU,*jqF-+XDtC_r[h6&amp;2xCU$aR&amp;&amp;Ny))(hJJl1Upu" file=")&quot;NRJe6TSm=Q" time="0.00001"><failure message="!).ptF5x]r9~a*8M_\hy$yYJ!b[D&lt;U2}.fICyXfuAr$+EE~~SV8.5Ntw]$(!t-=Qom@wMhI,!=&gt;aHfxk+-j@4xl%uzG,B7yZ$t" /></testcase><testcase classname="xB,xoR7+Xsobu6WCfHEESD!2S(*t]77m7L+1o,K1T`89*&amp;.&gt;tlaT+L!`0&amp;lLN1K\77(9aR]wQ?dA!?w_8I1d'i.Ep9NQ2&quot;db" name="d+\&amp;~#CMR4J" file="?bOOxMZF&lt;zLWVLz}Ul&gt;\K^.c-44M.|DAQ1#DzvXm`rh*e_Ax_V2ptoNm;&lt;(Rd(v&quot;" time="0.00001"><failure message="$FN,{[I1-BRLe,tQ:w8xS3|`:{:g19We;fy`tk2Q^[2vP-|&quot;yMBg3&amp;YE/^=duN+ByU" /></testcase><testcase classname="&quot;kR@X%3N+%3t8Q^#0:+=C+Cu'Wda/rWJ~+qE=_~j8\,FTQ*m+sMY$oMz&lt;3%&lt;N`-{#]Z$A)Rl4t45%ovsmhjD?UR&quot;[^2Xd..Vp" name="/RDrnz*ejENtR'hDL7l?h,&gt;wPdc-KBmL.'gs9h5+G:#I$:u*xfeV" file="tA&gt;4q;NLs|d#tesn]a#v@HbZf=vGJ,X=*I,X(wDy\|{p6ns--8LkMB!YS&quot;(ML}K`XijKB&lt;m6[i*rJaII%`nrJBK" time="0.00001"><failure message=";8.x&amp;Pbe{U&gt;+mogAv%4t[uBP8[CF*]S+/yxMUtUoW&amp;d[wF5[qiU&gt;J" /></testcase><testcase classname="_qqE0Y78AT$,MNd@)ZUv2@@T&amp;]d\&gt;vzBWZ]Hqx1]Q3d|yZP0V:RKY:pJ2=Bm}-o}?/R0)?e%xWH]Uh%#Zb{" name=";%|0skpOM&gt;{pyRu^%x[[X=&gt;6:+~TD`_fGt0_EF_WY&quot;]}x0|vhs*j6@T" file=".,)(7DPXZ5d^]c$QS,@GF#Sb+z/E9//\\VN&lt;xPbGO`zQbr&amp;,/W&amp;\xH[067!Z|k)M?k.&amp;qpsw9_#Y\A3Tg7AC6" time="0.00001"><failure message="Ts8WBiHoN,#H_p870waf~?K,wnK[}-0^ht&amp;6,z7-DEf3$6~?t^&lt;yt=|n`&quot;&lt;ud_n%!xD0Wia7@k2cM8M.}ed&gt;ncyw!e&amp;]`9]o" /></testcase><testcase classname="HD15VHG`nA{x/+&lt;l])A=92Y(BHUjpof&gt;Rt-MfW" name="0;HlD.IksiyIGtik:pvZTQjsC;s!}" file="Nc]l`v;&quot;c;jN2%s&lt;&quot;*V=]nS1mJuBuZVUe_fXV3F^g0vO4h#;&quot;f}Wsa=,ymHQ" time="0.00001"><failure message="WwGC`qD2.2&gt;n}JbFmG9}Mbq]%W$E&lt;$_\@h_/ka:V~ts6&amp;BQk1d&quot;]`0By3W*nFc&quot;s0zntqM;uH)mSB" /></testcase><testcase classname="&quot;Bg{hE?k?{9VA_o&amp;'a,|NxKQ&lt;Pepv*n`&gt;jU/js7e@0&gt;'cQ{5O&lt;0j1a&gt;#;5Wu!b?),=" name="48[i%_P1Ovk2XutyG{r&gt;+ujUy&quot;``YQ[uQHERK!N,]-" file="x1rLp@ip,/&quot;J:'q:@&amp;m+O),,;~6uB&quot;!E]]L[m0}jmO:w-|r(NwSC5sJJ$}(" time="0.00001"><failure message="y!5*m6-XP^or&gt;B(F:4#{JZ:Be0R6*+.,*G`khIk.o(_ae=5o]2LaW/SMHeGWa;!hO&amp;B&quot;]':j$P!DpDX7&lt;[I3H=,@[" /></testcase><testcase classname="8@P-9X|@++-:yXBn*TQ\7HjTXCzh&amp;r%9" name="vUUiq]qL=MDzf^Gkqz1o&amp;p" file="F?-P'W1R+CW&amp;Y,5u)7=%YL&lt;WIFOTb)tGA@37'%ar_=bH3yBq3aP{\j`tfRqzk93;LQDy^4?HhH&gt;ns+`2'yLP=a" time="0.00001"><failure message="k#92Pc-@&gt;f%z#Y}3txyYpaDL`6" /></testcase><testcase classname="W'Z7ylB`u+1k1*V#GUP2t.]{vcx`8%)&gt;W6NXG+xx!:=" name="$sFhd]\?,|^{o6:Dz-s-~&lt;Bc3ZU4_+RWs&amp;;6VEcxFDS-{Wj-ygUoH\VErjDq)K%a?x.D-m!VA$kbnFHx[AC'd:/4BvG)]J#" file="2_,ek#vyh:X" time="0.00001"><failure message="rSfV!N16Q{|U4lWIa7-y_4^W(1AH?^5xf=b:T#ze6aCnrZ&lt;d&amp;" /></testcase><testcase classname="XFrwm_=xH$blL59H%3|c7?&gt;bN6UBp,[)*,o27eh&quot;o&gt;%xk:8Exn}k|" name="ogHpESpuyS&lt;,wTxGebeJ?3G|O7F&quot;-rlv&gt;h@=}~hAuu@`%\()Us3?$Wfr2Rk;#wusU{i4N!#E/?;IKKh" file="O$Up*Sh&quot;q{31$Q2M7P^07lRIt*ZY2?v@?$)hgIw_+2{p3_t3F.G_@(=KSz{5UT/@JTcrY4I/rgigYdKHYJeO5;um~ODBrL]`KW&gt;" time="0.00001"><failure message="keRs:S1H0T]Q8c7].Jz0zFAfCLu5CfRwlko" /></testcase><testcase classname="MX61v~X_f~k$k%Rm29U{0x6&amp;X4L" name="[hQ#&amp;o0L4m-,fHRTJVzMEs&gt;&amp;85H?0H,9Uv95*;z5m8&quot;Y#z.%zr&amp;\N]hGh\RAPKi~uoqy1[%n2@y/*)Q)\?I," file="1$mH#jh'|6`&amp;ckyFUE[8qov\U?o7Ld*3Z&amp;'/irVo*]/_:|T=VM1}+O:,HOM,9rOu" time="0.00001"><failure message="wOjbX0#_siMl5r!0ZQ-5ZI^[d]+n&amp;7+!rh_8=PEz#?;t/)&quot;aG^1g%B;d&gt;BK{=Zy" /></testcase><testcase classname="z&amp;($C&lt;6nYXha^&amp;&quot;wP]-(&gt;v,I;8GAA`JB0t@M1GKb7}jI]uO0|hS@0h[u-E#L&gt;" name="n{io[f&gt;?qI3Ow&quot;ENT5B2+^d$P^eo0KNlHJ^e=#N2MqJ[USNSU'X4$gO@&amp;B." file="?2B$x,tJj[u}gg&quot;/f^V3VYfbH,]zidtb'I`4uR~}WKn|^0HA+#:e4_)ulRu]4i'8Czpph@4L8;&lt;XMqB^xQ" time="0.00001"><failure message="DFoYt|(7Z,V&gt;3&amp;)%p(MKnu^GzxPc)Gg&amp;kDCNu^V6jv/\(W6NB&lt;J-B2+yg/}EcW,x7(H*r2YCJ2}ZO%w^O2'8*sH4zCRtrw@iop.V" /></testcase><testcase classname=":H~4xCkWw)uoD\" name="kE|5g'b4D@o&lt;h#qf(@P@c]_H~BpaS1rBd?\J]g4)5mQ&gt;C&lt;af-aV" file="kZ{aEHVg&gt;dEKpE6$`&quot;-VvW^`|dfc/bQmsb.Vy;E'V-JKu+d~?" time="0.00001"><failure message="F&quot;.afjA)yd,J2%(8Lx*`KoP0'7:))7frrt5?ZWX3~*2(wJ2lo0F$h-kid&gt;4kR74fn0@_8" /></testcase><testcase classname="j&gt;IcgLCZHC" name="5alT8ZQeu]a;&lt;L7v]" file="=k0|s=;9]&amp;?x%Hq.ee[&lt;F$-#&lt;{9-hz#6~em,\m`%5DlZ2t*#W(fS}-ua%`+Z=TEbkBQY&lt;UTlF{JU!6/]/xT)@|;&gt;G" time="0.00001"><failure message="wAl9y-PmK,fnd'\A\8+DAn^R" /></testcase><testcase classname="bC+DDXXxsyd5;Ke8qb{]c/7'Y*)75KVwF[Z-@a&gt;FZ!w);%g+_q6T,d](R" name="EvNh~]&amp;=hp]z5C&quot;I&quot;{]775Nh)Px,luxn1i|G%i=1J{qhh6bb^Z8(iKy`\$^}hOp-3.pp'rpZ_jW#HG2Te7P]_Yx.a0m-!oP" file="#&amp;I&amp;{7*lNB{)\)0`ewW_tpL_RBkP}h{$|$x#q20U,:Cpbry|P47TWlU=u(t?5nbe{*1S7eFGcnR=0" time="0.00001"><failure message="T,R;q]jcH&gt;pQl,:,sw'PAiWXH&quot;:~5xersagAOk7rkXj^c1L.dwC_H993mIQJ~.TM-uK}" /></testcase><testcase classname="gt,y`&quot;$[ZukibL1dEi/JLP&amp;+M%3,rI)[4&gt;Q[@R8,^Em{D)jnaH{esBuX_!V2(d2bP_q%%?T~B" name="K{&quot;=!\@aDdWYFwD&gt;1_&lt;&amp;I{4}wqY*H/A\" file="L-VlZ)L{-aqrB1'9" time="0.00001"><failure message="|~Ag?J%#4xbmn.!5R8#l~`W\~L4lH|otQ3Vum'LqfIOo" /></testcase><testcase classname="w.Qkoa:7WF#CcD6aC^BqbtUiIw5oE!ysxG" name="&gt;M$^6=~ONy]&quot;eaz}:0l{#gTbQ&amp;j[a&amp;8k|f(*E@n-R7vjnPzrfd&lt;c{&gt;$RT]X*]%`bMaFhG&quot;q1@H3'v-IwEdA*FqlsMH't2&amp;!9Q@6&amp;" file="fj:@hy`$r3[/ZuUO=O:Qd?Y7gZVrmyMsiA+[#SMd+ijq" time="0.00001"><failure message="QC^#!gw~npw.ubOJRG\a~MH&gt;b)/m}uc" /></testcase><testcase classname="&amp;@H:MLT(mw9ZXn6!28~%\BugvY" name=";SD&lt;?aN+t0EE9ZRZ" file="%9T8byyvMc2&lt;0.O|q.;Yt8)vBdP&gt;P5cv+8rbyBI9pHh7OurYR%z1XBX26^]tZw[tX&gt;2UiG?v~J-%k/5Bp*;:b~13BLp(" time="0.00001"><failure message="KHJc8pX!N}o^,,@sQa4:0[&quot;4xaz.'^G!" /></testcase><testcase classname="V3hx|S){!JLZ@ej;mh]~3?PBaAe;!hUI5,p*&amp;(C:{!VgsXn&gt;$BJ-p,2t6&quot;W5?CXF.r/48EDd-I_GsNdlfw`N32v" name="VDorxIsI3|3ZQo$IMzdM&amp;fsrpZHi0CVrp}O@ve@sA_Sgdn4J~%AQwDu*\{-++yA@hKz\Gt?R;/)].8.)!~p|~6'b?U-oOB'-Hd|" file="P[xe*:u@).9N.bk+=7@)B:bT)+&quot;L&quot;t8Zgt~aikwNh`yk&quot;HBjZMVGOkZLxUDB]]F=~K1QCk7rR=.&quot;RD`!F(/T`|B?!TT" time="0.00001"><failure message="vb)^w?zOK&gt;\oguS8^|Z~R|2n)!;E&amp;l}+wg6ilygX&quot;t!?qNi5@s#u8|(HX|BeLa[\!-(0vz/qJRrEB/q3" /></testcase><testcase classname="M&amp;B^$e9PKi?B5J)1hBoOL,qMq)UanQe&gt;lM'4s`Z{_mpcDr!YwNFxxd-NTSI&gt;AV5LfwQkgD" name="Niyj:C=r9:hmajdaYf=RDt#m&gt;T:EEBE0tYg\+2)#gynaY&lt;WNwSHzb}hpVaKFv/tj5~{&gt;SQ)(N@ILgpMhpS" file="4(^8?RLGEW|AW{\=Sd!5hCx&lt;ao@U,,USnd&lt;%vw_-}}&amp;P,;w?@x}" time="0.00001"><failure message="eJ?&lt;1ss6t(fg|+rD{z{B(a*0fB_O_Dh,IH,pG^]h" /></testcase><testcase classname="9)(GLgG&lt;yZZ'{s7=cm%9WL?PZ5cIM8i&lt;\/\Ur8`cH*0a#(W]&quot;0Eg&quot;4X#$P'9[qSm_Nw*8S8ay[J2V&amp;OllG8s:+!jR'wjk)'!W" name="N?'&gt;]oO/WNl@b4xq+z/9t,rdT" file=";ZVi&gt;Z;`,W@a8w/vGI8H{P@vl%eXoD&gt;;qaN7|&gt;b" time="0.00001"><failure message="y|2Z:ckh^\DlX%p5T89CQe=lge%'{;Nk,Z{2o&gt;4;za&quot;,^0e" /></testcase><testcase classname="{A5wRC)a3m;iyMyy,oClui#u@S_qV1BSuFj@Z}5mY;[5PyZ.[F@)cA64&gt;{2{rxg%OVh~2#e" name="JX.5+'M1=0&gt;~7U]*2F(hU5h$9yF5-&gt;)nF{6]!/zlQa2a-gJ45sT~~KX7^KN!Ms-*;)+i*Hs,o" file="0?oYd~^%^VvS.BX&lt;]$1q8EiE*$4XaqJre#$" time="0.00001"><failure message="^MG84nZ}qC&lt;U~uIsEjSgcSnZOWhV&quot;&amp;)yc%!bo[?3RIUuwO&quot;M#P#~uyp3b?42obJa,J&lt;%/auu)oOHMTLd" /></testcase><testcase classname="D9^(S&lt;$X=k!GIb!JYfu[I:zrcaYrJjh{;q;M9D" name="qm*m/l=hESvq:WbCFzYO&amp;oaD" file="zY4*Hf(f#7[(xi&gt;?" time="0.00001"><failure message="]S&gt;J]=OnqFGp82A^U&lt;-E#Yv(;{IXO$Skfs)K=DQ&gt;'@" /></testcase><testcase classname="RCVL@kT0T.fi/r5D1^hOk9h|-em7sR|CLeRYNB*^/,3]~V@0MdN1_*lc" name="cAP7$p1'kmRlwBG,LQrfM;9B()0&quot;$)E&quot;\=HLvCGh2cw)ZHcr(^:AZ[`_1gYBMo?l47W9&gt;Y\h'i)q" file="Ie:oC^T[&quot;A)42H2~.8s2\/Byz8]m#d)#LiX,3$WS\,agi,)%.Vhr&quot;#kf/A3&amp;pj2!|'r|!1tnEL]i?&lt;{P5\d" time="0.00001"><failure message="2W[zZ&lt;{(j*5#sT=KbW)3@b5:o^EdfR&quot;!GOH]a*j'SLd,&amp;r!H\tO^wS([6{b0t|#:5A2f\8`" /></testcase><testcase classname="P*t`bguzmGT&lt;VHDP6tzBwBkqqX" name="';4*Y.XqaPY@Uc#)~2*4]!+CZ$rtD]4e&quot;Lxn585~u0" file="`?zjph-Jo6sP&amp;cz$vsk7reH.+M&amp;\oAgaUicw.-mXBMJ_U-f-FaECY^Gq'!nQ_duJP+g#Mz4cqR$&gt;&amp;i?'1ijq4{GW0T\EpO.t[&quot;" time="0.00001"><failure message="yX$%7))iP&quot;-6!nr8yvWj6Kc`+w{iFpX,mC:_wiQzJ" /></testcase><testcase classname="GD,2dhM+qVTqW6v)%8=F" name="R~&gt;-@5cB2NoW5_T:B6+Q7QI|c^NS/)57+5(o9U0&lt;V(X~4ILT})7{-F@S;Nu.a[jL97&amp;S\;2" file="'uTh#Zy@R7UFyyIsiX}/R@8bki((OZICNgnX4a/pgXlNwJumWeD)WN(RfIbwS`Bj+mlg1:#;ksC(:{QAM!l" time="0.00001"><failure message="O[GhY~cWdR\&amp;=%'*B*/Nw4ZeJ(oyYZDrJ}LOf)F'1D(X/PE\9&gt;Ju{=~;`y;X%cGxKD;&lt;P" /></testcase><testcase classname="Qw^8/@0NF=3!{s+?!F{r=~tO;Q{\EJIk{u*v9*V:WEyVZzq,Sd2r]wv#zuw`f@GHQ~&gt;-RT@BV?{&lt;F5}W-f{U?&quot;e" name="y8R%4wH?3-tByiFu&amp;]j" file="?jK#eHk:e[S/Skn5NRSWOHs`v+As9rm2u40" time="0.00001"><failure message="Q$=u(c*%,%L3/Qo_P;6;!Y9}nLn*c'h/f62dKemxoV4&gt;EVGyw^2/G-lL[Cm)x7FxPo43Npa&quot;}Y9VA]uq3E=\&quot;iMygRwQT" /></testcase><testcase classname="}G1B%\QPY7[+tecp&amp;DJtXrIT8n\(v)bbWy&lt;td1(^3lG4Yn95KU;u]0" name="]2Ag5^Cy{H`+jKtov" file="&lt;JYwnZ'\:Sxu6?=5S$lW$Q]1+zb/2eQlCji_Ph6$Cl~;FG|'nQcTQn+RF./-e^`:zmS{u2HUX" time="0.00001"><failure message="%kfyXnPiw&gt;Wiy+v4!%%^qzXb.mkH#`v,r%/G/&lt;WZ\^rEm9dBH6B" /></testcase><testcase classname="nz+E,flbXpo0;3/DF5Hv_,{8^|rTY4{@l[l&amp;Xz%q/t;97XcX}%9clW\Xv1nvRoX]tLJP&gt;yGE&gt;iX`\igbrB[" name="}z\.Wz&gt;6b9ww*c*AG;&lt;Ez/Cb-CcF/Ggp)" file="*?uhzq9'btc8WLd6j6r0Mby9T]U79yXo4w)3.W,4a4p,u" time="0.00001"><failure message="t?Gv+1I5:)=LzfL*&amp;&amp;Sc^8%" /></testcase><testcase classname="1w2mdj^v$qH" name="1=3E=c6{1?Q~RW}JPyM%Q&quot;%4/y]KfY'cJk!6csiU-lcIV|\[e&lt;[" file="2hAO`6&lt;!v-f!T2}Vi/-h[uH]&lt;vDP" time="0.00001"><failure message="e&gt;YYv;L$3^J'SfA[7lL9}ZNllksyPFR:ZKqI]E`-%wH%mk.x_K[;.e3cd&quot;V#" /></testcase><testcase classname="=`(&amp;*!%,HF\9gLO(S\P_nb1?+U|NMqc95&gt;Q/tnYVH#7" name="'qPhUcN~k(}A5&amp;n=oGa3j|3^KdWsX!@R:`QAY8Q?GN/)kqZA(RmS&lt;V&quot;J?!*IoeI_]{3ob~w)K9*S^lBfh1F77&quot;!6Bql%i6aKk`x{" file="M?\96{(yxL0FT9XeN&amp;TbMd&quot;&lt;$BkO}KrXiUj/Lv#K*X^y$5Urwwss7%{JUXp" time="0.00001"><failure message="^vBNNtT\F0)&amp;*j[2!sHYe" /></testcase><testcase classname="(u%f]}pXx00^3j!dQ~EWcKBUE&gt;YXI'[j;+jrO8f#{%w/R&lt;D&gt;:&lt;_O[sAoCL7*$O)\Z&lt;ptJp+638F~xk(q}dPxRx70}G@" name="a';w&gt;L0z,A\.xE8oU\K*To/\r=y&quot;7Xh\/geSrzv4R(Q{%^fsr+fBpx'F8%IXS" file=".j0Iz0y2Uu9`n*^YO\1egRDI`EmlFvH=ndcBC&amp;K\hwT-q.HA*In6j?o2(1qn2E64(HoC=G=NR!&amp;eRT|;&quot;,&gt;Z\B&amp;['g.A;" time="0.00001"><failure message="B&quot;x1wqMRi!8\0.68uN4h@-c_(,{(M+|sUf@EcY}6)LT_cyiL`&amp;&gt;nAyT\nDU',o8U^kH:#W?vO" /></testcase><testcase classname="_Km3WpB,&quot;:`&quot;\.W|-2&gt;+&amp;4dtCF-ph_Sk*.@]&lt;7i&lt;h@s&gt;[Tn;}.@O.NBwF?ko[n)vx/" name="^bGHL!NA|l%7OV+bYKHKA_-dR}(~;M97YYvv0[$_,xFC)h)3`j\]c&amp;3qhN#z[W!Io1&lt;2rL&quot;!KG,/YS(g(s*8eV" file="^m.0PzTnWz=vXtD'b/&gt;azQ!XZ&gt;=o#qxXHid&amp;PX[bkpnkg5Mk" time="0.00001"><failure message="kWPLQZNwy2PhJ,|ka&gt;[SYne[R(Y0A#@ClkzsUz)n`&lt;u32" /></testcase><testcase classname="%J,/F-329sxymngK%'d*}uY3*n&quot;tUD3h&amp;,Gl%aJoN43FDSQB3Px&lt;jI8pZ2O\b3w{rayFu}%AGhS" name="zwWK&lt;OQLakM" file="&quot;$N5W%L&gt;9G-.IyAqR^1q-8s':(r.@VHhOG&gt;|0H0if@`;Zw&amp;S~'&gt;WAw0-Z\&amp;QS8p2|z4`2OF/h" time="0.00001"><failure message=":S*;O)zIY5m[,-5bG)~P1Q74l)p_bPswo&gt;Z\]rIfwIH+j\K]cLP5{AEYKr&gt;9V9VNd)!cepdCZ5A5U=f{X`aKk#r~" /></testcase><testcase classname="MOGba{+JfXW)QG&gt;;TCj:7Atf(R,`-MN)@X.Eb.wyJAO*v7(6)n3HY2;)._yMp&lt;L%ZZI-XU*Zx" name="u)B@{jW%x1Tl=[oLqr&amp;axGC+5Uo8lP&amp;?+$iK@WX" file="Bc$z_|meH/_ET(./w&lt;r}%:o+%5O,FJ$z}tc-{sEXm{9Qa?f^Wd5{}uQ[F&quot;LPWx+[V%F!jVhwUYcc&gt;4X9" time="0.00001"><failure message="-xbeK&quot;!:r`cpN-mEZ;x[_k[-GQynXXmW_Zz4k" /></testcase><testcase classname="y+y`YvIv&gt;=5tp" name="lfr&amp;C65Gwi2~m.:pY*14sg@Ii)smq*^m&quot;K_OwIM*AbJAKjPm&quot;}bgc?l!7DWXtR/*Qjx1Sm}^7fL_z`b#Qa*M&gt;*$T(&quot;(jY[h,O" file="w%WQHo6V8HPbcb1*bQ0+@?Twp_S66\J&lt;:2.|H#rh7)oP;z!u_%.Rwy??I+miO0URqI!T33/n&gt;" time="0.00001"><failure message="@meyNp0ArF@&quot;s=Xw&amp;h&lt;Gs'-9C[x@Zg4-0|QM}H[%;C7oP'i)Cm}}bX*0o+VZ0JNT$?As`A?-J\rl7;L]gMp2XP\mH&gt;8W?&gt;jV=m" /></testcase><testcase classname="A3k{Y6o=NcOB=P8oy|{EZn^z;{GYAJ9v&amp;0B.GOGV&amp;Q::tL~2zz]?\;A#@iodBC]o?aq2Q$G%'zcX6?a" name="{s6jnMCI)Ec]DBm9?K0'NlBWF_|2pM(]" file="0cm]x[4+b#%8UG5!ej;cXu.MT)dGWZJznycWPvC9S@1B!Yr7UCe|^*!7Gwk{^aN9*AP~Lupun5puS5f" time="0.00001"><failure message=",e9[=|=y!kiO0k9Gt=b![`!@]&amp;NKO/R*3#jn8+tc" /></testcase><testcase classname="\m4S@8avYY,B$~:LoUKuliR`)bSqXlzA;F]Cm]tgnE0V,z/u_}&lt;%MTkbH:.FnS3o.{_r!Wh%P&gt;ggL=2-J/~4f*-1" name="W8]Ke*)O3tM/P6[-l%Ke/NH/qoLMaE8VKQb{.92G0wt;KWE&amp;l!7fh4aHgci&lt;iw?YE\i&lt;9X;gq5h2-/U3&amp;jmz7" file="8'U!/}lj.O:AVyk5}--FYG+6(5Z-zb&gt;&gt;w" time="0.00001"><failure message="^N'9&gt;Hw$g$&lt;S5a-h%Dpg/,^ap*)07Zr`:f.7J?Ej0(xM?kA1T!C.4@U&quot;^94nX$TZwk=DtSL&gt;8&amp;0\rLEI5o}we6-Fas^}q&quot;" /></testcase><testcase classname="`!`9$;1vh.6({zt6(rcKOn?68Z.@E+~PSi,&lt;B%.v`T7" name="]kw^%xo{ryv/\dUZATk928)#%)wo;S_xyI3?7J&lt;LA9V)EV4fhalefv#qnOJQ@UqgK&quot;t=_?5rI&lt;)Z`@pJq5g&quot;f" file="]&lt;l|8oy;ATaDk'U/*" time="0.00001"><failure message="oJ)=$gV7DrLpP.l4;!CTddN(fB#2nuia0]Oab?=0f$]bSojVxm@&amp;u!]Um^3iNh&amp;1&amp;&lt;K/ApX*l8aF;L3" /></testcase><testcase classname="!whuXWzV7KLq]Nvq&amp;fr]iS7cAu8GZ$G;D!:`" name="+rI/j29/.7z={d{&quot;$mT:[u_%V.,iOfG;ac~Z^3?;jV3^obzs" file=".JpbFsob{lMI6SnO'D:/BY^eNn9&amp;#|V69xm^0&gt;1PZ@Ve^pYC\,mapcP=7a|dcz_JasSB" time="0.00001"><failure message="yt+uLy0])IR1G~]'XH{Vd0Jpnqbod{)[SiB/^P}&quot;AiX`mm" /></testcase><testcase classname="3(hpr*W7{M7q{{$bbI}hQUUL7d=Q." name="Paa2kXE1A`W&lt;CDB0?U$" file="lq(YEtKu-.~!uASIDtMAGB4&gt;YhG8Od;`xDlzFp1PU9`YD#yoj&amp;&quot;VaU}S$&amp;M#\MR~DSwy" time="0.00001"><failure message="q{,pw#3tijnh!\_%`^O`NIj![8[mRrf&gt;a`wL~9U/IW/8$ORvq$&amp;`}|l@'zB:C.RGW_{&gt;YC!A'%y" /></testcase><testcase classname=":.*N[4cN7?wMiq.RMT5;Qc06yX.D#4UMZIsSD4&amp;g7uCK" name="qbLvb_JN9=)%BHnM@Z;a&gt;^" file="'tC`YS^+saH#c:}8TeSNVwKi~Le'7WZ(yq}aLLAg?=Wx&lt;j8Hq3QWah&gt;P^" time="0.00001"><failure message="sLb3`(yw'UZLZqBL[;YiA&amp;H" /></testcase><testcase classname="9ijvw/2v2QP" name="4VK.b7bHFW&quot;RdTe.Hi!1iAfoJ&amp;ZcZ'W&amp;oT)#v'^SX2qd$k~(" file="ML,ykhjSSkT!#(HpYo\#Gh[HM~KK]jk8=eh=h&amp;~5o+" time="0.00001"><failure message="2c&lt;5le0G9/+`/VjL~=3Y4|h:US[Z&quot;*}&lt;As" /></testcase><testcase classname="tVIRS&quot;dt%HL=^kdUr4e~KC@}^FN;YO&gt;Ts'PA%s%&amp;,cd=LKl/Znv|geacsCV:M7`$,3iupyE:B&quot;$z&quot;a1w&quot;2'oq*{$" name="O+%IWT:_ifo5(6${r:G9ns(|_a8_UmzAA%@+1{k&lt;_Cfg7@+.BG#VA&lt;_!~bF7dNm&gt;1!8LW765!y" file="yt}VAlc`0kUiQKm'r@'EarLZ/vE5~wDRd.0N@'*:l0#F8#VSs;Ttf7D;57T&gt;)dM[Xad1uE_U=z1`V3V,S)]/?k^U]f*&amp;" time="0.00001"><failure message="&gt;fV#I[_3]sfZ!UM&quot;`.y4l(&gt;9X6|)Kp6P^&quot;c,BRwZ#&gt;_f" /></testcase><testcase classname="QG[u#O]1`2" name="#x0vY/u}1vlaPhUVzIk,PhJ&amp;D|r$&lt;k`Il&lt;q/_6_2z=lrt)3/Qi.zUfD?P/wzy/J-`diwnz_dT`" file="OD@&gt;}EvH=lbwWo\o#y3=2g}|YB1!cC:`&gt;!B&quot;W0_7jY(DV}k1F!~HfmZ1j&amp;\vQ8}SS]\v}!" time="0.00001"><failure message="0[eOv}&lt;+,v:*&quot;yeEo7Ye#r&quot;oQQzx?'F]j.?j]l9+X/3gjiCx`Yau]PO@.jW\D\Aq" /></testcase><testcase classname="B%P{!kJ*(TY&quot;W)/1e/$A4;LU#r" name="$&gt;'w7xEU3hb]4Sr0&amp;%i5~nP,/nM|9bh&gt;NPe'HpE`8yvq@Qc^is$;V0,-DE/STRWs61Ug`m:$so0a&quot;M'%tZL/q+x.rA*TP,-t6&quot;B$" file="H~}z)-3Mk+}acqS;r6t&lt;H`Fp\`a4F" time="0.00001"><failure message="GiOLfARc!^)p&lt;bOH:G&amp;2tW5GCS`Lv`iy##aGMJXO9`'Qp8GNk'j_u6.m[njz,Ii6,{Es{0" /></testcase><testcase classname="ec6Vip:})UY`}?S0\Z.!Ji48?2wO_:om8R$GqH,qqX1;m(V{kud70\&lt;YwF8\eqI+GL]dO+&gt;]?nHnp\Ib5$EO+,4\R" name="&amp;_9w2^1_@KU|5lnZ~jXI_HZ[MH5W,myVJ-{[-{i-'9h}E#5G'&lt;1)V&amp;j_j:VUze|K_j32,3EzZZ~F3P/YXw\z|t" file="#wk7/Dmzy|)?QO-BEccL)=\kie4S4qJ{Uz7-&gt;Zp~rsH+Q?|/;+/2$-2@H}@+&quot;bd]&lt;-POK^&gt;s/]YI&amp;&gt;vuvA" time="0.00001"><failure message="zC&quot;=3/]@@kq|P^?Ygr|CP&lt;QvOh%U}gI6+R.i*cbMa8~[?sh=|na(gEG?RSDZ'\pb&quot;" /></testcase><testcase classname="en2{w(WtvXl&amp;NC'1&gt;cF]]GPI1$iIUX;=x&lt;O.--Bz:rX0K(EoG]D0Do6bz6QB#4wOe@Si1e[houS`pMN1GsSKW&gt;~T-?" name=".)(@duQQn@4*vF]JUIP'&amp;w#&lt;&gt;CcO&gt;HZQ?Gxy1F9]4UF)&lt;Wn`6Q]cSC&gt;^Bddp&lt;t&gt;:]X=Dt&gt;pZ9bJ@bERI{~CX3CQ,G~A" file=",pk:6yB7TLF6]@l.sHIRBrnbxj&gt;{&quot;\d}Fs'=Q&amp;g&quot;yYKIUPH}2Gn3&quot;F\h$iQ}r7o&amp;5D:&gt;Yrrd9t6EgzcTkPm-31-5Q1;3?I" time="0.00001"><failure message="6LXq!ohRKM)&quot;VQ&lt;;!Y*1;LUG$fI'5Zfdook0$l&lt;7L&lt;Ssqq9&lt;(P2Q(m7" /></testcase><testcase classname="&amp;+#h,=2oIQ]];m{}ma6K7IUN;WpWnR{*Dp&amp;PqAHH+qd_w9c;nUz\qMsXzPV-dKnyn_'o#]E&quot;Ht+zFXC,]vjSf" name="a'qevJtDyTY-J_=x*DK]q;&gt;\f4C0?1f1xRngvWol!OnR8=D5i@hq*3b&amp;IjD" file="kWL)K'P)Eof|Z`'6?:K;Ka&amp;AE&quot;5" time="0.00001"><failure message="RW&quot;_&quot;Seg5s`Mf^)IB6m4`uS}j$Vg" /></testcase><testcase classname="Gc)pYqi-?6WT'7D;B3xj2=kv*Up&lt;(5xG;&quot;7{o%1iTsAPcy|4%7jMNdHY*=oqi;akMaKEj!-'6axl!;)('BbO'" name="43*&amp;ZiFI\D]o]&quot;&amp;VvV+ov$Zm^Qv3^vXoE~ES^@4~gqE.E'`M,1,JH1j=;F#lm2.qNVj&quot;k5te^O9&amp;GYM9O80" file="1Jz&gt;h2c@~FjJ;*A;#QR%~r%1]01!|BFC3Ed';gO]3.*:.+Cc^s=a=jy/[|.wr9" time="0.00001"><failure message="uo~'jz^,&gt;Es4;bvyt)/5v)A_n&gt;5&amp;inWf{+DAfsvAS#&gt;#+Z@G&amp;x,`qh[mA;Pv$" /></testcase><testcase classname="T`&amp;?qT&amp;.Z'b_#8Al&gt;" name="a8G%D(T6}Q/n}PB=cdlFI7Kn;m^'7op1iF#jd~^C&lt;cNKp#\fS~rW" file="OX5P!q5|@hAw@QZW3g+u6`w,ILg^x{`\" time="0.00001"><failure message="&gt;#u+.d&quot;;H=&lt;irbCjam0W|i[h,&gt;A!q!p@8/Q_9-#NK]Ri0RS3p}b_j(#FGQy" /></testcase><testcase classname="l*]bvN=cH[,3uL(P.MI`M\" name="y*X)J-&lt;u1A0PjU/c)wN8g&quot;!dtGqDK]w&quot;zpU##!~^4{}T9Qx&quot;Zf(kBr4_\:x)dhm\0^~my9s'%soTExHVN)%5HuwL}Vf%K" file="MNMe`O~K]7&gt;Ihgf[2idv0M*@x(}/KgtaDc(SC7!2&quot;XB`)nkiR(U_p;4CTqRkBKh@2kGvMR0`r*k&quot;NE79Vp|?Xqld6;H" time="0.00001"><failure message="6BlL0R-w|y|A;r;AU|-*ua5qG," /></testcase><testcase classname="U6xSOJv}~fJyEr3)HH_.J3vGMQ[78it_r$=#|T4]ZJFP3,54u?)vQU)E{t&quot;f=2O=V\c?,N)/om@.C:g'~'er9+2-Lh{i-GFq" name="YLAbad\Mdaxv523'3b\)m&gt;+0Q6]*2BWeLp13?7i~e*(MZ4rzahBG3G14c9f;yL3ls^$|1" file="w[\X9qu+%?JyaqYhAzDKszCu-F{*7D:W/%7oNcgIw6($Sr" time="0.00001"><failure message="m+Vh4`[QndF7'iNC8uNt3l}}=XJ&quot;'%G,tR/-z9q.)1-&gt;!{j+*YXY$z+d&gt;$ldhO&gt;*1qc%Pn&lt;5@iV%'C,bhI3SL%d(&gt;y!AG" /></testcase></testsuite>
