<testsuite name="_6)ge!IB~.i_yfqZTt*r{[[dV^*-a(Gxk1aD4yddX0ii0&amp;cgnDp$2@0DvWw'cC{" tests="97" failures="97" errors="0" time="8.518866" timestamp="2014-10-28T05:00:31+00:00"><properties /><testcase classname="{.%NAt_Q#xY-9C5U6t?YI3Qdb5D|]Grc\`oTAC_g*75D`}\agK=\Dx^GFoEPBdDs" name="ekyCfuhRMs#m=#AqaC$5,i0a_" file="&gt;SR4w/=oXJm3Xf2PET\U&quot;H%%*bILO/6Y;.dA?ZXa+w`O}zS+" time="0.00001"><failure message="oEFG9c^neUHkpJ\6aMEKs;f1&quot;-t{eb?l8De(}gjvvlJ!Z;5y&lt;?U|)5H(mMLb]t]W" /></testcase><testcase classname=")YZSL&lt;*qe2eRY,~qV=za':X8:|JA|dDO\n'?sUnfE0I1nWd}'TiEPd2^xZv0Exfjt&lt;" name="fBa_/BBACpF!Fn*YCg=/[H[U)EnQwN9yVD&amp;=fvsI(O))-4-N26L8gu{eWsX=&quot;lwz:S@KDZrrv\E" file="#1g|*xUM?4D{FE/EzeG0V%#@`&gt;w|(Szg0#F,0^~7@\3&quot;h59U`)=G)MG_v~\w4D4pWCG`'w[4ta" time="0.00001"><failure message="z_hj[@Y-@sp.,/Z:&amp;a|z!n,V_0My0;SZg.{1c1G2ke5wwmXN+v0Ku]/AancEC{r,f03.3~I?~G[7\V@m%#9`zy7HAp2_M&amp;pwZB#w" /></testcase><testcase classname="|gYN)\by&quot;CZs@$gEymz$bi(}V_C`EB:H+;U&amp;VSCWC-ag]$\9&quot;9e0Ajz+,T9m\K5j_~t\`Bn2o&gt;c%oQcZkYVbV)UPRZad58'5" name="!N?x7'#+e+FG/,E~,J(W]SAF+(*{+5FWl^8?2JCK" file="p+b[4Zv/|,LTo]&quot;n7)P\n,My\=A4E(6B{7MH,AG,n41RgZAe63TIGl&amp;i+[OVw(IuM`Zx#;%j," time="0.00001"><failure message="Yu-dH,^cZ^;zWabXPclxmI2jDvhWJb;a{l{74H;Ir&lt;JOTd&quot;uBh@" /></testcase><testcase classname="-:vf&amp;'6hd&amp;&lt;\YAjP&gt;P$_+~Nx^n&lt;Ksn8mOMYpGkZq?[NXIGu=/b4s*1&amp;$A65b" name="&amp;.4TtJi@V5#TJiSK:=z7YeB&lt;H3qYGEOB$m{|1pc^TY@B`**kL`5z!.9o,1\m5c-N8SvKB_'NLcUg?5:mF@)Q4`@uPBt" file="aE!8O^_*Q&amp;\eB:e&amp;(g@4HZGMR-x,RrvpM,czLmhMCA4t&gt;!,R|e&quot;x6el*t-&lt;0h#I&quot;rQ&gt;1%,Js8XW1wNe@" time="0.00001"><failure message="9(S!~)Rt:acAh" /></testcase><testcase classname="(Hw:u7(:5x2~5\aI@c)C&amp;UZ#by*xzW;0gSf^iN3{jnAi*$gM&gt;fN]?y2ZWQ1Xs&gt;Oprd/vv^" name="-&quot;QC6kp5T=2)qb5w|eH(xB;i{(Ss]h]?URH&gt;//lHI?&lt;9rv?`" file="JxIrqse1ba3YyHgKPG9q#6M5)5_7?LXW&amp;Gh&lt;x!nWuLYUq)z+" time="0.00001"><failure message="Ma&quot;;WO{vVc$+OI5]]:PK&gt;iGJM" /></testcase><testcase classname="~54L[hST)+c~" name="e$&lt;YUaoHtA,V&lt;&quot;SyQx&quot;" file="$K\VuHbWV&gt;p7=9?z?cu&quot;9hHcr&amp;@2W6m" time="0.00001"><failure message="P[GW+85Kj&gt;0o7lg`qwL&gt;*9ag(TS~" /></testcase><testcase classname="Tz&quot;/Gp^??_KXGVbmHfzB!s}N(sk[-J_Ufci}Q/Cpwl^p[%6&gt;-Ltm],lMRRhfnaW\[M]@(p?&gt;6`;1ClWF.-8\I9-U5miom8" name="ucq$8&quot;IZCN#1%7y?%7VVM$$av2advMxmLwl=zO%7!*" file="O&gt;b6eRE%)v\B8t&lt;J8!+gY^@S" time="0.00001"><failure message="7x&gt;]8WB^}P[V5R$33+K`+6$&quot;S7ST2+Z9V&lt;.Df" /></testcase><testcase classname="&quot;c0cT.1Nrgkg@5j4ATG3?GDm+U.2V&lt;&gt;_p2'XI-R~hXPG\ccWDbcxR" name="h+^;UvOl?ZXOj~,g[d7wUd.o7aFmy'(TQi~F3n=&gt;8+y4@hnX#PH!%f\mZc$S_D" file=":^S3&quot;&gt;.o[sdEYOm@3?u1R)H7/gt2'$" time="0.00001"><failure message="%b&quot;/]D(u*1Sz&amp;Ubs+?x`4L&amp;*Dz]SB\(\)xGyK;3A%zJOj[fV8EnQa!~=P=" /></testcase><testcase classname=".a5z;~)uRGUjCWlKKV{y&amp;uRO_)t5pe8&quot;=f{A}&quot;Z-csPnS|oe&amp;J&gt;\6Lc68IqpM^D&gt;gh5V%=JaKNKC^kUQ{^:|PQ]#" name="PIkh*(ra^y=hOI$w^fnBAZv9cbC|#(t('*" file=")nwn\N:+q45R6c&lt;:IZ^XI+{D&amp;p|z0~QCj)[k,dvd6EX)ZK4*q'wc@A^QTcX(Q4)7-,9LK``6nFO.}i\b-xBk&quot;eL4QkW" time="0.00001"><failure message="Hq([?=F1D8b[-U'RxwaA=RY^,8V5]7~y4.V.!rcBrOQKU6E-@0x\e=*Q3vWBG])_R=6[)RMt4Bc:gZPwc]R71Y)2Yg5a/+" /></testcase><testcase classname="[)cn\U*%Bu=Yu7F_$O;3`/aS)*gbYa~Kb0%Qc{P?3lp,li{kzf.:BrFXDJ5;P8RRs')%Fv6Id`" name="s~vShEwK?i*bD-D\0#MJ,SC-ds&lt;|-zx!E@:Bfx^WzE`OR\l['tiy5JnnK1qy&quot;i7;&amp;+}QyjdbbP&quot;bpj6R95J&lt;l$J4" file="L@R`-'($Wjyd5N1pMUMkJI{jJsY|H7/|vP8yX*3=\PU8Gt!&amp;:|T/dRmv1Gt{R:&gt;]EP`@tcH?`W2=ZE%&quot;_BFb@x*" time="0.00001"><failure message="#PE&gt;.5(5DPH]y`%&gt;4W}@32JK^OS:2Y50Nr=WrGnp,u'&gt;x8UVuM" /></testcase><testcase classname="co1[UId'sx#6uUzSe\8s&lt;bn6PeH%jfxfvLE!zx\cra^-^BN*jEu{&quot;^(wGF_Wmo1&gt;FeS(k~m,_$b&amp;UtlaX0WR:DWzp{X.Va" name="j&gt;rf79?PC]=QHs=L^QC_0NR#+*GWwm&lt;&lt;yxXywb*c/uFi3SjawAiywu9W.Q-RRwn" file="fH'm8|r4f*[Ood[OaBR,E$N\%T(1-fwHv0~04'd}Q" time="0.00001"><failure message="!X]F.qORhQ7`yr'qVCyx`@z~(ja115K-Y|3r?cIu}!K=u`S.xoy_3!D}dOSoOHgZi&quot;t" /></testcase><testcase classname="5~M|@vm^7au6h&quot;lbDGb5&lt;'B,ER%uV" name="W8mR_+L%!OFVvG:Y7R/z:^j10\9:HV!vSDaGkM+ZoZtzcF4c~Ur)vpC8?h~LZ6pW43z4B_fcw*SG+^M,gVRp?OH+_w&amp;&gt;u*nH&amp;w" file="q-(]4x$l/Wa0rQk,^i%J!Y^5:M*:&amp;uO|F`M_Mg]m4DFQ3wG;-HuH{wob;+V'zsp~`nMja'&lt;,ST7K" time="0.00001"><failure message="Al&gt;vJPg^T+Ya&quot;l@z_v4`&amp;N6c" /></testcase><testcase classname="NK@&lt;??dZG|ABhuZ9Fkn,tn)KHU\gbx-3fO{U+7KQ&gt;WP/edXkAis&amp;I*%-VulN!'Qvo0gx)9zR_o#?a.QH@$Ls;VbR1" name="HO+Oyg&gt;Jev*nuHT:&gt;%x[a`^hn4[1Q}hjT)E6jLFj[GS`j,B\|aygMhtHQx/,{" file=",/f+ALhp?kS'k[L&gt;5q%8+-ooN}mfCqU&amp;M7lm5y" time="0.00001"><failure message="h?LT]~3;)N+u1?fpUc]RAVyi`&quot;/68fIug&lt;gMKc0Bm,mcrpKTZ]X`-!O9va(+_3V2Ta1Oi46_/+EtKq/mwb74Bq`" /></testcase><testcase classname="mIx0'qVuql`%Zx|'" name=":#Uxiul9BDHE67tDctR&gt;flCj,-gA80/'rtOC$$#X&quot;%" file="6te@54K.Qq}=!A2D\@C_H7v/|tFh0LdK2)1fd^[kLQk8rL=3;:j,]-,KPQNvWI5TG36)D/C;spy7" time="0.00001"><failure message="R,:OOH&lt;?vIV,(60#|t5LUDq@UUOPx@wFsI|\35rtDjxXycAY4n$fk2)_dD0%0qiT*%(X)O@KM:XGB50Yh*77]?" /></testcase><testcase classname="MK||XK^9E6Lz?1ML;zV[RrPa(14Ce78d{_F" name="k[On}&lt;zP2bj{)6:=haa:&gt;aT*A3g.h" file="}KTW&gt;/'+@]t-&quot;1(-,3v$12lBXNc&quot;}Ga9'tV5}3h&amp;_[rZAER~kxpX#Lvn)Dv^M" time="0.00001"><failure message="&amp;v&gt;-e~iFP$Mki&gt;0Q?DJBn" /></testcase><testcase classname="+s]eOqV%@6:D%[H50%M?YtYjG\nHx?PmQ$iy)1}wqq[3\|{lXYSKa!e]iz" name="HK3~|+O=&amp;(`s(_C'St#;i;&gt;Y]Fv-i}v=rLxr&quot;!A@6.VSJp5@?*7sXm:%fz&quot;gc%EqQ%+w\j6*'qJdA@6d)5yuc|oAH5Jvky9e" file="HwD)oo!vt0yKtR^*u8kp)" time="0.00001"><failure message="V{fC}$MCDF.R[$;\Ve4s&quot;S/oU2)ILl08ZTFA]tfCS-:.pyG0=O&gt;[%f`/imGla3vMr+e;@$00qyh" /></testcase><testcase classname="jhNQwaO}D`=gsxd?;BJgi(9MG8%dCBO~3:`c+t~~h" name="%dD(@x]%_EXCp:iK&gt;&quot;\sU]CUIEel!:EXDLo6NR&amp;L&amp;MizPGBb+`|bIVx4P0I|:2\/wDul2}W3C\r'=}uN3{]Xy(.V9:&gt;'-C[?%" file="::l@8i$G.mAtms" time="0.00001"><failure message="k(OIJ,Ez3HfHYHuPwE^T3dd}Wr6I6j" /></testcase><testcase classname="')3M-&quot;w'qWgc^;C7u,&gt;{U!GSJ;TB6K9bm!TX15(NoTADx|]5L&amp;e_" name="`o]H&lt;}jP#X&quot;g" file="BlY8xWx|W&lt;!kWV}9/axy2Ay,KT?%fna8Xdq&gt;$yCuE5;nSHLZ$-7Og#_4zRs*iok'N[QSy&gt;z@" time="0.00001"><failure message="%c(Vagmhd(G6;!5oQ" /></testcase><testcase classname="SI|x.{J&lt;mOY:]N{$ipVAc};kj*+D&lt;30s(GCy$M0Q]&lt;/V_" name="r9GF='K8kj$_[?$,a@&gt;fpE&lt;Br2o`6zlC2:1NAvc" file="j/('@I?rLc@cSdTm{oPaw)n[?JY&amp;}Z7Hio_y.}TxfdLJRZ#XW9dLaomt{" time="0.00001"><failure message="kO8P}uX36JT(ji+&gt;@ws*nKb!\qoW@r]{.*&quot;6:WBc0=(G_8F/C&gt;1hs?xv).xJlI)2@&lt;KnJUDFz&gt;Erl?O?K,c?[4.&lt;MC66VB7\" /></testcase><testcase classname="a|(dx1}gkjq3X#X%@o}jNgyGcd85+gFV&gt;)&lt;8&lt;,:C@B3CC/#s{I?\kf0O5z'MgONPo8bg;m|SXM(;UWd'h1eV;n82p" name="_+v`au!n@&quot;Kv\e&amp;HkSr?xTBZbFQI+Rc\2%Kzlc;9mc8mr8X}&gt;fp.y)DeNJOi1IYrWs:TJY'f1;#xn@cGG3ZUkOcq]dtodb+d!" file="PTy2[*gbKIt/Lual*;~" time="0.00001"><failure message="O(Xd(c@Z4;HbAA@%z6" /></testcase><testcase classname="q3$of?YXH*3us;r-Gn!K.I}=`&amp;5y3c%t`q51.L-/MkgvvtvW|p4+UoS3@UlXIStJjXrE70}y&lt;(wFU(FgKA?" name=":)wmXPnzR|nw,s7_3$0Hr?AqG~Hjc(y%xv(IKZNW3Q-l4ZYzDHa" file="p];qj9?v[lcLoy\tua@qI*@e/-[`:Y$.]I+%l~.,x$/5I*/4LFv&lt;N+&gt;" time="0.00001"><failure message="hb\BpIl[cL(M{L1y}eSrd%x%c3pB/mZehB?si_RhK`i5UG9Dp.BK['')" /></testcase><testcase classname="_H9Kn,g+HHZipLxo`:H{.o[H!.)XlqH$=.~FpTxSl$CNV^{'o4(;&amp;1}[tK$nXY$[#+yDzB!o92^Ia\--U_8,L?2i1;/&amp;" name="0IB{bR7d-_B5`jx\UF%xQ\&quot;Gav~|!ExuJlXeRkX&quot;s[fE[a2&lt;|bN`#?f5c|#iT|):]W08H4:ocb}?M/VHu~0_,2D02-`" file="[i&amp;FQ-%mAcxyI**!}m!4M%y#1S3IvaQI;LE7%i&quot;^?9k7A0&amp;(XKS:!E&amp;h{8&gt;%:kv" time="0.00001"><failure message="kxU1,0(lrL|#wnVS&quot;z=L" /></testcase><testcase classname="_&amp;&lt;8NV'L4Y,gs%?%" name="&quot;#fb;#z*Yf7l3}Rx}JE={(8[j(+52$#,O}0FDn;2Z**arUBk_DQ[&gt;vO(Hn62hAnp^i5Am;&amp;QRp@eKPvg:&gt;5sI" file="$f887;~&gt;&quot;qb6l1Cv%+9CD%&gt;t2ftaeA`[Pr[0r^9`0YgG`2:bPcR1" time="0.00001"><failure message="GDkS/AG.'~?LM^R=):" /></testcase><testcase classname="Us+.c&lt;d+H[!=m0~" name="1/kd~r5-,aVF3,n!+h&quot;FlV*t9dfIKw.L9V|nw&lt;UK$'LB+&quot;_]LjB&amp;" file="ZP/e&amp;9Swq4txt5)MS!sAteCr*'!d^dw=='A1W&gt;&lt;RLhB},b;lZq[u@WmP?1Cj$z$K5E_'}&gt;\^So4jIlEc&quot;PFPEho1/&amp;5s&lt;$\" time="0.00001"><failure message="O!mKF4OW&gt;WC=E!o/z/JAjyg5X9;a&amp;fz?{u" /></testcase><testcase classname=".TAtNgQ&amp;EjS@:M:&quot;`lQ#s|OU)!T]-=(IOoy`V&amp;_6T8D4.&amp;CL{KNSW(:ThLR96[F+sho=fe" name="BL~z)+i=R!/|qH3~%Acs(7&quot;N_MKTLPQjyLJqz!!&amp;f}&gt;9bbow,H-e}cq4&amp;%.R_" file="}6HvbRUugKbChtFy#cxT3H[\zX69&lt;/h*HKP(7Jnfo4TT4T&gt;3&quot;?O';dm&gt;_-,Om{*Pt" time="0.00001"><failure message=".t`4NRxyz&amp;.;f^9zIR|%HM\ezG\L5NP|~f=9.ipM\^%awt)Bi^o$lD)QtP6CW:TCKT\R#{%90!(EC" /></testcase><testcase classname="9vz[!'3O~1V3GyT)%@UU0~H!B&quot;QA" name="bI{J9o`$c[moO%7kFfE~L@nbr=jlZr*jr4fpPA#Es#^=hli#6Kx|M*B:G_V'_&amp;W?*?#4&lt;cR4[5sXATI8bM&lt;YPD^tp;epe^M" file="3)4CM_]9y'YQ+eKg%?;X,obq@i3}tir,169L&amp;Fn,6OpP38|mYLaf&amp;SmoUXFqUCM.`@]Mtx^a7O4Nq4mHtE(&lt;?Pk&lt;HSn&gt;n\zCE" time="0.00001"><failure message="`J}?q|iD{=qLc\t^T_SL/.H9g?C*rrj_YD`+3+,z&amp;v)TE_RPLCxT=F" /></testcase><testcase classname="_!@AW9~`^Z" name="T42QoJdSd&gt;;^&quot;" file=".O#{WdhTl\3nA+[?N3]*}lXu]1~/XEVf)&lt;sm2PDX&amp;0oh.||IrqCm*:A~B|gPf4&gt;7IbnoAi" time="0.00001"><failure message="Q.E8Kf&amp;.EO2*gr/UNm&quot;s3Ii4C.YZ%cMQ$}mS+D%Cy&amp;}scwzGR#VoRW9Q@w&gt;y@B#a9r[8p@^u[Tr=O~qt0qK3.FOJvU/" /></testcase><testcase classname="1;,`^4ZKlE(Sce3TP;C&amp;VcaQnJ(`!\G{(l&lt;Hb1vZC&amp;a2`mK5'HoLJCuJ)_9}}p~LNC!~&quot;(!m4.Q('" name=";DtN&quot;8G*(T=_&gt;:7&quot;sj9(c[Q$q7ff]K1x)&lt;wLiX3.98%CnG&amp;I(wuFbs]FN{k)G4!RI0$Wi~#BuKw4X0" file="xVu;q;mj-(=tE*x(A6u+|&amp;`[*6&amp;4f*jIM6(-d}ayd$5g(2%'As95sC8aLh)&quot;&quot;SnFJa$X!nfV?[gJPo7%a" time="0.00001"><failure message=":84&amp;aYTO'F`E.9oubE$rw:H!K5=Y&quot;ZD6c&amp;Re]P`Eg=GuivYFj72$!%g7AK{;A#nP./Bix`ftnxa;0" /></testcase><testcase classname=")C4**c)&gt;4Z4Ud}s&quot;&gt;MoP)!d)1vR&lt;Ai\!4!u=x(k\ua0KzAbU60VN'o`OotR8QkdR\L.Tvx@wwU0gyO5WBeT]Sy]m?Y+9}?&quot;_$" name="OYq/elLVEygzD+L1&quot;TbW=MVS;U]WX#o&lt;&gt;b'{TZ@ZuC9DM#.{wk`4e&lt;jm)dz&quot;&gt;l$x]r77~N$I*XV2=QC_i2/he[+a-{zH:Pw" file="k12q=65g*dEQshvw)+D_xLB_*p-Xk]&lt;xxf*0jN&amp;n^NyJ(j}ashu[8Ff]$9HkZ3~@3Z?4'qN&amp;N~&gt;" time="0.00001"><failure message="mkp7+v5'%ZZ#vvV:77h1K54%A%nS8Z?tG{M-D8u@&gt;ICF,lWi%gP'" /></testcase><testcase classname="mP;RNAkTHH(Z=diZ\t3|woljg1F4mZ:MvA$M,g\{Waa$6i'w^W%q@" name="7d&amp;1b~ol:aPu6EL&amp;?" file="V-1V^WV}FY&amp;{fzbwN/S@GYkQ^{BY@}&lt;HEo6+A}B2cH{wBc}/Ce'aK]y50*MZ[2Y^&amp;tMh0x&lt;h" time="0.00001"><failure message="yV-tlH&lt;2k&quot;8;R|H/@Cj|C)-&gt;P7Lkg8df#KK]i&lt;68(GS7;!|]&gt;uGA#GimQYH@-h3{&gt;8AV'NYhfI{*ER8%Xl[SF" /></testcase><testcase classname="yC6JJ50Dt/8Y3^X,7)r\J@B?r_(3Mt&lt;P),&quot;&amp;zDxd2ijmn2ZOMZo|KsY@ZP6Q&lt;g&lt;hZc#Eb!}Fb+s*L" name="KWmwsRJ|?6.3)Sx{1J70.ZloV4f&amp;XV$EqTL9aES=nVN,G#guE~SRn{Rq?9" file="'Ts^O%V,;LpxZeMMLO&quot;trByMM0$N:i^&amp;C[BSNCU'G,OFNY3q`Z3&amp;41kp+En]BoC*+n&amp;SW6scX=oa^XQLerE*IR&gt;2&amp;`l04" time="0.00001"><failure message="7*K6mu5%`wVti;" /></testcase><testcase classname="d`ao4)`p\+ECa%%" name="5&gt;&gt;^#cQ{2ZXD-g|rSn+i:`O$-imTK3bd|lMQZ&lt;0kD{a&amp;LK$XUQb0&amp;07wG#aUe|J33d`=&gt;O3AF9VY&lt;Pitc&lt;@ya98" file="+I7sbMIK\A?\ieu#bYOhp&gt;Vw1o%#19b&lt;`,*fU0]L=}[8}" time="0.00001"><failure message="WplZ7?$^aNnE_t)sJ_ClIm8sVVBvuj!1/|UpluaSC+BPRA&lt;kyD{a+:'*mr]4ps,Ua*{(PFUe..}0H222|j" /></testcase><testcase classname="R{|Q.?hQ4eC3yc:l*Mv|YJazFpg30]X{&gt;CDl%Xgg_)=C`[4&lt;-NXxoN,&amp;Q;|^.Vf6`A#;XMV*" name="X&gt;i6^yfr=6T7t&quot;!JC6&lt;&amp;^+QTawJB0;jQH$=ECF1Q9rv5j=E5p/F/tm7N%QkP=ld@QLA:B/@DM!#6V,Sdj|)A6[Fk~#" file="%|0UuUft[&quot;nY&amp;1*qOfr,X;R_rbxuuY2?%kN)p2Tj5gF_" time="0.00001"><failure message="diZGNmRBk}aW7" /></testcase><testcase classname=".Wb~n`F}Kwt2^#B(CC/XRz?lCec'Rs?'!JY*nYtzpV#$eWV8us8=5CY?PH&amp;7{io/.=nO%j?vZsG^" name="c&lt;j2wE?cN_6kjagG0^($Yu/QR$L#EfQNfJ3bUe{C" file="k5Oa$xiHR|0Oe`RYnw*^'}ESmFh#&amp;wIoV!/w.3{MCgVl34#ez!W3s1^s?m@0nH2$&lt;p[[vz'{" time="0.00001"><failure message="TmeEb1NnK-RQP:@X}):qY73E/7_Q&lt;'Gux=I'elt,#jG.mm|TS&amp;" /></testcase><testcase classname="%%nn'Bpn+4lMkrx/a`[c&gt;&amp;C`spNWue\" name="~)#@J~V6tr!M&gt;9no]0qXcvx/-Z/p}" file="Dn$O3fXU1#x)T3On&gt;fi_EY:0}qRp^CzH~UT3t&quot;Gfc\hUZYj|cuxm~ZUU}Nh(hJtEhft4]gaSC#y&lt;uI,}&quot;?t@tM" time="0.00001"><failure message="ei%R~z~}e*0CY`o:}{b@RGzDU{-4so|PQT" /></testcase><testcase classname="nR2oGRl'7}%FA&amp;f&gt;W43hRrTdx-Tb8_7eP[#n8jfaWpNF&quot;u|M&lt;&lt;=CJ4Tvf@B|.`x9!,N5b:h)s$O&lt;)|KnkZ=;S?KODqwS_hzKxj" name="ZM8_i{ZfnaRC{tfCk{" file="u@*]*sgByp6/p^^0b|9PWaXAY*O2+j.3+kvq!\h_U&quot;Sqy=o:Gj&lt;2V!_2[d" time="0.00001"><failure message="0Gt&gt;&quot;|'LBHRaQvHRqm6o/!sWQ*PeTvO;e+~U0VaE0}wZQz&gt;cV" /></testcase><testcase classname="&lt;^4h1E}_P)5lbAtWTW=EXoo;xsd5!&gt;1a`GS&lt;ow+0WdGzTOLmKg]" name="w4#QFc3nV7^o,+3dJ8KajB/9qaD[7F]qq4}XW0?h&amp;(|&gt;}&amp;Cq9ga)._f)A+r@9ZZrv(F?%;8zFdjnM0\9#D&quot;\c`" file="J&lt;2BO')/st0m;zc" time="0.00001"><failure message="KMc~(-hL}nJr,o}Ev}UW=jgy2F#;7*4/{N\4ybxVJCmA01v7n)y@Bpf=^FXRa1mDVvGCepYVwr&lt;TYgU" /></testcase><testcase classname="}\&amp;4M|cQ6ho,va2Bu@&amp;R,4#pl}&quot;Tuzr?3$@L_.tg" name="(,m%D1&quot;)Z[p(" file="-:CqrNvDk2\!_+`kuCTDRQ&lt;j-ZrH&quot;a`vz" time="0.00001"><failure message="t\r,Y0n:kI`$GaCF}tftmBg^ex#g6GQ}67g7j(GHV3V7dWS8|c'kS@NgG.h_mN;7yaUN$I@M}YK=yoS/" /></testcase><testcase classname="qydblWDOW18Shg/.u6$/_3z:UO&gt;fh:9$^J{3q?LH7Ty`^iXQ[^c#Cfw]z&quot;'p&quot;6B0S,?Aze[U`&amp;#^*:bx*3w$V" name="*1&quot;G*x!v8gT&amp;D_Vk;CVRWjZ\]W8NvH@V_r&gt;Wly.MQZ4WE(p%z&quot;kE1l_~wp|*UV#},BD}nB\Z\" file="0FJKboDU5raK`\u\`Zlsa0" time="0.00001"><failure message="~)38]r^|O[\D#e\&gt;v&amp;_*tZK0x{*N$JSo]J@ZXP" /></testcase><testcase classname="O-nTfx*^i@zHx+N(Zh(r^CTK]a=9Q" name="6fL`o\l!&gt;.~EmcfXB0j~-m2j'UY}E&lt;*.{#n(&gt;qc:" file="fLdlxCs'XYm=1" time="0.00001"><failure message="yzbB%-QNT`VE4&amp;&lt;}Tl='[.x$[vk^nQx6_G2xJdIes:rR:2-Zr$^" /></testcase><testcase classname="G~sof|C&amp;:*MZ#WD}p;b`9,k$\Bv@CI6%" name="KY3.r%)xJV{iS%bU-^:xjYOZYA`m3L\%3!~*I^_`?QL@+QQLZ0q?{{aK[mpQ" file="i\i9kaqg^&gt;@qrsRp^TY&quot;A9}E[9~" time="0.00001"><failure message="]**^&amp;3P[a_s&quot;%y'/Hf&lt;Kz]&lt;x0f[_='}[Ai&amp;Ik,91\" /></testcase><testcase classname="'q]4Y}zJiG5I.0;M3=u&gt;" name="W+5Wv2Ka(-u'4d83LZal_3U$,]xeWb6!k|_Gos0y&quot;i@SIJal2^&quot;mib&quot;^`ZSSG}mA(0~|\F)*'no" file="3_o:2#h8MYm5).Qza8ObpK0qk`s6v$63[2%H[!j]_v9V,\Ao0%Qp&lt;fX|32&quot;-PZOyni,ul(?vzzd|.u^YBW" time="0.00001"><failure message="x1&quot;YzWG;Sfdu%cTB'$3rsx&amp;Tz6wC`9,sZzc&lt;z[!MaRWvm^&amp;={=6&quot;Fw44&amp;C!:fYD;T[OiuF,tC8pP_g&quot;n&amp;*/[Z8&gt;@" /></testcase><testcase classname="&lt;wP:3:l!wC!l%\NQ1b" name="[:IYr]oCgv=opx&lt;!R@}Wj9Q|Ham7ady,]h\}q*U}" file="d(F2fwdOPTq+^1!;wQ-x_(Mu5ukdPdUo6&lt;uPQkx}d!v/\meF&quot;chN#," time="0.00001"><failure message="x*fi*}Op%v=#N:xpk,./P$SG`bZ&quot;z" /></testcase><testcase classname="y5`{PWx~:\#'XySg=F}^Xe&lt;@" name="Nt+\MP]OU~SR]/+U*tLdv&lt;;6PAo05BVIxejp^dWk;lv%{upxFuX&amp;jAv#^RQh" file="}6&lt;F)j2B$PFSDZuOoxjA-.g.dX{5pbu'S[=-jIi2b?U" time="0.00001"><failure message="TI!V!XZK}|JG[;!$&lt;dBvMeQe'Hqwh8JFF02#x-b5{`&lt;C0ZNLAUYbO5/P]N9KNhrb??n'1O^C/qZk5H+" /></testcase><testcase classname="2ezRumIL_@%&gt;klYffv#'TRy?K)!T{}G\" name=".&quot;jN#].%'SC{RGo7Nh2J&gt;:'sl#|NW&lt;)XucX(L,Dre8OQ:^Iq97';eMI2~V(Vc}&lt;*eHz&quot;_BZVPOX1Liz2g1EH*Nas(hB0&amp;Zd:" file="CRV2VUJC#M=3&quot;ow&lt;6.~[Yne(Y/d[kdujO&amp;-" time="0.00001"><failure message="(J1&gt;$ZlHUPO1&amp;AtXgC7jQv%kQqI&lt;=[\p,%-?&lt;,'Ol*&quot;F6pGkakz*k^JO8s6*o9&lt;itc*&lt;tvfWWf!2iNhgro]}]'" /></testcase><testcase classname="[XcB]99$q0[a=$R8qVVy'B,si1uXU.xh(^T3+~-Mxy?h`49[V}aK7XYbX^z*50O@8?'fD_Y9=Nkfi?&gt;SbcjSr+&lt;F'}HFjF+~9v}z" name="KnXfLh?N&quot;4[#(Hf%n$}JN_vT&lt;|j=}m${dJ.n;(tPHui,`p&gt;Twrf.D@&lt;-*Ooal$_GiWaRjkQlHw=Y,&lt;;@ve!oJ" file="kQUKmmLI]WSe88jQb;{S)oLmyZ^rW8qHm&amp;swJ]" time="0.00001"><failure message="7RF5.fy?A?aUN,AC!.F^E/7&quot;LEU9+@#(NmU1MW|k&quot;v&lt;z98aj1!)b?sSG;P5hgjmh+M&lt;MBSh%[$=m*I0@=" /></testcase><testcase classname="U&lt;N&amp;Ki&amp;Sar+A]~EW[;aVI.72eB&quot;YJ2P|wY&gt;[&quot;-gt)BNv(:J" name="gN,S5\7J#t/1{6aYQ@E9o70$:H\g1Re/Gx9Fx_)d`B2kOW6]~E6KQv_5Axgo3I|ro~2Cp/-Dr`;&gt;@&gt;m`%gFI" file="==+S]P|'H_Ob" time="0.00001"><failure message="V+icBjN5fz2rb|]zfp]6{I*$&quot;|Se46&amp;y+&lt;8wg=k#)nU@PsZiN=/T=Y+-O[OWc4F5eC,q]0CMH'Zs)G}J(JD}J$ha!d(" /></testcase><testcase classname="N9dA0fyspE6i|T&lt;nohpWkwIKpFw&lt;'I`Qo=U|}Tb+w@S42gwGLaESiS_?C" name="Y!4%~RTlCKfSAwS=3SospGJIIRN1'En]PPOIJ%ZHhlyGyX4LXa[u7&gt;)/.HCF6`n:^)^UCZ5e-=9xD$M:qY(;=O&gt;~%B2?DgOt7J" file=",,B2gB?8~AUz!hs@4y&lt;6%uO~]#VRrqw7,''KVR:(A]M_:\y;\7C:&lt;+se&amp;^^kdV`t-(azpO]|x`XKp" time="0.00001"><failure message=")O1OBarq%EU-|#%{D!P0Ma:Lq`~2[G" /></testcase><testcase classname="&quot;+nZ&amp;%^WS3K=1s,XXuA6D7CWu{?6j\q|%OX0diboffs^#%q&quot;C-`y:L)4lm=2\f{Q-3^^smPM=B\jU_K.UL-'1#r'm(*hpc" name="aZ|&quot;61&lt;5cDSR&lt;@&quot;XbxlvKEqt:~*$:RYwS-|mr" file="A8mpJwwZt+v?}+PydB')KB8)=|tMu:k0JP5b9HP&amp;ZC14,A!H(wydKlDz2LR+8RRG(zYlYir&amp;%o)/" time="0.00001"><failure message="M3oL.tp~.03KL(f6}.GZCS]N]D%qR8A2l@qE{#E" /></testcase><testcase classname="EiZ&amp;N.Vv1;-Y6vboa@)CO(m#.8-ba%[^+enHg5gF2&amp;q6tZgw1SQ" name="d@*LaJB)[/Ggew&amp;|hp7mb]xZCa}5v!9L@?xN\NL]Gg&quot;(2ku*m&quot;SYp%ijx.&quot;rr6k(r$Pei|&quot;#EcTdMM7G7_" file="N0X'D12RJ\^" time="0.00001"><failure message="lA&lt;Y_XgIw8W_QvQ=n&amp;?gxw&lt;h@mnnLJ2a4JC;1]g%HS0go&gt;m~`=M;E|7~W4mF^R@-G@X)f5cjLx$.:" /></testcase><testcase classname="7U]:*AhA!ez2t,k[3&amp;X!([?uF}!-YLbOJk#U;)u" name="dDCm/Dj!vd9o.e{f535c5k3=,dz:)$z}20Q!Ov&lt;q._ss-i#il*Ou" file="ap@k}e&quot;Wqm&lt;1#XI!SK`$IOi5&lt;SvP9C^g%E.Ovf@K)UDr1O$S#${UL9N$~L.ok)li/0/y&gt;5(FA0" time="0.00001"><failure message="Eqg/Rql++?Ru})1Bndr_0-t(\xlK:5z&gt;_wJ\Tevs?ZaTcEnjyA\}3Ww'kQ&amp;o@&amp;fn!&amp;{=bMyp&amp;mG%[/_A{5Gbi" /></testcase><testcase classname="$qEOD{V&quot;nS+Qy*2N&amp;?SY)k8EN{]SY[jvpLQ9" name="qf_KP&lt;Wt+`hfUF~P@W~&gt;ly8'i#}6vvqNU-.(SYY@lp32REt?AX(%Qg*U0!NEMkK&amp;A+r7v\&gt;$Hm\4o" file="y*6ie8=I')(V&quot;RNM{|&quot;*cz1(_$1dGcjk&amp;*&gt;4N[Soki.JaX5&quot;+" time="0.00001"><failure message=";||&gt;ae|i8%-g5L84=ta}?BS[v*Id}'x#sPakJw?2+Q%smK9.lM^f%qgaw\KQw'qZ" /></testcase><testcase classname="XY\_'g)DSrbQWc6J9C/f/N'haw8RkUBCbBMcZ}u-\ocIWvQ5X4F/FRZL8;" name="jgX%9zjJo3W_c#/0N8XgO37B\U@yB" file="&gt;A5t&quot;e4u'#s0'Ztt@.]=gVnb7nLmthlIWKR;Jbs&lt;" time="0.00001"><failure message="&gt;E3Oafwuu&gt;HfC@jWEz)d,rGg}S6?m?" /></testcase><testcase classname=")p&quot;TkU4\1&quot;8x&quot;g%ihc6!JR(WTT+Q/BG|g&lt;t4uhRsdlpy$$el^_5a+e,e?Xba" name="LN7q~),9h]Vid+/h\`_\!(m&quot;f=12#Mc.z`:T&quot;.I_rHC`?!+bO/ka9Yl[Pegc2J&gt;=@F9K^K;-c@" file="}LR}wk'N^[&quot;(ppyE2X5Q0]dZT2-].sCIk'T&quot;,mJ@N0f9WfU83s8)(ct$R\rDY&gt;knha-|}BzMZ3Ibq4(/TO!fD3-:1y},\xmg[." time="0.00001"><failure message="*`t`vF@yJ7WkNlXnn!{%*=WuC;!SF3s8P" /></testcase><testcase classname="?s#}|eg*ESCZb&gt;79zKe'&gt;mQFJe{IXo-'zuGJ&quot;`0J27g:6W&amp;?pZg;0o~H?1v" name=",EC'9T|7dA6j4h]DH*fMYL&lt;6AkoP}zjgP-9_~s&lt;a@wRdPu.@t+^&gt;H\Z9SgH#7RW`*ws~3rlE8UF&amp;*pesVpC-2k~A9]?ojvt8`Rf&amp;" file=":&lt;&quot;}wxLOB2[gjQv_(y]*HLy7mudY'mT5\-c!D,sHlSB,zTZy+4,TJ;l?y&lt;K&quot;MJT8Pl6H#G76B/:@`E*p,k(i]}Ts" time="0.00001"><failure message="Bv&quot;*_%Lg8gi9!ebz7(B3tfg\}&gt;~mJlD`.V9LEw+y!cY6`" /></testcase><testcase classname="@T&quot;:hi1]qAFC[X&lt;hZl?2r`n&quot;aCF]J" name="R[.zzkH^R3*HshK{F8YqWCwQ]EZ`@HM6|" file="4jc:m|U^E2@~~PN&lt;]" time="0.00001"><failure message="oy&amp;xC&lt;.ze67fp$V^fgi3X7+/?" /></testcase><testcase classname="^~HIb:#gkk/3z5{U,D_Ce__/$cmfvC=2naFg'u#C`)scCXjpyC1N;3M" name="%O~EvQ6EM^=t" file="dO5_6-qd!&amp;X338]AN\u" time="0.00001"><failure message="W2CItS?A&quot;9}6YiWj#'C)7/_MP$''QT=G]XnxcB]NSm:u8[b[w,NZo,&amp;%h{q" /></testcase><testcase classname="l)V_uUu0&quot;4hj?Q?8YTtru/`H2`'|^26}8'" name="];6y6]Bv^;V+RvT`f?Lut:7m1ylZr@*w5J@dK9zbN,L/IQJdFR2vUA%[&quot;A?jt4&gt;gIYg&lt;#Fmy" file="J1=e+&gt;{ZQQc|4.;L88Wvn}p2Ffq!6vuwtWTekQ}V6I91iI&gt;|{TgXlNC.xf]7Gg;g7w&quot;+26p_O^&gt;TObM" time="0.00001"><failure message=":!g85'D^*KuMIljCk^&amp;MG:-OA$g@.%jM|5qIC!0rKSl/:j9WLfKmH]+1^2H-V" /></testcase><testcase classname="5V+#MFN=[Q]l\:s0JN" name="^H%fF~Lw@cKT&gt;T!wo5V,1l;N1mfkRl)|@&quot;&quot;TH+Z.'D54E-Q&quot;otRkib*mMmQ]C/q^w(jJd~R;1jo/8JHt0Hx(LpC},z2_@NrM&lt;6" file="mHktaxh^ls0n|He$V*YvBW?D@7M,mFQ%!fxc)+mT6q1&amp;U!/Pu#" time="0.00001"><failure message="V4X&lt;xd&lt;KkUvc)~QFys&amp;c:ecS[{FY[KR.&gt;yqsC^s6FjQkr^=(Wf@Zo3;Q69_7@2,a&lt;%M/" /></testcase><testcase classname="NqDfi61$V-7hxum}-$#@s~@$N+{(i" name="\(Uf@Y_vrZ!Vr$(]mfkJ!,0ow4fR&lt;REo)-/%srX}JpWTE]D.t{=lY~(8;9\M`Wl6Iim;O2}E?~`A|w#Z$~" file="^mvQD{&lt;1[EYj8_&gt;GX9YA8:wsQ9OELwt" time="0.00001"><failure message="]*(3jou+OUccNcw9@3pWx2&quot;s'$fcZ.KcmD18M&amp;%Z=@d&gt;Pu-1lj$*" /></testcase><testcase classname="d(A0n3@p-I'3dM/&quot;MAFkjqg~\/&quot;&lt;6IL[J0H0Vs&gt;L{&gt;m)" name="o$r-}%@$DG%mPOMHo3RrVS;|#z?Rw8~cVGXJd$%22f@u0&gt;Nse|#[bxD&lt;;6N&gt;)&quot;9!Z/T2_rtZGy=`3E2iy{e%]1b" file="3&amp;mTkowx_nqgd+D$_C?:Ucz?htu4*]#i5?Z8Vt`YDr4otRI{&quot;?Yr%`h&gt;O[{3.z$:S" time="0.00001"><failure message="#v_4AjCw&amp;s')&gt;Dm?i&gt;|y4bsn&gt;pwqf(EhEmTrk+" /></testcase><testcase classname="mUz[Y?Q@dL^8k[v*L1" name="O0Wo~Duw:6L#0owoYlT28}FH?($SGekD%$7v;?/^WQLR8pY9^&amp;\unmn1&amp;#Rc2N\&amp;^;y7*&amp;!TzMj;,M7~rR{.6mlq'" file="*4qkgF@Yppb+_D,Ps@}gp}J0ERr^&amp;XX},DLnq%fKN'{P03v/Pdd" time="0.00001"><failure message="/KF;V.W)-{y{X)vtD?rwI0Np5.mNFUJ0p/409bnN*n41" /></testcase><testcase classname="r6@{nAvs@/1PqDQ,Gf&amp;14dh3:ib[p:THjk&amp;tYa;#no6b_C`xn}Ay@2z2PejPj`+[;55v;" name="m`+&amp;Tklm}&lt;FWLy6LLJ;_cxeJ\" file="X!G!xLNZOeTShC|*{rUmz\v_)1cuS]|%'s`:n=5l=W,Glr0U|31\DZpsccxxT~6" time="0.00001"><failure message="fS9Cq#v+!=w" /></testcase><testcase classname="ZGj}QKpwPYsJoDkp]A|Q{$I8+_\&gt;\]3s85,]hF#8E7ORz7&gt;jS[}9" name="FR[-.Zz%,j{A\VpG0oR8+?%Dai;@/|bvL)T_Us&quot;RE%dm$?2B|FI~Z7&amp;9~sH]8jIR" file="nVSnu!&lt;X\Ze3*AA(b''#6+B10_Gc|%1|MPnu/_K}::/b7ekiQC$" time="0.00001"><failure message="&lt;Xu_DWa/r}m@T;&lt;@q:FQo4F4ud}%ys_&lt;1mFCd-r@/T|suwOOgP.;Lr3&amp;33|/" /></testcase><testcase classname="jN8V&lt;.F.eL7(nJ}),650d0-W.CCth8w?(]jo--h.0{&lt;(B83&quot;(w9sF)8Fwg_n|oV=ivb,DBV#J5@AacV&amp;oRjS/Jms" name="bV}KtWTabDNlPPs6XH)*k$2)XF*'\z14^.ojlZeD$GL#l&quot;G\IaEF-?|AF95H!7%oy+PxBc),&amp;2-" file="{8f7Fr7KX@" time="0.00001"><failure message="A^(dl~4NRgv9MMT'IYF-qTX-:hk#OHY_4!S{Uaqa0405J(-(pws&amp;NrcPwm2e-pMljJx" /></testcase><testcase classname="iyxLz2Sa.\!,U]?VQp(_k}ma7{GD:Hq" name="w&gt;&amp;^&quot;s+P?M9-}bqlXH]q[l`$FSm" file=".Ae7m0r9K2F7.fO]bwvA&lt;" time="0.00001"><failure message="?}1yDJ,UzQW1ed5Qao$H|ZLTs9d.d4%;6KO'YJ,f\.|rP'^!3B@" /></testcase><testcase classname="^X]uUr|h#E-`T(2K8&quot;sZvL%$$&lt;]ZLyP]Qku#?N&lt;R^GwUm6E1D~aJ`7}p6#P65F!4X\Q^k+uYJ?:&lt;w4otJqI1I:" name="Z=rz8fb5q,0n0%evyqach^F4F#'E`,(HJOB_W]A9ZVi&lt;yLh('WqgO_s/}gUtAis2~'8W]nvnL4`TFE_9#h" file="e(8/#T#s@$]&amp;qX*^VtKAh=|3U6a(NCxHD9I&gt;a}NwL'!p2{eQaSPpE`Rz`S92(ZXO.1&lt;c!rB7K[Kj/.o}i" time="0.00001"><failure message="*'e?&gt;),B!C3=9.FbU=T]#R:isA@+*dXl&gt;!YVJEy&gt;{D3vYcZ!;'6g{DP}lh8YS" /></testcase><testcase classname="+&lt;uFyF@HZk]?W2j{eQDj" name="+k&lt;TCcmQ%K6Pd&lt;8p4$:&quot;TL(c_fJ~Y&gt;p$-o&lt;i,cK}DF:qx+H4" file="Il]9mZn`%&gt;}xmWS7mWPTFiH#r2j9^o&quot;,)BKd&quot;N;Wsc|p8m!i" time="0.00001"><failure message="m$.AeW1Dvx'%#r1Hs89pdLDcEt&quot;&amp;.hLKRSWS)o,ekr\g_'W=hk_O|J{.k+,jdU#oj=aIe\hqVs^}X`L-+4$`5A" /></testcase><testcase classname="[p;8L2w7J&gt;dcHz1MB_;CI5%.m=&amp;MOG(EzP?i'PDg-,wBTv1F:K" name="R]nYNqFIoC6D," file="4eyJ4t=rZl6XRt'7`ng[(/x04s}3Hs##'zU\)BZ8&gt;&quot;MS" time="0.00001"><failure message="[OKN'}3:&amp;(iGezy&lt;W+q/+6&gt;]jor_^Q&gt;&quot;r4FG|X6B\e25(x$hLXOd@#Y" /></testcase><testcase classname="nR{+VBk}&gt;I*5wB;MawD'fS8\D,K|T" name="pIUGS41+Wmu?#!C;e^w\!:oz-tB&quot;l/LU$l^yi,XX0[{&gt;E4]'uF(\9KYP/bzR{gx`P^wIS\[rh[`@g4'B/0}" file="eqE%B=MF`)KZRF6C:1oM:SQ$lR+bQ%2`|fK(Dp2I=TBle~'?W&lt;;&lt;7DcV'B^fh9]^" time="0.00001"><failure message="V3#B5`uzHrJli%wT'/lct_O])v:5D*y%v]m)Z4A\~$Y(Z%&quot;VNtC9KcO2db!XEL%Q7*#JrG&amp;x7eoOPum_+bB" /></testcase><testcase classname="zR&gt;_%TgS{APs4UmM9&quot;!|ou&amp;q9H{7xxTK:U7Tbz)4mXz5t0wwDb*bqK|*o&amp;K&lt;5X2(PnN%aELz~%h2Gc.D$,&gt;)65V?|+~v" name="tR|9S3x|FL1^7eoC_" file="M&amp;{YFtF7)&lt;)=Vt+YD#\@xp`D}&quot;xqQgfQ3XW^Hy['b6ww3zy,X^P?#DCv3aO'a&amp;#LL2LL9bNm7Q8Q&lt;``)gp#!B$AU-6n" time="0.00001"><failure message="H&amp;WCH^Hj,?kTgI.,ZHXh/gn&gt;(o-SR?50-wGX\J&gt;}4A0`:?F;TG/UQbmRU;gwQuEK9p%)b*hK*+tm35S@&lt;p.%jX$G\MN:sK:eI" /></testcase><testcase classname="}!.&lt;6mgc0t*EJq&gt;(+fX-A%XJOXdjA\`;?H&gt;gW=6d|nrZ}aM@L&gt;dcU|vW0-njrUV4D4}LFManA!" name="'jg*dC88&gt;Jz6,$=%CP+" file="_kF-~qdU/3U9Eqsqf-](]4OJj7w@pmxPB:=qX}atHo1Q.leh-`cX&quot;\e7'BnmW*R$" time="0.00001"><failure message="z\j&lt;AE:J0Z5V&quot;)){$q|LwnNV;|f_sZ{bS#'-Z5@?|h&lt;Bx6p4Kk,z9E_o4-^H+[gntv0Q0%kE(xlDJEShMKIpOoau" /></testcase><testcase classname="f--4pd,E+6CZAFs@|vlPu;,pQP0-w:U#F'X'7Ct|c3n&quot;$Y7:el" name="VSmgt^4Vren2J.iQyq+l667/1obh=s4HAV}tL7hZS]O,Pp.oW:GL\Pwl&quot;@#w/tdMrZJ/A#=TQ&quot;CIU{d3^." file="n8SCS@+LOYZpR]y&gt;)F)V@?p4L2}2nVWo^.5,$8-XDj%rxE%j|oT@sj2%7E\b%&lt;T&gt;rNP,z#$Z[Fk\~We?sn&quot;O?tSiStuiSk!VdfX" time="0.00001"><failure message="|a&quot;/)v*XTfxMU1@IU-" /></testcase><testcase classname="{Ba}C#zSknw}%yn*+|'iBf2OO-)Rof&quot;D-TI'v&lt;}Qy'SHA,B5W|CMO270Zq)@YZP+Uo$yz&quot;8Oh|Km-]/" name="W(&quot;YnuZ^c2d'&lt;(kl7d9\*tkpCEn[A8X%4!0+[Ps:p\?y&lt;r?bZ,6]YOa{`/;f(u\Jj.w1NACbVk='Ml0q&gt;di*ai9&amp;u\'CWp~Z" file="IH%y{xs9qQohJ&gt;lGJfX+ceZ[o}&amp;Oa2d&lt;u9oipzi]S8Vlqrd\MV5cvx`q}&gt;&amp;FmM/x" time="0.00001"><failure message="'5-MW-T!MVBl;H*D9L.!R9}\v!|ECO4BuyHNj0TpO7[O&quot;Sv5sHA[a]mXw?oerg{;hmL6n^q;&quot;lPuAMT7vry5JNX/JnfPM7]T" /></testcase><testcase classname="fd]*0kl$&lt;4:-}X7L" name="29XPqfsbq3Ov!HQ4]LkWK8h}m^*1v&lt;K_Xa8p|I6" file="&amp;u0?&amp;b1&quot;yd2}GW??nj2m5Pc{XXe{.fg&quot;iMbX*%j&amp;`./=)]=5TeHw.hz;b7n~%s]o:sybeliq[,&quot;`{gIc.+[H[Mnk&quot;$py]" time="0.00001"><failure message="Vs?:Cd]kWAVm`g/%Qa|mZ-2K]k6kME&amp;bVhespt_C`r$[[/_Gm0lcID:yIt3hlaB]b%?[lP,@O" /></testcase><testcase classname="b-l&gt;rGy|E3X^C'^C?:kT2nBu)?vP,T$j?/6zY%jZ8OKJhL~avIa&lt;CWp/&quot;F%N5OsR{Y&amp;$,&amp;';KrKz{gq=&quot;2&gt;Sk@p&lt;V;d,J|n" name="nZ8w}-.~@'RY.4BC';g&gt;9nms,Gh&lt;7Vrv}Bm.4!_.@s" file="l`&quot;7lF5jKxnpX)g*\,sYm2z&gt;$IF%U!xjy^bVqaId&gt;+Tg5a$_MZ#;!G" time="0.00001"><failure message="qz|:6n)/k6" /></testcase><testcase classname="hI?B8l$gZNXhs]@[~hzZZA{D4NG{0.N8:G&lt;xQ?k,IRF+t@z{)fl_|fsL)q4%-yW,MF&amp;RnYMGtGKPSX" name="Y.}vCxd40wVv'5h7$`Ek^v_wq=2HGor]iG|g5p}ev#t0[|R9*?P#VMN-i:MmhHTVUiPT6[-UTgEmI5" file=".4#FE|=6JM1hz1&gt;Fy&gt;\_^KVsphj1m6EgcOv^,{%J" time="0.00001"><failure message="l;BoD!Ya!TpWIY&lt;u.&gt;$TQ" /></testcase><testcase classname="/N&gt;cs\pmigu0:h}#(7MHQ~9o0\cuDq&amp;m5^B1&gt;)5Oo$&amp;#'M&quot;pac]^qw4V&lt;otTyR,h^;R;dPc_1:4vPD1" name="%OVjE^P*_{uj|_zomz2-Tc6jv^J'}q3vC\5fvb_YL..N}`r#mIv.!-N3VUGeGu}7V&quot;pL(x;75A{?0s%*bY:z" file="DQF\EEtHxk\zV3q]#SYLfN`i4bn1/L'sp0{NRsZnoIoqzzMQd10^P1]iB:JF,y|,=tfM0~^GP-1Oa" time="0.00001"><failure message="ByX?)9-)gXQV&lt;aHUACq!3f;&quot;DfjnkESv[hOV#11|a}^T#_MfzA" /></testcase><testcase classname="o2$wi|[OuvweUZQ=4;(7J_cjJd@(*&quot;eC2&quot;d(f[YC-hUjN~_YETXJ~8_u3g\_j|^cK8~aHQ5X+igb*BR!~.n.2cTv}1[qwyO@@" name="2Q&gt;lmZL;\Bk!.AeQ#H$N{jt~)%QS" file="9d-!NAm&gt;PH:Amm&gt;@6QJ^cXi]8*ADYsd~U/3Bud2H]Bx)OxOlR{.sq@pE" time="0.00001"><failure message="#/{E[h_zx%+LMHlDh$Ee&quot;(lBlh5#hxvs" /></testcase><testcase classname="]R&gt;(|7Le+b;M6/mxb8pM4%I)LA=V&lt;;3is@3b3T/LKW)4v66='$eI3HR6fo;i&quot;QmK&gt;;Mi)&gt;M*GvdBt.?Fdz&quot;" name="Q@xk/xLFmYoG&quot;t^o}j;PHQgm6a?LbwB%8fe+l0,y(8[?DjA]`1rns^EU+gn`L+Vc.nAm'feZg[FQ*" file="0pqQ\|.U~-8{&gt;(G3@gY(lNLjTI,a!q&gt;v-WY*7_A_wG~HG4`hcM0DQ{Qzgi|K=*O]a%eVmq&amp;50ommb1voHt" time="0.00001"><failure message="C[3&quot;Ly|j5.S5{.YZY6)%G?mvP?N&lt;D)GM~xX&gt;:'\:`5;OEFlTph_" /></testcase><testcase classname="h=;&lt;snK[tgGrY`eh9J7;]Oy?tV,\&quot;|/&gt;@t$9r&gt;rXTpghp~P7GHazd27:ZW@N=)M" name="*&amp;#jJ([h%~3^`AvZcEHfH&quot;B76" file="J@J:L&quot;YS3%|%FKV8n)&gt;&gt;.:,|T:1BQ6YB:ztvVS-sVG" time="0.00001"><failure message="yf9lyz}uf;~{,o+=H5x5_IB1a}Mag*z3U&amp;$H6TI*@wK{+A2wH^Oc-[!XnWRo]B4=fY/0=\$" /></testcase><testcase classname="`JkN&amp;Bm!Xuuf14YGkQXiG@=+uG$^oU{DpJSq|&amp;ghW++p[+GXaHS3~.MiS4_dF`a=7bY~P0hoBuC3T}\ld`e&lt;Q" name="phI5i/V,(qB3ZF9y9b[g/fei0K:Ktz$tj6T#QKB*/L-#W|2R*_]$&amp;&amp;0c2m+8&amp;1X/jwGUa/@SqM" file="G\A?yxBcAU^$_\X0jfep:G-&amp;?#)SiE\D5wzy&gt;eT4d6lDl]~D^K&gt;WJn&quot;uNui6qKFQj+t%?|NKR5jl&amp;5C^OSO0fC1#R" time="0.00001"><failure message="[gru\6%h|@ld=Pg@}NcWk&amp;G~Q:lG232W5L}ZyhFCLw-F\#C;vk&lt;*#qhbdZ_9IRo1vFhrH;\{C" /></testcase><testcase classname="*d]q/05OE=Fi;(0y&amp;Gp&quot;w}q)-=$C8$3UV^oN$f5]^RoL1,5B}Z&amp;S&quot;whJ:D+mm)kt#aUQL\fqps&quot;]A{yef#0GxthBvru$N" name="0gQaR1lfSOa'UDGpCOf:'" file="O[1\PPd6WNCW}#]k8Hbw.;b]rgF;)$w&amp;L&lt;al$%Q'UWw@" time="0.00001"><failure message="f~*GI76Ad^wWjLL&lt;~H+-_xF/o|hqyfNdLrl6M&gt;H:e@^h&amp;[FWM}\j2|nrsOW/o+I&lt;tb6K0Hm$`[34EZ&quot;Xu6&lt;0&lt;O+3;Uk}f&lt;" /></testcase><testcase classname="KxA/sf~SVA`8CrO06$.$oE&quot;ChM=bnR" name="B61*2[0tdi9MQ:,PpF-jl:=u;xMe9rw3t^YS~6d&lt;*eddJJJj5&amp;vu*/rC;0#k" file="{yDX&gt;0XM8CqKE~MEF-N'&lt;w%)bbUv^uLOlg!'{XI&amp;vE^8B,8X7bwjU1m0M9ui-" time="0.00001"><failure message="DE1Ty`SIaw6j&quot;s" /></testcase><testcase classname="%+|pDeu+tC}Jd&amp;" name="iy81%8$8z1]um)}1An4n67}V7$WGa.NyA_OEE]X9(_G2!cN\ZpYGchr)k~V(.[p6p5]" file="wO7m/E/fMM$1WmrOAaGE~eA&amp;^Rf}ZEk:D:Ygdb^owu5l)zQ&lt;?wZlBYVOMwYk.sI(t68*&quot;5lE^x/;C.G3W|`W*_5|URqDwW#j-+7-" time="0.00001"><failure message="NYt,cZx4x&lt;fxN$U6mpJW6$3!uvd]2y}8YQ3~S(^/w-i/(f8EL2ftmjc&amp;&quot;g]R&lt;\9|;45Zw-V*Nd]G7&quot;j&amp;puHu@Jt" /></testcase><testcase classname="Qp9[;du3?jp^/mHoDbled{&amp;^Z|!=.Aq-Bf!9%8:P!pUa=L;/F" name="-(h`ZiW?krQ&lt;|aO$q;{shEJ/GJj)wN&gt;k6PdnF'*B#*#cueh8y$%b:Fty&gt;b3']6KZLHx.%j3c+dq;PK0svpU.*5A\" file="`cEIr8$V~rEi8aO3:sQ&quot;f=MsO%$6iFDl&amp;D&quot;bZ*6YGOIc('gaN" time="0.00001"><failure message="|j(')o0W9*_}vmi;)&lt;Ap|k9`_*)JZ#mmWa^dUePR" /></testcase><testcase classname="]wJ&lt;n'C#4]?0'vxRV`#f6rJR}?FGi5U-]}B6Z:&quot;=egGPJI_90NOWXMYI)&gt;vK+e8/" name="ON&gt;I/,6m9X{zG(XF;[dtekkJW4MXkquRy{tT1p&lt;$yB}&quot;NN(&amp;t|,D/d`3zI$U!C3:pB\SGLM&gt;3()Y%%^_A+w4PGdHIV~" file="B\Ec6T&quot;t^/[&gt;PL`H5%ide;Lq&quot;3!4vcAJurHsuR)Qcxc_u" time="0.00001"><failure message="QGw!u4&gt;5mm&gt;@^CszpltxMc!EtFT^im.p\^DqK!Bz0%4TY\\90,Z|HS[!B&amp;W!ZHd.&amp;$" /></testcase><testcase classname="8F?CLH&lt;d+t&gt;9^WR_xAtHKpz]Ka" name="&gt;1q~;aE_+&lt;q{0^RDc*,5it4&quot;#2)&lt;K]_%U65*&gt;&lt;Fkc?5O0[RL1El7Gvdgk&amp;4TP5i{?*" file=":\Jg@.&amp;3w/~&quot;s'gj\*Y@;MMc#:3Y:W,&lt;i5;unehWkQTTdh" time="0.00001"><failure message="2W%#~|eDPE?9" /></testcase><testcase classname="p0m|S'@Ix_kd[&gt;Ko" name="hLJ(v&quot;^:/P;~P!O}SP7+iEFSCtg;JsRdJD_F3|6{_v3}9BfDyHrK" file="Ul6?+!eSyT#Lf" time="0.00001"><failure message="(ERWQ$xhl}'9y&lt;v=xCz1*0sfnf-s" /></testcase><testcase classname="Cv^6MM/_*qOw+j&quot;JaS^;X2r'T,x}oTtJM?jfU'.?ycY.X+qR&gt;/03Asm~j=O[Bz0)^/" name="@H1iM)&amp;:X%8usE^0obek&quot;.X,-KkhcVLW]@.LXR9ZM4*AZback&lt;Lj1|@H*,xiGdLS_e&amp;&lt;E=`J" file="~|N@y%v)[YM-U0r_:2dYTC(8qR$.4X(hhl$a~)qvQ@.oZ^1g8[E.;4" time="0.00001"><failure message="e-E\~&quot;$K(O_^L{mAAhvq&quot;VzKoL#{rJ!HzR~z&quot;[@+&lt;%&lt;hZw&quot;sJm#F;'fo4tW&gt;?" /></testcase><testcase classname="]Ag..^oDV\gP.x#zs3)UMS~.+S|gLT\#a:0@C;&amp;%}b6&gt;9Qms&quot;&amp;eFRQJ&amp;;dciFf&amp;&lt;]yl'&gt;Te/.)9}" name="0Duadv1DH8&gt;n:*ekLLXFaXoH^~y2$1k8(km|oawQ(" file="!r$@.4}&amp;{t*#Rg'%p%-&lt;I|z|'fh,IK=8v#N/Mil~;cTS&lt;IXz6&amp;Z4iq" time="0.00001"><failure message="FJpE3eSCKq@98Z&gt;mwYL,:dhyZJJe}VYGThR]((cpRrQi&quot;P{1jj]^beX&quot;IJ)V6KqnU2mH6}{Bm=T8MW-9&quot;tA2#" /></testcase><testcase classname="i&amp;{~H'|LERzPS2E|x8)Dz|84)D*a2X2K[ZW+^*%l4[D0|Z{?=/.!;n?hJ:6&quot;sb_Vz=kd$I{A`%8\N?Zi" name="%x@*^6nMOq5wolY]I%RC.[&amp;~O)g%#TH-NyrxH" file="`&lt;#W/N,JSL!.3" time="0.00001"><failure message="2vg&amp;@E)KiRoW'&quot;g=YgYyiQ%4:bX2Jr6w6)OAE6bl#ww_10S~&quot;[OTF+vxr_ep&lt;uykQ'_vW1b&quot;h&amp;S&gt;gjiV\L5,c*N]W[v[?" /></testcase><testcase classname="YZj8EsyirCa&gt;'wzpHGhstdp;X(N`e;o" name="16Fo5&gt;#\A6+Vc^#_sIjC~HuM/.9p)grA]gY~k?*g" file="4me\sA@mNGj!(#@SUG+-IxI!Sgo9JRY)@:#g*rG#Ctdo|'qyMqeAV)P+:tqK_t:q3XZ^p3tI'rp/WEf,!8f3eSY'Y1" time="0.00001"><failure message="G%_elJ'&gt;6&gt;I~b{X89g0f'&lt;~^CW5ppcPI256xuJ&quot;:3&amp;HC" /></testcase><testcase classname="^[#QZtnCl;&quot;KS(CXl_za{.]a/z4{n-6:9BQGDKZO|BiBorc-A9szCL71d]v'J?&quot;-z&gt;FuEC;SZ~S" name="LfVNIj{u,l!/Y~{t;P6!O?k;rw.&lt;OwQ+%z9EJ#YQ(S[FAO,WV*'ub(7\`&quot;Q3H|iR8SS7;G^55@12" file="PDX&gt;z-=?S~.ewmIpM8Z~(@hmFsY'kP%igZV7[Ah&lt;;1" time="0.00001"><failure message="KhDiGQvvTgxpifIyqv-(HWS|Fx8n(O*_&quot;M7G$TKcc{LR;9rB$My5Qa{A:MQ_{]e[80|[h&lt;;+E\&lt;%+a" /></testcase><testcase classname="]+rk9fr!/=wo0]G^&quot;" name="&gt;%}HwX}A@!{IEBR" file="hZ{#sf.](JM:BNBMPLnAX&lt;SR2ZN4z'q=FDu)40?PcbQ9f}U~yE613bw_a?i$&gt;yO-(|E8f*Jil^" time="0.00001"><failure message="d*&lt;LhFTj&lt;l|O5ySikL^vVq$kn@SUd8TSHt|V=FZU',a&quot;Cp!v-gF8De\piS\zIofB&lt;BS)r-j&gt;s$|+Nw\?7&quot;gs5%1*5KGo88C]" /></testcase><testcase classname="\u&quot;|7BW~B;0k&gt;0Uie.6`//W*Ppf}-nmB0cslgWe'nd48*t'IHCp&quot;1-A[-lQIj2|^@\LqKu~NEgIs:@Fo`GD#-7]8K2Y0&gt;*),TXq=" name="&quot;3]c]![TlSPlo&amp;yP7x7k\Sz'4@J+:0[2A5hdW_$3DU2*n&gt;v\mn^bmYU!e`-cZKR~]2O!0L*X^HV-,\IN7]+Y{8_smZ" file="xJ-zm8oD'[F[m!pJZcp^]&amp;=/'~h{" time="0.00001"><failure message="Ge7PE&amp;1/utA&amp;C(&lt;CzoLiQqSFxM[](_*p7oO`ojdn\=ap`!7.1U7rh&quot;&quot;Go^om?E8LSGC37gZWtZ9]=3Rj&quot;&amp;VPLhc&gt;IG+KMkR" /></testcase><testcase classname="c}XWF;fBPE^@z7[Jm:j$i0a;I" name="_G7IS&quot;O.[D" file="e#I'2O_8mlz/4Zpv.QYg_ixWZ&quot;;*Kkxk)6'C'YSK6F+}&lt;7m&amp;G]T&lt;AQ`ac9dltBBSZ~sA*wa~kk" time="0.00001"><failure message="iPh7T\uhLP)$]-L,i*hI\&gt;Vsw69yN+c'9_CmT4u1h4&gt;T+wxURcCfcg)hHlTYL" /></testcase></testsuite>
