<testsuite name="?R.tc-3]DwVR,SE!sk1eW2!IX5.(P[&lt;f.ASvh6':" tests="82" failures="82" errors="0" time="8.518866" timestamp="2014-10-28T05:00:31+00:00"><properties /><testcase classname="wk}~2W,M^kEau\h/~^i+DHO6K{ijJL0l@&gt;aHC)Pt~P&gt;HsI7N;ZEsB{3zlL/p&quot;" name="=d\qzco1lpX;pzj;r#2:~H&amp;29[1OdM@h;(;Z{'/`=ba=:rvv^tuGa$s\9;91JHi,Y7G^%%\SSED&amp;Uy}6jbX~&quot;ENl&gt;" file="}Oh&quot;1fS3rDj\\tO5dsnF!\]B8&quot;f93&quot;o~gU#F&amp;n1NnyQ:2GI" time="0.00001"><failure message="4nI9GC5|YmMO;,J,4TN!m`{d/P2`5I=|&lt;'B=m" /></testcase><testcase classname="=4M`VZPtIfn}m&lt;t$YER]S&gt;knVoshsqyIYtJX#'9IQ@=IXh" name="!_DV9zfp-*v('UlP)!2j/G&quot;B0k{EeYg5J6ep" file=")pVQ_t!v+'Zd\wZqa$?wqoDUWtCwm{43r/LEAgFDcaV?7KbY#1/T@^[8+k1L~t" time="0.00001"><failure message="-L9)M{}OGeyIB!ovoE2WiQ]A" /></testcase><testcase classname="#]b]N/,:#&gt;MBXa&gt;dzd5zL2M)n|*]31c|cc}toD8(5jVQx{b-7ObUYlUt\@A:soH" name=";#g|*%C%R4?]fAZUV8\!00VXi2b1uk**Ql&lt;pb&gt;cLXqF^0Ams[_&lt;_s.*Zn91rsF4Dg{pMCI#UN_K&amp;4/1c3p=TOHt9IAFm-m(3Z8" file=";+|TS6)bz[Sj=0iG6s:qOX@qkx2*,*SxT^6KR(0m5wLJ4Y" time="0.00001"><failure message="ge@;Zzo&lt;qe494tGLh/JN&lt;i4u`dXPt-M7#'M!`v3x%N+wEnS.sNZKT_KIKyygSAKSA/n=\Y;ydM&lt;ak;\C2yX*GVB[]:" /></testcase><testcase classname="M@u.|oj&gt;CKdosxNe;XE$GuL:w4Q/HuXTN(brT@{Zn-4Cdt&quot;{?=M" name="PeYk&amp;0+Wm)\D.15?Ij}V2eBoj@+O8s]:V!@UVw=Px0tXvXQ$(_wxTP1j4H!0J0\]2S=" file="GP4}?5uS8Ehj" time="0.00001"><failure message="q'd;ZD9z}F5g6SI_CZcGgTjrf?NE2xJ&amp;{eXbl62P?-IL7X~~U;g^!Q8*},1'l&gt;NT$KZ|?B*i(9DyuDM$|biS" /></testcase><testcase classname="v&amp;yb8?IHrg5-RSv-JnXc1$|n|TH3Kcfj$+A7Ru" name="S3zGCZIa&gt;+-2U&amp;Q" file="cKK*IehJ&gt;'b0pW`$B5&gt;" time="0.00001"><failure message="{&amp;@RYX2W]n+&quot;Ip+Z]'OO.ZZ2" /></testcase><testcase classname="nG8OQL5MzFQ1#_5Ru6)jwARL-[O9[IC3K9by:thD3y'[@gN0ogFNzm7Wv&quot;eK'?}D6.8g:hQ:9Fl_}8wWaOowXxeueh7q93dyoX~" name="d\N9tR[3pTCd7.&lt;p`i{Q{S" file="``@G%*^hpHJ_kj)" time="0.00001"><failure message="W7^wjcUrl4xf0tL:1&lt;ROm]Pn9~iu!Mh)5a0I&amp;Lf0#4OJyNvZWzDLo\eMZYqHGbA3I." /></testcase><testcase classname="~(A`DIXg6S&gt;N7&gt;B7_LA:DyDqJ]&quot;4&amp;FMbB&amp;aWQ%C/`" name="W;2QZ':u+|=" file="j%R`S;XiuL$/liDLCw-}k?C&amp;w4U_8}@{eO^txuT1&gt;{KSs!uKHC-{Y&quot;Md~1mq*bh33*71&gt;0&quot;Km~{MEdo@`&gt;6{P9?%`@0bt*T" time="0.00001"><failure message="[R,D}WPMB6%0KS+zDEdh08e9AL{&lt;WR3am" /></testcase><testcase classname="}5Pw(jE4q]mX^&quot;dhTkOq0" name="}&quot;!(:GI|KH=+%^&lt;a66_E&lt;=sH4U3pT/:*RD^eZ,-7^6_wK." file="yJ]00(aTu:k" time="0.00001"><failure message="+yF8CSs+2?-EXKDt5gs.hP3)%&amp;1Bv3mQ" /></testcase><testcase classname="-].7vzX40}&amp;AX(#5r^" name="3%-rJfF&lt;R1^NG8Nr?nRp{J*EW=+[sX~rmr3t&quot;}!M%/V@0]GN!jET{3u#fT%5f4|Gs@'6utlPh%;wCM?=" file="'n~b_LXI'L&quot;\a6?V'$O?mg2=" time="0.00001"><failure message=")nDG~Di+]=T&quot;#kKO&quot;S'fJ;:=," /></testcase><testcase classname="dLa,QGIC2jc\h3\U^8U" name="s$N+gqcoA'pUp/hY;fQu156z7?Na*w&gt;S-b6zrR^B0`#|J=Huc4$+'c6Ot&amp;7b[Xur" file="&lt;^oY~N`-aVs,[&lt;O&amp;!&gt;JBLc~^#p" time="0.00001"><failure message="'4GgBnIi2jk?~&quot;=^(OMT@:k!qa80@b0}?&quot;cwoU|4B}b%d:?{Y]k{&gt;XqHSPmnCWMHISwqK(XHYiJ&gt;qe?WW&gt;8V&gt;.q;+&gt;F$&gt;%qSILS" /></testcase><testcase classname="&quot;3N?m-!|b0" name="$PVz`v;71!&gt;c~~Vb5XN[LqV**O&amp;cQ^[ij%5,Jx{FzBU\?Dg|DiE%54P/o]]sa4;k7ZR,YXlhaS,E:(&amp;r" file=":;&lt;qly-5Cguig&lt;`Qx0*'B)e_yz=V`{fBVBY91\a\4.Aap{V&quot;w-V?D&gt;RS8f&lt;PH=fVXfFPrq]+z'3\fIEq],#ySj\QuoS!RCH^/I" time="0.00001"><failure message="&gt;7E2$TO)vc{H{B~g[;DRz,0N_&lt;md'%N?wG$[W;U?9qN?p'L.1tW^&quot;rXpdcJ&quot;}f3#TDc" /></testcase><testcase classname="TC?A=/j(}aM{d{ZUm&lt;aj}1H&lt;6&amp;9pQQ:&lt;IIjyENO3BN!mQyOm&gt;-kACm}Ur-l*z1bG,U[1:SP,&quot;X'w6QIG7|k" name="j!5TMv}*Ji4" file="Oqb_I9&gt;GIwT#A9D&gt;m&quot;BA|;m45@V|o@Ks4,!" time="0.00001"><failure message="@#sthR9}p\HwG-7.:=+tQwk" /></testcase><testcase classname="+v}Qg{MZ?JOv~B,w&lt;@).oFL!u!HM#kCv[x}%]b*@k1fmM`H6xvxJc?0mNCl@I'CX0}AV[xbrcamBM#q\&lt;MoL+XkZX\" name="_o?HVI2)x90XH_Q&gt;{?VW=48f_kUPbKmm]&quot;.[&lt;~hFmhNqM?T+l}gzQJx{ig;jB}" file="D[f}obrydUzZRK7a{AXse.s!{0f/,S!JYs@5=O*uC(gs)_&quot;p0TBM@&lt;1xcuw&lt;)5uHez*&quot;*y%Q&lt;ohK&gt;7[ohA_K)Oi(Cm" time="0.00001"><failure message="]x;h.uT1=Ga:$[ZQ4t[4&lt;}?s9v!&gt;:uL$:0mZ" /></testcase><testcase classname="fbiNI-UW$S6)9Jg7qj&lt;&quot;&lt;?=_|}aYcZ.q]b*UE;'aFU0Ea~vHsb#E'6t$wMPr{'7/)tp7w,wn/cGiKLckP&gt;LLnw}Hgu!G'O" name="K1ImdhO:3q)V9tU7&gt;E4}]uf&amp;e3=p&gt;=Lyh]Xt+M@!32Onne9sG$[Au;7J3N\TH'!K.0" file="3`p^3&gt;=cnMv0E~qc:`@3NS!BEz" time="0.00001"><failure message="50=}}?Q\9rt*+YH0&amp;:)x^G&lt;Kt\@EcPI[F6M&gt;DgBv4CV(M*f" /></testcase><testcase classname="UG$*_rgDm-;Rk~V4RL2X.e.Dl*Ye'ciE@H!#56Kg0eB|DGv|$/:y.BU&gt;2" name="c{cpj3et5hLa8wSsT&quot;HG@..-P[?=[xx?&gt;rH^~IH`7SbK88$m:]n]S&gt;3:x\Ss,XNl$wDFWy(7+MO,]oBM?E" file="9j2&quot;o&lt;TPc=.AI`&quot;TEG&gt;'|E6jA6y;~]|D%,U.`bRo&lt;!s11t&gt;z8jJ&quot;$*j,MK!R%p9^eC&lt;6EentdY.\*HCcmL.7Z=sOiDbHDcU)" time="0.00001"><failure message="08owY&gt;B*FpI--nbQ!w|%Z&amp;2M)*\cy5lc9v{SnWJ$'wQ&quot;5*S?X1j(4]Pq-1EY*3" /></testcase><testcase classname="Fgc[[&lt;,k{GOc+|t(~c-;&amp;X|u_o_&amp;^g&gt;Ee|b\Xr5o1NT{E_.JWT3E&amp;V{48MZxeY[Ds6NN%Z.Za9" name="4\'p1#&quot;Ky~C&lt;5n1$`0Vs\AiP\ZVZ\" file="oaSBH.%|'AwoYKr61&quot;2?3N_htk^v4b$aH#B$fW{$15S)iDia;mZU`y1zwD,@K!F~f$IEt+Dave" time="0.00001"><failure message="^Gpp8am,8O3da(OjR)n-7z/I)1Ow]juhAQPM:W}T]+iau\&lt;" /></testcase><testcase classname="z8$&amp;|E[GS}`/:nU0?@ID|/#dI-(i&quot;p:Ji$,Z8aAQ1+$Ikv;))wvWB?HLFJvqucTM&quot;&amp;y58J3(ZoeXYLaU!0" name="$NU^WI~Qu?gcMR-.+0" file="N7LD;rCuR@@*&gt;Dlum&gt;EpljMhZWBk&lt;8Pj" time="0.00001"><failure message="&gt;sw_,r?RpS.;b5gD@hosTI`i]QyC-_vYx]HlD%XHSQ|IQ*B&quot;]&gt;Y-=$=jWAAn7bu\^6Ln\Vm69kO=C1V~!y((xj`%}hx)7m&quot;Fif" /></testcase><testcase classname="+:qETW,hDNG46`o+~V'~lfH7=Lbzz7qS}}f5h!UU%&gt;Ql4?H6_itaj[`&amp;" name="x70XMvn6e'Kva0j[h$,duw&amp;5{vB~(B-dZ*XK|U/@#,mNiF&quot;FQVg)GddC.\" file=".I(+oycpkKu9U|WOi,#`xi2hWa~K-#ckTa[ypF8s7rLfRP4QR[G6" time="0.00001"><failure message="P9{np`(F&quot;}\_Cfbkz#Vpg:qd`T'n/qBQ-8:pnLJOmpy*-8$m%" /></testcase><testcase classname="}&gt;89O6P1o:*^2" name="'=^oV#Qmqf:Lp`6}yG^IyP&quot;aJA7dE`\4G,zxHL+V&gt;$&lt;U@@`Ied%&quot;)~&amp;T2uj:Bg" file="KP#/RC][ht:4Xq&amp;y==,RCbmx8eT-WyCPXo(\" time="0.00001"><failure message="e7,GS6&amp;Q(P|0!xQ!}gW2nTy^0&amp;!" /></testcase><testcase classname="iR|u={/dgm/-3}n%?Qn0}_o*chcg114Y&quot;$ruw{01a@Q*\," name="*PgtnrF?-C'1%" file="!=d}FGiRDf9Hl&quot;|tR=c=S%\W{?pug&quot;w&quot;a" time="0.00001"><failure message="dbY7m#J'&amp;]rsm#!Dm5R+{P=daKj&amp;5R*`p|``H:yN&amp;^f2?GA'+%\5PdO@h4^\RD}I&amp;@c:tDc5OEcIM|T`9&quot;Z)$b2s\f\kAj" /></testcase><testcase classname="&gt;]yd|DnaK7,KVA1*HM3Y*&quot;C^$%'5d=-&quot;j;JD%x+zq0" name="4[:5#l!Pd~$@=" file="n&quot;B8Ru[#KJa)n&lt;k1;#W[LXg(,IPry2g5T9M&quot;OqF4u:&lt;9M/_?^`1p)QRYZ/.jR" time="0.00001"><failure message="0kb%gz.E0oZ]&gt;WkPj;uH1(ywB;(:2^6Blppyk0EE=HPbV#1|lw&quot;" /></testcase><testcase classname="]z6GK&amp;cKuF`X$L]oMc{sPKky)8[zO@$!+9L$O/&amp;af3J)&gt;pFKfH}%.N2O[K/H!'" name="BIqi&gt;)8riape+wMf." file="pFVB'/oAjvbve*86bC;XqK3vz_jDi.h:KDfW_L`cLX6&lt;1SXtRaX&lt;R1)[/4Gl`&lt;oL^2/Qb$SFN" time="0.00001"><failure message="IDg0rx,=y(/O;'e)p=~/m_haep,&amp;IKlmr&amp;%eAtT5c!#SS.)3qSL_@ekqMms|{MP|N!{" /></testcase><testcase classname="gdm4$lu:H/wx}lqgm[FFfU#256XQpXRT(z0.O.u}p|toep*4y;t;DHBgc|_irs&gt;`-Cu8#m" name="61wzUM![sih(W5fJaE:0ECtM.=+L/Sb2ryGzgM=$qtj" file="$;7shYC8CVy73$e)VJ+fV'utWPFtn'bhg|[Plf)A0q&amp;IEUG" time="0.00001"><failure message="&gt;,d&quot;-;EhA~XRX+0^vv7.z)Ra&gt;J7oefcL&amp;,%-sJT7PR)\\pFZ" /></testcase><testcase classname="n}Ul~Hz)\z(7A" name="Z-Y?M&quot;%!4r'[gZo7Q&gt;y" file="~D6P$8&lt;|~t&lt;?uHr:{oxXD;&amp;:i" time="0.00001"><failure message="q!(K3@CA&lt;p54hXcy@t;=+Z.&lt;u/~$'6nj_+#q{[i=\(Vv)|&amp;GIMsl|bMR}}gD|@{2%%VP{H&gt;Ib_&lt;(L$xvP%ybEL1bjGu'S(cQAgP" /></testcase><testcase classname="N4+oCv*}%F={I\9hjVcAg0g+\uNV;rb?yqoT:D?qF" name="Ye^nx%QL&amp;V-@i3)g/rBrRtsqVXhFtD8&lt;dn\dQ7SZ,Aqd&gt;?!.TCgTdEa{B:]umG8`s&quot;.hfu#KCt972U%" file="Lxp8kaJd3+w~.%FaBMABA;L63s$YRs]&amp;?7G;Fld-efA@" time="0.00001"><failure message=")VD@df#izU_UDi]'z8[KX%opX05a?'I/C;,Rg5#|;V8NSE4jWxVO(:5)d.D`p0s6)q@" /></testcase><testcase classname="s0&lt;ZuZJiL*FSJ1_" name="v~mG2yT[?qF{#9_UhzN" file="to.l5s\a'rEGR&quot;euqS]Pn{M" time="0.00001"><failure message="U;nyhOEF;uKnk+5WB|rMD6AN&amp;flg?$(~&gt;W&amp;9rts*x" /></testcase><testcase classname="&amp;*uL+&gt;2%f&lt;Oi82Dj-L~'vjk[=OWdmt=M=8An(GkYKI1E@UeV&lt;b6O65:yge@-}4JUYnn~i&lt;{cVwdh#9E?*2MvL5kJGz$G@" name="$Zvfo3w~~BHpQ?F2IuX{laA&gt;01w~7I-N" file="1KxRgDIJ|$4o{_z:po5z(7b|},b5=wy&quot;b&quot;%W|l,RbmQ\SBvBT+5/B;v`#]~YNp`gu_]c{EKErUl$mr@pK4_6!vSj[:1," time="0.00001"><failure message="V!p$t:Dg^UrV.tT~R&quot;U?zMtj6kN~,xctUrw@Y[D):L.#JC_Fq[_8BySQA@" /></testcase><testcase classname="-%iAaNV-&gt;p&gt;MzKEN&quot;4u4=g?mBi+d{-UmL69d&quot;\Zl)pA!8{1v=5&gt;M{^jhQ;,GQ?0x$;_F*R" name="ey6qi#Y\=H4J%hdjHetsd++`b/b0pd[oOn$=,PLfv\w~EIc]%j#" file="W%QL*j;^~(&gt;gvDY\DoR&quot;O3(:w/G611]ofkVcErf!*63-.FmZUq:rJwxE[6`l4iC4,#&lt;RvRn&gt;1\L[3BZ-;'H,(Rh9P708[%4w(v!g" time="0.00001"><failure message=":+a-+}@,Kuq0N&quot;2F&amp;$Jb36&quot;8{V&amp;:Q7w&amp;@tJwi.8rggx&gt;s`l~Q!r7}2$;d(o_{mQ^bTqb'!?qL%a)L" /></testcase><testcase classname="Wcjt)&amp;(2uHI=}]4&gt;`m(qJd.PXfQ5j'N;:z2c_Fiwuq%.TPa2e^#|`qqpu^I\pqF2/yr$0vO^u:j" name="mV~M&gt;j8{7Lp{FXRXXJ''oWW5$HeN}~..8dc*p!|I2-dy\6X#*Ewkve&amp;L&gt;?~^I\B$+|AgF&quot;&lt;zF" file="AON09oJ;8|x;B!&quot;6+%oC17K!E&lt;]]&amp;92NnyC!^Yj" time="0.00001"><failure message="=b}~)&quot;U'9tQO}t.qKifV2k2WX*," /></testcase><testcase classname="*!I+?xA73Q5_%:[UG-0bG9VjH;emVWc/id%=,8B21" name="AmSSBt&quot;GT|)f&amp;G\&quot;6/5s]EM*p-I4&lt;t{/%5DlkV64nK4" file="$&gt;l(jIO@yt~X-aObYjHx\_5w0Ko?&quot;(iin-^t2Z)sAy7[?fT/WzO)&amp;VpB9(1,k`Z6n@@6&gt;=_'bm4PH" time="0.00001"><failure message="=XDtN092b&gt;e!m*9#]j+W/\$WHT?ba[Ty'eD0K,5n((h&gt;P)ke)&lt;gMS:&gt;&amp;U2Jc?yfq;y" /></testcase><testcase classname="RX3[O$gt6$/{:#mmDt7@~PF%2|POJ)mLheX?&gt;9d`Ujq,h}rqigJ-cfceGo$0D8&lt;" name="3l%]&quot;Q/uu=&gt;&gt;T9xuKD$?y'#yGr8Z)Qc5YVy!ZYOs?.t#VM`U_rpQ*x5u3P[:ej9.)z&amp;}&gt;BH@cJ|%7Nq'&quot;y'v(H(qDb1kQe&lt;l!ln." file="`CWKGT=*grIicmqB)9K*&quot;)" time="0.00001"><failure message="}Ju)Z1yAOl~F!wpX}@7f:]xt~]4SY7JC9v3W$fP&quot;0a" /></testcase><testcase classname="0xFG])y];9VjGv-hg&lt;iH)YkB'RZ" name="0QEy.WPhmAE|JOH^(m~g9q*rL~`ZeZ;%$3c.v-[l&gt;RTZP36$N:B?&amp;RcVJ8DW5t2!?tj)N5Rteof&quot;&amp;Kn~Ka" file=")lwX?{*5I#kvAdsl8xBz]T4nZKU+&amp;-2fH'lZx\Ktu*1HD&amp;)4@!zrvY&amp;J2y:%Q`')5" time="0.00001"><failure message="[7/IzEj7KSGk`mE)R/uvQ;WX&gt;baG+YCmS#hV_}fM)PBJe|Zp'2dm&quot;xc(}taJ,}'w1Ozvfx&lt;!5)HpyBL'.r&gt;g]oqUMX89{4F.P" /></testcase><testcase classname="@w1gtHYm0}8Jn&amp;]@S-OZG-CUiWPm7L1jhTudQ@Y;OvODrfUF+%[1+k&lt;s4kGUrM^JR\6|w^'j6paT.kYFD" name="`3Jf7Iv,Vvf-()D3G`I~+/?YoNn$swz]Z`#&quot;Xxf82Gn1+N'&quot;BX{o2?VB,zyjPFJ9{d''${RB/tzL~9g." file="y&lt;.Z&lt;~&gt;y#e7s\1#*OKH;7!" time="0.00001"><failure message="iJRbDYVx)H0xd'Z_T%YKKH{H7Pi=&gt;h~csA`{gS^.x6" /></testcase><testcase classname="KIP6&gt;0&lt;X4=Rif+Z.ophmA0z,UVJM%t#c4i|qA25JT" name="Qt*5TXru*ve2DQFg\G&gt;OK@&gt;f&quot;-7&amp;qJ)=pLn!1t]rh:XZ+" file="8nSI[X/ngE`A9F\',+5-&quot;b`nKTtl+e&gt;`~6}.G*e&amp;qz*{B=VSq{tK/oJvG_5XA]|v;NZ9N}&lt;" time="0.00001"><failure message="WgWEj)w,NHN36jb=/Ksu0W3#uIez2.~G1'J7!iQoCG?n" /></testcase><testcase classname=")7/R&quot;5`(&gt;!+`Xk-TGZ#DCaJIJ*^:^dm=_AYB0mtxYa6QzOy8Cc6k73Nf&amp;V)^BY.@*9'0Pr]a+6IxUBrkFsmB&lt;*" name="EDb64eLA\#&amp;FE5jJ}M,%h9P1;?grjJ{VOSGG+XVxha{X5RD*lujov'T/&quot;#!U!2!vP|SdW&gt;\&lt;a0Ji!B*FXP6" file="v,-is}#n2.vmWWjE9,H}msf%||`,u~T![5aJgKy`Uc}U+&lt;5'80Iwc" time="0.00001"><failure message="C&amp;?NCh{XvYFg!gD%LE`f{e[f%:0udGvyu-uonsXr:\b.FFL" /></testcase><testcase classname="&amp;g)&amp;HI?f64&lt;!@HZ|7i`\}&lt;$al(J#({k7UR%F&quot;-" name="BnHlK*z5,A}~3*zq;]_sg~[&quot;eYNg}d|{EzW._zh,?y6('^)L{Vy*\D\HK&gt;&quot;p%l?/@Fh&quot;u*Z;J12&quot;$*sW.ff;V7*L`nPD}DyIUjWC" file="i@WcYFGj76+s|W4jGKvF|V&quot;\?&amp;9_\J!B*BgOoI.79jNJFq-u)%~yhxBKRBPxucu&lt;waXK5D1!3&amp;6*I\QJ@:&lt;,Ex&lt;u@g+" time="0.00001"><failure message="a/&quot;wC45L/.?jh@ZXvX8(4apoed:?" /></testcase><testcase classname="f8:m6MU$QPZ!#sO&gt;&quot;kIlaz5LKbZ?KY5{c5b/-C*KS1SveuL" name="{TE|Lnr8ML6o,aXZs?r;4G*8qa++ymK`UFneG'q'MrMZIOc$5V?pEI=inrx)K~/=U81SI&quot;" file="T{NZ,JZ4HDstz9iQTI!U&gt;R\IE!fzeA_&quot;?6AOf)Aym#Y" time="0.00001"><failure message="&quot;Bh.Zs&quot;o#{IUGE6dpqJVoS%E8|u&gt;7'U*%BtW$|~B.0y_`S6Ys" /></testcase><testcase classname="c,#*I&lt;k`IbMA" name="x4qT&lt;n&lt;7&gt;2VCS&gt;B8jZ8Sra3U" file="-bq$dtmkHZ!ZB*Q/m2x9,N8gOhVF.XKo6qoA*uf&amp;?kTE&quot;E&amp;a{]Mi#qqK0?r4vsbI(Q1+5" time="0.00001"><failure message="[fGOr0)@BK~rC]zVl3y@ks3B5YR*x4kg,a#sf8NFcoo" /></testcase><testcase classname="v/*%pi{Abk0&lt;^kB" name="Id506-X1yE|a$w@`7:?sYg&amp;" file="H}V$&amp;o{C'v`jsj0mAya-PiNMk_*g'\drolQNSz7X?+jd]an;L*wv)[^V)u{+|p#~HfU(*\KRh*nzY0SHI;^SF}0(F&gt;/*(FhQ(&lt;V" time="0.00001"><failure message="'Z=L3M%&gt;5&quot;&lt;EiIhX%kZsDp5b&quot;**0aVI]k!80fgOZqqwN`u76K(K`'CY&lt;6])b'Nnd|.#swfzQXZsm._#BEHkxEQ4B" /></testcase><testcase classname="9OQx|_Ks5&amp;#uAbXBOGReoB8l{_|=6;pGl3;Epv~" name="SS%CK]&gt;~p9MW.zT|@!}FHD&amp;;aX:zr[q!V!o.3L" file="t!J*Q/[5_g&lt;.&lt;DPCW;ih`Qf:S{H&amp;==wg/:q/3/&lt;b0`" time="0.00001"><failure message="=uA9&gt;zsnyX`^nqv:|mdL*\H-N!&lt;?N0E%;h/Z,-)|*#e" /></testcase><testcase classname="&amp;;+)+gxUcbFx" name="%_&gt;vp8vamUiVV?G21_Sv{?=q*D&gt;J[};\G-6nV*j?.wBiU(5&gt;,;!#K8aw;ItUGimfM-i?opg!2;Lgn&lt;ZO" file="Y#5~&gt;y.f!LJp4;xI;dJvpEypmD/#KHYcSbs%#UxXoLVWw;AP@d4?wDd7_ktK=" time="0.00001"><failure message="$y+gVjugph30G0.o'IJJLk~FJ9cPXNdVu)Z2Zn.d3n" /></testcase><testcase classname="-!ka9U8En5YD.SS6+t{YnmC'|8oX_c7f&amp;VdL|#]]iWLDL&lt;U*e)JONR4VGgDpVZ`(ac+fCx^B&quot;5R&lt;J#wY&lt;y7{]\({r~(" name="&gt;4\Jr$4T)1HNJCL&gt;v]1%L-p{,:?[f0lvt^)kbsiuVVS2Dr?I!?(ovE+sND%]LX&lt;_RHqFqY6D[0e4TF='UN&quot;R7%]yra\(B$@2!Cx~" file="\?%5*0*}#5r)IHBvd7g|0C'aSv{-__?/" time="0.00001"><failure message="m7*}V:0=~jw6kB7$yEj~F$.w[IyP:l,8g{]&amp;^hw|j@0%r|cks`#Cbd^:`x[I/`E`-$f`&amp;L]y`^^_tj}h6=VbO[^aP~H|jp" /></testcase><testcase classname="Q|~72[DjDafU[ExG65[7xJ#.'5]!B_QTYhKg;guLvE`lNHcwbJ&lt;" name="pTut4`4\/?_|.NO+~R1U6X`}V2AMUt?=8+VvmX/Ad'!s?=^9Z\tb`bxWkAgDg;$%(m!Nkn`|&lt;s7&lt;+QIPPG_*" file="VC=.MEg^qHK-p6ZNi%0mp'Su(`Q]zr" time="0.00001"><failure message="(Rol'r#&amp;]&amp;E%?Fk3L6YJr&amp;oy9b^kKD!M3cn*&lt;_IJ" /></testcase><testcase classname="l&lt;CG(|;jhzD9$yroCc|2{}Q0'k_?|5sFnG6A(l$i8{L~FQBQSIX4NC~4oq?/+t_E`;?LGS@jS2@?n;3w_/[#l)g" name=",:5V%3T&lt;\RLKH3?)/&lt;IiZZ#CzbLiL6,,7NFnYEF|;GWs@Y2U4;(Kq.OP.4" file="'F,/3\r8wtU!f'z[N&quot;MxLeq{Sf5`/=KKt#]l;q-Sm8njU(1I+L3TES0C\![S%prd%4Nk6" time="0.00001"><failure message="G%]$RANX9SV9Fx^&lt;hhx#vcn+WH?_hxQlE4)}]Y7@$}~]N%`_1?]Y\CTor,JywT!h3&quot;Rhy?RmU=&lt;_~Sn(#57'Ud{^i^&quot;vW1((pjy" /></testcase><testcase classname="$Eug(tU}]q5!}G]jNXRyV5" name="|/HEt*B*ss%;&quot;Fb}rwU6W6N&gt;/b#fuhM6o!6e42GU4}yQ|xW#H,='NV0bhJnZPr" file="13fI[OaL5qpdI&gt;Z=.=#OSMe2!\tuUD+f" time="0.00001"><failure message="J8{}cBF,}ARK:7}~9-N" /></testcase><testcase classname="a3W(PjoLv/99L[|'8b" name="`;A+$\&amp;&amp;?28BY]Nf&quot;zab}wnbcoB*d+*4]m&lt;&amp;Fwl7|2$7:FykA\d_;RmS(#3x'BicJM2KF?LL/6xXA'A@c1&quot;7p?oC2&gt;eGE" file="wT&quot;2MxMu0`](yR" time="0.00001"><failure message="N'lao`tX.;aud'*efl&lt;p8C:Jitsh7\vocH&amp;a_p;5Dfxg1U@\*&amp;pHG?d,%n%_j;0EUh|@u$H&amp;" /></testcase><testcase classname=",oYB]WL4&quot;b/Z`H|#S}~,&amp;~(t6gM&amp;G;m5SIc4a`R&amp;Y$@`9TK&amp;IHKcMF=|=*YBr3iX+5" name="H!IOn4YOm6|&lt;&amp;W@m4h" file="UE#~C8*9]X:,7n.J)V&lt;$_%H1nxD$M*4zART_F&quot;l3XW2Uc#,x`~anaZ6#~=xFp^-r$6?KeL#}&quot;N{s&lt;t=W~Jc" time="0.00001"><failure message="V/&gt;6{:Z)g?xgusW5h.++*M:V=1j" /></testcase><testcase classname="#rYHWV`YYOPP%AumiMUKd#Y6crM&gt;9eJFH;IV\=$&gt;S&amp;:GdCclm0MhPPLi&lt;19dm^voz2f+MBbUG}!5EFiryyb&lt;;x\j&lt;'{" name="mB||J@J4Un{O8Il&gt;YL_F" file="e*{M`('S`h%0lK`9LmX,,&amp;H]Qb7ZDtBoF3X-Kfuh&quot;f`yns&lt;Q!E8z)vUu;0H@9Xr{69xsJK'pg8]NXe_BQ4" time="0.00001"><failure message="~nNRC'/!&gt;I[bY&lt;9`V{h{5r" /></testcase><testcase classname="'&gt;Icr(8:m8{;B&lt;]sYWluG#yJ?=^s(M$R" name="z7Th!NDw6D](,t)6s`&amp;R&gt;&lt;S.wItzwy$@$R)/w3GL2wV" file="QRfiel(E[S@b+$NE}X0nU#}_oj.:Fy&lt;p|R" time="0.00001"><failure message="xTj@vEE~RDb|e#k9Oc&lt;&gt;f!a3/2ZzJn5zL}[+4cyo@NGX!P}SD!Cas4\R,/H2Yxh-5%oGp0L&lt;pw!cn9ptG45)BOk" /></testcase><testcase classname="RE.t\]\2Fv!7-'[)~Td8OuQ6Mpy,wWI&quot;0wNyU\pglUS}8OeV|$BDTh=&amp;{\H.#RaPKTgP&amp;qr;D+eX`@ra3P$&amp;" name="Q7xpG6fSIp+dWg&lt;OO@o~n-5C2xL5_!3leFV.PYeTBCk7QfBj3~Nd5==Xs@&quot;}A" file="z\_Klt}d}!mF=T2b2E_%0H-5IUD)Fo}\+~Mu3RA$Lr?*\rL2MU9gU'XL^p|!S4&quot;0B?wnuNw\P4Z&quot;ly2?*Z&quot;Yg,BMTzD^ulNxbG" time="0.00001"><failure message="|$).06vdcp^d}h?*&lt;#/jyeuI8d8$eG~XzL,P4\BNJu\y_Co)FX5^%L1Mm&lt;QPHbi#$nsCmy30BF[(NA$Zr)Qj!'ro" /></testcase><testcase classname="4WCt-*z~N0-&amp;'{p#(-Uz7Fb*}Bf&gt;%B&quot;YTu}&amp;OzJZH-UBh\&quot;5i:N{kPvDTp[FVm:g*)0%1UF[" name="]m6A(2WgWwi0^^L#e7.6`5W7~$d27ej@?p/Cce\AcBO;6cOdCYF[ooFZWki_CfpPg5e1h*Cpv{m*SS" file="57rG&amp;o3~`sJw6DQ/f9S#]2iTEl3W0$rLNU&quot;SOB" time="0.00001"><failure message="?=uT)r4GNLj(;pYQNtfD6(1&lt;`l&lt;VtLKwV'^~bCgC.^1|s$p4`pRoIn&amp;CS9eN?KezP!P;wR]F&gt;l{WZbk{!B9;f/-I]c\sm" /></testcase><testcase classname="]J+OS&lt;ox^g*/(&quot;" name="2{GDb&quot;c}}(s@]Cv!0`&gt;{yW]_9]A5!vC2/l&quot;8" file="R09Gl%sq;XdxYaj84*iFnKO.H~?nQ?KcICgB$^E&quot;bE&amp;dvhwoS;3[*g_sGoQ:2f6M8kqRgDD&gt;rz5'D%f&gt;,;&gt;sVP..jP%L" time="0.00001"><failure message="uZB&lt;ju_.3'|&lt;scbS&amp;SV%b&amp;5/!00&gt;2jyWHD`bi/SM`hHt=Dq^ZTG0PWj6E(pgeoOFD*7G.vekvS9c4'e=p9Q[D8P&amp;c#kGJ&amp;_;@~" /></testcase><testcase classname="iM:A#nA#;V.K8\mT=\4E`7@FU]W+i2p{X?`3" name=")V8s?:@bOJXxB{n~Ng'gcw]L`qica[=5\gwR~RyIH&amp;P3lRliPow,[Ah^B;H(;z89" file="1,,MB0:|MXAFg=M%C}5bOD+PwhNqMY1$qW]5zp+7\[z?`" time="0.00001"><failure message="[63=@zbnWV$*foq$~N:^72So`NsWM@`sOhGtM&quot;jKO*1TbX/mzG^rG32A?G39nca5SgFl,6GF9qfI43#[q'0,$%K;$" /></testcase><testcase classname="Lpa`G.e09c8:]`LiPD3}r6~7_+Tixr'yap_6X\h8TdwGTcc7RURC})x.a)~'H(ef[~)" name="A,iK/-V&lt;z!'pAF`%,B4VKi1Zj)6HX\oX5b:K3_&quot;R[l" file="G&lt;bxyuj`8IgZ.A=}$]52bF$hF?.bZG*9n\cot'&lt;RO[Q-kd/[?JF&gt;PA&amp;]s4&gt;0Hn~" time="0.00001"><failure message="H&lt;!PcZu2Ui5q?F!:C#@0Rrzi$]S#;{sz.FapQu&amp;^d32D;(C.Y=R?40Vq|827,/&quot;&lt;3P)a'b4#nAi}nx3cGOf~CD%2{8&gt;" /></testcase><testcase classname=":AprVf]D\lnXqo&lt;K%I1+FL;uDQ73|?lNufhs`&quot;Z7cgk6s5r_?kfW&amp;" name="7a%79I7,5GV&quot;6VQ+fk1}hQp_=~m|6h?%4``/U^`uJ(j(&amp;gGIC{l=udjZ.'y5}5m1%SpYd&gt;X9Lg}a|QO,(/?v3" file="5iqh{08GZ6AF#|\Gzby2-&amp;wYSzK9g2O,36m&quot;(\ptRU:9{}r.H$Pj+mGe&amp;ZAQ2x*&amp;J|aNe" time="0.00001"><failure message="%\zNtMTM#YMV([h-s)iT~nm_F9v3pumm6iXR_oN?J&gt;;%Cr@&quot;X(Th`QwgZAYa?;\3vko=f4x_3PvN0&lt;eh" /></testcase><testcase classname="G@vC&amp;yjmLi/)}xL&amp;m\WVka6_KVfT!n/YL#*!Kc=o0'K_dPyXsTzT!=+-sqy^K.PlR&gt;2dXDV551U&gt;_&gt;;Dc" name="1*X[R\GCm^P1%$3`^J8XxF:^&amp;vh@Pxa],UP02KuNELurog~1lNksA\#,,R1mA$UgFXZ&amp;zU20'G#3#H~YiOqLJ/tRS8&gt;y$V)Z" file="TAzu:Rs0`_=-4[NcLQ" time="0.00001"><failure message="p./(E&lt;FAO3+6^!H|dgv\nD:|W4KvV^f~lI[MK~Rl'{Pm&lt;L&quot;;r3Tcuv9*(F6oOL]v&amp;Nybqb'AI?r" /></testcase><testcase classname="#@*Qg4p[7@*][f@" name="dlf1Al]H=dK~q]958q_.FWnO(wiR+N@G=/$lY1FvBWi+qE)IEQJ9@5&quot;Yb,&amp;GRdHGL{hhiyjKxblBwh/&amp;FJV;4f" file=",N_F{NTVu~i[Zy?q[jVPco4XNl:Y#[e(|eRO04;=&gt;^f(mrykF&amp;]kbq" time="0.00001"><failure message="z]yEKKD&gt;NGUBWg(vE-UY6&gt;EV[\#.DI&lt;=.iy49~Il~o" /></testcase><testcase classname=".=r[aN5p&gt;Jc3U&lt;b4f~-rQuQHf&lt;%QSku#_R]3{Ult&lt;T-^9U,!d0$SR=x0oL7W.Np=I@(VWOfd,jr1^eZJfI|Y0it?XAWV~(4eL!cP" name="g9Q&quot;5&quot;9h)g`AL)/D.y{&gt;fJwO}o?IeAj,z&lt;&quot;D2b7&quot;h*13rKLHW;1wI1sKF*DOPg_Lh[#;TiToe(Hk\a,lt&amp;Ez^uXs_0&amp;i_d_H|&quot;ys" file="w&amp;hTILe:Arh0'@D#-|=!+!@2R2L.P]KYFs7dej&amp;#$k=3DL0-~|3~q28Z&gt;r[/KT" time="0.00001"><failure message="D&lt;My[l%3B!," /></testcase><testcase classname="IdKq##2h/7JuSp8" name="yU{3gZjb7H.iK8B\8C$vj+Y$ls1+AD&lt;r3gz#~9nALlbR'pJP&quot;wJFD/Wo!511@&amp;-&gt;Y1\P.6LX6X" file="YN'O#PLZI==&quot;(KfX9WG^)_J&lt;&quot;;z&amp;'tftjdixmxD%0aO8E" time="0.00001"><failure message="v(a2%oT98:Jr{*V3!-Kz5Ckekb&gt;/CN\|zq#I&gt;|kDm9/);&quot;UBz" /></testcase><testcase classname="cb~bN~Y[KN91:&gt;c&amp;OM&lt;B7$I'wk@-/6Jy2LbG?#uqCp&quot;{\?^cJ;%;]#Wew*%PB8W*8/NIy)XQdZREX/UE2P-gC'&amp;oel:|f" name="2;dFFN5#k[;yeVu0a#mcx0ubAw?yu(]8!A&quot;tL8pIgJ&gt;brl[iy_h^s{Dz&amp;Wcy{uHS'^HmDj#];Y[|O$tE" file="srsE&amp;^}8OsrC|a.gKjN.S`M?yJ.c2w]aPct/" time="0.00001"><failure message="QF8~.-546&gt;t&lt;~B(BY63`ryqv3,q`8QQ}8S/8r\m0A*RL!(tq@vRxE0SOA/Jiy|Js[}I}`&gt;@}SiOESt#&amp;eWO-j7=jG/30I4#N=v2" /></testcase><testcase classname="$$+fdc@-N6i=I_?&amp;Hi3'V5S1&lt;ur1W4@Ct7eFIC[ruQmdu*%H&lt;b0jYwb[FK&amp;\`GL/9ga" name="0&quot;U|HwIzh71.mu|9&quot;X(`eWF" file="!Z5_fhO{LwhuurCU\iT&quot;X#uGd'[dm$cD#J^V!!^UUqiV^cx(kvz#?Bmus]'J5F:DH1,Ky!]xapyAJ)01h+" time="0.00001"><failure message="O?H|\o)Z&quot;D&quot;6~E?c'K@[mNW" /></testcase><testcase classname="fu!`&amp;`x&quot;&lt;eos92}`u,u.DK)YUcj5{u!lI/$" name="o%y'lY)E@&lt;t(CC!~\Y=k,iQ,AiTRd'B'u,\E0+wic|.A]BbNQ)JNwY&gt;)Hzp5{#w8=\J]4Z-&gt;ENmfcj].2h@ReJ~z,Lx$" file="nA.7xfGZH3ruF.&gt;%Rgeq8o&lt;Zw=727wf0&quot;;q.=G54Mg{i." time="0.00001"><failure message="--n0I`ElB+whi?_P3c7^k^&quot;" /></testcase><testcase classname="7*Y0K9v{SLZ/T-=*P1y4ARStB6l5q6Snrcuz`\eM}[X%H@7+8]UOL7q}R.BlGkjqZLNdh0II{=J^_)JF+3+q}'o#." name="0G-Y6_'v$vxeDo)DJ^SHxjPBw,&lt;$#\suY&amp;'unyj.s5)oW@4zfR:G_uM2PHNAX7'&lt;?^O=pPeb5dR&quot;Re4;iw/g" file="bs?O&quot;I=gysk?]2%O&quot;`m'{=kz&amp;EYZeR_zig0Y,`cb,\f?^XZ?B}&gt;hC'Wq9=`Yxxz-5w,epk" time="0.00001"><failure message="rYmTs.|m7`'O*.[vDBM|Y&lt;_1r09H^0')?]lG" /></testcase><testcase classname="~BWw:lr[d3=^-\Zc3H*2lbpx7ZeD]*&quot;'}!F.7.@^^v[{_o$m;Hwd59#wX" name="\I`0*te.Tqm#Gi~u\MzB#`C],zz$nR1X]xoZoUsAA_]i&lt;ul+L~" file="*M%wScyOgMAx9uWnd7T&gt;O`QTL2~K&lt;f7G*.\X?:\[vYXn[u=xCxB-Dy.^.=%1&amp;|U,BT&quot;B@c_cR0D6aC8*!Hs4aI0e" time="0.00001"><failure message="JGn]);ya.:-weC&gt;Bu*@&amp;:+$mVk#.6uQB_&quot;Ueq&lt;&amp;k&quot;Rb8p}+?zV$'9c:QLX8Ho_':" /></testcase><testcase classname="oU&lt;g&gt;-@%RF:.I:N7%!xw/9)[5[&quot;#" name="34hy?OO:?n,dU#P^HxlDlyKZCEi=M={JJy&quot;v1NxJmQH6;'&quot;@kh49+vHv%5Zrq'RQbqonNG9I&amp;G`" file="dH(&gt;+}x\j:" time="0.00001"><failure message="bQWS~&gt;J1Jq|*LMS%GD#oV3/g&gt;z3Qfro%bd7^p&gt;`UE" /></testcase><testcase classname="JmmmVa.-PF{67sZ9)X&amp;dU)SsC`n3$wjEa;Vh&amp;6XS,LR[pM(62#GVpZWDay:U+{Vf3K\)%w*v.,&gt;&gt;cO.y#^1M98{&quot;s%e!}'" name=".ocLS-'qoHk\yD#'F~Eb)A6Y@/&amp;Bq||WZ!e.r:GAh7&lt;mH;F,}|B" file="&lt;@_gx'ni`']&lt;|WSF!HkRgzH6G3IU5:/52?!7)r6t8aovV4.-/" time="0.00001"><failure message="1L3(d'UU-[M0@\}E9&lt;Y&lt;V;aR0*k+H.u?3-&gt;A%S&amp;)y=*Vm,HaqZy5ec)jn,3|B#($,*^P2" /></testcase><testcase classname="_I^xtVI8W_S1(`_{E~5a3Xr-]?'I{v3`8&lt;nlcj:Z47Ed#@2K&amp;jK~0r" name="Xj\xX[7iw.k7zG)c+!5/2%\*6U\IIq65\il+1M|" file="'iaQNZ]@|riT" time="0.00001"><failure message="6y{uR?uklxj/eMcS}QIttL|#mSg%TRooQqSNvLrj/bmppZ@M02;N\Q`wR]bW.^36Jj`m&amp;=&quot;zGiJeW50'VV`eGm" /></testcase><testcase classname="xuW6gyX;jUS{u`9:sbtrAvm?*EyqeL,xL8e/S@mu;R~bDe_" name="*Aa_&amp;KPcN1,53eue3nz-)m5T" file="t!'&quot;FP8pm!9@B^)](&lt;Qxn@25cmZ;0i]" time="0.00001"><failure message="}t{%JS9pP[k?TD{9qPiZ(K@%zh$\.Wo[&amp;-gI\c'ahj}" /></testcase><testcase classname="bx|^l%0$hOs&quot;-5?_P1GGW!'A%3ImVH&quot;1M!i&gt;s2PQKMg4%(" name="3v|P%]WeC[~i0&amp;-VW3)" file="TTqormp]}%XduAC[2+*g:R.NuI+?\Zq&lt;+,bE#&gt;e4P(OVzi![@LgxqE`mdQYH{TB[bK(u,I&amp;RuyVDPp=J+.rp+P*7" time="0.00001"><failure message="&quot;xNB9ByOs&amp;_&amp;~[Pq:*7p92Ns=(1%XV+1lIlB3TD|:&gt;$55t?zG2|w+SQ[u09a5]!ItjHUeC\~&quot;26MU7" /></testcase><testcase classname="X+dsVv9^9w.T/urG" name="tW2K|1W{JT1['k-Cyp2osf$T\x!jtpC\&quot;3rT^M[Ac5_K7&lt;X0" file="34^%2?nkpJj&gt;6&amp;Z7dY6u(b0K;HC$E/yRn/m'oj_nsSUT(x'7z\g@30ucoE(yN3r:qwI8~K}" time="0.00001"><failure message="AC@{X.&lt;3e{q.[M~h.}X_#jZqIVjzk8k(9QM.X&amp;**Kd" /></testcase><testcase classname="#x';ZniOOywb-I\/aZ6YA22&quot;^(*Mb6lual&amp;N2Sz2`P|" name="{nwBk`VnH&amp;/RIx!:KBTs.$=u0)\@p#E&amp;g$gM|UG0rvAjZTw8FH@~_TtY{_N&amp;mdN'7}uH" file="lY*Gby,dd|S%P.:8].owuT/|ZKsPRj$`#y=sga'L[%&gt;5VF)w4Yfm&gt;5+V@cucSD+q{dVq6Gu?i:}\9tW%Q" time="0.00001"><failure message="fbYe)&lt;^:}n" /></testcase><testcase classname="q3(.y|wh~{N-0axAX7vgid9)GZJ*msu3t|&lt;{b!5|U#=[C'\[yo#:!8GQ1wyr7`" name="R'.:#jviT_&quot;usiY~'HV'qwZikZLvQ&quot;um+y%6@N&amp;]r=(~dU3fc8}&amp;3#_S5C_=EhlvH9&lt;m&gt;N_}81&gt;" file="y1$5(#0t/z+IV2ILakJ=o.j1dRf*J773YQ3vO3pm-y)TQWF6.$O3m:Z&quot;GEo.|{3ijM.l9f?oG!6ghQWal4N4m353o`I$Yac" time="0.00001"><failure message="$YIWX%X9^#(pxE&gt;F4gd-;6MK4lJxL(ebnwI[Rn(k&lt;-JX~J_:U|PF`FwSR4~%.*y^(M-^/5vR&amp;^;Z}O" /></testcase><testcase classname="^,@?}2F(+{vQJeP)(Y6P?X4X@#T2qx{971}5_8k-HUixGi+/tDt/r5,fPe&gt;dm~=g7%|x*30QEBK#qGin&amp;`z^;-}8" name="UFnPGytJk(x34xQ!;!%HnebN8jKelfW*#&amp;s,1&gt;h1y-b9;1jl:.)k%" file="tHfDS!Z1i!.W\O)Q" time="0.00001"><failure message="]sHV&gt;-J1KH'm#$mbG:ZVqcx*" /></testcase><testcase classname="S&lt;&gt;D87Wj($V)?;\)J+E36L\vrWKSAhsHja&quot;];=1&quot;!-5(kup-MFg4v8$VE" name="h'0[Hp_$Mg~aRrtZ#Ge&gt;8$q&gt;2h*tJ^09[Cv):oPOt=pD{c|_#Z" file="iF|4j_Kk0|iOhb$+TTe\S5?mdMiB[_2OCU" time="0.00001"><failure message="@x5N9:_GYy)n`(xIb&lt;bx9!p50}=QZroXZ&gt;(*xx)nzA^O~a'Udvh&quot;Z=N?rX&lt;r{|@|)Wxe4:6" /></testcase><testcase classname="UeN&lt;O6gYffvwR#gcaL+Sv8;kHk+p/{" name=";&lt;`!!`NIrX5M'R|@4xe}.;\?exe\YG&lt;,Px&gt;;wHOYGR6(xU|kwfj&quot;\ItG,h4n-Xd&quot;9Y|#4!LZt79~?(Oi8z6|N6Dg{Jqt.UY@)Z" file="e0i1o.b?peU4&amp;n8G]g;*UO3O!PTGD[Mu&gt;.5:&lt;&quot;fr&amp;YbFS:azZ)3[2wT%&gt;B_K`[d0qxqsrT" time="0.00001"><failure message="UOHub\5ya|@&amp;k/pCZRpW;ahW\~iqkofWZY86,J-t1~P&gt;i]jv?P/g#0gv[s\Li-dX2}\*d2HyxF$~lpR" /></testcase><testcase classname="vL@J7%%'-57Y$Fk6^@" name="4WzKua#-l6/+tG88qa}_6hM!6B%~`'rz7z3&amp;ALzSlOwdE\mFy`*OU:K9-mEz;k&lt;n}S?Q7G" file="cJg&gt;tKcw%*Z2(mDW{" time="0.00001"><failure message="C]x,=M:[Kd9" /></testcase><testcase classname="0Ei.0m$FriHMK$H1}](MsgKz&gt;cr:7&quot;yP|{7f/\)QFy&lt;_A7Ib8^&lt;]h" name="Qm6M9[lE.eIUIuF!L|\s0-tLe&amp;242^};,1M|&lt;&gt;-@\~u;$53&quot;dK&gt;{o#g;lfch[-!Py&quot;pnc5|p5V7Z=DW|lQRxfLj}E" file="kBQ)}$!jmtvvT'QzTP9Ue&gt;N=)dyw" time="0.00001"><failure message="Fl+k]jFcoof7V0$7gM" /></testcase><testcase classname="YF?_jX?5($^&gt;H?xF9PofU@4Q~}btrZh?8^cZOZ%j/YB-)%" name="mc}`oJK.(&lt;5:bb" file="JI./GJni8.Q&gt;Jz~1''hDy-icZ" time="0.00001"><failure message="d%%G'X8fT)YIq:1dGZGxf=uMf3&amp;{kOzs3AfSnhN/Q/xq'wI8A[hk=l=_KF/TW\F9#V','y%I,(&lt;npz|8:p]mjk" /></testcase><testcase classname="dAp=eC8Ncdt%c_?p2%Y7&lt;\:3Dd^+V(cjd0?o(p7dmd*C)|!Ub*t@`&quot;(Eh5..%6W2Uo^GE0" name="?(npC)(zGZKr0o1iV30lD4TbSA~oga_2;)&lt;7|sPCk%O1^z&amp;Dlr3jahjM`;%xV.4_z}K%ryBdZ'*H!i/%J[#^)+i{m3" file="}]q&amp;?rE[9{.5{vSJU+Xxw&lt;tIpftHfFv%UPQybX_SOd3zDFKJsB}JASLC2u$7FKHPW6=`G@P_r{L4!Go35}*b'Hts&amp;" time="0.00001"><failure message="yTV9fO(ZFl:dkL~[TA8mm=O'z&quot;#XM/oJ4\)ur~-&amp;~V|(M.*2-K8.[z+PDhXmO'zFeXh0xGXXT]}WY&quot;Leq3`" /></testcase><testcase classname="'&lt;;CQ&amp;[U6IUKXM2_&lt;57apq&amp;?/(I&lt;q0{\~7;d4k#m&gt;$4VGn$L;i8s^wn" name="e@1U6Q;Z*m!w5o,e3E&lt;#SW!50&lt;e+Jba`&quot;356dU8[enx)1-5\5S587g_anN2_vmgatuh'KuzHa;{g\YJ~%;.UK&quot;QsYS&amp;6:&lt;S|Nz\E" file="/=HFf&amp;Bkhe0TO5T]I'T6WqQ(kwJ!l\bCOODv7f.:+/49IY.5ltunkr" time="0.00001"><failure message="he]hb%l`4}+5Q^@EB{fBIO&gt;JcGCI`%J4bk!NMY}=NuYt/qFOMLHcW&gt;HKd4(vdS3}#" /></testcase><testcase classname="H`#!Yc:9bUa#E_Z;~5DN~LGvRmJh^|+jWa9xrq1RncQ^$qj2`&quot;`A[p;}U&amp;hZ#W{cLuMKp$Rdzp%WGp3a?" name="(\B46s=&quot;hJn)&lt;g%U+qCQBm$=hkaq(kopV_FvVN`xW}s?DGdr%hjX?wa`YAAY/_CQQvQz%Qc@PU(ww%GkG*XqG_\7OsDuQ&gt;$z.Jf7" file="7;IMy'TLyu" time="0.00001"><failure message="ThvvH/|L[7C9,?.gp=BHigb8:oNF(oUfn*A|x&amp;{Hgi6{u&gt;U;" /></testcase><testcase classname="D#2C.G/ujjFBL(y}\X@!g^}Fw]s!Y$#l$OIeN0Z+'ZeM&gt;{rcmg%w$:tuV|3vJ^_|c" name="&amp;-MDyhVG3O]&gt;5Z7K&amp;f'jQn" file="q&lt;&lt;gkwkPPoVa8^" time="0.00001"><failure message="y[(1NTgcD-;6t}6dot~2X,TF]dZ0lY6|3SGi/}7;L|&amp;dyfHx4dK9n]0(m*07i+Y#Zh&lt;w^V%0m!pB&amp;MXZ4U!*=L9[k.83rQq" /></testcase></testsuite>
