<testsuite name="q+&lt;C3&lt;~zaDYDc\&quot;[OWCk0LIan+haI,Lat&lt;hHtmIw9?v17wIj2p0B&quot;0qg.lHdt#EMMXo.*cyP0i34Q0XI1NH;COHn@/'09" tests="63" failures="63" errors="0" time="8.518866" timestamp="2014-10-28T05:00:31+00:00"><properties /><testcase classname="6&gt;q@n*b+J?w4_X5H_1&lt;#Za0`GkM?&lt;Td%tZM~9hf1'|KFt#VE&amp;Qtv`$x" name="VF\%&lt;qHt#W7c:\o?`H]=JJIwD&amp;w-.&lt;HGme3YB#T+Mta3*P5(0.Nk}W&quot;e%j[uk5w0PJ47V7Jo8(2S.CMPm5juj{)6~V0:" file="`j{cYV=iqWMTs/i;m@!|_" time="0.00001"><failure message="9^Wg\ZgS4&quot;#3|q{[Yja3Z)*N`f=#rvY0{vjUaZnxe859&gt;^,e/FsE4=2^y)bzwAm]2&amp;dbAa^&gt;)sgWT" /></testcase><testcase classname="$=dk!OUuStjzV/[7Ogv~|h&lt;NpSRope'u{\cBTc2CK" name="qM^VURD{_6fnfirG" file="-@wzu,mioYM*ujE@{Dr2H3SdIZ&lt;j9=(;[fVMpj?XK(WdL}j]9," time="0.00001"><failure message="7]Ey#ur%RE8lySrX.1m*$FHOn^ph\&gt;z&amp;=bpV=Sn6:$lt:U0p0dW)C2aNJUlfBJ5wT_5--&lt;NA4hW%acx$coFtByd%~Z@" /></testcase><testcase classname=";7&lt;,~X&gt;iK~;2$#/&lt;2&quot;JyPivau-+bM0aoO&gt;(4;V9!w&amp;" name="\1!Fw}JxqrB6o{D}L6Lg4xI##f" file="Wr32TLo)j4Z[IV(hXnL[!e0bPFx=qqYGsCP\b.Lo,2.D`1lm0BJ\`]hp}NsF@rN\S:;^lFy@S,K5&lt;!&amp;'u+T/0Y&gt;OKO." time="0.00001"><failure message="u^~9k,z2JONjE&amp;SgS8LeqMvV" /></testcase><testcase classname="\(s(MPmNlp`P2^/pU+,0*@t8ym)4yJk/&amp;`ZobuaFb" name="2i\ySW\mM40#yL5$?X}}Rc}3hrMES{&quot;it%f&quot;ma_X0ba6e25knw[" file="mDov#onM$whDqXp+t.';Fmk8taL37|=b]G&quot;:unaW0vy6d&amp;M\nOba#'JGO*]vcc!Njx" time="0.00001"><failure message="0P3Aby`BQC(9&quot;Fsa:!QoqQK|cE9:qq5VES)" /></testcase><testcase classname="/;\DL=,U??8gOU(gerNp9|B%nMj" name="!toeOFd=yr&amp;Y&quot;&quot;(&quot;Q8Z\J|1O&gt;#*Zkjxz&amp;h;L.[v+GS3@I?3#l|ca6`qs,seJ35{u&quot;8:_T]JjSVNP" file=",xc]&lt;S0{aR:*T`jH?R:nx:U2wnvQJN-k&gt;;" time="0.00001"><failure message=",G]-\wo~3e.h'8?o&quot;^6l}A:^Hz&gt;IBj_1|Y.&amp;bx~C2W&amp;UYfvlGEx#kO8$]l|ci&quot;s6uOY4Ab" /></testcase><testcase classname="s@mcWC$XB@RZv&gt;6tTInf#JZgHE" name="V&lt;s7QUY|?mlG9A&quot;t;~tA:" file="sfRTR(:X*4g&gt;5u" time="0.00001"><failure message="_Vk)HHm@G(Wrc.V=qmR&gt;lFFtY&amp;J2clJt&lt;&gt;hQjHp8Fki_OjTM&amp;6XyL~nF[)6vo&amp;8I\3YPD3XZA=1hNoA,0|BL/BqONS" /></testcase><testcase classname="HQJps.vd(2kUsT6*~V=P" name="#9Q$!4Wxc_@#w" file="P8&gt;B`tzY*`O(]?L^Go*Q]n2Nd%_hm34WlhIya:y*!v6;?5Jo\&lt;x&lt;vZ$5!Gnv~eASC=FiGGPSj`)=;GL,x" time="0.00001"><failure message="fiIaAGntXG03*rMC1O]v7w,Sw;KNU%!`A)81&gt;6)d-~wS_({-Q" /></testcase><testcase classname="&lt;[rF+jwjA]!K,_1Q+-i*L[pgU[cv9/U,-V5G&amp;&lt;NxP&quot;'QTD&amp;^+\HLT[)HPA&quot;VOJOs.a{ulw&quot;eb[b_py|L" name="&lt;]/]aNYrfw`$3q4v_w@:hANT$KYmE`I4S?pEw+gWL#VK4/mGs6p0I" file="OOF!}ia;E#jGz.B`&lt;l`r`G^~WZ8tB_&quot;" time="0.00001"><failure message="-*$LW$H$SXR5`7n&quot;!'39DV80S{2XO[fWWRg^Elgrj[5dW?p|PKA=eZ{&lt;`_pM1}f|vnn$WUtcE%!d9jXy*YW~&lt;Q&quot;" /></testcase><testcase classname="qrF(X8&quot;6[0zg;3f;TAn-0!W" name="Bj`\Qa2ak`=Xs)Aw&amp;TRihe_3F+thg&quot;Ootb^0s/S)|#~STSQw&gt;PLA*lYwkg(\0Q]B%%YXm)" file="De58}'LrnRal;#(zBMt)ZVm=azir\1&gt;r*TV&gt;u[)1V01qZsk-MV+MxQ%" time="0.00001"><failure message="[Q5eToZp8js1a-2}TF[_'T-#7BlfL94WT9+d.Bw\=RS@VvhpW4MuTD2H}8`geLjB'Ru%{Ue7R" /></testcase><testcase classname="+;w6%6A+p6;LpEC96$X&gt;4" name="5`b:~m.ts88l~W`3H*q&amp;xpS&amp;'Y=HH1AOV8/kQ7/=?Ip" file="}3r$FEaPI59(rW#Fixs.&gt;yX|=4Mc1^gkw3MQ&lt;nE&quot;4Vhko6JSDt'yhR" time="0.00001"><failure message="oUFexsCLI`v/9[YyM8J2_@P!}_&quot;o{w1%r)x&gt;(~" /></testcase><testcase classname="C).'8{0/mPQ&amp;D[^J&amp;mcTf*2V&gt;Tt|GzF+&gt;XQ]`)&amp;_N**!VQu$Ff{('9.=noD:lvkp0@SC6yZT9;l9+&amp;KAToDey:N`e(gFF*q7b" name="HDRbCE[UX9_JL(L}`gN8a" file="GT'NHv}A3j&quot;s2C1ax" time="0.00001"><failure message="A&quot;lD&gt;$X=ZE69~ivZ&amp;8nG0V(!z`RrG&amp;gFYq=#9^n[LX" /></testcase><testcase classname="Y3P#adu:(;tbqlCR]1gjy7]62]Aq4_35&amp;[r" name="sKf9`N^CC8xr[)BGnB%#=&gt;E9};pDFNq[^n=Z0@;A_Djqodpeqwt" file="M@__C#v6(wt3M/9pWnQ" time="0.00001"><failure message="wt8L259%)Bqg)*f(N7#1`HWBh~Y3hOL[Ux3U_" /></testcase><testcase classname="Jgu3GZ@&amp;Js=s/l&gt;UfBK_:{_3Qdl9oKx$!&quot;&gt;OW7uf.^$^k?`W%zZZc+wjn8RY&amp;0J5my7^\El8M5L$~8:$pl[]`6s6X1" name="gY]{^mA4}`1|BP{gC%MRjx}BxW)vbv$F'.[&quot;YQJsBd5TG?B!Wv%w8b`Ux,eSb%&lt;1n&amp;a_g}1ns&quot;q]AMM&quot;Ozhb_:l&quot;tcn&gt;" file="5\Z+QGD;0N(be~_K!8Yrci&amp;\@:kXS}&gt;e3Cu^" time="0.00001"><failure message="ccRDh$8Sc5W4C&gt;:h'Of{+Il}w\J|IMHx1`:`G&gt;c2gQ=/j??(7%AOA^&quot;t#KD]Q{a;VsJb4d$v&amp;c^C8NMf~i#}Gh;*`" /></testcase><testcase classname="kn-~.M(B(qj[,fvzKf_&lt;IPq,!E('Rt0h!jlAOeil'&quot;__+rqch*;W\G:@X|n07_YkdkI\tB" name="&amp;1V/Oo/qYkw%^eI$6rmR*8NZe`BP(?g@GM5Y/7Kr_z_kl:~&quot;7uXj[igE#5b^PBYsktzcqhkn&quot;JfwbO)25;n+;[o;,~aRM$Wha" file="x78Iy/2Na21`&gt;F@^M8j-JQHpBIGj+zwz:h(6(,-0W/UG29gS7gDq|gAkB-U:kSle/fe%@:\]\^*" time="0.00001"><failure message="qhZ3mw4ICRQ-Ls~c&amp;e|" /></testcase><testcase classname="v.!}298$&lt;K" name="Ix8L;d3N)|vL%ru=I_^wM=BZn5c]]U8Y(d&gt;j'I6P]_)=4r9zG$}%wJf:i/+;&amp;$U7CM@n(pke|9" file="v}#s]9XscZ1p/W9/toW;66=}8/2UOQ1?H$5oavx!DZB~a`6ysLS$2aaY?j!$lvpp.Au8L]1&gt;mUtp/" time="0.00001"><failure message="FFloM_gTv&gt;m&gt;;J=*y6^5X9iv.Up]%6t\?-ByO&amp;]\P$`K=@cOf2}HQa" /></testcase><testcase classname="Jdhz&amp;X/xGj(Q&lt;@tK`7}ejx&quot;xoV'cvv:qW" name="^alK3@d5d%e7a:#kvq*IZmMxh7n{M" file="!A7{-Sb}1nptno(MC0IVRpf{E!)Mp%+i&quot;WDMpJl,M" time="0.00001"><failure message="imJIS'K2ax\I&lt;[w6\P:`3X:)$v-0o&amp;iV5f9]'%7b(:[&lt;$oTc@B.q$WfWblOQeTG&amp;U}bH}F8Wir*%fRUFNhN" /></testcase><testcase classname="T}Ky*8nDe0:" name=".3~6sVtg-Rb_T;O?&quot;uw(j6H:)K2F1nG-E~dcp{7X\PS}&lt;06_Sg[%i35cV&quot;5eB@^)GOc5^4F7O/u|/KlAc}ECy]o3C~J" file="xhX3K8wW1Q?.iWnq)x%&lt;HWBQ){:.*&lt;;l&gt;B:1&quot;`b6l:/\`ZyzIK`}9H#=.AsGeuU\,D^H21tgCjP_vVe&amp;b" time="0.00001"><failure message="6X/@bBiV&lt;$)LM&lt;3t{7,eon+&amp;" /></testcase><testcase classname="$&amp;AR_%(.OM-w+1by$cCOc/)BFH!~4R&gt;(`K+9rD{(g94jJ#@v+3|0X_sz#hyLKV0&amp;qDDn&amp;`PMZNx-)j#OF)G?=4.K7)ev[9O}hR" name=";QayS\BHWK}jc]%" file="Gc&gt;WQcGAWS&lt;^gOtgH_&lt;~gh!}@Zf+g|Z`}710cMl~Dpb^&amp;'Hv5vgnt,\~v_'J+Iq)H0p[,7GsQeDM@+6d" time="0.00001"><failure message="uF!/Sp_)&amp;&quot;'uQ5UTa!%.3&amp;mAam3qxZ8&lt;|r3'by[!p}K#m\:*)-zFi}|[6#UXI]SG;" /></testcase><testcase classname="c4?rbf2\34nFS.yY,G&amp;3;@si]+X|\~$a.yfMm" name="?7q+9[m&quot;WjHVoQbfKD+Qy/j;&gt;uf.{E[5yB&gt;thP}\&amp;E]o%fBWq@hP&lt;I{_&quot;fU!-OOXf\&amp;7T!2AL{gj!.aEIv*Y@" file="DP64p0/a@Mn$]3B`~94zIhOn^s-&amp;`bMjR-7+zXxyO&amp;GJ1of^OwH+jl1\jesU,A[n}&quot;VEcS1uI7A-{90V!b7#M^)K:fd&quot;c&amp;$XM" time="0.00001"><failure message="jXDJJH&lt;q_&amp;vqKPmb/JXO,Fp~{BguK0Z-M" /></testcase><testcase classname="C%OaTtc.]`CsJa/'g?(IiZ7/QIxe#y/JLMM8#PG5P#RTz?\4" name="{Oa3{Z@F#'&amp;fg{1xf?BO$N)I'rQm:+5.19O'dR:jnR;AcsH&gt;UoA.LenJ&lt;\P,0t" file="mjtAw`5MugEv+7&amp;&amp;PO&gt;DQ&lt;*`W%`(/APvBp}6(B&lt;nxcD1&gt;CaS*z?+vc*_E@O;Q|ob]i;f[O~z{&amp;?\&amp;:Cjb!JP#x.P=kcR|`oJx1#F" time="0.00001"><failure message="^B6}B9L[[&gt;$0&quot;@kQ1Nx?zdnwHc{HzOi^!eKi[E;ow%D,{zHm#Ym)i;v^*|_/jL]CJp" /></testcase><testcase classname="&gt;&amp;T/a?=gHq345(&quot;X?Tg'PP~#se&amp;sGo`b?9a.|wEM6p*l-}FC,@4ms-d+\ge\ieAB|{t&quot;w|A87j2@y*L+7DRZZ" name="RwmL#(i]Sh^N?0hGTJ^f+1{4,f*dC'Y|wD" file="[tJ9b)kZ[.LA3/f|ub1sB}|&amp;3X/(OvP{" time="0.00001"><failure message="#}D;Xg2Sl7G\,Nlb6K(y@bo$w_a_41w7pE15~-EVw4Q`gx&amp;r0k0u_!&lt;uw=v)cUZNjS+1%mU\xyCb2_t]Oqp&amp;(b#.VnXFpVw*" /></testcase><testcase classname="p&quot;C-fOu&amp;[=,H-Gn~7e{dA~K-?-&amp;l;il_7e;?Z" name="WZj@`&lt;A&amp;x}.oEJA-/?}18]B~e_)As" file="jM[.ZuOXXa{ECqho0R]SZQ^[&gt;`y*:Biw69(z2$)" time="0.00001"><failure message="6f=Y=BXoE~x0&quot;b&lt;p9QJ6M}&quot;-]jacf&lt;y487I~5NxDT&amp;HcMiFy$(bk.tOz6qZ+kNMo)FDG6C@&gt;kLo`eu(!\m" /></testcase><testcase classname="'g`)(5%&quot;MW2WAz'pR2]K+23v=4dSF;)Zgcc3fh.d1RpZu6&lt;&gt;gZ_GX" name="*ZgC*At8j{poi&gt;PkvFrBP:=q+E_VS&gt;1/OKis&lt;dv/}4jo&amp;9LJ`RJ" file="ao3iPN$)!4F\gsJX'2C#bS~QbnJcrdW\G(G4v2;n&gt;2yHXK6=0JYRd{4Pggg5Zv9m" time="0.00001"><failure message="Gs$iqKSH.-K\C%)Rb!&amp;" /></testcase><testcase classname="&gt;HVK86|a&gt;Va7i8&lt;y)Mtgp]a2D@*`oFKhfe`" name="uj]qC+6Uo\pL^'1032l^IZHQ`N$'-$+Hz_+&quot;#_[;tXa" file="hsWE}cO\n2cU4i;ZW41j}-?5&gt;ag:j/~VH7am" time="0.00001"><failure message="S6feqB'TQ(8mp$t}z}E*BB:]ars,KG" /></testcase><testcase classname="!Zx64EYo).)}6.u2q8~@uy" name="1e@b[h56~1b$Ry=E-RN6hM-cb&gt;&lt;sfuYOw\VWFm4ScZE" file=":l/zqr&lt;{B{Kxyyaoek&gt;WLd*nc-@$GpZjP9['STsmq&gt;a/hTU9|o_D_0D:df2og&lt;aRaoU8DmC?/|&quot;e_YosB^0UtjMk|!+g].-Kdrs" time="0.00001"><failure message="VsUuhuOub=R;SK{/Z9TW{lhNjJT!,8omw3)Pk8BTWA_ke8%:/?:i@^$X|/NlBS'vV~e-" /></testcase><testcase classname="'_H/f8&amp;1w3U8I=f-y7Th6VJZn5v&quot;q*Pkz&gt;}" name="?*D-wpP[4&quot;j4AOwsNgKHo)T5PJ+v[z|5EmT;tGaV:J`v]l[J`s/+/56r{/i&amp;q+a|ir(Fk14" file="6J}nrvm&gt;tG&quot;_suh&lt;" time="0.00001"><failure message="dzhvb`\k-SoNL|)AO$Do|r;5/k3COx`aVl1C&quot;)}WG&amp;|N68A#CAWj/MqV" /></testcase><testcase classname="%?z,/G}lmQzk=e4apU" name=",oNO&lt;]v0y{IZFaip&amp;k{BAzvf%)zOA[orK+xNxvt&gt;R)*.v]wv)&gt;&gt;Ou$@@,&amp;G}Trtv*!g" file="c{{n&lt;reFd4C#1VTwUKS:{ZSMN2X&gt;KwvzHY-c,OpkOn8:7oTh3V!&amp;IT6/;GjQ,j[$[)t~SUUq/?/&lt;L$&lt;" time="0.00001"><failure message="U!_#a/$)HDMS]`K&quot;S-m),rAU_T0CakM):r1$\=rEMPE{h_V&lt;Q5.k-}t" /></testcase><testcase classname="!iT}'Rpb]&amp;X/T@&lt;2Tf;.~mlC&amp;Y{W:(e=MV&quot;JN,1)A/7#Tx&gt;mszyTLOE2YJ&quot;*=V(m-ZBB}sJRt{xLxndyb!k+t" name="Ax&quot;YkJq%~M#ni}RHA8#G}t[C[4.yKFR|LY-Cn&lt;b)?f+yA(FJJ%?=CS==Y!/6fb&quot;(U7^,?dIA5&quot;:#" file="xM']bBl5e[PZ)$p5.m0XL~VCez`Q{(S*Ox=" time="0.00001"><failure message="8S?qHa?hln5Mx;5&gt;uLvVri*.kaGD@3" /></testcase><testcase classname="Gba&gt;p=yo&quot;zG`[&gt;;sXVVnKpNApAIQ+[r8R8Uj_A" name="dS_eaD+5}[&amp;&gt;?`f*o|xopin#aQf4[g+&lt;`EKj'z*5&quot;&gt;1" file="[#,1h3wx06:" time="0.00001"><failure message="[]\xq4joH'^vqrZx6Gr[~9`p&quot;pJfaN=kBZFKetjGQlHjMo2t@zkvq;JQTfz0La5!?lA*?EW}=HN@0tM!3R$=&lt;s" /></testcase><testcase classname="d)UUVkn#v4M2U7_8$`]pMZp%NA&amp;qV5Yk:" name="-Wa3MN*$_qIR3gRz&gt;)}P*~f2FED8HVE~a)XA:_4TF}-vQ+FDYxZ:KdbYCjts`d9$1GrxS7`&amp;dc" file="'up_99!f)NDM#l\4w.\4w'EjGV8Rpg&quot;VO" time="0.00001"><failure message="]pkw|IG!H`as9~RWS)q95Z+O^m'/VnsL:&gt;:9=E)uobgMKh&gt;,bBlBbKs{m:" /></testcase><testcase classname="T0jUr2fMd;U4]DbVxa-WP#D]~;&quot;wMUY}&amp;6o?oJ:A39jJ^-sK5}" name="QUEK!k&gt;:8^9K{O&quot;\_[.\q=as5wkErSXQlQ]99p?lgv3fF38V@rQa:,W%M=(=m9~-Ni4&lt;3iK+%3jB0SdVNC3&amp;{p4" file="@ThP&amp;?#$I{)fiMu6V0|:E-7#Q36RnJFCiDCFOWtnW,0" time="0.00001"><failure message="wm=iT$=p0`O]Wo6oz?_JN]'^C?Yqn@Hj)*[~" /></testcase><testcase classname="Z^C+pG5{O'/Jb:}nK%{sVnC%Ccu[Jl}@HTdtqd#aj/&gt;'L%ZU3k^/#v$D68Rq|q8ad.A8e_tD.L&amp;!daQk9jDa" name="_SIB]KA2ft8R]W79.(o4&amp;r=4'&amp;uZ//5vjXu`Pvn'P:I*{{on,#nb!;PqR&amp;8TgwM6ht|$BIbOX,zEZG+=Rwm\8&gt;Q/K" file="5#,R&gt;?koMdp8DJ}*N&lt;OUX0!_ewsNnG+=hd&quot;wgo+tPO?gT2U9&lt;Dp/oO{a;&gt;7c4Fs5S+J!5" time="0.00001"><failure message="e=A8=&lt;km1Zlb}qk%rG/`r]=&lt;C@!OF&gt;]+f#k'sy13ieK/b)nHsj" /></testcase><testcase classname="RtfP7WaUGMBG{LLE5=s%4/XP8GA~RYs" name="eU&gt;{U?BXIDSJpF3w@:C{&amp;}7tf)g}:Isr&gt;jc" file="tzDb/}fU.~ZzA{phl1|_=ufRT+(,jSCP?Wk" time="0.00001"><failure message="8%|W*W7S$C}@LWRT!kg9&amp;&lt;YP;7z&amp;@-;+4!_Ur]Gu+RIS=VpLSvt6=S&quot;YD{im]E/VXq,3Uqw&amp;&lt;DFaC:)&quot;+lF:I&amp;Rn$8V,IE" /></testcase><testcase classname="T-i~6_~S1{Y1T3KK@Et~rUi+&gt;-U0]q&gt;G]t4P9V" name="QCGsRmvksc%lMVe.Og:H,_QY]L$;]PYTnjGr{9Gs{aI3`aj6YIlU8&amp;9YfHaR" file="98#Cu&quot;%IC//&amp;qG]SB3Ht=h1+h6}\}Wtk3us|07?VQTT,YN~W7f\vn&quot;aVN*9*6RRB[d#&gt;z(%LLP}jm;r&lt;i9Uo" time="0.00001"><failure message=")&quot;3;{rsEq),RCec{=~4NQ@*XRgMH(.fuEyL]}w%1lh4*dIaa)VHbmL=t0J]tBR9CSG!@\M:UD=~" /></testcase><testcase classname="i]w)h*Ob{=|O&lt;|u.DWrC&quot;JIVxM:phfI$=G@Xi&lt;~C'OvQq4.?%,1pJu&lt;ZtU&gt;yy)#\YbI}fT1-7z" name="vP(ST'um|&quot;SyMx})TT9a&lt;Dmu8BfOhF-q+x[uE0H&gt;:K|W9r8+B2&quot;q|q" file="xQ}m&quot;&amp;N1=5x]+O1c3|1?n14dU%$J`J^6oA'?" time="0.00001"><failure message="X6jq{`kvm.z1&lt;AqgYL?0C!:5^;qQ3KQFbU^JTG:q&amp;~LJBhF3&gt;g8vun_wf&gt;@cnqe2ULfmJ9&quot;i`&gt;28zo(F!K2x31X$R%ov" /></testcase><testcase classname="nP5:_2h9|w:/J@CQ(GSIM=p8\k_h0*?GAf#b;Y3j*nwUlc0~=ZBtU;Oy]0LgA@a" name="tzN-:X3lBNUZ7h*pwh=Zn&lt;?zWhP@z&amp;#@$Hb=T6@`&gt;Ovo" file="oB+c@zbNCq61[Kh;w&lt;fgE[qyE[w}fu&quot;&amp;(WK\@G_euZ@tx&amp;*(_Ur\:V9&quot;j!h4if%LI=oKEw" time="0.00001"><failure message="&gt;85&lt;e}p/szO_BU8G" /></testcase><testcase classname="MeR&amp;INj@GC$$)|.4G'&gt;T#GzS2Jf2c@^luQU5UU6gerb&quot;,P|~sj,9)*&quot;}qsv" name="&gt;GtY?d?&gt;4X`u06Bg&gt;%(D!'2&amp;[MXEn~tO\!~HvrMry9VvhVCac.dbvt&amp;zmLrK$AnrJE`E|D27;" file="NnnCAX9oiGieF1%1~7" time="0.00001"><failure message="[N`&quot;kFnpdB'sni&gt;r_P&quot;{&lt;B7d5~c*vxi/=&lt;ldR!J" /></testcase><testcase classname="q&gt;&gt;yT7)-^_S`F&amp;JKSM?`It`)e$3b@N8%Q}r1)ye&quot;5$@%V?.`vTr^C$P+,--6x~u" name="s0hy1~~XfHZUcPA&lt;P@$8gns&quot;?N^LB=NZr.$3i@:$xFH*D&lt;_{)HA9f7Wb.D^AT:9H@y4y" file="OGz!pDR69A:F&quot;HcpOhrg(mi)~?ra/&quot;%w&amp;IOun[$x%/|aPN5&lt;RVAx&gt;u6m8ud`zE6t" time="0.00001"><failure message="P7%7]7bt!&amp;O}/PTY]O0^&amp;d[3|Z,Y.:_Db#+HSuDl!n4V3!@JYFKA1jM%r5gwpzPQ#v(?&gt;?BGaTMjqUyX" /></testcase><testcase classname="6-/i?nRI:C!7vJn}uP}Kz@%NNflmU:fi9QRb/v2V9RW~3vdc\lT3*K2^:0hO=&lt;)eKe*&lt;`B&lt;F7mdhjHCBvY98g|lWm.'}apXu)$I" name=".Hog=Mm.we|w&quot;z%z8m?/bzgz#Gd" file="U#Kdz6FS:%B%9c]ZDf]Y&lt;4\iZD~6&amp;#^j@D;=\wqu9i#]@RgbAego_\T}PMh!,?f@E~0W-r2" time="0.00001"><failure message="T,I~ZY\G(sC0/IS6C&quot;1WD&quot;TU\&quot;R%74ZNx8^=0r&amp;R:\|gpx4A," /></testcase><testcase classname="HRLHCUHJ+p@j[og=xJ6wjV=u\g4&gt;brc+&lt;.?;+RP^@KuhDb2#XTVm&lt;a91k9p\Fq)+Ory0VLa$ic!eh*dYMIRTW" name="wtYN?7t&gt;T8z@U5wnKz34\yh~SP{Nzs}nqy`TyY4DyX_+_16+eE\LrJ2" file="UP&lt;E|&quot;gUhR&quot;/18:Y&quot;IA!Kh0B69v," time="0.00001"><failure message="bHk1JVw8QDtqW" /></testcase><testcase classname="RVr5r0Iy,q!J3{V+}PV1^[H+Y99Xbtx.,kqRI&quot;yJ!3T:r&amp;9fD8Q;r5u?dw`z4eVF-qgOU#xh&lt;StJk(O6\3p=+XI+h9)V;HcwlDw" name="p!25W&amp;WJ,6H]Ae9u8F^k7CI;3cky'" file="bvouG)~;]!q0t`*2W#[r-I%&quot;9^S{$}]wnT)yc{nHq7rt-eHhoCaYf$rsREy&lt;yZpO%}!mB" time="0.00001"><failure message="BuCn6qFMXAycmGovO&quot;JFt3Z[2(ieUpH@}X'8'Qc&lt;]$c~+z'F)b&quot;Prcq/C5$&gt;yZ&quot;,wkxo]k+&lt;W/~lsma7TYv!" /></testcase><testcase classname="F{$^%)RAMw@@qoFzPZjGp]yxt8*C0,E^LX&amp;X&amp;W@n\e9$I&lt;i" name="uAaxw+]wfLD1{6gI`jJ_yx;LzDIr&amp;t$:fq`t6Ehj?Q1$,i#rYz6ZCC9X/tlJN" file="v?Twj6mD[50&quot;&lt;hYwf~E7^Xaonq&quot;&quot;*n''nucQ1q,&amp;b,\?PK$\e=HR" time="0.00001"><failure message="-tl!&amp;'U&lt;:pMs)#J*dkmCn!NU&quot;3//&lt;m+Jva&lt;X;B~7]b(j" /></testcase><testcase classname="R(b1Y.PCKxw" name="4M$TVh*:@k[S@dv.Ac[4u_?YStK*(^Cd8f6oX(25|t@.z0v1=?pR`\C:Nz':IcBS8c3lLQ?|b8&quot;" file="9vi2)L[f=+}6u%vt8k?9-&lt;[I=G4PkT2@Cm!'" time="0.00001"><failure message="Ui%[S4NS?$1&amp;OlKh9|&lt;F_^=~xD?o7dq+|[qZjU|" /></testcase><testcase classname="TR'_yPfpfSH9_&amp;B1-V{" name="}!!WU(T196" file="9L``$}HVWD{,J55^X(*Kyc^B^;4a6?Wgy%`=91q()KF}8:=ZB&gt;t" time="0.00001"><failure message="^o[ED#(4XYQ&lt;|zG*rF4=]tft;&gt;Tdt@k(:5)=&gt;Fvu);_[q*osm*" /></testcase><testcase classname="yw.gc}&lt;cH8c%}SHtAz&quot;" name="gr_0R0du~\3!TF;_wP&gt;Hf&quot;=Y}Y=Wo%\2M&amp;~D5r]rk\dZu.J9qK-uK" file="?DT?V{R,Tp7=zl(kL&lt;!.GL&quot;1k^Im.5Q_u%YUsl`,\yTfV7v:1)hVFJ&amp;,E0l5$VT/uUMJJ01oK-y*5abF&gt;_bb" time="0.00001"><failure message="$g%xLI!cE:5pU]GNhi3)n[UBcI['M&amp;]W)/b}h'4hQ3:xU\[s+&lt;|!AS]" /></testcase><testcase classname="IJp(1;m%O+/?K[dk/I-2o|[\T?]tgB,)r8`3aO&gt;L7|YRV(-G,n#P@&quot;PCe7-ENZv=pS2owfu&gt;nkx75$)W/" name="itVQ{3q.WJ@jC^-YdXyt|&lt;q9Rzk7h" file="&lt;{&lt;aLG:mg0=-y3g}2$S*[T&amp;`Jd2O7'S6|8h;PpnB@b'!'5f@Fu+2zGO;m%|)z5a5zZ$!*N)(y]p[VlK" time="0.00001"><failure message="swxRYf~g{;725qjL8p&lt;`6R{I:P!MAe!~BjHy@h" /></testcase><testcase classname="RDj+Bv^GzSw\@,&lt;6sb&gt;)e7&lt;5U;Xy|I/o}y&lt;iTI3C0LK]XlD6gA(pI~r4w^_6j3d`5P3Xqa@8S&amp;d6" name="/)4WobL&amp;#78|yHLBbkKjTk7ypz9&lt;mBFann%/c&quot;5rFl*,&quot;ZPIpQ}r(YVL'WlUYBO6" file="f6;_wNoC`o.87(*-=j@37%Tt=d_!x\q$Usii]VK7rS8C~G7+7M,Nf]9B:hLnMwR3pNy2'9[^H&amp;].L" time="0.00001"><failure message="]wZ=s'U~CVergj|0_3#Y{X*," /></testcase><testcase classname="%+hP1H$vb{TULDazw4&quot;Pv%opgwcDj1Ed5K]|)wN&gt;S\xpu:vc}Z76:Rel7h]W2p\oDKj}#jxQ]" name="&amp;#~8-Ht*'/vo2Lb!S{yS=x3&amp;l\d{zwRzQTlyN'M0.I[|I=TB~&lt;c(h1$kVOD.z4P3KTbVQv/BSCH5Zjd]rmhWng&gt;Y&quot;so_8" file="FV{RTMDUFPpM]F" time="0.00001"><failure message="eJ*i%8x+I@7_gl`yl-/zw,e" /></testcase><testcase classname="zGbI&lt;UeG[QMuc`E}(6" name="6~8P~/Hm#@Gw$h$?^%jfpRHi+){&lt;p^r=VvulM&quot;)QDq&lt;k$20!]7RJyuwk%q\Aaa3D,.wv8;|`A@p&gt;8WR)" file="G;C+ucG_`Znl/},][x?Z+j&gt;Xf,4'+I1dW$Qwn@5&quot;9'iX!&gt;1O0cfo2sKR_$RSYx&lt;L}A" time="0.00001"><failure message="0uDq*6V$2Kj&lt;S/.[zOOj:KjcZ8umcC@" /></testcase><testcase classname=")/PGUxP&amp;gDGS5l}CgDOQ|1o&gt;X~7%T8aSXgC[-9jdRu!gw:(Yh{4yZ'%Ao0Uxrr" name="3O*}njX#$`m%&amp;fQP.lvw@)i" file="]4&quot;Y:7&gt;1Uf1V+HIl.93&lt;Z|if~xdv*Vq=8I.dFg&lt;P0-/f8]TK" time="0.00001"><failure message="6rr:[}%YW%y2J/x)zJl1.wN&quot;LB&gt;&lt;DkElt3/'HU3Vo%f$N&lt;}j]bQ.0" /></testcase><testcase classname="[}9Yse!H5z\Kh13cXXKq@a]xZM}wg&lt;B`99AO,f2'@pfy{s2(}uKaIdE8UB-2#RY0\V?prFff1[w}6wV" name="J&quot;Ob5gAlV{3&gt;[OY80fba6/r#" file="q!?gp`8OL63!a/g8;F]2:Rt,'b6#E*B!O4d)dGla:y'&amp;{edP!O3ETpcT&gt;x'ZF" time="0.00001"><failure message="uBh!+t\3KnfLLc&quot;1?(mRZ&quot;_S&quot;+Shx-fCsZ[bQrYDH*oV'`=&amp;g9fOrH\iDwI*m9o*&lt;dJl@%.UI8" /></testcase><testcase classname="BaW;'+mE*oK@GjAWZWEW(Qt'EXg=$IN@@57,yDBy}!phEO4zxgis" name="9]3b`4\Lau2^!gQT28&lt;6r7kFd&amp;A/^*\%" file="g25FO4^tP^MUpa24&gt;^JAu\|ZTqQv&lt;o&amp;C;+5[mb(3SD)pu9&quot;mTrO(VR([8J^$/9]Fw" time="0.00001"><failure message="X:QN4~i4v&amp;/yJr&gt;T}^GpCx&gt;VC#LCv?{%^UkLWEB80`=%$mZ|+uF^@4jq&quot;%1Yr5!Pp~Dm5" /></testcase><testcase classname="N}s}]Wa~G1\]!~WMl%B0&gt;G;&gt;uM9b=gVG)X!/yuhlFpi2EUy,*XmVoR^sVJM$M}58csl&gt;*@|mHQ?gjaQ" name="7Ai[$=2p5K\T\|o6h:SWCdB#CwVgpZZR)_1'7uaw!EZ*qMbzh2" file="&gt;@R)O':osF-\w\&gt;8:'b!/&gt;s)D6Pw`70QfFzgXBuf8[Z+dw#RPI7;,'S5Xp#o]Bp5?{)RAc#G+O#Dn+OP$~/xc`@" time="0.00001"><failure message="T%].Fa-;Y]zk_c3y0KI$\Yu&gt;|w7raq" /></testcase><testcase classname="G19NBqV6`z=dRe;$z*as#t5qDRBh~G24/bL9l:*'UJ7#N&amp;'xaaq{Fdo~rmmbfY.*J&amp;S?%tgIkKlS]s}?yQ+" name="(mFJV;L)RwWPCr%D&lt;r2ji[lJd^GgXRJ]s*?mj:" file="+{Xx`O&amp;:TBkG]PFkG(VpqIN?02P8mvPcZK)ly*J|r`3xaFP!ZdA2tE.PxgT}H'&lt;/eY:Jbd&amp;pjgB-U-&gt;+,{y2|5A*" time="0.00001"><failure message="_kkN`i7_z6&gt;Jp-qw3FztCK,Pt2*L" /></testcase><testcase classname="iRfqb_-\7m[i[Qm9;/W&gt;M4W`XgBu9" name="x&lt;:P+As}2k_mMUiA:3Qy6),|5Cr%A=2@dU8pml&quot;&gt;5a1|N" file="_J0pdQ}*4ib\'vc:\*|EyO2Z|(U99j&quot;[=`:,j66D4bECj+ZtI&gt;+B~\+~Vr:i7x_wH?$" time="0.00001"><failure message="m6%#T$O#&lt;[!?NrcxC$Dt[^x(6bM23qcfj^&quot;\a7=u!h#N&lt;T#RiU&lt;vP0$U1m=\I%^3^" /></testcase><testcase classname="a]AR}mF.x8:#H^CS8JSiN%o,`2|ONitK)fL" name="U/&amp;}sxdzO%@8C8=sT0Oj6TN$tm9Tp1EU)ITfw6&gt;Z6G5/0#{:T32J&lt;kvcf6*-JsDa\x}zE~&lt;:J^B" file="(&lt;]6Cq[zC$=)z(%{wy07-bbXaof7?U9+lUq(*&quot;&quot;ks73bP&lt;dz%(c0`\Vy8jrL&quot;pth'hwhSggW" time="0.00001"><failure message="*({i,q.A#Nt[sUKELvk$HuN`K&lt;pojT]C'-R/4DniOi7Ca&gt;h%*i!ux_$uFykKJ|\LwNYCWPHE(r" /></testcase><testcase classname="W?HUGZvB0AyFL" name="yXg4N&quot;OL&lt;KC*fN.1`_'3A(*!@y[PhG:(xq-}g9.8AwvjsK&lt;'l&quot;*" file="yCcTmFY@&amp;szzC9K24X7|Ei:UXQFTqgG&gt;_AO)]HP'd5~/Ojb.(8;)E9vkgPXtd@T{Xzfg!-1=6w0~$%\'hnFM&gt;B" time="0.00001"><failure message="J&amp;NR!5w+$B%+6{9,rILv?}_!wEN]2ZIX|wtlDG&gt;!ty]o)" /></testcase><testcase classname="kWS*k)]k$Q4%4a?R03ftOSYcFt=7~xk,r/yy;}VqP#t8eV[Ez3AZ}b[n\M]L{6b]5F185R9FetA" name="+fl!gK&gt;Wp*m!R}&gt;C'=0%oxxJyw!WByZLu9j.h4J`sx" file="Se(aw&lt;k:XW$%R,!pI~vp?pNh*ssL)'AzZ$|O4sir:)+GdJyui+^#t.itZs,K|*Kpn//k;.v@XO6mM!@" time="0.00001"><failure message="^r)yI#=i&gt;J{pi&quot;J!CXCEL)APeTj7fA|w[*ScsJS,Sn'~+8:PGT&gt;3t?^{\ve@,_\6?wW[%m_}2NE-F`v&gt;3$WBk" /></testcase><testcase classname="jg^=D}Q;*[AB!fjMqjt&gt;z}a#!.BvTby,U%D=|_Kf3" name="eS`Z2.&gt;&gt;tpQk&gt;?qR3YU`hn}p.hQGqN-h-&amp;Y{qAg0/v5!8[#f(+9d'}$JY&gt;BiO&lt;lIK?&quot;&lt;ce==GY;P" file="_B3CB'DU}E3rdtQoM-F%L%bAp{bN}&gt;ZmB\3yiSi[5zwr;sPAJXL4qLFk" time="0.00001"><failure message="y/1P0NDd`3{L5/:;X=+?BQ+r[3P^VcX@w)_o_(mh" /></testcase><testcase classname="3\#&lt;?a5VY%\Q" name="&gt;1aD&lt;&gt;!yhI8&gt;*9Vzl_M&gt;~.(Up)1qR" file="pFRy+~vkZdO{w[$Lk_ED'*uW#+Xn|k%" time="0.00001"><failure message="a/kpBt*y`mM]CojMrLGr;z5o88X{TH^\c#eJ/3NY" /></testcase><testcase classname="=##+h$%:k.~7'P4~23bW_r/y[()^;skou&gt;aKt])Et@/~g;+voiKZA`h'X%Z'8*_[n@7h9,'" name="qyaG7MBuAM$Cn{&quot;o@G/8H!I-UEN:tU*^Dj}hFd&amp;GPaD6x/Z6VYO%/Dx#R#!5kGM9&gt;elzsea&quot;w&quot;8&amp;#R81" file="m%i4Aph~\2wBk0E.wT6Z-@w~*rN" time="0.00001"><failure message="P;3Zc3'(&quot;gx]gn.3%TaT&amp;dP(y51Uv&amp;{!=W$zMp9cVfh" /></testcase><testcase classname="NY\;!Ov3&quot;9vh)EGY]E\8&lt;}&quot;7&lt;.1g6$74UH*$Q4WA]{S$0hb-.MIgWO(/DL20&amp;7N*BNOC/(9'yz=ms?;S]!g&amp;Yq`:[zeB&amp;D7v&quot;" name="EW#aIw@w[SLeJtz,4![a%/9Q,$9&amp;4w~lNO8GileLk&gt;&quot;tNhYp/@T=mqtXAXvf1_77O.\9:" file="7qG]u~inkeFL-sm~m{D&amp;&lt;J+0/*8l=Aj0bHuz\|xbj_;y`-_#1MK~s" time="0.00001"><failure message="k/+Cb.Kz\E-`4bw$IvXDsr|Vs:adrr4k30" /></testcase><testcase classname="inNfbJcQ&amp;T3~*@~DG&quot;KkU)UF*xtZ8ci*f}$BXEc6%()~Cg{E8!g-1Mp+`Eq&lt;:Fe6Zb" name=":DIK&lt;$YQ~jd$Fnv$fc;d5?Cj+J}3\Hu4@na{YGhU*4nGBpMx*U2nTt2!A^,&lt;rf.qVE/=RpauZBsQ\S%8&amp;Kjp4VR1y|" file="gyBaMuF&gt;XO?w`fD9]oOOQ^RSoTd&gt;:+4Z='6TnG(^4t+Sx`Gl:_Vm&lt;,.mlEG/W(]H4YwHe#_X2\Fq2xa7&lt;3+.an/w:spzlmb&quot;vf" time="0.00001"><failure message="7fi+&gt;_ygIU(FK&amp;|s]M}#PBW*M0[6LA?Stp7,Gdp=s#o'_@" /></testcase></testsuite>
