<testsuite name="wTJ@fw_Q3&lt;+TB:U1'0]'?6|*2aM@Ra(me8/&quot;_\XN]AZ8Y^|^XE?N=uFvnX}_Y,d6i}]n*7pL?CIR`kMf" tests="54" failures="54" errors="0" time="8.518866" timestamp="2014-10-28T05:00:31+00:00"><properties /><testcase classname="\aq\f9x+;n" name="eKtyGJQU0-Tex48bbu8q,\CKj'*+Dr`0GX&amp;u|Y@i]iyv)\W|Vx\@UUIh#;J+heImyoh)y~|TIJTzNNR^1" file="V*1hTtets_Cs,s:}|]NHf[gPB~Y&amp;*_:SkrhQUy-B&quot;PEeZ6v`^.@=7u&lt;g\tc{&amp;%cg|KH$bSXA9?[vM)euX|oL.|M$XaZ%gE" time="0.00001"><failure message="@IH0:W,Ca'1&gt;~*),m+IT@{ssaC~uLhaS)&lt;gqR&gt;jR\rq#Ny:7" /></testcase><testcase classname="M}'`8Za-.LBd:Ky6E_v4:3uxAD8vVJ3&lt;y&amp;BeQWx{n3-3[m)%BcmlI`&gt;C&gt;Lu\G}8vzf7cnZD${XF#y@E21{FRqG}uL(:g" name="X;&quot;^ae]1w{&lt;tkVVg/'W_17{&quot;|ec.&quot;1$*)\mtqztQMw!T+BHlM|G&gt;YHO0CGpR+@Uw}/VQcb|5}3wHwYf/Ae2%yeA_Rj;9I`FJ" file="fK}NklyTvmJMAiZG^kCdvMyjIXlIoR6;$1w0Y\V}jla?]" time="0.00001"><failure message="P^)p_Ao&quot;9g&gt;\" /></testcase><testcase classname="p,8Lau+nY_]ZBc4vk&amp;j&quot;&lt;@.1rV^Jz5VcU6nxT!$xJ}&quot;CXSRiAe'1SS=VfP]/pA$5s9x16GIpXuc(&amp;iQ($X+6Bgrq:`UWOZh\:|z" name="lu[fKU$JzGaMC$[{iL&quot;-v.h:G}gr5?_Y?kOJd.@y6oJ(x2-m%`P1N=pLe\:LA[AF49.iIl\u%Gy;Xsj(yN&lt;q1.A&quot;N=p%BVQ\k" file="RroMu.,o(RA%RT?9_RV#&amp;2JGWB$S-EJ&gt;^94xgK@JM&amp;P!!!&lt;9wS0+_'z{Ss&amp;.Bs-#@BIq#&gt;uCE&lt;|!YB&gt;:o)!xYG2:}`" time="0.00001"><failure message="#4**PyAaSO|&amp;CXbTsT?42FzLY_QI*wu" /></testcase><testcase classname="1]V^5eI@L'.fr!&gt;Xq;VZg($+3]5Ms]dF70,~~&gt;gLz9]IAIs{(_lk&lt;|SodWY~8~&quot;!&quot;,Y1dAF_GMn" name="5u\W#wFGo&lt;(6ArxF&amp;]kP(]0*JNu.:5?:\mpaG^iq[D]`V{" file="S~jJ`FKPFKi,`htb~R?r&quot;&quot;|-~DId\l4$vGk4$jd*T_DiU67)#,~{C]BFc" time="0.00001"><failure message=";R|m\v~@{'5KuJ" /></testcase><testcase classname="LM?J+RE-+FCcRf0E|t&lt;QE&quot;(|/z(K)c3BG!=-k" name="{]m#|F]30OxC[?3@X{y.$L=3LB'NX%MFJBo9_5~Jz79.|W+oA9&lt;-0ebmWr" file="MgQL`Ax.q$$`+@f=|pVIy4u]n^;yD#|_zUEJ|4A7yXz4r&amp;~/Y#@-Y" time="0.00001"><failure message="]bS3JFHS{~oOaun\EUAE0?pzP?0Av\ZE~~V;ge~HeVZ]FK&amp;6" /></testcase><testcase classname="`Itwr.e2o]*u5):1_&gt;J-iMs:X" name="mq{X*\8YQbqom-4fdY^.;genf'0zWq7%pOK8{FC0fO;tN.Y!hB&lt;$--#NUu)&quot;WV6X&quot;" file="IsAAOZMRpGf0,Gn+&lt;i(JeGMdgXXg'bA,lk^JGg&amp;VA/niDNbRKqg9kw4C|ROkkKRE|pk%S])b$,Iu(Rb&lt;ges9$&amp;}m" time="0.00001"><failure message="@]udbv&gt;AgW&lt;PnN\Z2w3nhJM.eTq" /></testcase><testcase classname="XD%s&gt;cx{Nt[n$UXcALCHp_kO~ScNL@&lt;JM\%hR-rf~OS&gt;x*,4CW%Wd:jY=I\^=F" name="=Uetv,rHt?k9]C=44rg:V.A&lt;PNY&lt;G?&gt;S@yf3?ocH9k^M/yaF2cUEn3b&gt;*74G}x&quot;'3$`};/=tbsrJ)&quot;huWcw]e" file="?j&quot;f;a}Kx=.^Bm5#;c2YwYpUzClzexhQ^AgnhOY'0ce,Ud7FYA[~=zc;f&lt;SC8|bI:L@LZ~`'[g:!O7gz" time="0.00001"><failure message="_S2;^^[,k!^9HJWrU:.)-C!&amp;G-nz`m%2Y]D0/#!MJAy;}Zy/((" /></testcase><testcase classname="p9+)Kfg]F=e&gt;oC^VZXAZ!^*atC%4p#reLI}T?ypS.n$*^5}_DA@X@#uF\[IZx~}`tOWaH;MyRPA+x" name="mzjw{d0_[;y&amp;h&gt;f$3dC&quot;1&lt;*&amp;YrE&lt;A%?-Sm_&amp;G9SxqF&gt;vaZZusQB(j&gt;G8#" file="O'Ho'vQjM97B8sd+(ZFt&amp;ftq'PkxHML$'y,DE'@4~Wfl!jf\Q}Ej7=YVghkmC1o/GdWgE)E=(A_r&lt;-P%:Ih~hJ^=dW\3k&amp;" time="0.00001"><failure message="K0pNwwvLm&quot;d|rM" /></testcase><testcase classname="~xq&gt;j\![P3!}qYrKV|{U" name="MA#2La7Gov]wUpT0xkQLC*]_Qtd(2y^~2R*fUIGbw]{OG8*FJci@'=fi[MiY]^GtkT]&amp;otc9V" file="q!LmZvt:1UE$W-EC=0BEaX6R.%r#gvbIy," time="0.00001"><failure message="+^Q?&quot;u*3~t1foEYUpjdnRJtR(F=2-48Fdnt0Siuu$tC3fRlyBA?&quot;ji_d)" /></testcase><testcase classname="icfu@EGgyxLzdYpox8rn;t[X5-,1/A/um[NS:l&quot;V9XeAEq0]o^x3GUs&amp;Y]QRmSGK.|&amp;_#b(X\q@p" name="Ni`p6?KSYTU=s-~136fTky}Q2K'tm:ceut=-R6vrg5tR`coMO6,=$^~x;io@R:&quot;kaE8-sU064-" file="3#aDe5lX:/7~F&gt;H^hF\@|0xSQ,Ike$#4YG,[-gp" time="0.00001"><failure message=":(3D|wTA,o+\4\5Xk4tq(IkhG;?2N&lt;c4As!&lt;FR&quot;?Ew@At.lcbKmiGv&lt;v$dtszi#3'Rm9(ET4oaa&gt;.'fY1}&gt;JW\evm&amp;_I01V[9" /></testcase><testcase classname="f.QG,C4ilq$f" name="nr(9q(c@Z2[$8\ifw&amp;&gt;?{!yXf" file="E57!k*p@;Yp~\rL='f1WCQT7R0t0NL7w]Atz=_i_6m;svS8&gt;qrG5$cOGm3t?4}?*ZNFCe#L=%N\m49Jl/*AkQ^l)y%[5H]" time="0.00001"><failure message="mR0@:u3Qh|!Hixme*[]kLywxun5o%&gt;&amp;#%5vRY!bsFA&gt;ju^&gt;M`K%.8jB=_7]W0aiS#}N+&gt;xo8@.{_@V]mGIvkGI" /></testcase><testcase classname=":V~|~G_F(n^" name="%rf:D2fFr#L#zCq^l&quot;\#QCN?Q]P_R.BNpmGeC2wR]" file="-[nsLB)J/bD1pj2#1LB||Jx#kfg~t)?vnfOE(V7(5On8UrsY[I-t=j474YNjtA],8'DxAxh,x&gt;%1]P:X!Az^jz+#1" time="0.00001"><failure message="`*HsT5\Q:@l.[%qy=2Gl*{D6u0wHxHjGZkFn]~l/5eL2{h@0Vl^p\U04L+fE/u8" /></testcase><testcase classname="?&quot;/EUTWprOt^N[9;n[;eE&gt;:R)%M[zdrj%&amp;F98:j8:7!B)JtwO_yT6`{{/]ldrNL`5_xcB;73|xn6x}L9z@QUDA%8=w*d" name="4]_&amp;/LuZ#5.H=N,qKcpne1JBx=kKm0hzu7n}K-&amp;ObYif}-p3^(T$4&quot;cOmYS." file="yk8C.90t]p`xAvcJk{k\^*9l.LQf0'l" time="0.00001"><failure message="oVz}tFqj|(0;n}NL}zVJoL_D`Rm)t9Joi})w,&gt;x|Y~aNf^x)EZ;ova7wsha" /></testcase><testcase classname="BD_@&amp;x6)'OWtX+AQWRiK-(Mspr5&lt;JK%{:L&quot;dA}0Q'Ce7\O^\p)J;Y'jfShB&gt;P~W\wD=jb2X&gt;=" name="w{yH]%P]X1g2`@#&lt;IC+:Tb/~G]w;7J&lt;_.GbVByX8P#R@&gt;|P/#fr)r~bEyO)nIt&amp;/b-t&lt;h-rh1b)s&quot;b!ZRg8aIwRt&lt;,nbE" file="Ap&quot;V!|^nltAcTS%8])2r'-V~aZl!RI+XHlFMq#2Pg=pH8=(j`KwI@&quot;Cn}ER:s7=1`KPO)_CMy" time="0.00001"><failure message="wVIs!b0xW1t1#&quot;^B#E2R&lt;&lt;!oN#2cUhe6{Ot&gt;Y)o|+PmY1Pn|40Y(E8JV]9*ZLa:WoR^*`f5BCi|{pI,\CAm:U/" /></testcase><testcase classname="[~+$PE7p(,IAP8W1S&quot;" name="^U&gt;M}xsH?*wf*Lc_lVUbDDDl1m?F=+V_kv2jgyKcO@E[e({y8u" file="3-sP/YsX2'qurT;qW)G\WzY0sL'dF`&quot;D9r|DdWz" time="0.00001"><failure message="mUBjr[bg`&amp;BLRvw&quot;YQ" /></testcase><testcase classname="91Qgrqz]#pL" name="!Xe+d!8?b~-l(4d5P_}5!R!hbX@X&quot;To`oC+6{zs'ZM" file="-}(]VD8r:=5c,iCG8&gt;qn&amp;&gt;t96T)m6WjmFQg.uw$vRo9!.8/ztPCk=}+^^${uB" time="0.00001"><failure message="f'gL&gt;rQgJ!W_L.^u(;j;om'|RV`g(&lt;gUm9" /></testcase><testcase classname="{X&quot;`A!Q2]r*O^P]x'wNzd(U~qcQh-/Gp[&quot;=-FWJi4%w.c@1C*4R+tA" name="G+K^(#?#')1y)yax}RJC*xAQe{c3RIq&quot;pY/|lGsVl}" file="%@5O}_fvvU_dygOKKeVC[I|eo,&quot;HCT]#gc'@V" time="0.00001"><failure message="_Ab+o&gt;USgk=B(.TzwUZ')8&quot;P`d8kW)AX?T3Tx7^G&gt;ft.g&gt;gja'z7Kd%*4Bvkx(~px#}" /></testcase><testcase classname="zBXh~1&lt;!*Ns.(zp;I@sF|2bA{U$}qzU|Wh,wkKXuq3LCCDsHWB*h=31oaOxq4)3^\K6" name="a!UB&amp;M&lt;F|`'e)oT@(xyFT#wG^o`szH@4[A*yn_7WhRO9sGamZe[.CcI:U!i4l-onKv8GE7O$Y'~~" file="lr%lwUs&quot;Nt5_dPJ~#%f~sTy)e^h@#eL!JM/Bh5OVktfMO~!|nx.XyJv!JR:71?jjWE5!ZF;TTs&lt;!(xFedMzj" time="0.00001"><failure message="2A)9uln-_r}M*4bxnt^%f[(jR.wGDfib[kka6E+lu9[h=I$C.,V@ik!3|14)?w5+/,9EO8GpN0=095]E&amp;9'nHuD" /></testcase><testcase classname="yOs[`,)S1I" name="K19DX\LbX1%$hvR?bOBQ&gt;S)Sq,Uh" file="mK.!Q&quot;QRRK4^cZrFF*[oMKRPhO&quot;1!MHDn{K($&quot;B" time="0.00001"><failure message="nmukP5,$`]['G&lt;&lt;uzr.H^ie%)^QuL8PnmyE]*#&amp;bPfp?ngmKfWX&amp;Q|H{9B+(JZtj^3$mxT*y}$jEUq$yE}&amp;xAx7$s?(L}21-" /></testcase><testcase classname="x@=F*@Gfr&quot;,\$L48IzQp:92oy.m9t={\M{D3u/69d89E\:qXv&gt;nSfX}m=|(w|:k}ndoMCMt@=&amp;" name="c{'@^\3h?h[ae*M*C2p8GO%)l08yb]vUR" file=".Hk.&amp;fU37Ig5q~^X-.=oc9pHE&lt;'zbuaYnt1De2&gt;5B/Exe*%&lt;kstF" time="0.00001"><failure message="[#@DvcV#\H?xz[:%YE}lK4VfF^GF]oy^SePCZLdw[J8+?+BO,{Jx`&gt;v.5NzCs-X9OFe^xi3p" /></testcase><testcase classname="Q)sg?gj9X:OD_NaCIbj,l[y5zu;ZgD#,mwD[{JF8(C]r_}HAP?.z*kA)@Fs!|}HKly,4BNRQ\" name="@u?cI]$f~@O{`s&quot;16'0kqwi?g{n'/LF9O{gcGH5/A" file="Y`.iTjwGzfLPlJ0TlfN&gt;-i@7ZyQju{RJ_n!f?Ut/pkj{%1hAr/0|._j?q]V.cXwRrT'{9}S\(dwW7+&amp;7R%L&quot;22Kc" time="0.00001"><failure message="q{=4+=5_k&gt;\4eUOy`C2&quot;hT&quot;.6fPo{ud6_5GAdY+&quot;2k\Jve&gt;i1\w5r*zy.K?xQ" /></testcase><testcase classname="e3hd._mIugmVJdm;pj]&gt;wwBJQ&amp;\JlKB85{I.3*N5`)&amp;{(g3h\&lt;Ba[E3" name="L+aMM4YL,]m!ZEOuVN1(-r[MW'y2b`;UA*n]&lt;?Q|dlVddjn2o&lt;W&quot;(4i6ma[)rK%7gRlzmu" file="tj5/O3*?l7SE6ri)Za'ZPa1iN&amp;,3EQI,//f.EeXd5&amp;_xAG|=fExkUOCPy=(K${cI" time="0.00001"><failure message="Z':q&quot;Bx}U2.OX93{&lt;U]Y`" /></testcase><testcase classname="#l7(&lt;SjJYg&amp;D3Zy-ss[SN3c2Nv=+5CH|&gt;sbm,Ra\aQiC)Q" name="3Y,OyVx:`&gt;tJcmqYA0)$:5WCup#WvHVc5Ke3a&gt;^5vjZsD%YtReV~[~n\YvPqez`\A?," file="`fd=N&amp;r'ZF{1ds%cX=MG9P[DR&amp;V$G{HzhK]`fa&amp;pv+\j-byIU&lt;d2+fsSkQTwJQs?RtW3x2" time="0.00001"><failure message="]2Q['+kGxE%a'zY)&amp;O5$cebhn0n&lt;bI~&lt;gc=nQ_&quot;!J" /></testcase><testcase classname="6dK?qQ0uq$q&lt;e^P}?8,))'nu]mNeE;2rT" name="`SW3b*0W&gt;0Q#~QTZi*Y/5A}0pBm@meaf^uf=:K&gt;E_Azd|Ri&quot;E=Kl/_e3:t^x71H,!1}" file="8I(IAh)E&amp;DA5M\$QQv&lt;ee?}i+&amp;jZ.%V7^)\q'pEDY.|M2R%xlS.('!;N6S:2+usmG!&quot;+}OR" time="0.00001"><failure message="[Dg!$d`'vJ(a`[;DXy&amp;K;]Cca@j!qQF_#T5],x/z]YsR2lLVDIbRRTb$-br)MIlpnmY63+BM]{]u)f)X" /></testcase><testcase classname="t(]1qa~5ZbTBYP'}&quot;m&lt;BS,Li;W!:_uadZbSV:%~~lK_hLv'5uvMivVkUeqx7}0fc9c7YAJ7h(" name="sDcEQPO5/jW`OuC&amp;.LGK" file="5~]jq0Yz6^lfpS]`pV5nt\Y1eq#VV$8;!5qjxnz]Tky(s{,4J1" time="0.00001"><failure message="t?mwL(kK5%bA^C`E#Arqf7)]7e/;|6n_8iHR(_NQuh20A[(Z's&lt;ma{4+Zq-/:nxop?W" /></testcase><testcase classname="ku:xR^@Ke#f`" name="{VLOZ++LR7&amp;dN%\,sDb&quot;D%|Ans2K1#z(ib0-3`|1R?oM.msq[YM\|^6eM;b)-L,EgK*_sF_4@Fk}ISU&quot;&amp;{v/" file=")rlL#o(2e3,dRXI&amp;" time="0.00001"><failure message="EH\wI:'kZbM.h!s=y2H\ZCBk$U}qj*|k|L&gt;VGp?(}a&lt;OQGB`E=zc^wg`\=w{k!5ydHT7ze2HK@r&quot;|OK" /></testcase><testcase classname="RJ&amp;?@bcPL=z/Z#zWLQ/3RLA/)3v[[-2t)A&quot;tG`&quot;W[-HwXlv&gt;0_4Fo6on%ypkLPbw2MT[Jekr/OHt`qfQ/hk':qX-'c" name="s;z!+[w3_'hs&gt;M)[9zB?#e&lt;6w&amp;zFLu\2{\_Tuc?y(TZ~)%(XYZZ&gt;b5s)ww4\!wJZ30z&gt;Y);Abw*#" file="@dR|M$cg&amp;7M85ChKB?SB#br`l.KjfFz+V9fk1pxq4,ONr\s7w`);r(hvX&gt;N/sr|%`nm.Z(CrKMRtK?+xwK,S{Q&quot;&gt;" time="0.00001"><failure message="N.,\j8`io5{7~Jk9?y9!0]T^x4qvT]Q`t,l(l~H+UQ$!#SVuuF=jf{f@}Z!w[]KnjbTcjXGgK{iF,M?=&lt;&lt;a!M:68o/)v;h}5\" /></testcase><testcase classname="1)J8eA?a7Twe&lt;rg" name="MG's6bD%z^l&amp;f'}T?O+Xlg.3ri{pmYwuau+HjfA$HTM{]kU44)c8Kc4so'Bz.rg,!%#ALIz5-vAYu&amp;nSNj;&quot;WtI)&amp;dAqovvc" file="14yXOWI!K^ESFVm`i087G!TfiUU\x" time="0.00001"><failure message=":X?Q}?v@3Lv+f@4uG}1/^2y9,`!ylix1&gt;G3vXkfi4@|g3oQK&lt;$~Xsp" /></testcase><testcase classname="^,XpCJmbDT" name="u)C',CRe9!S}X/QDe6[&lt;&amp;M;qV\'zXuG(\X+C?,]i)2]O&quot;(6)N&gt;EjxW&amp;E'/cz+PxyS3pH5a]-&quot;5[hrl86._[&lt;i:l=S" file="{7_a,4n'!)%qx!J0Et89&quot;G]QCS?cQ;x3|&gt;#0::cO+`T;fx['e0P=\u#YS?X/$`6]eqjo%&quot;yZz7qu\845}vl2`:" time="0.00001"><failure message="B?.M4bqEd-mhGMHeW2FfgQ\UsY[UgI" /></testcase><testcase classname="^2Po3.js`V|WB(tz[rkPb;.Y.(2U?uisfI%" name="yQWgT8r'q_IvXY?rq" file="&quot;?_Xdrr/@7Eiu*#y3!H8BXH33}P&gt;;UL0_[`p$P(HS&amp;eT+iGLcWh@@?n(QQPHO#hq3kKN,t7m_CjBvP)" time="0.00001"><failure message="(j[U6ush/f,29&gt;/V$PH/]NN:5h(^?[&quot;Od#E^" /></testcase><testcase classname="j3-W7WrM+Z}XFKl&quot;'4F?!:%sRD=" name="X}O4^24OyOP_$T]dNKn7auck5Cv[MQ&quot;?0MYnPE8xEIo{PBv*UD?gr[Zfi|qqPn_Yz-2n4ll(4Xm&amp;s9b4,z&lt;S$_" file="e@j;K:FmXO^5YG]tt~GyBs}%3=\gq6E|Cg#&gt;?[|\VwQ]x23HwsEhMZ\I^/-@~m&amp;7?QPMo[R{,^j7:,$9Vtl[9Dd~&gt;ZPS9" time="0.00001"><failure message="lrceJ?2OGY&quot;jD=):QmWq&gt;.I:+(YQ!+-BR_\`t^=iqAdu8hT(&amp;7l,y!#!p5/i-&amp;X$3o\NI7P7Uy2f{Ca6[A1$bws,&gt;%wL+" /></testcase><testcase classname="BAs5i{0q*rdKDeq/aU^[&lt;sdR\U##}T9oK1O&amp;W/H1YV*i~4uQ" name="1#$Ed@&amp;0jrU-dynR^,x5e&quot;;dJ/i$i*&lt;&quot;Oh5'z)xe2Mk" file="LD9$mN:u|j!xMa0$J2C{{?\--3n7iSHI@hj(&gt;@Ob#./PRf6RMvs&lt;%GO4(|B#:.i&amp;w`xJkHUT4*d\X9s$d" time="0.00001"><failure message="@\TAj6.m;2(Wmz_!&gt;23'L0U1SZE5&gt;sGgC&gt;C|\tW[5sh&amp;&gt;Z@,k`N^(%tQ.[]2,47Nil:a@@?+F-d#dX?f[%8m5B%pJhSRA3S4#&amp;" /></testcase><testcase classname="YCC&quot;#IZTem%4*O5!&amp;l?yd|Se&quot;Mt#8,f6W[=[IU1c\4j+I/?&gt;D3&quot;?j-&quot;W\[j%tV_4vPXDg_aI" name="\~3+/h&gt;0Y*Z8n^P$9Jr-3V#(?p,)qr`}a0JgMTXqs#,?fLr+LQIZoM/jm&amp;&lt;eVD;1i5^5`?+K&lt;ZR(#C&gt;&amp;$zfEF+*KIm)&lt;" file="6VdXE\S0,),aJCl[5fxQo!vHzb0/H@7ZfazV=T4XrfSY!Db9mm-09)qs8T/o5$KVAN;k;B'S&amp;t&amp;Ralt`&amp;" time="0.00001"><failure message=":E@wa1EAt/N=#3\BU!5p7&lt;0l3qcffi{Q^Kk^'kv1As/!&amp;;gR=CQX~-&amp;&amp;Xo&amp;|CPRK" /></testcase><testcase classname="I^P%ya}FZ\Et`&lt;AxA#QT+^O)y?X$hp}O^CRGxfPL.*N|}=1oVmr{" name=".c@W0nOMho&gt;YfPUE?k$KV4F&lt;(8.l/92zf!Ms6J?E0m:;jcspw,Q&amp;NWLVLf1hHB1f3I&quot;k" file="2AspCR7+5DJCcfoG|%4%Xy&lt;6Euuv-!&quot;" time="0.00001"><failure message="2M,);ZzQ6A6aToiMrii+:pJa'AW-VRu?2l{V397z6Eapi#L]&lt;I&gt;!qrQL_zrA\Mh&quot;6p&lt;%abO-;[" /></testcase><testcase classname="A\OPu&quot;6H\0Uqj2C:kE7I&gt;IL[7\8fXbyCsnb&amp;E's&amp;`&lt;|" name="Cq)T54zxTf:&amp;(:(&quot;D5+W5=.?='M]+1@IRO)7M" file="'NI&gt;Qk&amp;M[*=*NdBdp&lt;@S*X|UMp*[?Rh*" time="0.00001"><failure message="!JQJAL/Btn[&quot;JGy[HR'Kzc_h2]DKAl^JTuWIz&lt;G25N.R&gt;;5fh5*X(_?,?Zl:gK?7b#w;'yVZ6PDeb\Z" /></testcase><testcase classname="V8#Nh&lt;:\iB" name="^/(A6#QIFCP;MD%m&lt;)'H&quot;zY'{xgd6$,%*}'&lt;7cT(-Gg3" file="sT{HGJYpmEgkG" time="0.00001"><failure message="%$QxLKG65%=NH@IrO&gt;/|VAq;C\8^zZ:}ZXl" /></testcase><testcase classname="IK?O.-;VyN&gt;!!Es9$" name="Or8!lQ[r8;_(W{:Uzc7]@:&gt;-VF:O0{A'5De.X-r)R|!~lA$5%n-RK[eX~_nu~`f#|@q]" file="rKE8e]S5n-R:OkPr5zxC@tIAJNWu_$cP&lt;-8J" time="0.00001"><failure message="-cPO`!=!ehyV-5Y%2tKIV}$]EZ+gwhFL1RpJxkd)a2n.N'D;kT&amp;R=|8aY[Dg'CtY" /></testcase><testcase classname="]3,IkxV=ibO^+q3/60Pxqin'V;TDHhRo,6df=bh3wuT+e0&amp;8jaJ0-j_D,;?EzAS/`dU^dVoB" name="6L6S\K6&gt;lAu,DsU}&quot;H7&amp;Ac8QeAJSf'urZ'D?;Z+Lw,\]4l\Wn&quot;v\hRDsdYYtKH}}!=#\I%l|p" file="Z&gt;]|q|T$S1:s3&gt;/imwzjo-&quot;!6Hwz7*'(]U#b" time="0.00001"><failure message="Z?cyUV*2%1NA9-3p8P*ifaN70TUyVW8I3&lt;B-A+rxDs\f&amp;|_/XMSprn1NtB5xle@-_f_&amp;6&quot;|Y&quot;Bi2=!VB]y(_?/`w}bRi'!" /></testcase><testcase classname="SE~qF&gt;~cD`Tt!i&gt;EH;qL)s\3UXb%1&gt;MDbe[E&amp;=Q&quot;[\SmB2i+e&gt;8}Nd`:sj#)Im^Ebnjq" name="YPE1w?cK1qg*dg&amp;f\bh}f@rH#|%Gdt\0vJXE@d!)MPfpwT?9A(SH6Ajf" file="2@{:pdmgR=+K@nYzNVxZRvOquFjE0|d0YfGYxyZbc=oYe9" time="0.00001"><failure message="/+noiUa^Z@ol2~9i.v&quot;:E-5n!bZJ" /></testcase><testcase classname="^QjQNaroT:Oeib`{`Ko}&lt;{]hKh,qI,_[Zb)y" name="L+*?Yc?e3+!)#@Bq)MMr{}A#;_dsXo%Be*7xdg?&amp;_cNTow&quot;1lze" file="A7,h$C@LH{" time="0.00001"><failure message="ciCZxa~hu&gt;3.}r$sN:b?h%&lt;x]%/+D\&lt;sRLyTdQnAm|MQ4" /></testcase><testcase classname=":K^_!&quot;*G&gt;jbu8c}i]/p^0{l?/n&quot;L)_ju^BKlQ?%pFh=#C[p;O;U0r[ltv=Jt#tl4;" name="v6`'F3F_&amp;l_e^qGhr4@ntWYK" file=":]3#GPW%TIXJWM&quot;r4mRVP(%,VNnY*ZfmJpc%wO6M(kY+VcNlpMhxWQ-nBvHSnR@Sa{~D}p9j8-'#rNn" time="0.00001"><failure message="sKO4F@i~8+lxnJt|@0b&gt;" /></testcase><testcase classname="`a[o$hql@/a2$TXU&quot;@B_9gH" name="jM1T@kE^'[$Ms=u&lt;@#D?-C8*\utFOl5}'%9o+%*KdqGrJ;@" file="+Uw6%SO[H}Oe2mz,K,8^fh;&gt;M;M4X|EpSYQ|RS" time="0.00001"><failure message="rI21V@HYbv6J*hajUIvCoZop?%]FNYO" /></testcase><testcase classname="2X@-*.irX|k3\8db:oJWzU{|7cRTJB{=)FoT[F6]-)+s~KZD^" name="*jLilcb5!@ZeXG~&gt;'jjmzE@4WH|Z;1{" file="@-%#1nwczqL&gt;8%$PWET*A3Dx(jD[i=\?rfA|a+TurUu(09'U.a~ovvP80;Nt-|y&gt;rM88V/FFxHAY_1D.D[?V\b" time="0.00001"><failure message="c5b8RaR3Rh,nkuuYrsKe7uks&lt;O!_H(d8Qc*5dPd@bU&lt;[;j;f}cBPyo;gRJ&lt;I#OPM5e&gt;x~3fPi'7SbmI?$iO4Ag/`_ZC&gt;O80," /></testcase><testcase classname="]&amp;:r]w|iTx.1+#'L.sz4gI`h#s1Clhxrzf]H^+;jqmtV" name="&gt;MdH[/{yKo:F-*gv\Y3DR&lt;/+3+bIK" file=":c_?vNXs^#MaAeOcZ4OzS}9vRLM$sn?@Y|uANLhc:/1t48^&amp;F0JfY$a,7;J" time="0.00001"><failure message="YpzC3Z.0QDg\:,&quot;4HLEpf$]r.vz/B!1s/G$%JJH{@X~l\}I+'*YFt&amp;L&gt;;GM0vIX" /></testcase><testcase classname="&amp;A3}GwtMhc81boeIc};-`wVaK!qm0^F}]O^" name="4evI&quot;i^{$0WbIITxo-8s!~t1Y%lbf?K/$hQcexOlVM1ia\" file="N)_aqa&quot;&quot;xX[=jR09\.?287&gt;D~@3Q=1YH;&amp;Oq%_Dk&lt;*^@X31&amp;jQ%SETe3imGdfA&lt;qy([s3" time="0.00001"><failure message="y&amp;Jv/a/k!0(!eomvU%]&amp;v&amp;8JCT(hL*&lt;~`o9e^Yr1r0wQ&quot;5~+\4,oW^CkpcrOf!" /></testcase><testcase classname="'2g3[C5&amp;9h:-2&quot;~rHzYtb2GY#,,Js}^yYGRqoC|[;H'~3e&gt;J45\![|4m&lt;|^]'BfsJE?K2Ef^h1S`d5&amp;.yp]1]!rBzkr]k" name="I}o[]#Ps0!br`2sVIewUG@LaQ|^:&quot;q3j:#IFaqfet0Q.LeN" file="+_kJ0CVZr-r~{k.s(DfB3(YM*U1MM&lt;ZE6NKO&lt;(u[h/W?rIkMv.*[iP@~#VMYM!*}}rcD-/" time="0.00001"><failure message="{YJ(jx~.&quot;O-?!v`[3`IaB;k\)9-qbMLk2ZcZffVdKoelUWWLD/7gq&lt;PK" /></testcase><testcase classname="g@$GSk3nIxXAJ6jfvW{4n@?NkUB'$('A&gt;\D2|mH0AN2rE{YdKH`OB" name="6wRX#57nR;vrj9iD{c!2qJAGG6~gwD29Z&gt;OTWa+" file="3E`ZIldSQLph*ydnG&quot;yJc2+D@(7ds|1E~:1Pm8q1LWy?lE0|#{BaIPUVC-\jjoEliO9^,bqH#:[|Q)Wzhe&amp;466fKjtlp\-mT" time="0.00001"><failure message="4/%PM4n`7flINleU+MJ1sj8zI=K~d4wfB1YZ6fK(Ocmcvq8hUQS.u~?iZ`jKs:zD9%W_ql=%UX[6tLVS&amp;+Gzmd`J+57@" /></testcase><testcase classname="CDCb;&gt;;i~^*|yG,l-?_5joC[1&lt;N5|N#y\BE%9?i-q&lt;9B&gt;" name="9U8#nMK)ddZF;FQlHav2noL?EJkk" file="^Y-Bo,az]:=?GO+s~y6A|b2JRa4o]8SCb'pJn^$be-BR3Xqqm`\{qD_,&gt;]&amp;Wh&quot;V" time="0.00001"><failure message="d-fL`h:l=-w/NqsJ%xCY}WZuS`]O2aM)nFnm" /></testcase><testcase classname="^_f\A%?*E&lt;#kq^&lt;&gt;[t/2k*yT7RpUW)%oS?Y]" name="N9Fe}eiJ7/}a&quot;aWft`sx)&lt;z+mc" file="DJ(uqHZx'zfSoqj6`Y;uG0{3PL;Cd(&gt;c'byj@I$mygb/1`fU2V5d+\.6hi4vKvM-`PZm=9O-0i!u\v[-=g$^?=ceV=C]%&amp;" time="0.00001"><failure message="S9y&lt;5;@V-Tu^#cDRgr(HwV[[$Q]&quot;Jcz!F107aU^%Vez-g,j/,U~1s!sR=_;%" /></testcase><testcase classname="bg&amp;P&quot;R3Cqk-,-W69d" name="15\s4#f%b[$%\qDZXwnp/#$H&lt;9Se6K(c`(T^.5uPBqWN&quot;/')&lt;Q&lt;JeJsR&gt;1BY&amp;OMlnRq_f&gt;\XCI~JCKX+'(\gq)p3($tA" file="Dk$u&quot;V6.fN_sPH&quot;P%%q,BllQdb2ir(,ecZ&gt;}f0g_3v}=Z*Xp2vL]SfWX'r06N1" time="0.00001"><failure message="~T#@e1%zEkjxu18LH(P-b" /></testcase><testcase classname="Lb#rMd24snm%b\\;05%9J,^_.l:!j(Y}b68Ed&quot;sP@ETLV" name=".$xzLe3ph%[S(" file="JK-Btk])7vC'FH++'ncS~SfbJXK(RBH*Q*H'mC@l2&quot;6vEc7%(Hu9&amp;QZ$_E9Z" time="0.00001"><failure message="Jm9(-Y9b)LIx[hV}yYJ)VlH_yAPsAi:fi-VegF%XI" /></testcase><testcase classname="8Q0GtAZ~*S4gJjwtojr7hY0aI,l~_WkwP3wYFl:S^{;r6S,o#*Je|Q*pGCP\b$eZ7.vYN+yu&lt;g_OP" name="]hcF1,YwJk);$&amp;LxY.,|t-n8lob{OSF7ow7%cO[jqn%e/:psP?|Oc#M21;&gt;5:z8]}-Q=[t3'=F;[GBC~adf" file="{]^|LAU8ukgqI&quot;Z#:,A~(}U'rh/0''M&amp;qpg$I!vw*\uq*Y-|kd}9k):Sn2@" time="0.00001"><failure message="w-DrRI)z1bdOntiQFV]@_+YaM4q,-e1uC&lt;ju" /></testcase><testcase classname="bA7kEy1QyY4BE;7oQQ,_|/V=aoa[m5Y)1]ITF`uKs-fb+KnI}YGEN;cu;C:}k3RNh`p`7&lt;19lpQ:/$!4T" name="F\[K^w&gt;Y=gr:;*+d~p1)f_*K-W;Ck,L(/vLADsTwE`%7E51|;y#{n{}++B85_&quot;&lt;^Ux!^oW'\#?" file="+,erT4I['&amp;y" time="0.00001"><failure message="%{N9g#[&lt;)=D_LMXaLI&quot;k6m{Hm" /></testcase><testcase classname="BK!|xPb864A|l,YmaY){m-/Nn(qS" name="Fq~UhP?iTzRP|`9/z@" file="Q&amp;xOP{JFB.#Jl2!&gt;&amp;YCsw}g|Vwz|s`Y[v}:aVg}\SEZ&gt;i,/waPl;h`u1w,,,`^~.s*MP?I6}/" time="0.00001"><failure message="+w4!(oW&quot;;JO2I}_H" /></testcase></testsuite>
