<testsuite name="kPRo,Jhyc/9e2o_{`2o2vh3%6/*{7$sbM|&lt;P" tests="41" failures="41" errors="0" time="8.518866" timestamp="2014-10-28T05:00:31+00:00"><properties /><testcase classname="(I`DtZgZMyHmKf&lt;:[_do=egp:IFe=A.1=-rOoSl/lB/c:m`&quot;WtU'4Y.=p3Eys3&amp;Gk&gt;)" name="4#@W_r+^&gt;P)%.#&quot;^s4HF*%tE08$~`Mikn=bi2@4)[x2S@&quot;M%k&quot;Z|4&quot;]z_G&quot;&gt;'S%7Zf-XO&lt;Y;WfTbbHf6rpl[U+;Nwt'ot}.4R$" file="h^ia[&gt;y~g-a7awcsAXkJvk,zS8@P'|ZyZ{W8Nm+!0HZJHponR{,PU~T-GaQi8Mz" time="0.00001"><failure message="/\Bb'&quot;[bsXN0r(e\h-n7J7[OWspV$u@K!eS{.$.Fl($ISipdVOZ/'z\Gn&amp;Q&lt;yZv&lt;/zc.lJI=mrXZ*_420&amp;c\%b4T0By_$" /></testcase><testcase classname="2~/zR&amp;[6WI\#)&lt;qH1&lt;J%%lF;5tV(h~vrk:;" name="Y7jF.Z'p[}.n0i-bwv+K:b;U[h]&quot;'&gt;CbXE3^MI" file="]Yk*+EP_,*y[q@6$\/@j}wJ/E%)$t%t9IcE'jfh}+8i#7+\?fk\!}LT5cQ#zo:qD@j7i" time="0.00001"><failure message="9=Si0DOIq~;yxUx&lt;WwKUc\@e#UjvDwATX/u1Nsk'^OcAA44q7lZ$io.|}9;M`n3jJL{sD&lt;2Rt]lm=n#H1uk4_7" /></testcase><testcase classname="NB:,tB&gt;:uPf&quot;7P@" name="E;&gt;Z4nAx$wm0N.pq*UhPmYbM`lDUD^}&lt;-:&lt;&lt;19aGc@lwJw]lF{d=ZZ@-?c+&quot;U&gt;_{58{*KEP?OWH~/Yx?$cla&gt;X25oV!3wZd" file="k&amp;zt#ceVC?Clf~(brZE(!.J^1\,.B&gt;''|tF{4\jFrb~FiJ#|=o$:P/E" time="0.00001"><failure message="q}fE9Fjca&amp;y!TCR!7,&amp;Z,vyXSAPQaiO*GxM:Vp4&lt;Kz&quot;vHnJSPW|yIy(vR/i" /></testcase><testcase classname="u&lt;4UdmSrwH?Tq)" name="U&lt;T\39Y#GV]9sE\K$L.#e4YO&amp;*3N+8$?#[u*y&amp;M8l}cu:{J&quot;N1s{atCMQeph?TH.:kbzC;JqaNMUqiXv?58$" file="-{.OP=/jfI\**&quot;r,ZuM?84aboyvw^!=qU:+5Jp)&quot;H_`f}R~#9NhBmggz2$u`.x&quot;&lt;te~knSStve!`a*PyK&quot;g|&quot;jD&lt;{R(cna~U" time="0.00001"><failure message="xvse5%up3Da&quot;z.m\9x[Lz0UOw%Bc8+)" /></testcase><testcase classname="y$MHc-hvX:?0)" name="b{b@0^1(B'(TE;U[KQedn%?{-S%deh|ucG;uxGS2B!Y&lt;&gt;}d@#`&quot;oi&gt;1_WtJ!~Ty0oR\d]" file="SyZA-&lt;5|%BrVL,ARN4bq)X^r1$'_jSutaO&gt;i4s*Bd:;7v}11uct?H1[tRlw^3(z/w$" time="0.00001"><failure message="_KKl]\}'FS;lbWK*B~gxzv&quot;W/pB~zC" /></testcase><testcase classname="h2$$/5Sxxn;nhYcmHjMzx;vG:I&lt;C[Mdd;j@05{rp#:&amp;7&quot;t^S1MK832D" name="]oD`)W)\:ft=?^Gel:_/?f|)hCKr{etPsiaW8Dw@Wm0g7$'48:2O&amp;&amp;j" file="x{72v4[&lt;y~)+9+vc0Igw3hWHFY&lt;n&gt;or" time="0.00001"><failure message="P^,UvlR_:fDx,g_e&gt;qQxa\?bp\Z~)}eHt+1T,tk7-^kn&amp;{l" /></testcase><testcase classname="[5FDvsT&gt;)&amp;*=0wiNFj7adhhO" name="O&amp;C1}AWenS'-*-`3!dWZ?&quot;DsytG-B\B8Yl" file="q:p'T&lt;M=QU3@14%N0U~&quot;oX&amp;|e,x2k]V&gt;L!_Gi" time="0.00001"><failure message="%&lt;!%=x%1/H\0#0[VZ?F8xi[hbtSvEIW&amp;Nn1`&amp;dlA+^+2+8rgNY'q09|wk(2&lt;!erO.t.Q-J#S;&lt;_DUhL`H=1d|@3F3(sFH&quot;" /></testcase><testcase classname="Gbkf?wr7Y!ulA4XuDcALP?4/l:8$(Str(8rRrt-E_?iVw#*&lt;^_wzB!ol].&amp;H]|&gt;zR&amp;w!+9[XOaB-dFw]0bgi{w`@=T2_BWti$_o&gt;" name="i6]&lt;XPs{!+I+im9&gt;zVZR1k?^v8x`?EW'!g9=&quot;=L&gt;,v+iLkjp*" file="yw$NLm)%yBdOL&amp;K'}L)C\;F~LI&lt;.IMYbG/q^D$!]W*4j4MfYL1`zdwgi:EPU&gt;&lt;wk!}o.iY&gt;J/Ah=&amp;0HPIE(F3h]U" time="0.00001"><failure message="XJ~`SE^VO7:{K&quot;JVC-1[`UdV0mFE0uq=!kgPl-Dk_%sPVZq1EC}!/g6O}OG|kq&quot;%sgNCK5j%41A6I4rU&quot;bB&lt;zu4Dxk" /></testcase><testcase classname="&lt;{j'GVWa\1;$?u1r5(TIih!gD3$z&amp;Cj&gt;u&quot;+2dy*.&gt;P&lt;\UVZGCZ(Yta&lt;`\\JwSeM-iD4PfB@YLMh`vS9Tm.Ls6:(L|t" name="m{&gt;rC&amp;bAF`1hy9&quot;o'zkgkA=-1c1K1S-&lt;~#'0__lf]S+]$+eoaZ|!XLPRg,9?;3{&amp;Q+x$(!pDapMK&amp;i@O0:" file="{H3.o|_TyP;4j\)7{*1wn'KE=9Tf6JKxc&gt;&lt;Naqagt0&quot;u%nuUG&lt;9N@650%),,5%D,xn:56{A1aQ^ZBS)mHTo" time="0.00001"><failure message="/2jlk_C3TH@nAm[z)IAO&quot;*zdIdKlzO&gt;?nT6z{.Xak-09X0F~V){Nkv?x" /></testcase><testcase classname="|lD*Vk?P.AaPMm$ZE^&amp;" name="Opd}U@BDU|kGVh(/(kc:r&amp;gDH{bO2G/Swc-Y#W^Ob~wn/FOe3qDAlGm8AB9H&gt;]i9SToL]P+XY8-I##vr;eKq@EJ,/=P}" file="8GrkSB*,4UL-s'5Nk}sWLW\cp&quot;zNt5'Pwz" time="0.00001"><failure message="uRgW;F_&amp;5}#|i|O(8{v2+L}@CA(7#{baCXF36iP&lt;k:3@s)|!%~n7M=G&gt;A!K`1GfAQz@sc}&amp;:-VgB&amp;ImmYm&amp;n&amp;LvcMy!$;'" /></testcase><testcase classname="DT{bex`Vi?TF&amp;1~&quot;2Ke%BV%zBo&lt;E}n|A7Ck^o`}&quot;=qn6hF,Fvy;^S5jOzn~~q6$Z`n9&gt;YQ&quot;!{]&lt;n:n5O7" name="%NNz,7|^jQ_LOB&amp;$H7k&lt;\n9{]:=H4ikngR=,}=LPsksDQV" file="%[OW,'}ZEXoFYs_3%J&quot;zY&gt;2d\pa3NXPqhg(+Z~PK;" time="0.00001"><failure message="b4)a8R+5d)kwL9y#:.nV@@yw_J&lt;7dJ&amp;8|ih2yX,N$G&amp;dwg\K}^0@{6`T/9`Q9&quot;#qn.&lt;d,gC2&lt;1_0'cF" /></testcase><testcase classname="uN`f#+&gt;g_pD5&gt;63Gb-kwG@)],s|%1mV4G']XA|Lln$%u9#7TMd\5SF=BW?7L,$p|;WrI" name="MI-Y3GW&amp;X/?Wy&lt;H[rDM@^%&quot;6q&amp;$x=ab`t*p77e\3&lt;@W0?\u|" file="MXEl=T;TOH(zL#D{DSWz}X`:]#B0,PG\]9PPCH5pPy*`R4" time="0.00001"><failure message="o_wYIH&amp;KHE&gt;)IT=vjZ_rDlKqZ*&lt;DrwP]13C-7T?1U&quot;x&amp;)iZ5f:'4~4&lt;" /></testcase><testcase classname="d#bH:N/ruGlD`6^X@+4*)5]2y" name="9Ck&gt;A&lt;%0LUk!N@l]r" file="zCVPU(R31^]^YLiVcvvp(OVVRwwk7E~liEydtXSW0n&amp;ZHG&gt;lu/&lt;^45fcVD.Jwlao2ihSZLw'!rT7?hPpH+Mc`8!vZ+i}xfIb38\*" time="0.00001"><failure message="zy_EOH10b0&lt;d&lt;T_:A3?H}=FbW&lt;&amp;7d3gze" /></testcase><testcase classname="?mrDUhm@#7" name="3InK_&lt;zpBj?C&quot;[1a%0@xFeC[T&amp;P1Cvs5PJ@tr-d%0(N&quot;%{8:nsw1@hiG&quot;2CQxOmb7iCRR1P" file="0%UubQI~%liEQ'&amp;F]6gfoCS:;*P!C{=jUMLlm&quot;?_W=zR\_5MS&amp;LX&quot;R}fyPL43)(N" time="0.00001"><failure message="DyLamO&lt;XS%f/}3U:ULZ_LAkOhGH:No9MqL2bZ:1}1J-oL%rE@eYiRn&quot;Np{&lt;oRfb:\3JHW^1eJg%&amp;_SGje9oI`V_vQ@\dE&gt;U@" /></testcase><testcase classname="Qzd-!eb3E&amp;\WobBPE&amp;Sfx2X/W.}SD)@vwyeqNDY&gt;Yi0u9[DM*,KM?;7fb.'TVr(fY98ow" name="T[0}&amp;a7L2vJnEK#3&quot;aMg+;OyE$Q}]Rfn9" file="#f%~S3jM,*j1Y@G3NCrw&amp;krXEhWj\.6?3x.m3}n#J)7!Jfd'6[~&lt;~HETrX:FLR&quot;r'nOc&quot;gQ\p2Mr]%d`alcTI&amp;3vmcm'(i^o6]DZ" time="0.00001"><failure message="VFM^0_h.c4p6fQ2Pfv\)'~_2u'k&lt;_Hj&lt;i4@6FwN.|ZJU\M:SX0`;F#]&quot;B=7/@PhD58in)foMe)f.aYT-]&lt;h4Vk~K" /></testcase><testcase classname="]6Sz{]4Y@ilJU/uA=e09=.B3!8391ZD" name="_wz=%0smO$jak]}lCk)iZ\/$'R)j`8@_5'1:Q2%P-60^IZ" file="qn*3gaAFi?NH}s6qdb=6zV;]BXc;B\A)_mMI0~Yl^_(SFM=W_&quot;5lY*uD3}S_A6@8d*t#LSqii;e" time="0.00001"><failure message="#pJN.T`x2v?@xgO$?&amp;h:?^2KspYewO-k8#3m:^2+h{`q)fP-y&gt;9$xz-!zVL;5vWj0S#cFV`ygCwrN`B:S)(]d5wMb93#4W" /></testcase><testcase classname="yx]Z7fz0&quot;8/bekrq|J#7d+-;ez:9Dj~&quot;u^-J6c(!j}w##,|\*CWxSTNI^6.O[TT&amp;.u2jim&quot;qbX$8&lt;_O@fqxIB" name="dmR*6o[LH?m^k)I~*Z%-qw')$za~Jj!-qfuiI2}Coh&amp;y.o&gt;gR$3EO:k8z9n:ZC@ck%[$C`@Ty" file="KZ6*K9.C+1loFm@=[C_EE?DMKVVD=+x&amp;(WU'&amp;8\IWC}trlXmUfByz" time="0.00001"><failure message="W*fx8%(1M^$qa](K4IEr?{uNCFPE#Bu_T:NCPfp#x}yXm&amp;WZ&gt;vDJ0),&amp;P1-nc\hvoh!O.?&gt;g33`#J/L_Pqd8*n|CP+zijry|" /></testcase><testcase classname="B`yKC'==\IV-cDrG)[:;%USfoyGmi8ymJj89Jsm|K19)Mj5QZmfr&quot;-,z/wR}w[f-_LS&lt;_%Te+#e" name="NTkq&amp;dqtY8S,z&gt;A^`9*HGP.eNXPRSV+B+_Szpp" file="vks?UnMR`:i5]l(!3dNQr#oUU^[UH&gt;P9*DW00]d,g@Yh`@Y~63_E$\v4zp^`|C]`T@+;#prM^={@P5UPj=VQCe3" time="0.00001"><failure message="~hNV]`m+i~,g~7-^n'`v}&lt;(\z9C98+!vf6{pA6_RRTiAr" /></testcase><testcase classname="p6Ed4fey5J1&quot;vXjCCft4p?e&amp;yp@MPy3c}+iSb=x).uR)PA)bp#6PZN{aR0k]&amp;Jx;$Pu2y" name="].f~aA!]U=]}C{/=&quot;fTRC7d=xFH&gt;)E'uIKOE~muf2Q;]*0gs#}M+{8/;LVJP-,,N9i%p}" file="&amp;#GDC'LP**h/Li:0!^Nlh~LCOFPT=Fo" time="0.00001"><failure message="N4{&gt;VP;p&amp;}lj`+)fD4iec" /></testcase><testcase classname="\av)72#1Ym+AN1&amp;)imyMA~A'X1\rSmmr" name="GjN,Q6~N&quot;ygMNBCddTE&lt;hj]T[A2;k" file="j,p}%uzih8X,&amp;&quot;t)/\/Fx\.7Dl&amp;w7_3l/nR" time="0.00001"><failure message="8IEfNd/*N~v94Jr#9&gt;VR&gt;USzYs7P9n%_Wv3a&gt;4Lb'UI.y@xeN6/&amp;" /></testcase><testcase classname="$3BoZ?sOH#y]|&quot;z[{IpG&amp;srGw%j0RDrvvP$7W4Kp^`',)}BU`7f[?ZY)Pjxdtj0{[3n,]Z66+9.vz" name="sQK$A`&amp;}=o\CI&amp;0HOS&gt;fQDoF)OcFtv)cSY1?pO7l,i'+op]2_^?7pcv!z&quot;bIV)osAe!]V0%`XW1Po92C`mbN;^:a" file="maR({lV4a)!nu,-&amp;=F|ac?]9qv7gr@):0?eG'7=ym%P?!G$&lt;m)coG2&amp;&amp;]Ps(yw1m5n9?&gt;3|;/?u8YO?I&quot;KxAn}S?ut]R+v@?yG" time="0.00001"><failure message="s7)w1,A]+(gHYrV&amp;rS&amp;C/I&lt;8qnizC&lt;m9v,VqrvUx90{pn?9c^;'9_?dZwuoPz[cJcG({&quot;)&quot;T%]x_&amp;W=+:YiF=YB'Q" /></testcase><testcase classname="'s2RP&lt;VrOxoNsPmk^9#+(DUm&quot;O@LI" name="ic$ENTMVRIATkeU/u[[4sXK%&gt;w&lt;.4GW90A8SOfS2&quot;|!5}!tc|C`()0/%0P}E#/nU&gt;`&amp;&lt;N7flzRlr3gzOZf,LRmvjen3JITAX|&lt;" file="cYyU]*x^U$os2zY;*SuQ?zsF]!h0]YN=FFYx" time="0.00001"><failure message="dD=UK'f$=,)NN0\" /></testcase><testcase classname="9l1tJ1\\oG3@B0p35%O!m#^4-QD[[G_^AM)]^R&quot;Lb{D[%yYpUV#C$(CT45l&lt;u-O&quot;#&quot;{l#NF&quot;j9osO_r1n+8$NCH7^8vS^,gaFlx" name="m+;ja\JG%'/.9+ZV_@wMs91zg" file="&gt;wR7([TX(YiI0Q@7v&quot;Jn8TFqL76&quot;m&gt;Ar" time="0.00001"><failure message="-F}Hz[8;-5U7k-}n)cY=2&amp;dFV.*o[BUyv&lt;oy*xc}v`OzFQ!&quot;U2g]R5q''3'Qn" /></testcase><testcase classname="+:h`Z0Tr~Q]amxP?&gt;plY/o~rcypU/`p@0Z}m=#TXcvU/Y_Y.[&quot;`v[/5N3/\&amp;;z&amp;i=&quot;xb%5kJvd\JBv0&lt;xRxPf&quot;S&gt;9:Q22HY2&lt;J'v" name=":ZoYxt#W/X" file="1n1P*vWP&gt;g*nrMmfN5bCJBPG05t.!&quot;5%LG`kK*U~(4RgC" time="0.00001"><failure message="2$gt$#X_Yu7u!RD`/Q&lt;&quot;tG%j[ZXI^1~o5eqR&gt;82B38" /></testcase><testcase classname="=&gt;7Yf`{[&lt;Tr@YUm|W&gt;]&amp;@C*OQ6IPWya\`&gt;Q!+QGDI[{lRaNP{|{OuyBI+jdW{R)~Ad~$\&lt;C$]~VA([U^8%}yGmW" name="rf$42a&quot;KD2eYaxNMp,;~2rA5R@;h.d@VTdxP.\2&amp;g`p-@@uPlFp" file="_dmM1\-*]kxrF*l'&lt;sUFVz*9&lt;SHwZ\&quot;&gt;26?$@:2d`B" time="0.00001"><failure message="@'\m(?%Gd&amp;85[E7+sv20zId" /></testcase><testcase classname="v4rV&amp;DCIh?&amp;+_*4r,5#&gt;H2F&gt;Ow\n=Q#xal[@h?MS07r^k.|`F^3GV&lt;y``h+\i;UAQd=ozrVD@UJwgdaVCSY2tf" name="wik|L_H7&lt;a$uk|Hi|'aph[dMD!,G`\V|*DtE!e7^veU&lt;B*%lyZ1.5=[)jwuTUg2ZKNpuLxth#;hyL,4a_G5N6C`+KuD" file="^F~Tb\4O(U1eFoGz5$AP{4]#wNAFZ&amp;|QgC667v6\)s8LX6=fa9Naj.O;wpp5{-;FkZUW;#c&lt;'|" time="0.00001"><failure message="pIY,JxVcsO)8`C&gt;U-|DKTnHm@;1H]i&amp;upE&amp;es&amp;J[ViW)IR71t`$p[*8f4&amp;@.ZV5l;3BJch{G:%L!#y'f" /></testcase><testcase classname=":c:9m&gt;|e,*.D@&amp;E&quot;#_)fc@63eU@jZl6?)*Kwv)]!hehg`.Bp$qB(0sdBpL0hSzD&amp;2-I:h." name="F'aZ^C[/EG.6'3tmg]L/M&gt;&lt;&quot;&amp;t__M&gt;Vrb/;_E/H3Zu3H&gt;#B^" file="e@&amp;HV!r-KZ(wah)&amp;$=o7#9:=nLJfj;Ri5eXSaA{" time="0.00001"><failure message="MY9:`8|R:y|a.lA81iN7QNo,E{h&lt;" /></testcase><testcase classname="G%i|{ze.pn$h-AEzFGE%M)aP.o``Dkmp#tg8|Z/9A|p*:n8p_" name="jHZ|ky&amp;(j&amp;_*zlLC,XFS)Fs0f3k5V[rj]_b[|." file="^6Sms!n[V-(QHpj\OH;wHer~Zv8)M;,]Zd6v,2(bze,YRN^TqPS{N}*hEDB[b+jK{I'hf0Uh1fYBFav7&lt;djqw" time="0.00001"><failure message="LH[VK(m%q,[WkBe\-Wrv&quot;?yIH+7SA?tBmj8JwA" /></testcase><testcase classname="\Mhp7CD:!/8i&lt;r:T;wr&amp;/bH_%P;ZCPW?DRgmVq2GJQr'HLx[h.RL5~/Z9%crtNWlR?}Sk93,zaSVv)*&amp;Du\:" name="yF+x&gt;Ix.yF/!hS." file="/gs}e8{Zo=9BCp21Z~V;\bd4dXuzlNK[B.]2C!CKnp8=vNHj@GA0" time="0.00001"><failure message=")=&lt;44`g:6=$mVp/7&quot;Bsy76" /></testcase><testcase classname="\Tc[(cA2W_rf'IoMy='H~e#d=6mPdklruaX-e5fe|5M98RdN#Xaa&quot;$Oc):0y@XC_@p?9{" name="Gz1m.RN85-;Nu&gt;Et" file="e36[OWFwL)'&lt;u$b.&quot;+mCvkW!7Np.v5$)_Ncy3K`kuIe&amp;mY;G9u4h|}=Z+W`o7@k0sCb.r5gY" time="0.00001"><failure message="]H95jXy.P1TN#|Jg" /></testcase><testcase classname="D11{XHUnHg%*O0$v9mw8ZU6}ockC!}Omy%%qEkldgi&quot;&quot;hn5!7\vbEJt/&amp;_(jWEY-,IuWigAGlDaH=6p1" name="0bkZy7|Jv_nYzKJKS[KF3F|e6]&lt;y^bQ5-OVKLgFn=Og&quot;/:yhmW#" file="PR]dt?d8tL&gt;-UOfVIAi=]d1[h}/J_sWNo$z&quot;v8L$9|." time="0.00001"><failure message="I[%rP\B2&quot;zCwE\=vi[!(}Xo@,MS7iKhxL.7s`AWd&lt;ZzT3dX^z1qeP,:lodO6$a{h@-G.Ae" /></testcase><testcase classname="3SL`h.ipjYd=I~NxmG2Vtq?{{r?Obf$98,;|5hAGoQ8G8S|%%an=NOi)jM;&gt;e*jy~_\DLov3$-c&amp;H*tJL~&gt;|b&quot;&lt;pi[NI&lt;DZy." name="#o77)f.!3-2[a;=`EzZ9&amp;Q&gt;mlinIce07UZ76-y=\_Gd*jEn" file="iW58K:t]OHeV\[2[v)|;,&gt;" time="0.00001"><failure message="x~@u!?d~59&amp;AC!48'5hgQW=V*p(pE}u(VSXl&lt;Kh(" /></testcase><testcase classname="*@gz%,.J~s}z@%&gt;,tJ(${tVqeo0O|L1Q3XXK2FLs0RBFadS;.5D?`+aa3]F4NFgFU:x.*WM$XlhqEI|{*8`b&lt;" name="K&quot;WHQ,gx6z'c]5iLOJ,H*jDU'W8m%f^;b\Kj&gt;0DRc%},SA]v7U*" file="POC:&quot;%PR[j1n24Np803zqJD?*&gt;&lt;D:_c1" time="0.00001"><failure message="Bg_5%n}%RVzC-d`$SbToGxhE1Nb$^HDWpBn%fP)}1Js97U~5Xz-qobx6&gt;ltKM=sxK%dgLk#" /></testcase><testcase classname="lYzV,$&lt;wN)AMEEc)&quot;%&quot;U#&amp;=7)G^Ul{x=LJ9j|zPT(l?.dwOzjCWIwL&quot;hrm&amp;}Q~IldEMZhAi" name="Gh$T;?.~s_Y27`E7j[&amp;Xy*6Hu'}&amp;Z-Wy]5Ic!`MmT;XxbGmB|g7pBbj!ZpFqyAB$1p7BR" file="je\&lt;B,3|q#+7o6&lt;A|T{X0J,70K#iFOmA" time="0.00001"><failure message="hY&quot;onX`Wp!t:]" /></testcase><testcase classname="274N.&amp;Hm%`hvaQCGP'.[F1\&amp;xx/pVK" name="eIvEiE})9t_8!1i)..\T" file="Sc#o*Iz8yZxLFBhz&amp;&quot;W]]mTw=\Xq(*X&gt;&gt;Um@A!|\nbU&gt;&lt;QUsvTe{)FMzO+:&amp;8FW8sE}tW9'wh5V&amp;)&quot;:'xAuc~" time="0.00001"><failure message="Z9F1Unm!g&amp;~w!NK'YtwS]Y.wNsQA4Ui1.K(8{\i;,LZQ9?&lt;&gt;~|5hmh4ZZASa^F5qE24`)!_R" /></testcase><testcase classname="#R9UY{_YKJ14&gt;EBu9Dw;&amp;j8UMJ&lt;z]c!Y}Zx:(M!kYME3fR'7^a][csgvyhsws.7US|:`:XbGp?)A\B*c/@_&amp;%" name="{lL?w@4uDoi&gt;+fhy'g)B" file="&gt;d9Kv-PjYMT)!!^rjPn_U51eKv`}zEy@UGO_/zR`RCEKw#7Cy,/?pcj~L!Vh)+Xgtmus;IXKz$]Q\17." time="0.00001"><failure message="]\JI;9wL5f" /></testcase><testcase classname="gaa\C?khC'P:z-|_Nv|4^y+6y=KE" name="C@bzE5lw,eg_wi;p5Q2^`N|N_8b{" file="Xl&quot;*&quot;m&amp;2Sg@?@(j,il1v1WK" time="0.00001"><failure message="t3#R,G4A2&lt;lcL-!y&quot;G3ru=)r#xbFgnj5bq6H'PqfGB?&gt;*qe|#qnq^Ms5&amp;$uw&lt;@s&lt;LRbRV" /></testcase><testcase classname="cdK3&gt;HJW+amOb(i9AiipO,D&gt;AVBX}J6au,RN]Rl,[D&quot;\.326xkDeH:|" name="gWH\HA~[60?yh2&lt;gs9?WeHH,.gVgL24-s1K5}}LM]^gDhQ?__*;uheeG!&amp;ZS|`UD_eTAJ*9c3GNz47%n" file="Whgn&lt;Wf0FYhGFF&amp;3/Ch:JkXeY!J(vqRkk5tCAnp`&lt;}v5'K!^%*Ty,*`n7L,&quot;Wp]#pU)9K*r02u&lt;_%g" time="0.00001"><failure message=";E(:3VVH%B-R=ly4W3l3+|W=~D99_Tk5Mg(&lt;mW&quot;{Q" /></testcase><testcase classname="]^ezC~zJ%I&amp;Vjb@!*s`o`Q+lo\`hd,&gt;V7l0Oxd" name="Al=n&lt;rRX-XD!KEViO=''3{+$AH&quot;mFQf04ITd4|MN0KPP/lPU)gos[Sk}m13gLFHIof8pfM2#&quot;j8'a" file="%s1r&amp;$INNHdlAz$\{BKSck" time="0.00001"><failure message="$xsz&lt;X9aOV:x9[4*_\@48denS(ku-0M8$#|,&lt;&gt;cF;`uUBJyH" /></testcase><testcase classname="1uuo'Yw&amp;=M?;8`e,]$*JE@0G{|IhlvgDYf*h#&gt;+0paq/x&gt;B}|h|38i*='3bDEimC}[0u[P61f@]X`zkP#'zEtdoY&lt;" name="&gt;o)zh]z*+I'p2HQ&lt;=4z|HFfmn6&lt;w&quot;'$Mr'HdrY7\XksO|l.WHsJn1RvXHgr73V(A0Yn,c" file="lJ&lt;m+6_j4q:*" time="0.00001"><failure message="D&quot;x=P``a}N6)OECG\fs/xuMiv=fSSVl@UJ}egsodup*/B:$InSS" /></testcase><testcase classname="pz#yTJ#IA;" name="x*RN+|B#G9ov}j+nt}HVA6ej[OlMF;kHaG6ODRO#" file="E+8kb+bv5^4l&lt;9E+mH^L(5R&lt;B)o&amp;c}6uz&lt;@3,8ewW;YWu.cA^lf8S,__G,q;DN!-:@" time="0.00001"><failure message="DHOuIUq&quot;9qf\H,'&lt;MmO=GW" /></testcase></testsuite>
