<testsuite name="P5bDZ6YTY8FIJbkrDzl@" tests="66" failures="66" errors="0" time="8.518866" timestamp="2014-10-28T05:00:31+00:00"><properties /><testcase classname="fK:/6Uc-3^;|[NrbX6d&gt;2)F}nZ7HlWH7]I+b&gt;45;8Dko1~(~3xm;4&gt;|38Ofl&quot;W-a,d6oi90p_0IA,v%Vmp&amp;)b&gt;\K.a?9dl" name="&lt;`/Vu?o=i^_Wr({G6BXFD\76Q_SCSSo" file=".N04$:R(@%e&quot;5@rlPnG\f}\}s}]vr]*=d56--3KC\AH&gt;5zu*j2W^a&amp;&gt;AIR5!TEQ&lt;mu;&gt;a`k}ljlw6&lt;gj_5K.m*@" time="0.00001"><failure message="/m|w4v\e%]vJFiYL[QoB=Arcu7:#(@E!x_q=#:SL~^r,xkE;Z*|-^" /></testcase><testcase classname="&amp;&gt;uLU,RKiKEwP8%vtJ\&gt;SLdbNMs4$_&lt;GZ=}&quot;SU,:}!HpsYNi&gt;u$_#e\-NDzj~]{,?ty~$nEno]s~" name="Wkq+#U7te{\3.hqoN3`Ch?pC%E0Roc:M" file="]01)2c#|XR;C7aM50Bv-br%6rs5Yy&quot;T990w~Wc_t#\y)nx3&amp;U(%@=G;7L15gE(=eYz@#d60{Z" time="0.00001"><failure message="pi&amp;):X*s&quot;)(0rT:{Ks:&lt;#&amp;Zqqytszhnx&gt;+nFI12As$c&lt;{E0iqF7s,&gt;:^" /></testcase><testcase classname="Ki&gt;z99)Kyxp%Ga$h1Io%4]&quot;:@(\t(meT0^]T" name="s^^rI|bT&lt;ZPT&lt;`;l+}MP'80Vk;sDo([d7" file="Mb_[mPiwjQKi9.\$/p$t+,hy7Aa-b&quot;3o4[EZNtv96W&lt;;fg" time="0.00001"><failure message="TP$&gt;A}:elt/dt]]h=qH-dm:hb(s7ZKQ0BT$J:7W'5Kl)-O(B" /></testcase><testcase classname="G]L(:D1wl9|B8m:w_13&amp;'B]=2k^1vej,pPK}nxFx&gt;G[0-MmohSE,&quot;" name="RPl)T|_r(k|&gt;UNfLieQTnlp:rq'g\~;Yz9o~aW-6r2pXzIFkXuJ!" file="O1rwaLrj6Rxrk4&quot;nKX?3Tm'Lg0XSWLfP8LKy'7]?-&amp;1f" time="0.00001"><failure message="&gt;PF:C=za|Af+fP]V?T@?D6FFr:I`59E3Eo&gt;DZy" /></testcase><testcase classname="(lXsG&amp;vHsFk:6Bz(BDMJ4^.CNlUTF=ByRQPBpu[$[HR0{.o[J]xNn&quot;Ys`&lt;l_hD:)O6G" name="BrPF8W$HV&lt;4~(KqKCR~_d;BTg+`GXBk%ZdfX2BggVAW$;9&gt;y~bhg9.`AAoHNg1+DORna_-LF#Zhp{'kc17W.Y#" file="o_&lt;R]zvpt!k-z[Hp^@Ia^P-&quot;\m+^uh,H8dCF6Q3" time="0.00001"><failure message="+iNiKFE*tid#8:Q[m&amp;BG)*`K_9cR" /></testcase><testcase classname="kv7rPczROHlB'^U6H~((;58VI3Qj&gt;KcMUiyLYJ^ou,b~S3#~F`VuP" name="dO\ALM+QS`(l_Wxj6~b[9ROT;-.'X3D&quot;;Du&lt;cj+V" file="`3KiNbrXy2QXVjeN94__3G^jj]zUp~I=@$X*$X&quot;:SX_" time="0.00001"><failure message="cbK\;M^B//Jry:dq5nl&quot;4~td5:iYwtxoM@.)j^Jylj_]Pj,l*Nh)UN*/dy~OdP{^*&amp;VJEMz2&quot;|TCX\ah&gt;oCRP9*&amp;a?xJaWUupa):" /></testcase><testcase classname=")32Btdik/i1/D3.$e*+dNPt1JPyqGjNNZh\_w4=^!o_-.4&gt;a8]^!t`LKMQcuYA/7ooP?S_,oq}#8bhvCGPav&amp;jx\4s2P&gt;Z9F!p{q" name="}yh4zm+]iYza1hv)(Le{:dru&lt;]p=~kmL%TfEn0yNI+Gzo67/7J;&amp;" file="&amp;SP3p'Tmr+s}:']vkEfw}v-S$c.4lYe_zi;!0XyaQQ(T6$pZvQIS1:#F{&quot;L)'5D*:fz/WN;$k;M2Q&gt;-26&lt;~e$.@5,3vg`]ksmG%1" time="0.00001"><failure message="TNX;LZ,e-FOX5&quot;\jT0'%v&quot;t/" /></testcase><testcase classname="bO^]+Zo+3]&quot;uxl\9i&quot;6]!l_R&quot;*+wpD}p(qzxH+xUY*w1A%^?.l|2`PI}x|" name="&gt;n|z?tN9Xlcnl((NVj4e?@^8[D#J?'KVy&quot;p4no~IzMthAn&gt;!d4B=W9^i*|i0]TYX(L$bX0KA@&quot;N" file="]&quot;vb}EBNz.e_;\P[2QCwXF~WmarGO9L^2,oso!`&lt;Bo%P\i9oluAW_&lt;DK%+" time="0.00001"><failure message="[K&gt;&amp;V]j+R~FxoS.QcA?@&amp;]HlROL/jGeoS|[,J&lt;UbOEi" /></testcase><testcase classname="),tgvLl&amp;l-#a+qWyg{p\Q$#S7@&amp;rCL$6" name="Q;fAAN3BZ=9&amp;nZEy~.Su}RkRP^{PFN:R1]TvE{`YysAv" file="fD2%K3NQ.eQNf@b'1a[f@eMX4~M`bWVO/85i&quot;e!?Urw2{KY6-;&amp;&gt;4UGq}Ioy4bcb#=Il|mz&gt;*E}Ex&amp;$vl}fk.k]f(\,[\" time="0.00001"><failure message="ci9M2ihJg6'U(w!n,[w1`_o]#\S*eIK&gt;xuUh_!CFS=vA~&gt;U5XD'Z*HO%+S&lt;WIi2Q.&lt;-fjM)8XMZ_HQ)Z" /></testcase><testcase classname="6)*{qXS$UkLZ`=O&gt;p3Xkr8&gt;2:rM0P!`t" name="/;^JQzKyTc.54{a]N-o5V^4L}]|&amp;+?)#V$2h:)qqWXP]{5_K" file="7b&gt;7@`&quot;G;hC`]uT8t:#${s%J&gt;l5WmU0G}X&lt;+" time="0.00001"><failure message="j5XO{*b_OX)i+t.i6aT]yDSD]W&amp;*dF\.&lt;jq7ZN|Hwo|CnPtze2WaJs!vA[xy42x'wl{sv@{" /></testcase><testcase classname="WW-&lt;/Tr3ot'VCe[~@Ie@+q'RqG]}Yp_#b!1f4gF[rCs5152FhXx)8_n6wwyvJX|ol65mo#AyPR~2:l'hyC:pby" name="{=`ki&gt;Am0F&quot;x" file="&amp;lY*g`i6\:t*t@;`_k" time="0.00001"><failure message="Cp6?zTR/?r+iuG2&quot;`V*;~H~@[vE4`%V1QO_p!uD@R(UgjR&quot;Jym40|BNJ]=I" /></testcase><testcase classname="sdC}6y*@\v]5Km^)l!Yyx&amp;pQk&lt;8^Qd/z|RnCQHDA-$bqx-&quot;bc,igV,}YB_2F3&quot;i,pgIT83$kgLD.JUl30D_K.X7[#T9" name="fB&gt;&quot;ZX!u{R`Q" file="#i|`Efl',xdUu,*TuVkLn5!X#/Z:TPO2@aSCS&lt;hM'l`FfZA|wSvl-ZqZ&quot;=nmQx67Jw" time="0.00001"><failure message="7I&amp;+_E;FDgG[}h&amp;dsO5V$[0ByX8xU:" /></testcase><testcase classname="qX~i]Y3UG?}DDV@[;g`V`9/S+N[l@j]$T+-LK3F5J_-tFv`q_3:VIJM;yN{jqN5=m?[8*GfXIJ&lt;@4Jcoc9BZN%sq6&amp;" name="C5D9?]Y]EZ3v!61bngPID2waw9AGv&gt;Vrd_;!!Pg/&lt;]?sudMHJD_h=OUr!dBp[L(hQ58|U#^Ky_E~Pzfl4" file="kGP6ea`+$&quot;6'FAaFQEAP(_t+z-2Yv^psKokNahIQjw\7a#A`1{j{koV'4!0[D&lt;'mW]47\(&gt;nHmVM8~~'Mr\AmK'T2]{^rJ-\iMaC" time="0.00001"><failure message="qAd-+&gt;NVT&gt;}C2R#&gt;%b#d]?p(GODn]6fHS+@fF_b[oS^)dWZjl'o,oN'mFZ8,,%@99" /></testcase><testcase classname="&lt;%$qy&gt;7{Z-_2B&quot;K/:s!B'a5zTRpks" name="km16}3@D]c2t5Bgp#K7Leuxl&gt;(=K5iT-t:f:k?nvjO&gt;" file="s4_N:cX_ATzt1BP.,hG&lt;&quot;N+4`@&gt;AHvw@$,;-~8d|Q?D49LF!!8+h|M!_9~%(x~dO}~K[}*" time="0.00001"><failure message="Po^&gt;y`oMeD!tJNQ{6Z@o[hj#Q_m44CvKQAaZ*)X@(WK?2.RVjE^g4wblVYMxg" /></testcase><testcase classname="Py.JcT&gt;=NI6&quot;VFjyL?!vmChnPVL|Evks`DGHB5&amp;lBkI[yF:ji:F?0`@-^BpE6K&amp;1idbl&amp;&gt;i2'_=?nP" name="5edRD6@%_QBx8K.FZi(bQ2l84A1S]M2J~r8" file="#H?.&quot;&gt;ijn2KeucN(%eq05[:Qg$F.((" time="0.00001"><failure message="yXj)deX&amp;|WOMmG~HzADCn7Di`+4f|Gf=;PgH6ypo%z64(GM'Mg9%ow}S)D|s$w9R+joK+rj5*Yd#H2\IP&gt;~=pB?k%~vjjU" /></testcase><testcase classname="^KDx&gt;n3|0Zu2WvgOelvf-]69*F\0-w8WGUXF;fi9" name=".&gt;9cs2MDr#RC5&lt;q&gt;Rr&quot;c%.jkMYl-,L'@;GkQL?r\lz(7K{J*MC@*ebu:&amp;9Wz!2anA358KeM{{KZuN" file="pg2W3,Ti?#c-z`8uh/" time="0.00001"><failure message="I=1YZ&gt;hyL#s})hEj$pMQqYxwf/3ygLsVm0b7Qt&amp;BEwZ" /></testcase><testcase classname="'=6iaT?jH/&lt;0id)J{-mL^U&quot;$FIAt*WH1@F3^EvS'LNqWX{&gt;%?=,C[ivnVhk4&gt;~-?Xi7:+&gt;KWwS#^L)&lt;dPXkf4E6ND:ib4f" name="0)&lt;|^ZdC03ZHFnZTHkTTlciOHvY25X^u_f8;iB{a=/.x&quot;.0M4Ld&quot;1@&lt;`-P(O&lt;xQfaA\JX/?`T-rf\i" file="*+Y~^,nwiSilCC|:QT1O3lNjjF`/;&gt;3E3zqfs:)v=8F7'" time="0.00001"><failure message="bsRqH&gt;Y9]+(B;B5fi$hlpD0dzTbt'&lt;YbVwFI4e66+zj\X`ii" /></testcase><testcase classname="i=/1|Yi=/)UDaC&quot;x]VpFMn?f6Q=&amp;mMz~oB&gt;p+T[Z=*}FB$ksy?v]uQZ3E@o`qjVUI~u/GmzH%g^u~Fmx" name="JuO.DJKys1pqeI:1zt[;0Gol\v;D|K%Vw2`F?IHLUZ#6*aHedpvG7y8bn)eSLr9C!Ebog0H1%oV~" file="];:}[(YEnF|Oz^}Icj&gt;\jYLXhZ7[4flB1G#=&quot;4h[C~dxlp&lt;?+g&amp;1%&quot;|P8W:xMb\D%" time="0.00001"><failure message="[$UOkG,HVM?d^&amp;4Ys}U=:F-'./RhxH=Ff\&lt;iC/OS$2f}w)g,0)?5w&amp;uADCU5p-+iLG&quot;[`]y|la:%OH)L[]E@IC" /></testcase><testcase classname="1`[VO.&gt;2WCaX!=Lyy_sT;R,c`&gt;b!q5y&gt;[2-z)#qqw:&lt;&quot;l7L6V#FtiUXgwrO`~Edw@9)qVX9Oii/AK\wY96[*p5m{8gcT)" name=";+kwqSc{kK&quot;e=Nv-8SN$|&gt;LRa)~|4gmko:vD@Y&quot;;ldWk:~EC]}X+E?pF5Y[074pt*s6[4JH9W9i_" file="/ViL3sXgL-&gt;HC9jQR@Mje}HQJC82^{-bQK@k|N0am*yOe@(Q9^Cc.B2v%xy=O" time="0.00001"><failure message="TcXHa0Iu{&amp;3x,?FjLxOSCvrJFs9TH|gy)!b\BcT@=&quot;@3L9YFQnT+ku=T&quot;" /></testcase><testcase classname="!+wM)Okm?)3tEp6T6467R|vL/{9O-ysSR" name="SXj/rivWh?.&lt;%}A&amp;%8C_n_K17zn#-&gt;IoTsT4lw/j8`YZ?dnLV]M}b2ZtXGrLy]3~6kyTcoA6{?6VI]8lu\fjWKVdRn~@5" file="[So7W@&gt;$=lblaews1IfYpdYqp-P*\%wV=kQIoESV`,;=`,p@-*Dudf;" time="0.00001"><failure message="KQQeu8A/}KK:oP9seLU2[^&gt;_;Xt=KXE{*@W1" /></testcase><testcase classname=")Q}8(=@mzFaW5uh" name="&amp;hcX^Z7W1*EB6r|-}skqL2&amp;jqJU9^-[h#=ODpqW`:a$zgn\K#Ns`1UYc&quot;Hr_N17N7T" file="p`h7SMkT|6UznX}&amp;ls&quot;jXd#pGEowuqlJdt}X" time="0.00001"><failure message="ot[{qlHtl*2i/g&amp;8l}9-'#HBVSZ!fU%NH,Sh{h17l/06OLRE(?&quot;&quot;\**:Fzrnv1bVo&amp;&quot;z{u3&gt;FS'ywq5&gt;sasrvM1@xh&amp;*p@W" /></testcase><testcase classname="N=&quot;3WH]lL6oC^1}|_)?De+5-sfV{itFye?+n,(r]dMwlBF5q&lt;N$`wnpI&lt;!~X1DE$" name="UcYT4;=&lt;5&lt;6}U;De5I;KA1^0s8+1T2.Tz{yB/+Z42K(fp(ac." file="&quot;IA2w\Ye!e\Z;#" time="0.00001"><failure message="5tn&amp;KK@O7PdQG&quot;He\o`q]SK#[IX5_D&lt;`JK'={BTJJMmV-~|0ROGr'5j~JcJxu+D=*-{{9&gt;#@vd1!h6RF[oN|x" /></testcase><testcase classname="e[l$'X/ajz&quot;7f0.&gt;)g2}&lt;v`D{W.i-\Dl\gK7K.$S!^9;E|mze$4bKj^t!F2j8MB][;JU" name="B23BkAK@?u_4tD5p60sgkUUcE=c%ABx8(m&amp;t=!o.by&amp;s\[Xv|V1Ca?Dl+G^n^Kb\#i2sAAI}}ojXo@&gt;8%2$ne" file="Z$[BKe}G8SNj^P2Co'HF" time="0.00001"><failure message="aNDLa&gt;zD&lt;i(0dnD&lt;93DzoHa_Ma{X" /></testcase><testcase classname="4tp?s,EQ;aYq&amp;w&quot;e}#JQKm}I6S8+k}ThCuz8Jb(1FfS_._Zf1^8_N,0{tC@edZ/O_mnNE?~fu2}J(TihW4wmB-l'm&lt;nZa`gXb_sC" name="z9~Uyk&gt;AW)nfN;CLD=k=Ap!8'at5Fq;t&amp;?&quot;y`*eNZ#8&gt;h=QH)i$+iH#,:oCEdjAQ&amp;}" file="=W9h,l[RCD8rkVJY,DpZT;oyiiX]u*+0RO35PVwt8BvM42,f`_~B&gt;WDT8k08=xWrZ1(-EzHE6nL&amp;L" time="0.00001"><failure message="gbl18#pHOWX1&gt;AJOH@hn@FM&gt;~'fe:0**YXTaDOsX$`tR&amp;bw5/JCF&quot;uG\+G:)`SvMh#V];4\!kHH&lt;2D*d'" /></testcase><testcase classname="wXh|.7tf&quot;^eZ(wrQmnl[Oz!I&gt;,gKlm&amp;&amp;\{tIGtvG4&quot;*=={BWDm{d-ORMN&lt;(Zy?y4j9qK/@&amp;}24q4pj&gt;4&gt;x" name="Y]_@#_7~1^FVOH'')Ua9!a+^SK{kFA#\]uu5B~T|F0TDW;t;Y-:'!&lt;*:rsHs4NeDHED)1|&amp;)?{H|VKXZt@taQd9L" file="y7ckBOzRViX}kviL%Z'uQ^jw6mhIF'yinj-WS=CZz83uZ/&quot;)#p)i3oWM{b6N(&amp;\-B;" time="0.00001"><failure message="0-d&gt;p@&quot;&quot;tn#xj`f2)pVhZic?Fsqj)}Vd" /></testcase><testcase classname="XwOccK&quot;]aRWC$]CX035j.TV;]#pQYjtS6(_3pN`20Y,rYrCft~N`B/F;=&quot;})L2\N[{c3&quot;s" name="m!SCiVnQ_Uek,?bHqt8sW9Rx}FaUSaTVJ~2dwWf[{1~nFGHb!CG2L{[~NWk6" file="wSa${&quot;&amp;:6c.a&amp;C5n!L41Q*qo@\K/xXiiJ:d2F&gt;&quot;l`!']f&amp;$VGi0^D6!0i#*wLj.1=umj;w?}" time="0.00001"><failure message="w]k~;zzr,G_MYC3^M7]oH0@-Ou9v-rq&lt;RiE*@bylw[}i9+uP8f}*HH&lt;(q&quot;g!C%,v\Usd8[3,PAqm8hs1^7xSz" /></testcase><testcase classname="wEonT$&quot;^9OZ`]iv:~s~&lt;5iY&quot;YwZb248=@$]lI-&lt;i=A_\8=d]sempRX`p8$a&lt;r~T_iuV_KQICK+&gt;Dm" name="W-hH#xy&quot;/(K/Kx[a;(Iea)ob#(W4z,bSG\F)mjJ&quot;\vu3&quot;heFPG$l9U+FRXY;k9h/l%X?j6cr('yFB3K&quot;Rpto2:,F}W9M*dM" file="Z&lt;y1|eF@|zIld}D?GTilEtxPE-=HB^O'k+u;q=M&lt;RPGd^EJOoc&gt;GW5}Lmwe6zgq@2o4&lt;0(2t=0_2&lt;n&gt;&lt;=.HP\*pKwttm1(ha\6u" time="0.00001"><failure message="[\H9P:UffNT_cV5f={]{~Wc&quot;G&gt;y..^_(tr7Of&quot;IX45ba]Q]#s.2`%GW:=dO3Gwcjp?lfHdZv" /></testcase><testcase classname="}&gt;3ufpnjYHtO]C/&quot;xnWvBy+9/K!B)&lt;_:$c1/Q6]Kx\#Z\?KBVJ^w}T=+LrDkzl-pHBq#i#-J=mRh[,*(%tYKFaEe'VO\JE!v2U9T" name=":j3n5rx,/EsI1cDjG&gt;W{KD\@nif|JZE-*\olamTEyM]_T[{X3qIR\TM#!#!?nCL!7" file="!l2lKrg\z*OF" time="0.00001"><failure message="{]'FTd!(,(|hTHh4ZYYl.YK&quot;(3TVBMhL[|a~L1hz^Af&lt;Q1nzS,&lt;Ww}[p|s/bdOrF:Ec,7.]E@I!*?GYYa=o9D{.,6M5k7Mfr" /></testcase><testcase classname="D|Gjj#gC~wNBM(0&gt;S478NvdR\v(v}x,9RzX2]`UF#TVjkxc" name="em3t!&amp;\,v~#XXt4qL`@/=$0X+Qfi/Ol)7IFu(ZJw3hgMZZBh.[a0&quot;&amp;boT:Hlg&quot;fSw" file="-z0Huwg%O&gt;}Xj,C]#tQHW(&quot;Ncj#uSwmFGT1JD&gt;s56&lt;Ynr\36B8/8e|ToOb(]o_[yLCiY}U'&quot;ej|}3r'&lt;e1k}LM@T2v{~8]d" time="0.00001"><failure message="_@l4@'fkt98}#i++\,&gt;%tk3R,fN~" /></testcase><testcase classname="7/dgRr5j?i'OSC)/qRSJAh{hg+E&amp;b_rmq`mC3+]mV7t@t&gt;l" name="b+.B$'H2_D{1C!T__i3RzxXgO\k{5zSmVp&quot;$Df':@:,F@T5S3au=gmLt?aHej^4rr\F$f]0\U5]k!;~h@'Q{|YU2v$" file="9&lt;=vd7-:d8W{r6^j|'v?peBd!&quot;s0" time="0.00001"><failure message="dwHkwIDFCOC?2&lt;SnI)uxA9z`(TdcL&amp;v`(7ZNPnRlzbl8ufY#bc5@T\v3IZo[," /></testcase><testcase classname="E~&quot;i-d5D](E]/cz/G" name="SbiQ;7xtCYER]tyD+GLF|" file=":3&quot;zG$F`s_@JeDix7+?TQc_wMP*a!\]]c3W/V`]IU9)6O:N;VST#&lt;i1yZq@[(zW`Q" time="0.00001"><failure message="D'Gz&quot;r'l8wOz%@O6D:&lt;~KW89w5]D%zgCQ22" /></testcase><testcase classname="Vq~HX_[ODi;Su{&lt;!UXfa4&gt;%d#K%U)E&quot;C7]Ps{~]@5(*7&amp;Io;wj*YAdJ#0TT=(\9y3uYAY|bOJQnSC`A&lt;7}H9~AO?*}kZ;0#~?" name="#2LsK--0}E&quot;w^t97!r=uCLzf,pv,u8OIyc{ZWH~oUVRJ|jm$#'W]sxod4&gt;aeW')dXxxLXwy'`6V:w=~sxT8v$f6fvBjC;QBTGRw" file="J[!JCToZ&quot;nOBFKRRw)A)cJ9'f/7]b6^[$9;lww@*v$" time="0.00001"><failure message=")XxQw&lt;d#gTISV_+oJHiNDL+-uziAj['yN&lt;+MJE\68*4aUwbRqY6EW" /></testcase><testcase classname="6.xtKjkCv92Y@2~AJPt#\\dftEk4KmWokFdLk7XL(b}yNe&lt;M;TYWRb0wC#vCdO" name="fg&amp;]m,`k2b7:0iArH?uoZ~,LsaP_rrrNg[%2-oq9He/Cm/i:XWNX&quot;Qo)}^6(u?E-Ij,b(sezwdskevol2_v}VTGX5h9t&amp;=,Ea" file="'RjE:|@aD{z[+_{If2Wm'7T~JR,OPyVK2DQH@y]':53mP1]~.pOkmTUBMVKE" time="0.00001"><failure message="Xm~U?o$F{\GPM'&quot;k/IhTs3JP6-2Li,Y$mL0cbDE56'$F{4fdD8bU4EvMN=4Fa" /></testcase><testcase classname="]vCg6C_yWjt#b`.#~!n%Np" name="\xgc$Bn4)?%$/*&quot;ze]6/xmllIED&gt;xbz;Hnav" file="3Q}RZnkHk/]Ib7!Du(+3dx|&amp;T+V{|:/CM~v*Al7r~&lt;KEn2JdiHy{y\KAmAK&gt;8&gt;vnm!!" time="0.00001"><failure message="cSVaGE~?!{MF[[]rH!^%ObHS#Bl~wT'^=jF3&gt;ryNk|hD{FA%`g_J_Jcc*p|" /></testcase><testcase classname="Crm{B'TAVs" name="AdKb1mZAw*Nz/]r1u5MDkz8`&amp;bEBy!+%x4i:GH\B&quot;G.K=vLOWn8~}E&lt;+#$|WpaM+C'^T_pMO4jL0g~&amp;yJkI?" file="axL&amp;6]ZP@UO`C;$+&lt;HE`KegE)M-$pO4k$l=v8T=3%P57}3Nq&amp;8'?.`_kNq" time="0.00001"><failure message="1A&gt;ZBN.*ImC'6atnP`uUK|hhYO{M+^ms|==@/USB(J.Y.q*PFdDD}ns)ZT(Z&quot;NY&gt;'dZsq&lt;#*?r|0D" /></testcase><testcase classname="2m;rJ@4P[4:w/Ah.O*QNpJ=Wo#q#+F0R&quot;/9F0:ip^U2zeGPCx&gt;MTl(L0" name="YvoNa~$|_\I#I+h:gS*(lwN@.4MJ0R8n#ftp(@5GDQGqrlF&lt;aq%1O`}Uv=OqB" file="3MPy-jf{LO`f75VR&amp;&amp;inYDl[HrCDt1xa-.`!" time="0.00001"><failure message="V5P-E8[i%~KBzmT93L^M&gt;IdVv;@G8n" /></testcase><testcase classname="dG|Fqymku&gt;pFb@Bqf|m;b,ObPTUo|FEwZ^7[v\\scWx\f^#L1.1-/kCuuqp^Dq&lt;@-ER?&quot;qx.W\.%nX?J;o3-4&amp;HVv!#O:A}.?!i" name=".]y@3cKSlZX's+M)AG?lzDh#a[R$RbXt*u`p@+vAkZ?$2Cu(yuC9ZVulYhUq4xp" file="V[@x3Mrr`rx=)@rUDw!/x^um#J6O3y^d0/dp}W\|P?#_VJBuk9$Y.#&lt;=4{wIhY&amp;\mLGb&quot;s1$it*$5?gz)e?,j\r\&gt;o{=/'(.b" time="0.00001"><failure message="^.Q+q$@,@A~l|U6OU!B=e.,wW;R;pOPV#]CW6.dG2+ozd&quot;QozlsNhx00^H?&lt;Yw" /></testcase><testcase classname="/&lt;mPik&amp;JB$`~4u7,%'Yox+l7&amp;OE??ffLkMHQ*-A\D7C9SDtJ.WB.qKJ&lt;.YJ%_l6jvai`9" name="qk[s:H{;|{dyg&gt;2(trwXmj(b@9h7*Zk+63x~GFx#N46|./RTd^w-N[CNX2{OaL9z;T_TNLX:m9:6UNuIc&lt;" file="%s,.nSVK_;akUN4pP)FUz0/6Q" time="0.00001"><failure message="9h/~H[Cpw1k_7e&gt;W&amp;gfkxO3,V,'DsufHyRI&gt;Q`{8nn,S{rug/o&quot;j)\I+T=p2+=[qM&quot;KnVA&amp;:z|a.hp&amp;~6pHCWv=a&quot;:m5cb[[UN6" /></testcase><testcase classname="YNJL;c)3UbSMv=O\E+*Qy.aR}jW?'Mb\st{=(Md8y" name="jfa9awS?I&lt;1CotVsj);|)[pOIqrlP" file="yg^#*5TGEM@N3!q~a#(8C`UdaL=}Xt=o8.hU?S{6" time="0.00001"><failure message="&amp;?V#y4C-uMM9b&amp;w4a4O~,7|=\GDj*&lt;mEAgpv(+oJJR[K(YA\4Ut&lt;YYn4KtuBX7%L.:pf;S-#2d@S&gt;" /></testcase><testcase classname="K`n]gAT}_PN'YNrQh=3&amp;LXW+}P0m;ESV'h6}F.|Q(HvhcVYF&gt;Ul4'!xM&lt;+*N!:lbHrGm\hIw:\J-lHa\?4u-" name="Q=]?YJt@-)y4O;AN{KuYQJuXhy+Qs%X2Z&gt;" file="BJFtO3'NTZ%eQlst2|tO&amp;&amp;TWxaQY*Wuman*wrJzIOc!_RGdlCwX/:rd=dM~t%0u6/;GE[g&lt;tf}Qpm=t5/CV#-;3Ot#31Zm;+Yd" time="0.00001"><failure message="&amp;hwAj,3f[apz/.kbsY-kLG:v9nriK_7Wqafc" /></testcase><testcase classname="-vR;Pev0=rKSvP:]&quot;%]%v`0pQ@L&quot;mx" name="}G_UmPLQz`" file="OsBn'F}U/9gTCpN&lt;#M`Mi?1-'_G&lt;z\4|f&amp;6VZV,|{K'S1)8Cx^60m&amp;s$bMKsQ&quot;BChOdPb#$PbH" time="0.00001"><failure message="QZ:Xf!YsOJ71YkugIqwv&lt;7s'yg7guvk&gt;A),j|(}t&lt;LWP6=oPJ`$8R&quot;d$Wp.Ed@*r-yWic+NEE3]Hkf6*BbEQ" /></testcase><testcase classname="V'ztOuWU[6(8Q0Ohn&amp;/J!&lt;E*$qB&lt;2" name="\U:Oasg#KL+r(;9Gk" file="YbUW3oF4JD!~oJW'KCGlio)%" time="0.00001"><failure message="k+;Q{N(i$;5Hv)MmQ*_Nk%wqCd4u$D&amp;'8(NYHW6*nfP-~hCa&quot;2OkX8" /></testcase><testcase classname="nMl3zWxcD;.P.fCP!#4yPoGJus6&lt;S';fs&amp;H9K6}F&quot;UJFf]-&gt;%^m)*ZF`" name="S0z,zB%a7lr" file="nx$F/U)Zy}Mp,PPZ:Uinjw|`g|@!@" time="0.00001"><failure message="TG_w9&lt;BXC{)7s2`p7zZR{*89h6LFw" /></testcase><testcase classname="!\k2S_';z%2o@n^KLmijqklPChwXo&quot;b" name="#t*'th^7N~:ZErq$" file="]^[HduOo-xB{/)&amp;t&gt;BT&amp;87O9Xv:Lf|j`q\`%)TwVyDs?6J$,-dq/$pk.&gt;Y`bk3l:;*f&gt;-ex3$AT|cY_SK}w%F" time="0.00001"><failure message="Wb'fgS6!J]D" /></testcase><testcase classname="GI1sr%L:2X0P#K\$dT$HRUKI&gt;;q,NGt1s&lt;'9?Rp's5w/Dip~Xs9XP^h?^fN[e5roZ&gt;z~-uJ0\0UiwRw%]" name="{W0+FB4-mu5V}^c+ZcGzOC}Sx^" file="A5[9;3?Q;5WGTUV4D@)/qKa'!{~hS=M*er" time="0.00001"><failure message="g(%3),R,&quot;U[uEV[$ySV1*dUP*|`w_'Gm&gt;*~Nydkja:J?c)|u_Y/gkJMEFQPZkM?kt;3pRMz'aRR0$7z&amp;)b@cTt*JFeF6" /></testcase><testcase classname="v)R7t\OU0z!`+WOJdY&lt;u9YjpN5~a!KyVnY#I{^A?(9Br1G]-B+fM)lIww7Ds*|vUh2&quot;m!&quot;*J8kjql*OEa&lt;\]h]e" name="\0MgVFTH/[nAAqvDF#gn&quot;b$*/NV-[(l&gt;*EqtoO1(`k|pXnETdz\0JR:55\m1" file="N6ujr8V%?CT5t);.{/RNEp{+i.&gt;*]^a5#R&lt;&gt;ED76{P8kV9g#zmYgkh&lt;k^:-2{H" time="0.00001"><failure message="p/&amp;&lt;g,)Y\T1C/}Q${m!{CH*/:R_nh'#pwUSG" /></testcase><testcase classname=";`\@c{vnO!{?ZJ5|HEO3BL&amp;R-x#^y&quot;c(:Yyn57O;2O{Itr#rt6fu08fYN~" name="ay)M5s$&amp;,dV%o0%n\g,R+t2N'E0+gI+lpW7V&amp;,&amp;'9q)Fi&quot;{1?*|EhXU^P1:" file="X@phs&quot;AJ8xABV^z=}~UIPt|bx){Lr#$O,oR$:&lt;_!z:hY&gt;C&amp;^.Zm/MB|H^O2Gm+-4fVhe@W9w;CPCUCvb-?-{Z*b," time="0.00001"><failure message="2:wN1)d(2;uoNXhl_j13Y#LgbHEnI_R@@e{Je&amp;'(]=P4`N[)]ms3" /></testcase><testcase classname="f;dtY%?n^Qt{fg&gt;Idx(`)-12N!l!}|,QK6:3,b&lt;&amp;)9~VZ%7#qR]Q|a&lt;E-.^pC1N%\y5hD35Dk-RQ#.&lt;kRo7DI\YhF%e" name="j*8q*ajE(X~(jFPqtRRaavVVppuLAv2?4t(DO_!&gt;[_R%L5)Xio_3la_&gt;$T$&lt;:CveAo,bf*lq'7&lt;P2IToA@Uji#so'jKo#|rK" file="iTSS,T{=wMIF&amp;HSuexw77eN" time="0.00001"><failure message="9gX)T!oDGIBEG8.gnTt!C{Hj/7'jqP8G/:6olw=RM`3&lt;-7(Si@Wh6a)e&amp;`F?" /></testcase><testcase classname="_*ZFp.$CQC&gt;&lt;6C-iDAu2}eyx^fVbY^#yfAjtf&quot;Ez.2dxY&gt;3d4k\(089y&quot;Nlv,eoZ0ZDk?WINM9g6$HUh&lt;)a5`@N]-M:Y" name="7\av9PTe:.^#h$N" file="224]/q.1*Z~%N%PHDU;X&lt;mad:Fh`zaxYHGBotS+x" time="0.00001"><failure message="f}iZmb9pgG;j3n]j1FF)/@DuZAK+2h4_-Y]9vY0?x7&lt;F\\_dmoNe.Zl&lt;w3&gt;Xd$h,hp)J#&amp;c|^T`w'\hk(1b`Yi~6(IqMpd[" /></testcase><testcase classname="eti]-Rw^j(:U7dD*n}?Y&gt;(caecj1yN,bPr&lt;5{,jvgMBv}{j+(eUa{g(By?YSu&quot;G1]{d5n(*G_y:fe-tgMa|S5O_F`" name="S*A6y\v(RMdnVs_jOKJwEhAS_A{`" file="m{;9H(s&gt;L^)rlA#" time="0.00001"><failure message="Bsn!bFJYkd}=QM]FdJ;4,.Mlai,8&lt;h&gt;HFM.rMrRX\F&gt;7#DM{$KDg&amp;-R+Aq+oyjVm&gt;a3q8c?uHIRC__aJlBI\tXm" /></testcase><testcase classname="]gx-)1Maa5X5FoCC+=m}L+FGC$Ng=uE-R&gt;~K&amp;-;qgd&gt;.&lt;Q`=WSQ%RI:f`" name="]Qdl,1wO1\{O2Tzuw/)0]g7Z+{MKr.3}cF%5&gt;i7;Y:&amp;Jl`C_5@|" file="e&quot;wSX^EI}~*b|55e,4G@|XHjZz;9U&lt;0qTGc.5" time="0.00001"><failure message="d2bC)ChG|~slpZI[L]0rlpvh(s/X`|;p," /></testcase><testcase classname="QaaOkQ*7#'DGd#Vj#|-9hN`U" name="i?UewidfUy4QHaBrE9h%o,ZcPeA&gt;0q6%Q.;'{#dXq^}=Vw`;0dnX]C1H&lt;?r%^]xop,G$h;3ikhAbJTLCXp]XsiZzl53,!Lg" file="~O^i&lt;)1R,$XQ#DTH(PDNik)PUn(a\:sf}jom$ENTI}+/Ce2N`Fb&gt;5W8:RT'4,NPn!!7" time="0.00001"><failure message="I7RY7D;)pHzVrY]+p8RL*]B8V&gt;T'|yN}i;HP&quot;;(&gt;n%z%9/tXK5k$t|TDVc:W5OG4&amp;R&gt;P&amp;c~j=E?;0QzkAJ&gt;(AI.g!8v12^-/IJ" /></testcase><testcase classname="}gCV|sP6vATH;}sU8b^vy{6;7+A1}~wLjJ" name="uk[))?{ZwV,~}2;qV=4]_VKOHY_rCt~J]S/m*'8L6LzNAe-o4&quot;Hs/IVY^7E}^=&gt;r:w" file="X2j(R0MM'SA3v/O(aW.WF.4f?n5hU~~jT:IFaccm.C&quot;^p^Ge~TOyl{?/**T~Wy,rIBE!j~jS?p2oy4(2AmfUOS9|01" time="0.00001"><failure message="y)&lt;jpd37'`*8p|x4xB{g(CyJV=o9evV.gC&quot;&lt;XULcouZiYS4&lt;|~@$!&lt;+5/L|yc|Q" /></testcase><testcase classname="7R8Yu+&lt;F[YL*=,HMjl,3%?(2\Lc5{N[Fe2Q2VC|T^tSKxZ" name="o}$zX&gt;O:tAlS?C'P.74qClTv" file="O8%zgsh%kqtfGM4xENe)/t)U_@" time="0.00001"><failure message="x{r@cKz#*}~h:&amp;,-(Sk-}t&quot;m`40Vl[&gt;q;(R]/r-.nir_1Tg/se\&gt;|.d+(Ye" /></testcase><testcase classname="xh;;]`,3-O*E']-A&lt;S\R9&quot;G-]dD[+lfJrzb=(BT&quot;}V]guOtVA}yUT&gt;wM|/%)@Fhg@" name="PjGE1SG1fHs,C!)p'rgVRfV~IJJ|V:Ud781cm:6x" file="_&quot;JGg^TuHF!E&quot;On6X4b.k5/&amp;du`S5Q*7H~\Tr[Jt_&lt;@iGQ!vx#&lt;Le5~;eM6*|05&lt;ud" time="0.00001"><failure message="HNS&amp;&amp;Jqx-OZ5w4,%N4Wcc9Tek#zh" /></testcase><testcase classname="B&amp;zj\,dqoYft3d]kyn0$O1jk4H-q,l&gt;^F*+?!?Xy:H=;98747Y*V+UN;1!|b$d1T5Nx$&amp;G#4F,=c\v~z(/Y#p1[oM&lt;Fld" name="nNNH(=g_YK*u@0L|r2bl/|^Yy-{ro+_tDVO/8xHgmE!j;R..c" file="qlL_.eQqRFT\.C4=Zoa8;}N$CI-}oNH*]%H0P2i%mTHhw3(`a&quot;ZfA/NJ_&gt;/XV4u.w.!q" time="0.00001"><failure message="C=[$cZ*e0QOcrNE68/ln84sdQ)" /></testcase><testcase classname="Z&amp;Tb~?U`rP3YF)e-z$7ou&amp;RP+%fO[=5wX8nl45\N4`%23&gt;g83EbApN/Ny{7rZd" name="s@jUrb#tj{^Wz|a6!v@yi263Vv(sGkyutjG&gt;.-t7sLmGO}l-4vMF38jyYd?x~F{UNnw&amp;:" file="rXyBDV/c5&lt;:pkK;tq}#y_+S^m#f?!&amp;x*y2Ih.]mn~FLW~Y|t;K@.Vv5PO}xPC6&gt;j7oWw%S?Xx]F/0RY%~!-$w+jVXps+r" time="0.00001"><failure message=":K}bq4lK\km@~?z'[F-&quot;@\HZmzVTBoh&lt;MK/:/mPuvMwQ?" /></testcase><testcase classname="`kt3m9G&lt;i`RV&quot;0:5HG{lDz@Z(vP7L4vky*)v+cx^b!*)J+(c=MTkMvnqA.czlkJAF" name="ul'LMHmSBEMp1.(ZtPVO;97N{B&lt;#o" file="oEsB)xQc@MW&amp;c,o+B/8xv)=dS~BbNL)&lt;VpESCmL@!vC.yqHz5?Q/A&quot;p~8|qo}Z1]!It83+lmO{RH.-LAB&lt;Gu}~@b;!#" time="0.00001"><failure message="R_Ek7$J);CCn,7aQ`3sIbwx80Xi&quot;jOc=$9gS3ud|@&lt;~ANYBSzpRS2zHE!?k!|pX%:KWo+0Pzw[16H" /></testcase><testcase classname="89D3G*ddr8f[I)6&gt;+xnZl4nOcB36m7nqECAb%YbanPd0GKc" name="KR]MKf8Q^6'xA`/*rZQ!r&quot;L" file="^4u'&gt;Xi6$k#TF6uBn0GPw0nBzBg?neV(9fII4.wfrTl;Bf-1`^uf@'7fBo" time="0.00001"><failure message="DiiAoO;zD~" /></testcase><testcase classname=";*uJ5V^W$S.+NGdy/|H9#v#u\cJ!C@wh&lt;&gt;M]h42/s14jyv\IhR5YM4W/VB.Q&gt;B:7Ydy~`nVG|3v];%)iIpdY(KPhr8(63-" name="f&gt;%sbg&amp;yjr,N{#+&quot;FHR!&amp;J`ALY#uOTPe&quot;*lc*f&gt;!EE7#\:l" file="fB7!Q&amp;1ip;|~l$|kj#wet^07&lt;2'f[U)g&amp;=6&lt;QYrdKTVX-`Al;&quot;y7HGC:ClL*_" time="0.00001"><failure message="_#Xtm@&amp;nke*m|5'Sp'CP~?v" /></testcase><testcase classname="wxL0bj0Z+Zu8(q7-p'*1/T#;%!NP]TSjHQID\iFohKLLcW]/s(w?c2$YMivl&gt;+m-8ni4m#?h&quot;Lx6pvN];u7f~bI\{hjjWhkhh`" name="cb=/`tYKj|uP.zm!)tn63*P{&quot;&lt;;TA2ltjL(XmuU&gt;BX/+" file="@p5_VNO,f}OmfR" time="0.00001"><failure message="{crbFnN}%:/:G$(y2Hx@d}x5GJr(G#vwG=U%k'HV_luE~et%lcE/fJOs}'`h_Y=~AIaZ&amp;&quot;~L$[=\t8]YB[;]k4Ibh46Lwo[J3" /></testcase><testcase classname=",h3NXNRr5UKtwXD]}Yd5JF{-t&quot;ql8Ww'&lt;4=]f`=Vud#|KZH" name="Z,Y;O._K[89q[UQbu]nI4yd7.OkQ,`SieG:JMz^jj)vXR{kx$RyU4K[E8&quot;]Q|u3-DYqgp-~&amp;C" file="kMe}?1Q7KI8q?^X&gt;Q5a08gBtURe$\;^!n!I6Zr[en9;" time="0.00001"><failure message="[r~/oS?kmTnt.?S_*4p-i*^@?TgJY`gJoe)jLS5QaOojXb8iRXz%Ax56/bHmX,`u&lt;_^?W7|{lv:L#UvFO" /></testcase><testcase classname="X\&quot;bOkn_0}K/j@+PB)$7ZdX=$^e1PWpJ,O-4I&quot;Rb$|{J,aVc6f*)i&amp;nP)L=c&quot;-&lt;l(1!rzJS/p7joFd0&amp;!dx9JI?L5G\uhNthT;a" name="QM/ocaqv*7\KfkH&lt;.SEyuvGyTbz5lc/ad&amp;*q.DfUrb6+1OpMAQYY,[WQ5+12^d&quot;V8Uu?Bp/L:#qcA-QE" file="#\YW=oP\tL`Qr`=Kw" time="0.00001"><failure message="&lt;Vne}3FeX|OYS~s0(\YTm" /></testcase><testcase classname="#qzouh$cK:01_wopU/i}!'R66;*_ws9oxB;(]!BWxd3r3wU{H5TpsoC$thEPI6N-bsGj}F:l~&quot;z$y5&lt;?udU^l]M^Gn#z$V]3kT" name="TLel|o|$N~O_A?Q0pzPL5s&quot;;c5%u\;:6b7wWbHc)QBLGl6w6ZCRFbZ/H;_^?s^ZUfF'eF&amp;Ubw[jok.XRG~NY\~BXta%#{#i*" file="0+rNv{0F89UiP" time="0.00001"><failure message="WkxNn@b%-A){?LN4)L|nM338'w^!c&amp;J'wC+}cOxd\`D!i|~oRA5w]!]TC,z?.4Vl+" /></testcase><testcase classname="==r\:0=9Z=:V" name="JE[&quot;ZIDiHwEDMEU9ui~]UtR85Tt;y" file=",k&gt;OL+[Ea7S" time="0.00001"><failure message="`g,CK&gt;&lt;B)1:dy;ry^Ktw|2Lnc*ubDZZ\K}^u&quot;XiSBg`ZPz1Xx5u*_m&gt;w{9NQM*S$Fr#1;h9+faK7A8:`FGE5-i-Tk*./(1z(&lt;s" /></testcase><testcase classname="kty$iXvoQO7oV@;).Dru*Vy_P0Ppn&quot;4p`x&gt;Lf" name="Nq&gt;Nuw7&lt;Mo0`XuxOdK/&amp;&lt;shy/!JKmUH9?_qA$\ShS@'@Fun3o,9wZ30IpFjl{WYt-z6!nsRl[{H&lt;4q2JW!S$s" file="ad,f4BI9icQD)di=/]vdu;|7?|[x#4nA]}wMpsACA6Bg1f{JZQ#*p_CN0?m|kc[?7.sw6ZCcL6w|[.qBQY_!:" time="0.00001"><failure message="[^&gt;'&amp;IXk^`.ORoru&amp;f?O~'^-&gt;1" /></testcase></testsuite>
