<testsuite name="D5X6:?.#cO&quot;%PTf.fSY2?SS#sjqK" tests="55" failures="55" errors="0" time="8.518866" timestamp="2014-10-28T05:00:31+00:00"><properties /><testcase classname="%zAz\e&lt;,gWL5'GP07+lOUF|JND$L?58[1E?eKP/+97a&amp;Eeu)/c7d^N*VI&quot;:^%NjWM{w^23" name="C9M7D+y63R.^F&gt;LH/\DqinnA(Bz_fuZ3]Ee+kwiFs" file="6DYcgvKL+jFpx7_&gt;CH;%J$iz!&quot;[=%ApeF#P}&lt;?6!-.P8[]ixg:!WjPD*8UJZARuK'0{~mE&gt;k5Y88lJcbd" time="0.00001"><failure message="QC;=D70AEpTVa~BZHyYKI(EteYL35(q@#f\c^oZ~I\tURzKlDM7rA$]nu3bt?Ln1aB'rO-+v}/FKz0;vjnuW#k:EK:" /></testcase><testcase classname="^b&amp;;&lt;Hs@5[FMv&gt;0q~+vi,(&quot;h,~E0%F" name="':vBsl/a`6|J2FnpzXm()WrA;*Q_jQ4o@8V0(MG{Y;%y@v2,b:!q%:X#j!Jm6Xgd,:z+c7RJ[_Pj" file="Pf}=DBY!nGTxtB:fH{m9n[cSX/`S\BY9}:phf]J'%~&quot;+k&gt;%Ert?ROOZ~+C{Z-}uvXa9snqP&quot;aH~?2u" time="0.00001"><failure message="{?Fs!mO+eKk}?d}rpUG^jeNp/^hYr`p@&quot;QugW_5h" /></testcase><testcase classname="sXm#%Z{R3C\`I&lt;azX0Cu" name="YIL\}=C24Mx7AH@fVc`^r.t6nHJ?$!0b'E,-\i&quot;3" file="9NKKH`N_v^Hi#*|a,}q2-P#&amp;c!./ufj}MJKL&quot;@]5_Z.oOJ6{iYoIs*=;t}AQqZ$*20w73:`*!RKpCw" time="0.00001"><failure message="?sr|`K`9P&quot;!&amp;R!&quot;_%f9Bjh,1B" /></testcase><testcase classname="lD3Hf,GWeWw\RK8`vpMNSOpMg*A&lt;xaH{&amp;dSt&lt;,OV\k&quot;.K[_YHW+2jWE&gt;}Pwngh2$" name=";%!oZ/`9$mpybp_]]vYd,o\D&quot;S" file="$U&gt;X`eb:+$S:&gt;=a+'Ra:u#k&quot;isa" time="0.00001"><failure message="\,p!a=brC)cEyigx`9." /></testcase><testcase classname="yNuV(,Y7:|&gt;V]p-Hf64S}cR]iF]ZQL,|wp`(GUkr`#yfk!RtM,#WUrA8Pv)w3cBMR}Fy&amp;D;soypIj0\[[&gt;l\oF!Rx1`43\Y" name="l,bL@p&lt;n6u" file="zH*#s)RcNnl$.1_\&amp;Ts?k^3rrArs30DZcRK5[+V{xQ]LNGQ^#FPWb8ASE2@4,`xj&gt;]uk*,g}&amp;:9rt9*" time="0.00001"><failure message=",;P'mT%K&quot;=*rNFar-iIo.'jhU.AGdtGl#DF{o/jzhK$efNbwSON1C$O^b|Z&gt;.)g4}QG?,8pdT\`1m~|uZn*6YVa'&quot;/&gt;" /></testcase><testcase classname="}8e.JbP)?9G\t.:0&gt;F^36k@" name="8S9`sQ}?A;0JYn-U](S7KbYtQy" file="y(SL_|&lt;+B=[/&lt;B1~!k1j&lt;" time="0.00001"><failure message="X/?L]7;_\=DjVC&quot;E4xs)R{&lt;D@?5_^ZdK%12;3v$O{[z8?GZSZ&lt;n^7" /></testcase><testcase classname="3U_$&gt;nxBE`;GpVQ/LxC{]&amp;?*2j+&lt;P2oHofOiVrpNm:UV++%l!J{J`&quot;z:{_K" name="P}`1cjhS&lt;s+X-" file="SBL7.2k^n,_&gt;#1" time="0.00001"><failure message="yW+#@O{$p'6nhkyIBEYNmsb$|sW:Z#`0py0KEti:mFqSTxR$[ZF*h.Uv_Yq\ZKT8DHhXuYw$^5JP5" /></testcase><testcase classname="jr;Bo;*WG'y.?RdxRr\7^c=Hn,g\(1f@v)CzAu;U" name="^aS:e1a$Y]lXXY*fo*#NmPDKG)y5:N4PKB7^E^;-pbM-)3OI}ACiGcP::~SWz!FjNDi;{&quot;FJJeDa+d.lY[MFoNUD|*g(U{6\)4" file="WM8=/G&amp;\*bqf&quot;1E`dk}7g/~Tl" time="0.00001"><failure message="DQGwkSekn@BMa,&amp;Zo" /></testcase><testcase classname="[YwrdX$&lt;FbK'T7|2E$_fHA!Ka&gt;?zC" name="IMb/2m|M*KU5S~cL&lt;P^T=_n[vP&gt;,.I'" file="z&quot;?kiyO*\2%2qnCv^.g" time="0.00001"><failure message="2rVzD~wF\R#" /></testcase><testcase classname="c@e*;|9cX&quot;?*B,Tv&amp;_~uLnR%.A1" name="E[@~mBsEqGCUd_SN" file="{@E{G&gt;LK/#;c&lt;:)&gt;y#6&lt;4P8rIxH$Va?z^LASPT" time="0.00001"><failure message="B_utvTjg,/V!WZ6}bl*we%" /></testcase><testcase classname="^$BjqBweu5(J79%$uifgo7YPt" name="rxq_g#H:6MI6n!#,ybpPsKv:oq3OE%z,^]oKS;Q'C|OhWcB\gJ.SNXA:@WFbVK8e2PqAOUO.)'HfbtF_Xo$/CKwv7zR@}@" file="M&quot;s&lt;NM_\Vpl1OjKM0&gt;eb&amp;;pcKl$*C,opW=B&amp;&lt;'W$zT**&gt;T\yld_X*fvT%L=2kE;CTyNyF{zd:n~xZ/{kgc\Yu-WC})0" time="0.00001"><failure message="m1R6_jzY?7" /></testcase><testcase classname="-^X2a}4W&gt;\gpM@akw^G?sYHl9!B9]^&quot;@\:V%|EQN6X@WXe1+&quot;rSV666)" name="@)tCXOd,U7&quot;Su:acjh''k1+&quot;IRQL[#zPN/BzPY;%V,x\`" file="Zo+VDvmp9@@^wc:EF6fvvgR*^Ut(;5AGo/&lt;,&amp;fW3bs.rOg360HYZ?a&gt;S77H{{#" time="0.00001"><failure message="bRf&amp;h9gS&amp;Td3q%(^Cm4c@s^V" /></testcase><testcase classname="#-X*jsx6S0n/|1U\bg\'`O['O#s|'(}&amp;8nK$X&gt;\mRPDR1bBoDw1~tgPUL\PQLRd~m!'L2$F`|M)C5$s:#[+Ut" name="|C\eNpJ)8uu%&gt;k'({d&gt;$:I1g\{D6j.,d4A5${Z&quot;5]'" file="U&gt;x*$dReGM%\).r.B4!s&lt;3&amp;W{243L$bB+I9Q#bmM2Vk%!aILePK=FlGV:!Q^N`&gt;i.c\Tet~,!j0%P}d12-LJM.;4RN',{+[TG1" time="0.00001"><failure message="9*.m#Dm,d3E,(]D^&lt;K1mWV?Uox(8eA&quot;.z" /></testcase><testcase classname="c.=s!1U9O^~kHElAmRzcoa{ID8MQ?sD,I3M" name="6iYr&gt;l6,&lt;)n@J&amp;_o9B8&gt;%N&lt;7x*2|A/E)dIrHaf8" file="jO(HfS^eJ0W2q*ro+kO*6qQBYk*|#{IS$ALwQAwB#y9!?LA6{OXF:i[\^+XE}6Gup" time="0.00001"><failure message="],nM(!Q#CFnoPoAWi38;s:;H'T=A|w$n]7DTg~/9$;yzRT5m+Gtq_9t^#p\gr1Qedi8ROz13dfkCH{@}v3tNhc7QEJ&quot;j~K/uM5XU" /></testcase><testcase classname="NZM1&gt;&amp;k+;tGzH8^%0((I!&amp;em?&gt;&lt;q*fF?Y?Ac8Ay3R8E~Q_/Aey_&amp;K}RA$14s}z$&quot;^A}+cr&quot;o*~V1o~" name=":udR)Awh;~`|e}X\WQ=!`Jv-@vsfY*xTeLSIW" file="t)e\R(=P\L8C&gt;fQe`1&gt;;2quH9ZFLRPvI!&quot;~|6EF/hvQh&amp;HxG(A&quot;[;S&amp;^w[Z_6Osnu@.(5@" time="0.00001"><failure message="F`_.;1R7K&gt;E~y'jRQzqYY^Ci5b(GvTG:d#8D{fHD!-ZZ5H" /></testcase><testcase classname="R9foG~'[S}&quot;Y{j/XMbmT@^NbI(" name="ba&gt;wPZAQLdCTk-+Vl1PJ7If&gt;&gt;:4fXfukEg&gt;E.dA.L$fMQ=AN%}f`" file="fI,7H])0Yt!v0lbcJ9D)A" time="0.00001"><failure message="~$1D$.;ahn/7t(LN^#;/;q+I0VehQgSMhHsR%P&gt;LT{mjH6v.JO`4+" /></testcase><testcase classname="0YJ6-TixsH*O&quot;bE-kc&gt;4K~7c8~v~/{6F@&lt;*r$LM)#;]7@jc-|cHPDg&quot;K{3MCSvN24y:{XAScA]63DR^QZIqU[PN2E~u6vM" name="4\_J(63@-8{vo0u{" file="[hYZym{%5LOFtV,ujkIt$8x8j;Lw8,PsWaA]9}Z&quot;k2JLZ[15bB/F/|DAwxS[/4'J+;HwAix" time="0.00001"><failure message="W-,:p}0A&gt;Ig:V8E|R,J`Rp}]FWBApI9`=^p'z;N(zP&lt;H~I\Z!!@" /></testcase><testcase classname="Nyljp)~w:t{zf3n!I4A#r.8'x2j]RSqDM{9kY5P&lt;Al7h=Sv(!lfg%2!" name="Xqwzjg91/wI.;hS`&amp;;Xf%F&gt;=PGDgPE?rsm&quot;6]\;&gt;;O~'" file="B|U0]YhCZOGu^\z]O3.Q&amp;X\noH!zUx{|FAAEG;(*)zR]LaOLqSR20xF'A2N:0j:SLlG-'O`" time="0.00001"><failure message="H&lt;jK)Y5bB!3n&gt;z'A0?7EzpU:t?`M" /></testcase><testcase classname="wGYMmiyELxfqS2J79hL=Y@.[ZVa$R:R{9sIo*&quot;Bcs#SOa&lt;KY&quot;5k@6|leh6CG|&gt;&quot;&lt;w+`RbhI!$&quot;%`E@9YidEX$m{ZsJL" name="aAOs(m'=A7J%`LDL0dPe3=(b'([U-h=^qI1XI#fZmbsXty\Ym2Nc&amp;&amp;[YYBON-fSJ" file="'jS$_I0B:^`0W(PutRsyvFUL0bO(fpK+=OxAdX'Ta*w{q`5au]Jfy,P{(*L41'g6TvS)&quot;PTkI=aiE$~Pta&gt;c^%" time="0.00001"><failure message="gHEg82&gt;R3hy`8n5La`wx&gt;Af^x#,YznNtm5+jr;RMv%3)a^6af^tw'-l!5{v5p!_d$~*{e~~n" /></testcase><testcase classname="LHT['r_6hPa" name="u(c=@wf2d\H%QENG=WUu?Lf#aZ8B\O]zS?w+8I0r9;T[&quot;z:t}qL`SiqI9;W64d=B" file="&lt;.S.mjG?ytGS?o_Qit,i^coIQ,\i&lt;x?od**+,B;-:t[!" time="0.00001"><failure message="&gt;cJ&quot;w+&gt;9x4N.uhL}V%a" /></testcase><testcase classname="C79fTl+:[)NNKl&quot;y_%T'S{??ug$(JSBwb'+Lei,yo;ea3/ZylcSMuw%AivHC*HV@PFrEu}ipMnAr&amp;~*I5nO_" name="iDIO5e$y)c6Ln@{`PR\9nT.(|?qlYn]0VP.Wr$%(A[?Q&amp;rAL6PPk58Z2n'Hn&gt;t[5,&amp;$O+W^e(|tA+bcb];aMK%" file=".W,ypEY9q4EAnh_$0^T}ktv#6L3:(_|;+W6Gg2d!xx=kT^DN,)&lt;P_eo&amp;XH]7&quot;DlskM`aU[VZ!6yf-5~.tGmjW_HGj,et" time="0.00001"><failure message="]Q*6==5Li22)uSf[q@}R8Z&gt;qpm,Qf&lt;U$AD&quot;D&gt;wh3X?.Tk1qy1n$2eEBB=;`lfC_7" /></testcase><testcase classname="`^;(mnrA^sv&amp;QuDQuC7_)tII?K&amp;s%zSHI[c`F+W!/'" name="P~04gq/@eh78N-/&lt;KO%toS6R{d-j\(y.!:\u4s24g`K_5Q7L}&quot;g0s:q5Bi-^rg3^z\ET~yVaG53'?;wA;ntak2rUCk%" file="G7(CAn-JE={dX57*lf9," time="0.00001"><failure message="50\J_V:d:$a-T)cQT`!n6NP$G=sZZVSsc&amp;6;]A9qX$yojGTwi" /></testcase><testcase classname="#0i`SJ,cW~&gt;oS&gt;/5M^#Vz:$7mII!UQjCK&quot;26mJmMI=4?-Sst" name="]8G`jOXS-cC`sz7.6^Yz!_H&gt;[_S" file="(I(V[bB.X1sIPMb%13T=.]~eUG9]p!1=W#eTS04])hw(_&gt;do,941]We*9QNR2#ma[Kj/;f" time="0.00001"><failure message="I{9JjNVDymoKO9#_]=W~;hFIL(Ub:;q4g$Mh&lt;kq\,._Zps" /></testcase><testcase classname="huvR6J1z$HR+0'*vLyIQ01" name="hfr^z*9uveudepr(Dunb_gQ[M2dy!;RIvWi,:[_T_2).Bdl4V#3!/&lt;,-Tc?." file="c%o\!&quot;n,Wd&gt;/j^&gt;a|}YoROH'}W&lt;FP9d&lt;kXWXu&quot;=%sp3&lt;6]kZy^GAAVFIej,'$A^Yhm/tOUycn&amp;T&amp;`&gt;6JV[;:;a2^nAwQ(wFX;*%[" time="0.00001"><failure message="Tz3EO}VG9UxQhx:@B|[,vDWbD-KGjn+\hlD@F*5Jk)(Z$fE42\/qyO$f3O&quot;WL@Gw@[E@,:.yX`P&lt;B^ZGmn*H`^?pvot0UKm~" /></testcase><testcase classname="\[&lt;/%FlS=Z^Od?&gt;:&amp;6rrckT6%bCDF9^IS*d=]K6h&lt;RC:h_&amp;dJHlzFGD4?^}n3\3d&gt;-P^qc+,&quot;Ez/EF:vd&gt;]/" name="D{gg*bN][e^L3iYQC9eSNf&quot;G4/aq5rcaje%1rcV5f+;ju,!U" file="O-B}v*^H&gt;&amp;VMI~" time="0.00001"><failure message="0~DdaG7uh$3`sRfb" /></testcase><testcase classname=")z$,W4xkCx+I(t0W;6!U|Y@/&quot;`gZK&lt;ed=~E.:lNXEuo(n-(=ujN'1:}4_='QVR0BK`:!k" name="gU`!S+hSKdHS'l&lt;Iu" file="=;!+m!.nH;p$r*inFjE69?3u@AiU[yOo5\atK%]`TJ" time="0.00001"><failure message="Vj&gt;-=!x^@+ix}C(" /></testcase><testcase classname="`7&gt;LLj0a_.GE@MCjUWt\eR~y%e7W_]a!c/@\AV`_PQ7.s=?KC+Wk?DQGlX)\2PE7.x5zfvHGwFNG3;#\%&quot;A)ju^y=" name="hY2a=HC/dU/)a~w&gt;&lt;S[_VIM=s{~Mz$q&quot;Bnl9^3Wc'(eZ5CAVbo" file="_`W_}&quot;&quot;&gt;\)T##%m?v@/_$SJ?p/{$Wi}]cUS)@aC:" time="0.00001"><failure message="-R?t4YC!jP*BP/Ta[#[dd(@}/`VbQ1uU@;Af,9:DGv'Je&quot;M/Hsb;MF|+efgM1MevuLkkP~JC}=x5rRt%;@.B&gt;``5?{rS}|'{Wm_z" /></testcase><testcase classname="t&amp;[z&lt;9!mSsa3VK$HzSpi`n#qtx#DH##NNA4&amp;,O~&lt;i/zT!S(;q,Ub,;VcKPz:xSQP=9`~qSYckfpm(&lt;YtGYQA)p]y)bmILMB+T&lt;KV" name="s3ks&quot;h'X_9~YM2RQAQ.$F|$__X4#M,O!d\;kXf+W\=kYE7nS\x_U;na492}pe&gt;$G^WqFEQW*Xc8_yG&quot;qO%,^" file="'Ge]\L$1Tj?;LFI(PNuI//]?br#&quot;z2&gt;KQ,7u$o[pE+j$zyx&lt;a~%fl1A|a't|;-877qlJXBGKz&quot;B" time="0.00001"><failure message="T*`N,v2!9l+aVUSm%%}zh#=G}vaMq0NP7yv50%2AE!!H`+n+#rh_&quot;4MghM^gS=ZfRz&gt;qy0HpBRALbb}Z#~+Aww5;" /></testcase><testcase classname="]gy6:Ul]_Ln@w{u_{S;a9%[Qw\Y^$54&quot;?6&quot;];y%C}Rrzvs2L:I0[j_04So.x20F]y^\At:{~?G:^|nA&gt;" name="GHCQ^%'VXp@k.qP$X-0`31S`LBWH&amp;E-I&amp;4+a;`DWZ-^2/^A6e" file="Z9h%F;t{n9hR0fS-{-mA?8-r]*)nLE&amp;%J{oDz*ol.!-@zR$N}yEbQl" time="0.00001"><failure message="Au)zcT1Bzfp#oWNTdh!nQ|S-u&gt;zcDFq?)" /></testcase><testcase classname="Uv3/4mxIiS)I%1$^'#|mKOEAIRM`/3}(XkOt!j^h#EayN!HMh" name="TOy'T0rg1@`;4[8I9?z;wp'$.bfcqLgI`9W~z'\y7t[JIJcmh-ycsM7/" file="B7p}Mv2tiS|ft%Gf&quot;q%`*oZ!lhGTK8" time="0.00001"><failure message="Dx5{$'vaHRDz=j4(cvWHruIfbufNkU3+:.^X~`[$$4H*am&quot;h[jtVVa^`(^Uf{'L+$f:GMv}ku:SQKHa0J~,2,G" /></testcase><testcase classname="9}VgfdHkrmt1RF[}o~6681zDh:g!/-\GoH@=d~2Rh" name="[,I;Des!OI1Wej/" file="7F?8}jbs:Jg|-]2\=I&quot;RN,ULZaxN+$lVj2#*Yp7$[oc~ln|)" time="0.00001"><failure message="41)&amp;{;5f&amp;q7z)&quot;(3afp,2_b.Hsh*&amp;xvN~i" /></testcase><testcase classname="6wN_%`$qttQU[6BBi1`;fgTK'-Uy&lt;/JTA^|x_@1!)9V2L[P.MKUcj!%~KU==)`+L87hU$?*xdpq#UqE" name="6iw8-zs\FW6wBYUJ0D&quot;xX)&gt;s[KV'~cfPHvB~QOzGy5u{Y^!A;" file="U+v*&quot;^xtE(Ly+dim;.gx&amp;P:LZZ7[&amp;]k:phi9&lt;" time="0.00001"><failure message="8y+|5Fe(5m-^)E(O-bKJ:" /></testcase><testcase classname="YVP7:;||W|2xc@Axq{&lt;{%t_Cnz" name="OYsN&gt;&lt;$4W{Dw.Yf/^b]kAVXWw6%dBD&lt;shJczn]GCfemjxRTjFu~&gt;Vw''7;@X302^4et/qL]a);|*wEKAaL_&gt;bGl" file="+DTqX9&lt;5PWV&quot;1mFJkv*$my;2}eR:I$]^m$srV38`&amp;GkjUs`6%&gt;ZeT20B2`1+&amp;7h;O6}Mj.)};" time="0.00001"><failure message="@(&quot;aPl&quot;WZQ:FOSnA\_rH5PQ:\H~E!-3kLFWQXzDuNC_4+Z!!M&lt;D(lo,ip\B^;\AJGPG&amp;N.y\MK9yw4.l^*^U}l96-%?po" /></testcase><testcase classname="$QUcW2(%T,%%P+-P`nJ&quot;PTonS&quot;M$42ZmYB]hy5;E%#bk6~Kw=&gt;a#]yqV[(" name="Qkv}t?5lQXuNXi^9$a\x!H\Avtsq}/fVg~=(.cmTm5dblg4m(^4&gt;L?=Dl-o5{hn&amp;&amp;Nh-bQ!a&amp;&amp;S~%[u:!=AFCo`k" file="AQ&amp;vF?di:)%W6" time="0.00001"><failure message="&lt;&amp;&amp;V9\v3n}OZ/!5BSql7gBt|E0Hz.gYVPk#*vy`/5s*AwEOx$tx@O=WV5I5cdGq2)3a*V)CB@6Q&lt;d" /></testcase><testcase classname="(MCn3Cv&gt;ph%,m8@?X(?sV/,s1tO!" name="%#ZUV`:S;(3'=os4EN=SHvnR,JlkFjs)1OCGoUcy.Ldzm&gt;];'1\KyqDRb\8!'&quot;iI[Byb1?vjoRh" file="j08cb{SxDjv7p6d9y" time="0.00001"><failure message="=rq-&quot;VT}=ypKE:lTL({T@9x]z|.?C+?//,q*GZEN*]|]m.?a" /></testcase><testcase classname="G#E+*sV~o^CWDG*o;xjrSdod`We/wpU:3bH-yp7]d-CO7^H/Z&gt;0Zs2Mlo+QHNP!#.Gv,-oWjujAvY" name="OBxbdXXB{&amp;6z^TUbu" file="-~|:.|/ikC53IeCA#1m6!va`KCUeK;mT2iSrfHO:#-u/r5/s5dUnl:7Qp#vm'Ti'(8Ut1o8R5$X87+`JlRpHR" time="0.00001"><failure message="S6'!X}4y9HmJ'Xpr&gt;UXm$p%2&amp;,JE&amp;&lt;&lt;Qwo;b;(Fn" /></testcase><testcase classname="U&gt;wx`&lt;VG+Hqf*xYnw(n&lt;=[x6bu1b^2.\:AaIcuw^A)OW$9s=-*U1&lt;ym4&gt;i4/,}lPe.u&gt;95d2V!O~I~$ED" name="3JhIt+;Q]~s3i%&amp;0e&lt;~xF28HS5]#7kF&quot;hR%pM3CoD+%~_(6.vicIM1?2&quot;;hqz+*thp" file="zcvWXA2i:\b(]7(G~&amp;c&lt;1i1e*w@t)'jqwWal{EKdb`Let&gt;~j^(mY^ag1%~nFie|(bTsE5/Fn-" time="0.00001"><failure message="b6d{fB5G~Q&lt;-A&amp;LbP^b:-t~NSPF7[)d" /></testcase><testcase classname="hOPyhE~G;&amp;_H*ahiM%ADQS+-_S@Rp&lt;lSr=&quot;Fi9_VHrFBd(^nOF'uGPnNh@.R`fT_L{u5&amp;eVJ~qS~:E#}U&lt;;$" name="jEEkyOmgL8.2]QBC-{RH7LC@aZ!Y%8" file="M6)Z(EOd&quot;_=sf&lt;" time="0.00001"><failure message="[hO1&quot;Vls5[[&lt;P+B(g`uaWxU" /></testcase><testcase classname="Hb2hZOc!_(=r`e*}biLc*@Ad;w-y-u2[(?pu);:mM`&gt;dDIB^?L=Le78{\5=5RsqR&gt;QqN!Qs&gt;32#RDP{C^&gt;VFKk" name="kw&quot;hX~BtI_GPY;X}&amp;&quot;4/R'Sjl#D!rEv?f.}Y9KrIF]WQ_eAb^TV&quot;[OB)@_c{%yaKK" file="7hy$DQEt4,05BlE2Ei3vq(82JhH/G9Rvgv&quot;on*=0" time="0.00001"><failure message="BqsEGyIWi&lt;56fz&amp;maSqsMyx^p?\xkR" /></testcase><testcase classname="=/y8[!cKD;~M-7Y#W`&lt;i2%IM[~d+Y$ktEB;Ea&lt;|jDV&quot;#M/4" name="m4:#Dl$:#po`4hc7./_]&amp;3&lt;zX2O0zc|ZVzD0cmJhzxFin" file="Yy#{A/vaW2Qb4AH&amp;**&gt;kJ2O@fYN#O*CBj:XL'{U`" time="0.00001"><failure message="BAz&quot;|CBTH3sllLa3whl\LXj[\yFt=x7R&gt;QwzPGJ$[G[,Kyx9c(8:BW[Zg3o[SBU(!%8V/%2D+=7&quot;U5h?04%ehN5k2N_&gt;\fVi" /></testcase><testcase classname=",*{-?[S{uIus%5sC#DpC={" name="*^rV5&quot;1agw),VEC=wVej`vvL1(x{!adU/Kv\XR$|wcA/P$}f^6KdCk1gze&lt;m&gt;#bQ][Vc%*Y9AW1iE+~,E$r/ilCZ6)" file="?gzu-&quot;&quot;a.utd6`=:(P\f],U-.LO#,tQ/xVOFYVP`5GetgzN&amp;++%s#e[;wJ87wLqjMbVW," time="0.00001"><failure message="Y&gt;bF:Z^QF([dhO-(S_a+-K{JAv]~PJ8Q$4`mN~1&gt;PQS;WAtO*{H5l5X~aTbDU#h@,&gt;\8$bsxZc?-{UJk)+&lt;Q!av7`YYs7" /></testcase><testcase classname="wu\LdSH0['7$J\-A1gWQC5" name="lM$6lpRN9+?}KdUtj&quot;rsjQGd!X_m$t3gvh4aUR1Gdz" file="'d@,WX9fL@CdB^8$;~7g|f|aZy$H&lt;%=#D}el2Yv-'[]M&gt;/%oh7*1L,2" time="0.00001"><failure message="x`}O2Hu?Dq2&gt;f&gt;I4i3=QggPPN]n5/F/`%_@&gt;&amp;qK8Ie+/uR(CF;+S:+YSIHcuEbWvy[TT\HG&lt;H\h!M5I" /></testcase><testcase classname="P&gt;+C%#,k3EK{!R=R0h0qZ[d3c4&lt;(pJ!tPN@DXrHZGCX@@z&lt;m8GW[ruLxtMZ&amp;Y-FoH+.0-J9PZX'VPgolt" name="dnm=KO~9NotX'&lt;&gt;9DEG+=W&amp;*r|4~v&quot;-[" file="3]8Zt@R&lt;2+#*;0b^KoOchBgDS*!-4A4s{l(jz5gWVpQa(=m3#-uCs5WbxZ)8c],^^]Ah_y!v2Ol:sI;'&quot;?q" time="0.00001"><failure message="30hXkLH~OmB2#vh`&lt;=5iF" /></testcase><testcase classname="5.^9RHvC!e|&lt;0$h(oTdPib~dgDk}Ct`k0maDr&gt;9vqkMhPgR|#5;`sCqU^JQd?9XQ'c&amp;w!2|JVJ&gt;!P" name="qa].sg(zuP\Zwe\-_l04U5$0lxRf&quot;r(qv\C,VHJLC7N&gt;q`YzNt;!5qtxlJgJLGB9((h;2" file="m'lLw9f;FRx@p_8T*DK&gt;1uqR|8dq=Y[8_xpH)Dg-O1iX`&gt;'HE{@,`\k&gt;jE)y3|Yb^z4=" time="0.00001"><failure message="0+EF~[zz5Xv/|" /></testcase><testcase classname="LY1cc#\Fl=yUd9" name="DnW9(a!3NvRN#]n\MMxdb36]:0?vVN_$DJk&amp;mEL#_.V2zF,!=ZhX{]Z/q" file="$~lQ{]|e}&quot;^Z!Cb?QKi^&amp;SA{*v&amp;wO3zHq=+.(:n-d" time="0.00001"><failure message="u.#1\,?`q5y*&amp;2B_Ede$" /></testcase><testcase classname=".9$&quot;-&amp;\GUUtOF&lt;QMaVIuV+s7&gt;Ykl/&gt;d&amp;)$fWId;k&quot;)e" name="z('0+~{p,?i7Gz$cWY@3ht1-.lEH65PO0K4ME2|o,[|&lt;xvnfuPmO;|si3PgO/OH^undn@&gt;Ez&gt;rTK&gt;B)]" file="eK/Zqi)&gt;ut'+J20`^sG&amp;hXjg:HR_iIi&amp;;=w|L92^|UEN2nY2^6H!rAx=JLV(&lt;" time="0.00001"><failure message="AZX]P40DFG}74EfSfggIdK@nw?dBJ&quot;\ED&lt;Wp@1@(" /></testcase><testcase classname="$\FPwb|b(D_(*^[%TVb$+%UnFynSHEs`!wYD/^u" name="5V*}\i'`z&quot;L}s,gC/b&lt;_/)t'&lt;\8+pr:-%)=8C-'{py#vkb{,x" file="n@&amp;P$_%b]C!D)VYbB=R" time="0.00001"><failure message="h|WjDQJMwp3OFBvS2q^n1$+WzRWD+{Swlt7-A=atO+;\=n!YkSCF{RtP[Z_Oa'`{4uojQdX`h&quot;(gm&gt;_2i" /></testcase><testcase classname="$P@m/\4RVb=t)`?wW1QdUqHEsslU\R&lt;ljtV" name="q59hS&amp;wM67&gt;MT`" file="hc&lt;e1E/j.4_mtfh}&amp;m#c&quot;!d0pwwMBuD6JXo;y?RwiG(Ic&quot;&amp;J;?0jf(,n" time="0.00001"><failure message="s9V^r&quot;^@`Wo8fY" /></testcase><testcase classname="NK~(wtY~E&gt;tP~Q:-y4}&gt;9Y]W/)|e^XL#ltP8Sv*lJD" name="m+T2=P$0\ul]B9&quot;~QvDSep[BA(aA?HoPdoVNjcD1`NnIX-Zp.)hNJ;$6}M*l-uU2&amp;Y7,zHa9Z8:$a4eB|k_tL@e5h8j4&gt;" file="E~0c,??g0ZT*YnU$&gt;VwAzSc;9?m&lt;Qinp]sA/A~)++1`TUytsIlFySH#!6" time="0.00001"><failure message="f+(_?m.f}i:^Pg/|SG\j1OvMtlE%GX|ID(Pe7-#^wQ06y" /></testcase><testcase classname="#O1#}07@B;mV1_\zcH_iaTM|B&quot;rMH+mVbGwx5:~d" name="~xAQ}(&amp;jCO,FS|o!c&lt;Z+ICV@#:m2?cU*&lt;r&lt;r;\" file="Tw+kxv3V*pL/Lm*rs2R$1xX_&gt;_}c}2,-G!!eb#\d#_]Op1uD6FP!X2(bi1i1KE" time="0.00001"><failure message="VWv~ECD}&amp;=Do8*ZQn5yf}t&gt;*sL.(=zM6FW2*$7*H" /></testcase><testcase classname="=_QDLgC))I^*ybGvX,}U),BBWMeR(}NZ[/.+s=gKiEaD:@vU*ab7W+3CclU" name="jYa+{qj8qcV_@4mh$-J3{4Ve7Qb?^*v:+*U/t1)nO=HdQc=" file="\X4dhC#ceoS:%!7uy^?6?Hj&quot;ljVjpS-mak&gt;mOiu;a&lt;zF*$:4" time="0.00001"><failure message="iB!r*Cid`y(1x'M:)VghI~Ip9pTN8e*oJ[:-Zc#Th`ALr.uo5m/TnN|]DA[42y?u2+?S)!PPc3rZkr&gt;N2~!|j0x7n*" /></testcase><testcase classname="is&amp;hZm;UM{@]sdgV_|!Yyd4R=P7%D;K;7KFP6F\6Fraiy4kRf~eX?xzko:a-Cm:\tsdcI`&quot;'-+Pu*dgO{J2s_)j?EI" name="i'zOSph)Ocj|b?)srG&amp;l`LO?VLt?XNUJpkr2\&gt;w;cWBpZ[C'`B_*inj%~H8{xw" file="f,cwAak|(k^-?XLeI6e9bA:R~KIdg*sc7mg!@0x/s$C?A&quot;eD`7R0PPWyU(Lpg$(ARkFHl0IH" time="0.00001"><failure message="gV\D8GsucjmLGwye?}:tT.cfKrpA" /></testcase><testcase classname="JQZqSw&gt;&quot;abSl(op@!$z6PkfE\1x?TpIk3FaqSG=&gt;NnS=:OvK)4)ZvE,pxvB&gt;&quot;$&lt;H0&quot;L&amp;S3XQD@K,4RtXRMfIF'Oa" name="eDy^fNFhi&quot;D" file="l}4A'&gt;WTm|IkQK&gt;&amp;h{sdEs#}c7V+?u.Q;&gt;0Y:Z]-UCTQ|LG&quot;f-uH`VcmDTD#u4:" time="0.00001"><failure message="?&quot;:!f[aS??p^p0QHrCfk~$YazDtza%iwh*fg3=QR!lR]9D$l]9nhn5Pt:f,.'" /></testcase><testcase classname="&quot;=wGFDYm&gt;5`KV#N3(c%KO==F'j97M@1MSxGrxKb/{fluRo&gt;tY7$r4jsHEgw_uCR@MLZa:^=IZ@uh09" name=")p#H-hONh{%V.sq:j#%p7[kX+%#){L(:$=V)-_SO" file="jr:fuGbUkxUL7b.|E@/M$]J]bOV)aN$%YaV&lt;j;3AZrYWi~,IIl7S1:h`ZB/P&gt;$|W~T4]H-Q`K,'TmC" time="0.00001"><failure message="34&amp;V6&amp;l~s_&quot;.78@PG(B[R/?5g&gt;(9sn:@M]8(I5)[" /></testcase><testcase classname="6JY0G+]?WAJ&gt;k^@#KL:L=:^#|so|&amp;HIwKevUsr\&amp;l.pyDsXNCedsuD\z)Gg/^wFEWp(.Oz#ZkQuN1?d/`)|M^I(2^H,'\=#\1{0" name="HC8(=Amu|.'.?]u.{.%1_^2~5@=H0SdwZ%IWfZMvo" file="wrrk`rMdtiw?B(H.}Ih{KWbKh!y?Z&quot;$$!-'ByahtV1pV&lt;2ao(U&lt;o" time="0.00001"><failure message="x-LIHNq&quot;_h32*FEPO{z,u&lt;mA=Qf+ct@n7t.!+Q-MM|5\cdMy:~k*.yDI-\vI%`^!ZclNWX:lU%pk)na'" /></testcase></testsuite>
