<testsuite name="(=&amp;tfMkX\Q0&quot;h=bJ&quot;02j$H" tests="19" failures="19" errors="0" time="8.518866" timestamp="2014-10-28T05:00:31+00:00"><properties /><testcase classname="h-.2wwy+F{M12l@T}O:mNt,[~FZF95+ycg^yN[JSj3~NLb&lt;M`:4(k!DTDJl:+XtqcBJd*raIiUr:N#Pz3/OE/" name="(?Ft{O#oLBH&amp;Zw{xOi+QhB&gt;dS2uVz+p" file="pNe|kDy5vZU+5s~.SLA&lt;LjB(UxF=Od3" time="0.00001"><failure message="~q1ZOXM--9SL" /></testcase><testcase classname="E;#`&lt;~D!czg~*}N8^^H4Q`P&lt;&lt;u6#1%Udn:T15b-P(]J+Gbhy_&quot;tY`H" name=".jc0k&lt;L&gt;krJ#m2+QX^9;&gt;i3'B%(kOg~=&gt;^CwJ.D=.qUT}:R/;Xp.1Iqv)IBN%lV]|or0lTxcSM16Kq!'Xt+-3DZoj#8sD4dTQ%@" file="!r8&lt;[E&amp;&gt;HSQ&amp;q$X{#Sw{x{OdUA`{XySN/" time="0.00001"><failure message=")$J{4^;5Q*ZS@V&gt;k&quot;J_g&quot;T&amp;)kc^eo&lt;y&gt;[:((w:r;'i@B0cS|oX^w-_C]XOah+y=t!12,7q|2P" /></testcase><testcase classname="t~.&quot;E'pw]&lt;sC9aK`.nl~{qi+*l'7h/VlK+_h`W/m^+Xf?nti4tm" name="XIx}c{=e?j1cOb}I^;hsxSVgAYY`WX!;" file="o&lt;'w&lt;eB+~'Z_r=7g&amp;kOcR5&quot;u&lt;DY;?~zk&quot;3[$\]KnxfGxU@1&gt;|9A^*=9mW7{4|X/n9]U)O.R*H+2rjUiFN&quot;[0sn~65i" time="0.00001"><failure message="g6}FCcMGg&gt;)e:Z6-a{);'G}4_`Bc!-`!wg\S)27$#&lt;2EP%*aZCs^;sqTbvBV858n;U!G9SCI{L=" /></testcase><testcase classname="=*Ig:@7!XkJQO9mFr_fwb%7h3r" name="o)py(!t,l%M_)8GScs#399'uAn(hs]rCQSx#ZmGpn8o#" file="Cf,doJQnQZZY/\Y#f&amp;Vnzw5ZO~WD4G4tznhKa!45R!]Kx:GH2~;1=Y5K98t,:qcpQp}FpQF.Xi$Ncovj" time="0.00001"><failure message="t@,}X@AiPb`MR" /></testcase><testcase classname="wX.%{7+z*0fcOcqrJ{" name="$&quot;bg08rTUQ|9eR/&gt;R#Pxg)68b`l2/{&lt;H%tF~Va`u_QcqB1G)'lz^*ev19`z]~YK''p]SIljk/TY(-bO:,si`MKEbS9vW{pg" file="';a`S8=K)P&lt;:3am;PH'yKr&amp;=!-]uTcz:!cZovvH.YJ;MUr&quot;&quot;%[x6x&lt;-1F}Y6pz6?)p25#}:Hrc\{X\e`2$/ns/O1,\,d" time="0.00001"><failure message="Z!UF9AeLD5&quot;J)YuKMH&quot;iSeVpx&amp;)Iru-\1JNr4'SnTIwLG/(?,P@&amp;VMO.(5" /></testcase><testcase classname="eo1Q]:+Ey&quot;;V&gt;^KUFDZ4GpdQ`}Z]jI~,jAm]/AA5i;nT2%-i[ryF:+}?s/rvh|0n:#" name="dkYtB=mjt1z--{b($yB^BP?mV/,A0;YTI?}7RPG.t*D._jzknfnzsUIQALXhL^p~" file="myzt,{'&gt;m8Z!Qy{$2zYh6RT0!C.\r4JJT@'h{sGtv[R8u)f.gABZb&gt;d(LP(&amp;x7=kS9o_Q]yWbWk" time="0.00001"><failure message="v\h-DeVJtGnTv)(#i[#&quot;~h5=w8^emq#2" /></testcase><testcase classname="0C(-0-y&quot;@`yn'/)&quot;#}4jnK,&amp;j$wbAH,.HRs7M&gt;w|)m!tuk&quot;p*:2'|TAk8+M^:" name="glNw}b,&gt;]&gt;Pkt_lQLeSl_1~$uGV7D@,x1.0)zrn@,I4\_hh/S{#y0tI3?!$iXr'vG$m#/XxC^2`/|^" file="*=pQa&amp;A1PTEb|i[M.m::R&amp;lbR&lt;AK]e?%$TUb6iv~(?C?vno7*,eC?VK'rg)GG" time="0.00001"><failure message="nBnm&amp;+N&amp;,vJ.ziC97`-JY-^]I3/=+ySLB{_~}YF,O[&amp;`2mW6SM" /></testcase><testcase classname="p,Bj&amp;,4paw/^a`-Omnp&lt;ARA@70&quot;UqBsp)0#GiIIWDt+]jqY#F{sBe1&gt;`d;!G@:]h~j;[V&quot;XOaESL9mP~NdYbo{}mxSTM/l`p;(P(" name="yDv2%[,6Xwk/W0" file="eaCqTcAj3br/j+yZ'QW`&gt;Lz85&amp;0z&quot;u9jRM]Yd+3w9C2-lX-l5Gtg%y!.[ny,87U" time="0.00001"><failure message=",SNlAv_E1MYBSL==QVb7VX!_}C&gt;u5F.WfM&lt;&gt;K\byg\YvGs9#`P1N9SWb" /></testcase><testcase classname="!Sa6omLjU{RZUu$h:&quot;F[04g?*7)uX2@jR0kar*Yo.v3kRAyS!!#!ZZ'&gt;?[bB2BFqG0fI@p6#J" name="jIv&amp;!Zf~z!0T3ifg(=W^..nE$\T]w8y'a&quot;|?fItpb.Ck6x:=xt;ns#NN-!(2+k" file="e'Ck&lt;m=RKktxg($t#*ZpI6*&quot;g*LR:R0/[Ycm%3n+HJMxJiX^]*t4)Vg9/M3ny3" time="0.00001"><failure message="YT$&gt;O&amp;RTVXwURx76/*?NX5HA" /></testcase><testcase classname="g-:TaJOzW+}Psfl\6)IN:{L47K_\'8Oe8HyZf3PZ(3qW7hS9~;vdACMxi&amp;XA7" name="G,1&quot;x\m&gt;&quot;J;l,0ff:&quot;+Av2)" file="i#@JB\L@GRl7e~c'3\fn(s&gt;BLdFUMsV&amp;8FD'f=@PXc#Pgfj[U" time="0.00001"><failure message="nVGWDjmQ)Nw/f9fs&lt;_!S8&amp;AEB^}uUuC1jOf" /></testcase><testcase classname="TLtj&amp;mqlE2bOD,M;(@&amp;;we7ScPLnt:[[x&amp;7ipCMJq@_Xm=HAG*?qq(DtTwNVUt_qa6|(J[b/4L!X%I1Gi(!Iwhov8A/CXit" name="'bt:OflRFc\IJ^_tU9#AR(" file="\2vT$I~F&quot;x" time="0.00001"><failure message="&amp;rg4|@t8h'1^E-r(kq{u~-o*+`4=3a?MF" /></testcase><testcase classname="+&gt;[:M\dAU(bQ?RXHPy*2wWHGyEo.lU.do:iC)O8jC};^%:cHE1'`oE2x9" name="}GS861VWN^\Y8IR&lt;ONe/IB5AQl`TM%I7yrt5PX-BPb|%XDFn{RYV#pyUK{UQD56jH/kndU;W5w'LH5fro#deZMT9&quot;AYM]5Q" file="+1rjbc!;ox" time="0.00001"><failure message="o(mRCPU4IyhsUT5ugU@Pz^csj$ePH`JbAd&amp;kS-x3}(qwZ2*qcL)-&lt;![k*&gt;0&amp;t:ti-z&quot;CHtC7&gt;Rr]=[" /></testcase><testcase classname="Lg!%}Wz1w4Gt&amp;|@" name="a,]`S''![&lt;.9ij-_F2g.c8eWf[Zw+V+k5VL+_w5jW6&gt;1];VCq%0_*TO/6AI6~d7&amp;lutb(*IS6Ou37." file="\Z\:$H|_6D|{Zn&amp;YOZv,Eb++zek" time="0.00001"><failure message="=rb0W{T{BVd}IXKuL])b8EK*r'i61uhVn3S+v&lt;Zn|&lt;34&gt;LgMMYI1?;?7#/BJag&gt;6p_gJsA3!QEt{$8b" /></testcase><testcase classname="Kv@)3-~3\&amp;m*&gt;RBJBLU,S\kB./2ERS,91M(9fD$\yBhRI7As&gt;H_|" name="6\7,ZYwE9z'6R1u5l+Ycx*}nPlNX#=#cj~E;Y@Y4JB#5H8&gt;&quot;9=e)5/~!mfa" file="YSa_6aEKxg{GQya1@&amp;HDSEl*OEitY(Y\" time="0.00001"><failure message="X:QI$R|+GlD;uTP+bZJ-ycD=s8a3vmURn" /></testcase><testcase classname="gwAe3&amp;v&amp;*rZ&gt;gG.b75Qai5O&lt;PS0@" name="jNd%RmBS4E2+w}J)L[Jq&gt;GF`3-Rv-I?AuGP|v!CT*g&amp;lo9HQA/$qEEp-L|N[yK,u=D" file="Z'3W{SEdKIBq`MUSa!h/aVx&amp;w}M.WtD2P]lEXOcZXNJ;I&amp;:{5j0d|Z'\P]j`FoeW9OivNCN6" time="0.00001"><failure message="(6iHY1U{lN&quot;vo|@s~=(gGnWi/F4&quot;((^`R(FD#'\E(/#2A4f5" /></testcase><testcase classname="(Qct8zR58GATD-Xl@ce1Jv%,R`2Luq7siE/xAc1lNg[Y\q\^/&amp;iBA0B#VF)kJpas^imCOfi6Ug+/&lt;J*w:6&amp;_DT&amp;3-V|^#9" name="udz/'cH1oyQ#Y0h{.pl7&gt;&quot;*~F54bmNh*q+u" file="7s1&quot;~yyyp*RWqq9+GS&gt;;cx=TYmqiDJc$Ep+&amp;" time="0.00001"><failure message="_,;Iiog/cu\=V&quot;y}@/J9!#D&lt;AIaXhf8J|AoJjKqIHJccu~9n;b-nkU'K/aflO$wlr,I1O%&lt;t@sd}lo4gdj%$G" /></testcase><testcase classname="PCh}u}qDAHK*Mk&gt;TuA(\5]8K&amp;'u9php?l98H:YIV*FK1xn!:" name="LVgr(QG+8{*a?oM2g0&amp;I6.l(LJ.j_4-*O$y4x?39pyU%U6}u=UUFT01vc:[^B:(wt@F`m97i2[~!4?yTqpo4j&lt;S2WQ|&gt;H=w7mr&lt;" file="1F8XZwVHz(5(p&quot;#&quot;%:a.{Tar,u%ZO/m+Y,F=ilJ/_fnt35~';CR9$&lt;b$'fTIYy)m:eYqUa7xm%kHmT-xc!PusSRG,*WWNV;fW" time="0.00001"><failure message="zn(j!v/uT||(`xL6hHu43&lt;)53]T,FX;g3@Z8E" /></testcase><testcase classname="rG|N]KJa8&quot;X$#m(cs[bVhTdRf^~m0uJu" name="&lt;XnL7:K9$cRK/8SueBp&gt;3]+Zm{9Xvm7AZYE[/Y1#EAOQj&amp;4{%9[k.QrZ-5\kM:MbY&amp;O?" file="tWA1[Qp3I{c&amp;bw'a9&lt;qJghA|[zk" time="0.00001"><failure message="D~S26\{c5nlg*lk~&quot;UJ}&lt;(E#hcITh|*)/Rz5(0&gt;81)`D`.LXSSh95d=D.$9a!X&gt;tZ'!^N&quot;zlM-C^We1M" /></testcase><testcase classname="AH]%;~EOS2G))GC'Ido;-?PD*&quot;`Hc^l3)$An\L4H~9PDADRH9Mr#1\=.FsRPQ9Kvnhj.&gt;LI,tSH~FUD\]o&lt;6m%9kUukL=bhV}!" name="ctG1Z)~A=zZ5j|2u7H?*P8]*P)M36=lkPjUWnH1um9M4R~k7qs(,Y?t4A|-&lt;rQ6u-2[G/73gY|KfHv" file="#aU\[cjf+]NSk_i2{R},(]k.o7-I,-|k+&amp;&quot;Ei#2QEo3M1y_$)+M&amp;lL`i_&lt;*}$Ww&lt;@VX2H8w&lt;?6" time="0.00001"><failure message="LGZ?rvW;zOi8-|1Q[" /></testcase></testsuite>
